74546
74546
74546
74546
42228
42228
56406
45077
34526
34526
32601
28196
28196
28196
28196
18821
18821
18821
18821
22374
19329
15578
15578
15578
15578
15578
15578
15578
15578
14552
14552
14552
10337
10337
10337
10337
10337
10337
9440
9440
9440
9440
9440
9440
9440
9440
9440
9440
9440
9440
9440
9440
7516
7516
7516
7516
7516
7516
7516
7516
7516
7516
7516
7516
7516
6763
6763
6763
6763
6763
5840
5840
5840
5840
5840
5840
5840
5840
5840
5840
5840
5840
5840
5840
5793
5793
5793
5793
5793
5793
5793
5793
5793
5793
5793
5793
5793
5793
5793
5793
4586
4586
4586
4586
4586
4586
4586
4586
4586
4586
4586
4586
4586
4586
4586
4586
3231
3231
3231
3231
3231
3231
3231
3231
3231
3231
3231
2589
2589
2589
2589
2589
2589
2589
2589
2589
2589
2589
2589
2589
2565
2565
2565
2565
2565
2565
2565
2565
2565
2304
2304
2304
2304
2304
2304
2183
2183
2183
2183
2183
2183
2183
2183
2183
2183
2183
2183
2183
2183
2183
2183
2183
2183
2183
2183
2183
2183
2183
2183
2183
1997
1997
1997
1859
1859
1859
1859
1859
1859
1859
1859
1859
1859
1859
1859
1859
1859
1859
1859
1859
1859
1859
1859
1859
1859
1859
1859
1859
1859
1859
1859
1859
1707
1707
1707
1707
1707
1707
1707
1707
1707
1707
1707
1707
1707
1707
1707
1707
1707
1707
1707
1707
1707
1707
1707
1707
1601
1601
1601
1601
1601
1601
1601
1601
1601
1601
1601
1601
1601
1601
1601
1601
1601
1601
1601
1601
1601
1601
1601
1601
1601
1601
1601
1601
1601
1601
1601
1601
1601
1601
1601
1601
1601
1601
1601
1601
1601
1601
1601
1601
1601
1601
1601
1601
1601
1601
1601
1601
1601
1601
1601
1601
1601
1601
1601
1601
1601
1601
1577
1577
1218
1218
1218
1218
1218
1218
1218
1218
1218
1218
1218
1218
1218
1218
1218
1218
1218
1218
1218
1218
1218
1218
1218
1218
1218
1218
1218
1190
1190
1190
1190
1190
1190
1190
1190
1190
1190
1190
1190
1190
1190
1190
1190
1190
1190
1190
1190
1190
1190
1190
1190
1190
1190
1190
1190
1190
1190
1190
1190
1152
1152
1152
1152
1152
1152
1152
1152
1152
1152
1152
1152
1152
1152
1073
1073
1073
1073
1073
1073
1073
1073
1073
1073
1073
1073
1073
1073
1073
1073
1073
1073
1073
1073
1073
1073
1073
1073
1073
1073
1073
1073
1073
1073
1073
1073
1073
1073
1073
1073
1073
1073
1073
1073
1073
1073
1073
1073
1073
1073
1073
1073
1073
1073
1073
1073
1073
1073
1073
1073
1073
1073
1073
1073
1073
1073
1047
1047
1047
1047
1047
1047
1047
1047
1047
1047
1047
1047
1047
1047
1047
1047
1047
1047
1047
1047
1047
1047
1047
1047
1047
1047
1047
1047
1047
1047
1047
1047
1047
1047
903
903
903
903
903
903
903
903
903
903
903
683
683
683
683
683
683
683
683
683
683
683
683
683
633
868
868
868
868
868
868
868
868
868
868
868
868
868
868
868
868
868
868
868
868
868
868
868
868
868
868
868
868
868
868
868
868
868
868
868
868
868
868
868
868
868
868
868
868
868
868
868
868
868
868
868
868
868
868
868
868
633
633
633
633
633
633
633
633
633
633
633
633
633
633
595
580
580
580
580
580
580
580
580
580
580
580
580
580
580
580
609
609
609
609
609
609
609
609
609
609
609
609
609
609
609
609
609
609
609
609
609
609
609
609
609
609
609
609
609
609
609
609
609
609
609
