48170
17940
9929
9447
9447
9447
9447
9468
8105
6195
6195
6195
6195
6195
3755
3755
3755
3755
3755
3263
2983
2983
2983
2983
2983
2983
2983
2983
2983
2983
2383
2383
2383
2383
2383
2383
2383
2383
2383
2383
2383
2383
2383
2383
2383
2383
2383
2383
2383
2383
2383
2147
2147
2147
2147
2147
2147
2147
2147
2147
2147
2147
2147
2147
2147
2147
2147
2147
2147
2147
2147
2147
2147
2147
2147
2147
2147
2147
2147
2147
2147
2147
2147
2147
2147
2147
2147
2147
2147
2147
2147
2147
1428
1428
1428
1400
1400
1400
1400
1400
1400
1400
1400
1400
1400
1400
1400
1400
1400
1400
1400
1400
1400
1400
1400
1302
1302
1302
1302
1302
1302
1302
1155
1155
1155
1155
1155
1155
1155
1155
1155
1155
1155
1155
1155
1155
1116
1116
1116
1302
1302
1302
1302
1302
1302
1302
1302
1302
1302
1302
1302
1302
1075
1075
903
861
861
861
861
861
861
861
861
861
861
1032
1032
1032
1032
1032
1032
1032
1032
1032
1032
1032
1032
1032
1032
1032
1032
1032
1032
1032
1032
1032
1032
1032
1032
1032
1032
1032
1032
1032
1032
1032
1032
1032
1032
1032
1032
1032
1032
1032
833
833
833
833
833
833
833
833
833
833
833
833
833
833
833
654
654
654
654
654
654
654
654
654
654
654
654
654
654
654
654
654
654
654
654
654
654
654
654
654
546
546
546
546
546
546
546
546
546
546
546
546
546
546
546
546
546
546
546
546
546
546
546
546
546
546
546
546
546
546
546
546
546
546
546
546
546
546
546
546
546
546
546
546
546
546
546
546
546
546
546
546
546
546
546
546
546
546
546
546
546
546
546
546
546
546
546
546
546
546
546
546
546
546
546
546
546
501
501
501
501
501
501
501
501
501
501
501
501
501
501
501
501
501
501
501
501
501
501
501
501
501
501
501
501
501
501
501
501
501
501
501
501
501
501
501
501
501
501
501
501
501
501
501
501
501
501
501
501
501
501
501
501
501
501
501
501
501
501
501
501
501
