10050
2897
675
7730
1749
4754
10634
12599
11472
3701
3451
7132
875
12159
1373
1229
2385
16675
8607
7388
5219
1445
11946
58
9371
15269
5787
14855
76
2712
2667
4222
5820
1305
1002
15349
7244
7850
2432
2515
4528
8931
4059
2318
11058
2432
1173
7536
13004
1904
1477
7370
5349
2879
215
299
7475
9489
9535
8649
882
4
8426
128
1698
1668
5973
3482
1773
2719
1029
1296
4082
1261
147
6040
15184
13788
6812
37
15430
5246
7797
16922
6930
17176
188
3972
4947
18078
7982
5757
16674
4537
3113
185
4332
8565
5705
12764
5012
8097
9225
3864
2626
402
12882
5607
9001
12263
1259
5038
15319
2530
7328
4723
5179
3274
2993
4004
11290
11487
6820
5414
3996
15775
1591
6228
1330
12677
13911
2378
14223
15880
198
7583
10761
4131
5987
2767
2166
2887
15875
1290
877
10578
22780
12624
3466
12278
2314
290
11088
3025
3921
2508
7139
2217
9829
3092
1047
17456
16669
1502
22489
7616
1891
3919
2839
11246
5331
1563
5649
10228
10908
9353
2525
9460
7851
5763
917
12888
3976
14914
8149
1290
10044
654
6556
1900
1740
12467
7729
678
6211
7590
731
2967
1335
3347
2701
3948
599
140
3688
3671
14411
2094
16680
1527
1923
301
14967
22219
6994
6042
2346
1843
16897
8989
2489
12941
6488
1929
7100
1504
7469
9469
2799
2616
3311
1472
565
478
3585
14733
20035
2782
11000
249
2548
12365
732
1597
16034
5944
531
2795
15938
5694
2929
1127
18243
7273
1017
2735
4855
5098
1415
3311
2854
1196
27
14583
22858
11797
58
5735
2263
3594
16859
10472
9595
10218
1358
4495
1112
6060
3503
8442
8602
6704
1487
6568
4716
5622
2129
1516
2345
16480
190
16095
19209
2832
7083
2820
11381
11080
179
2514
443
3048
3256
5987
2061
1618
5720
2219
152
2299
2116
5917
18321
10635
9923
19158
5874
952
8198
7281
2912
7754
3325
12539
5576
9359
1874
4063
12049
8092
2955
1170
15307
6555
2313
5580
2301
3211
1848
4450
7610
5493
922
6900
2491
5148
3779
3871
15115
1584
5617
8457
15794
13230
128
6747
4253
372
7364
730
14786
1504
4168
7072
386
16965
9101
7134
13825
4425
344
2380
4283
1349
7925
7764
4603
19972
724
5007
9440
2964
13737
3051
17636
13323
7591
9552
9388
3807
1940
3737
9220
7967
13851
6506
2742
20207
15934
2413
1102
3501
8075
6850
8137
3932
3807
9783
2108
5627
6804
5698
21937
8212
13936
11198
5961
4581
3730
16791
5259
2744
1195
502
12345
14996
1186
1456
2710
14854
2277
6031
301
10680
1989
12413
13730
1155
9524
3933
9766
1859
4735
5009
6697
7236
13528
1829
18604
8077
18744
290
8010
14338
1259
4805
884
2674
3020
2985
20342
1141
516
17288
18794
5385
16448
11662
17741
11172
134
1322
2309
3485
17209
16500
2986
1378
722
2231
16775
6535
18046
11156
10507
11178
5078
5438
3571
7430
17346
16594
13597
344
2361
8839
5786
13632
17587
6250
4248
12112
1414
1649
6901
8326
73
6643
13754
29
2631
5716
1422
5923
1391
498
7301
8805
4067
15259
14661
6681
1638
3921
5652
5183
1622
6060
6981
3043
15058
116
9562
136
551
5060
5800
5458
1325
1220
914
17784
12631
4183
7533
6298
7364
3264
8313
4225
1482
17816
1084
1771
6372
4439
12569
6797
9795
8462
2137
3613
10409
2626
2808
109
6248
9791
7682
10934
9405
8549
1804
14662
391
442
6826
13101
20319
7373
17050
10274
4583
13387
6856
7014
11397
94
7957
15011
6521
22424
12168
2526
5737
2378
8074
2680
3404
3037
7176
4262
1781
99
6595
3275
11132
4501
14425
7986
1699
10841
5300
4851
6328
20560
13367
4425
3749
1096
2454
4959
6316
17420
8302
3834
12717
1628
10065
5970
9137
17310
17954
3722
6182
853
11729
9141
1545
145
4576
8713
7458
10518
9358
9172
11277
20017
12071
3293
5083
5630
4764
411
4484
10599
8115
4059
9794
6030
6862
15077
6124
3415
12660
13009
11338
4327
5757
2902
1966
1848
1667
969
643
12133
2496
7506
14902
7044
3232
141
6377
8381
8961
3689
4953
9830
182
1565
2862
4979
6122
6233
4570
2720
11247
6624
7028
10362
2741
2468
3488
8952
21174
8273
14434
6973
231
3071
11296
441
5599
17338
5004
2269
511
11934
7321
5447
9764
33
310
6520
8992
17601
3771
8775
4395
1639
5573
3592
16235
9748
5931
6573
2213
5446
18470
22847
3764
3756
2149
18121
5718
11171
3210
2750
3164
2772
2134
8720
11018
887
3037
15763
9711
3460
8089
1114
4994
9437
23390
5749
5321
16452
12884
11220
13972
16906
15984
2145
8948
2535
749
2361
845
2261
972
15395
6528
11286
3529
1151
7889
15557
9473
17723
5306
3039
3840
114
16696
9082
8695
4442
4209
5694
4730
4469
565
16867
8822
22046
3736
2396
5996
3283
13661
13721
8762
160
4444
1089
14370
8905
4063
278
14053
11674
6610
6033
7775
4817
10761
2604
9915
1662
14776
6349
21927
13729
19767
6864
5586
12272
2330
6841
13527
3521
3362
21588
16000
3498
6200
2455
2228
728
3743
10349
828
2736
893
18419
20658
18299
2625
2687
4862
18833
4582
6098
356
2134
20863
8939
6635
13616
7582
2847
9461
2459
4418
2912
3431
12695
11007
7770
1004
4989
1111
5773
3585
5794
2713
16862
24563
14951
7504
20094
6257
14051
5141
9706
2536
6623
5564
1469
4097
12444
17014
6762
20773
16028
10286
7038
4929
4619
18149
9609
8409
7120
2879
22
16293
11005
7626
369
9553
2786
287
4553
4870
2820
2033
5972
15694
11006
7770
1294
3927
2546
4728
15026
508
1034
3791
15064
1495
1252
4390
15655
14631
8667
7331
3399
17438
2646
11081
2676
7531
1253
689
11100
2997
1853
16184
1773
4276
10399
5510
5659
12028
1668
1106
315
3096
4450
2027
9762
2445
4884
927
3918
15761
143
8010
13997
7452
6184
5306
9254
4666
9808
9360
944
2942
6047
7521
526
6892
10471
6581
10205
15509
3788
2342
15895
1622
1807
497
11597
2217
10787
4210
6493
10647
7569
5472
5484
14184
2563
2689
259
15820
5410
2423
434
1985
1977
5858
8708
18893
4986
8215
18125
9567
14087
2993
6641
5725
5119
5711
6298
20618
23537
1936
11057
9208
6142
93
3557
2485
16892
3715
1823
446
9439
9203
10893
3556
6075
5286
4798
6071
16768
581
5230
847
7583
1823
9897
4525
1122
16476
17711
9997
5978
5083
1975
1054
15716
7164
368
654
11861
6495
17356
10809
11450
7033
16456
15902
9836
17754
654
5038
4800
8204
8423
10215
5309
6383
19197
10834
13363
5128
4130
400
3442
3702
5235
329
2684
8010
3981
14686
6685
1957
10102
15801
2092
20076
13733
8987
7578
18499
10366
10446
8588
6999
4893
12071
16405
7197
10353
4257
3649
6154
5209
15730
9832
5224
12895
12397
11813
8520
7477
7859
2694
3531
5109
2104
11952
6181
14635
1931
12003
3840
3071
8787
7106
4064
5613
17885
9735
6187
9373
4239
5289
4813
3053
1735
11462
9740
4824
5620
3286
13267
5506
1125
3514
2695
395
858
4206
11744
1483
11228
8885
12134
4734
1350
22983
807
4779
356
19405
6080
9969
5310
1204
10294
3561
6278
5682
4182
951
5608
3998
10499
1515
4799
5158
6873
3029
21323
532
2665
8925
8121
10448
1357
16741
1405
16689
3385
8040
689
16
7030
8110
16883
17764
7464
1303
3726
3189
11257
20280
4861
5871
779
7465
4354
1562
3538
1593
4517
1059
4452
24317
16511
2274
9006
1577
3074
3010
7277
17362
17256
1537
7814
6318
12132
3622
4562
2844
869
14701
11031
7625
49
285
1967
19250
8353
2197
1375
1859
17540
1815
9920
3763
2344
4003
3620
4966
5274
6291
6175
4189
5885
19668
1687
3656
12331
3544
3191
2442
6030
12421
4889
4177
6802
8641
1463
19642
11963
1019
10276
748
4297
1155
22277
8228
12474
9416
1975
287
14988
3883
1417
9739
5515
19311
5790
16251
1808
5831
2100
5429
8009
3064
12595
12954
2903
3888
7896
1111
5672
10715
8972
14185
3224
11194
2430
2488
17830
3560
8611
9255
22939
8238
20680
2981
14367
9459
1998
14303
5282
6916
16338
438
930
7489
7476
962
215
10428
3942
1272
13086
6377
10573
6471
18758
5517
12484
1238
10777
12471
7423
1618
648
3321
8298
6959
9390
6300
2891
105
8481
7106
11857
254
20033
17834
2674
12093
21199
15750
14550
2266
4590
2970
577
1077
13787
10355
1011
16508
7549
1548
6574
2584
315
14198
13543
17132
2717
13287
689
10251
3365
1874
12141
5915
2864
1714
10838
1424
14934
17103
14126
10996
984
10183
10087
2396
3653
11751
3095
151
5681
8422
15198
11481
15635
11325
5695
14959
6240
239
465
10305
12188
17900
731
1569
15075
15446
1914
6565
5982
7416
4693
23459
10431
1123
579
738
7541
9392
12706
16254
745
850
9119
1513
8837
8121
10544
523
741
9507
12942
6592
4227
14888
11857
3483
16311
1388
7214
2360
12855
7290
5907
7664
1588
12333
1266
1439
799
4
13185
13926
2275
1982
4062
13931
7000
5659
13745
793
7011
9152
3794
3176
15463
5494
2998
19986
13949
15786
6242
4712
55
4200
1496
1353
9985
5346
3331
7730
16229
19648
2438
4091
20007
11051
881
3974
11353
2336
6312
655
11103
8547
8057
14420
5225
19856
6491
7849
2936
9659
6681
15692
2317
2370
6393
4746
5022
3133
898
13119
3268
1460
6169
5969
6141
479
213
10804
4143
3826
527
1338
10877
5096
19445
11795
7968
8215
4001
1
2895
3691
5141
4944
1833
12908
12044
8298
8390
8510
18036
1901
7716
7531
11330
4659
10072
6757
4308
1322
4810
2251
22416
7243
269
131
10619
17777
6056
2558
7092
14608
19907
8300
2390
9921
11818
196
21402
1823
2795
1707
9216
2754
1597
19288
7794
5312
8900
6008
2370
231
5839
9698
11817
1982
9853
5537
7429
14171
5297
1911
12724
12681
537
5014
1952
10835
820
4238
5792
102
2080
6367
17379
4703
2111
1288
3041
14263
20676
16847
4675
6939
7687
1520
293
1971
5346
2219
2166
10710
6917
10597
176
3871
12189
7896
13942
3327
1937
10020
1370
12027
10654
7239
18262
16632
3060
2176
20934
9295
3133
9529
4394
277
4424
17099
2317
26
1877
3304
8618
21013
859
7935
16028
2631
18631
5683
239
4379
11650
14432
725
7603
19230
13680
6181
17333
17436
4789
491
2123
16961
5750
364
14995
4749
3761
15744
11856
4165
6257
3619
10379
2348
1500
8697
5332
2828
2202
8648
5346
3601
1362
12208
16598
1668
10537
6975
13780
8154
1940
13777
14643
13215
5483
553
1679
5541
3816
10794
7365
15956
11079
8843
194
6130
4538
1112
9478
397
4515
9745
15834
11391
8517
1896
1746
161
1672
9977
5234
7906
21427
4855
7555
1548
1809
2173
3108
6112
130
4373
2509
15186
1
14669
814
11069
630
996
11860
15102
10306
444
2478
15255
5946
11923
7617
946
14330
14697
16340
1422
3660
805
353
15706
8070
6495
11288
1248
11829
4775
1059
7340
6031
10169
8170
5165
6795
5202
3269
7731
22809
953
736
5832
16077
18796
6075
378
4745
8708
5296
2674
2023
3327
13117
2832
11733
2587
17463
18331
13837
13124
8745
7271
1990
6700
11929
10598
5218
3811
5311
4293
7523
9721
11633
4393
2881
11863
971
4059
7338
1035
12194
16768
349
6177
10958
1275
1016
1347
276
6176
4416
4086
2202
7088
9462
9134
12200
1704
9050
3262
200
12370
7614
5266
2037
7797
4433
11282
4704
7228
15357
6226
26
1992
4654
4546
6233
6329
20385
10804
3850
5535
2872
15747
10526
12067
20008
13938
13164
9576
4126
13490
5406
312
16375
185
2229
14043
3801
6531
4257
20085
1785
6788
10762
963
4943
8322
3536
6023
15133
3528
16597
12113
3414
38
2016
2842
1309
21931
4248
1219
12590
4308
447
837
224
7639
8627
1728
4591
4088
5566
9989
793
7422
9738
2166
12369
4320
2236
392
619
11817
8776
2682
3308
1467
15846
5494
9243
16144
4649
19501
2093
5647
8174
8853
12040
11920
2237
13253
5592
6688
161
3164
4925
9190
15194
3910
6690
4803
17649
2601
5989
8810
10794
8454
15406
3754
7803
19363
346
17562
1636
6148
7239
16752
9162
18728
2615
15421
1431
8089
4652
8315
3835
853
4050
11553
4414
3706
13476
5648
9444
1800
9802
6249
11488
17654
5542
16127
2909
6004
9300
8938
736
9573
6974
7071
11344
7309
3545
9414
18222
8858
5004
5328
16989
4519
19311
5216
13816
3221
3411
2595
6065
386
6769
7882
2859
5168
6640
9682
20399
4285
8193
5456
7407
1788
3543
4716
11246
4280
161
811
8827
13448
5058
1582
19690
3483
3663
3600
1009
6778
4566
2600
1119
13214
4687
353
3066
2812
6979
21477
8162
1114
3327
3344
10699
858
6920
569
5679
6462
7221
3044
3683
7656
10064
11867
826
6453
4455
4061
10185
4812
1102
11987
3198
2633
5093
2086
2090
6783
7557
6128
10644
852
5898
12847
2212
8934
5411
5168
10958
2939
283
12230
4182
16726
8451
1044
3342
3654
491
10437
9155
11090
14989
5769
5706
10088
3337
7927
3095
5528
16035
10223
10069
8511
4670
3424
5670
2023
12976
11768
10659
5475
336
4140
19831
11896
652
20060
2126
992
5881
180
1071
6450
17250
16635
10496
10793
7097
15135
12157
2319
10738
5815
725
1100
17273
6656
3762
3558
3450
10331
5732
5490
17508
12230
9258
21032
11736
4004
9349
9339
16628
4959
1966
337
986
3607
7821
2343
1945
668
3132
6939
2941
18689
9303
13455
3692
2123
7805
1844
12347
16188
3285
1804
852
6923
993
11720
6040
12234
3212
3458
7014
12149
1815
4014
13376
1440
14905
2922
2989
4364
6874
2329
17534
1602
3703
323
5322
8902
2756
10628
2992
7427
7951
13020
13563
3515
4670
10499
12768
12648
6496
8136
8078
7994
3609
3327
19592
17709
1547
13023
5374
3674
12354
6127
3337
687
1230
4269
1451
357
4373
11068
1712
15210
2824
1322
11348
18448
17993
6119
5416
5099
19799
5135
5150
13309
4825
8864
2514
2862
1122
10963
19256
4084
7924
1441
5524
3136
13706
1511
10191
5382
5207
2839
6357
9729
3850
8080
6804
8675
13948
11458
3181
11785
1496
2984
4855
3300
4135
2668
963
2269
1958
4588
18781
8646
152
1521
7036
20374
3365
23878
3001
8677
12203
10737
17105
6202
9981
531
6164
1064
8240
10365
5644
2914
2161
813
1119
6888
9021
22344
2451
3683
454
749
7042
13302
8771
10938
2524
20771
3027
11859
18447
1673
1052
16278
5098
5199
4806
5095
17179
2764
3628
10328
1853
955
6449
604
2931
4224
1818
10639
21453
4915
6225
3673
2165
4248
4064
2984
1329
3711
6600
8966
6427
12938
6154
2761
1233
45
1174
4300
191
12460
8683
5520
6827
1154
1366
2462
3255
7849
6597
5999
3260
3885
48
2852
4565
678
14884
20273
1275
1995
7750
17933
5258
14892
4304
65
1704
4600
940
4860
12489
8710
9323
1587
171
5356
6288
10346
8727
13405
8438
10583
818
2855
720
4300
4192
12922
2771
21637
5883
15009
6269
9990
14600
2563
12782
13811
6584
15093
8226
1479
1360
14030
2867
809
10367
1965
11372
1128
9917
1322
1665
2365
5910
17064
8174
2842
15575
5041
3621
5908
1176
2477
121
3878
6175
908
7167
4960
18802
20249
2893
8424
6287
333
7991
5439
8678
4190
4564
8933
909
13901
4320
333
415
5119
6201
8579
9146
7754
1922
2490
2514
22272
5373
1233
10417
3433
8350
20782
5959
9406
333
2916
13977
7498
2348
1427
5153
15701
4474
10648
1392
6447
4634
3255
119
2242
1950
1366
7184
163
9060
2737
1257
5017
4576
3221
7716
2228
3830
671
992
5984
18770
5736
15990
7411
11650
1807
9661
2083
13503
2396
7990
14011
5337
11105
11868
4842
4871
9714
8775
3638
1128
18689
15306
2271
9008
10692
6158
501
5989
6871
1551
2076
797
17344
12095
9710
4124
5767
1975
1550
3499
16581
1505
3052
2989
639
12997
235
500
620
9700
6254
19064
11060
20018
3100
9178
817
4162
1856
4710
10632
12653
2875
9706
9166
14999
2913
4555
291
13158
10641
8605
6554
6382
13453
11222
13617
929
1817
7554
3930
8133
8794
176
8227
8712
10688
2271
8348
15870
8747
158
7373
10466
11638
13860
9672
7062
1605
10581
4700
1990
20804
6895
22283
13819
11276
12005
13258
1625
6461
2302
611
7477
21164
3703
19060
7160
5190
21459
10688
8440
12774
13231
2440
17235
7702
10881
1083
10528
7075
6343
5549
2540
10078
7878
8697
6553
6968
8115
1362
8582
14208
8176
360
7955
5866
1064
14697
1230
1920
3670
898
588
1792
12028
4906
488
10719
2841
1123
6946
1442
6986
6769
530
7238
5714
1171
4645
6034
11818
4121
3735
6554
12190
4197
2282
15025
19470
6215
1808
15583
2686
6647
9773
11719
6403
9553
6512
13089
23013
3210
3215
17880
5019
19051
4343
5256
5368
1745
713
7251
12836
2165
8510
4152
124
18578
15800
3964
6498
457
2029
2033
9007
15333
16997
2848
10244
1835
20493
2103
9059
626
4366
1169
11285
17178
4062
4143
4206
3157
6515
11747
1528
282
926
4207
15171
5297
6270
3304
3865
3462
13687
5629
1076
1284
1866
14973
4518
1071
741
4112
2117
6728
5786
11432
12135
6222
4916
257
2912
4102
3483
8394
14860
2582
438
2809
6642
610
5208
10527
8897
2591
21742
17422
8262
5566
1807
570
19122
10210
41
5216
2300
2796
1276
6398
7587
19238
2398
5002
12464
5839
379
9222
12610
56
14249
2394
48
3262
13393
21564
5082
5468
348
1324
12010
17231
8402
1532
1733
2477
7419
3252
1774
18410
345
6980
12784
6803
2953
6398
5902
7032
9716
9905
1460
1955
3663
4376
2386
13100
15229
4825
10014
4122
418
5870
5740
5047
7261
387
1546
13543
15870
10
12995
3801
3354
2983
14025
11901
14228
2892
8674
8464
11006
7386
6768
3737
1152
20124
8226
14190
5721
6966
93
8582
3579
6288
719
7082
6812
3700
1892
3251
4336
12035
10581
4072
15725
4388
15492
3305
4015
9015
11365
2194
6484
1128
3077
9586
79
1082
5092
9077
2843
4728
3725
6467
1341
1479
7066
16947
1208
2952
4562
13932
3251
2988
3298
7464
2133
8212
8135
6881
16806
13101
14168
28
7455
3130
13914
3255
6730
12241
7841
11773
2723
12299
11168
9432
9594
4229
13615
3422
2837
2583
21225
3270
4133
5393
3560
4441
11429
5829
6211
3823
5709
4181
753
998
1493
13967
14031
300
12287
20267
11505
173
9161
20869
2882
3440
379
10282
7600
2031
11139
1257
3649
14933
2627
786
1216
6836
2714
4359
18003
3395
7159
7708
3383
614
2599
1057
9013
6534
83
276
12517
4084
10363
8246
3348
12808
2976
17052
17788
2894
4075
1299
5032
2394
2762
9819
14754
3444
9442
3471
5356
1251
1040
15771
11562
372
13081
4759
16760
5530
15966
5071
1106
5056
3913
9877
7611
10585
24238
10114
939
2275
3976
12359
14593
714
8660
10906
5
5270
780
2911
12275
6717
20017
7018
21172
6677
9357
8051
1016
7560
1464
2304
18670
3280
7134
5834
3886
3017
804
540
10465
10058
4141
1108
5893
11481
3692
4981
5414
891
850
8225
1013
1517
1572
5025
1152
13
5533
9140
5597
654
11599
9217
3359
2930
257
1615
4657
14542
19006
3272
16361
6332
5625
11159
418
9001
14042
3543
11268
234
6138
8055
7151
14025
1710
3289
2046
668
5641
1729
8151
2507
564
14535
9824
4734
715
8813
1063
2548
112
10758
10486
2866
2672
6914
1342
2613
5406
10704
10212
10692
4797
1890
7318
8150
17928
12127
12662
9000
1905
6482
1415
6005
9176
3438
5602
2399
105
2678
4712
7656
17246
2891
2182
6084
6597
6243
15847
5171
3250
9379
2230
4477
9684
9991
16903
2733
189
1449
195
7640
6069
2480
3643
3459
2256
5549
361
2546
3012
4756
9129
1554
21692
6512
15501
3930
3267
2429
3907
17955
4205
8436
8382
3208
3161
6567
2271
5364
17490
6790
1679
12797
6543
3408
4494
512
1148
12954
17770
1524
4962
20439
9333
826
4479
5626
2727
23483
2641
3058
4185
9776
7746
36
4538
8762
366
5541
4394
10519
1329
1591
11813
3945
15370
9273
2362
5362
4664
7701
3579
15712
9002
1808
3608
7111
265
149
2057
2749
20324
291
1629
10921
8669
3576
914
6570
1478
3620
2991
3402
8040
10833
992
3390
4072
6373
3985
4410
1119
3019
17170
8545
4724
2261
19759
1614
7196
2992
4097
4152
1393
4538
20008
4581
6833
5514
10985
19684
440
214
5034
10383
13410
3283
1657
14240
7009
10083
258
3915
1889
11447
499
1239
1340
11675
3613
4931
1177
6049
2824
7992
7091
241
2230
21994
2098
3384
2401
12983
3356
10613
592
1510
219
17555
4755
4508
417
304
7989
2303
5304
15163
6563
134
4828
1713
9136
3910
2010
12404
3870
4525
1047
3503
606
10889
3921
1959
6229
6003
2162
7570
9296
9488
1715
15954
17860
499
7295
5994
15504
13809
13341
5589
6910
3772
1922
11402
2890
3101
4091
9405
2507
3317
1379
1330
9095
8767
2250
8215
19069
4463
13655
2066
1871
10940
9640
9151
4597
4095
2512
15978
830
14596
15354
2886
755
9770
4150
2673
996
3288
8490
204
157
903
6100
2705
2711
16923
3697
77
13732
8731
2032
1064
7848
1837
779
14198
18990
2428
3605
17216
8318
14833
4051
1435
6312
1972
4871
4061
804
20068
7515
4183
15573
9044
15120
2642
1964
3110
2400
1555
1940
2650
8139
9791
1044
5581
12940
10965
9788
5567
8970
14876
21383
7210
15952
1472
9611
8101
3282
3641
3967
1711
10817
728
4139
7935
11403
2719
12924
5168
4961
280
17272
7347
1242
1102
1492
8670
1111
6842
159
930
16855
2792
21083
594
8865
3249
8146
5719
3354
102
1084
5983
2843
10387
12106
4988
4588
7400
2737
2294
13341
4190
12357
639
3802
8290
19198
6319
8374
2047
1126
3274
4828
3759
3356
971
8648
14444
2220
21126
13074
3286
5711
3903
8352
3765
3679
630
71
14875
3635
346
3087
8239
2890
3327
244
4293
4470
4669
11775
2428
13056
10027
9789
6312
15688
3739
9203
2082
151
13453
18849
4141
6505
5144
14884
20663
19285
1399
3755
812
8362
1434
540
4401
3917
1311
1511
10658
2221
1431
6791
5037
4646
1922
207
11473
944
16588
10851
3846
12618
7789
15018
17478
3152
11919
2444
681
4654
16447
7564
10526
12305
3214
4214
10864
908
3670
2745
1952
7682
3713
1474
10697
2655
18362
2401
1283
6342
24213
3625
5575
2712
2780
9808
17385
8340
1645
2452
5145
2453
17973
5232
1669
1060
4231
6260
4012
2285
4773
14801
2461
2943
8345
2529
4159
13115
414
6758
9306
484
1425
3596
1704
6921
6735
7787
6276
20375
11481
11172
4659
2509
2259
15438
89
9441
1583
770
5062
5669
3279
4157
4778
133
3449
5541
1334
14648
205
3704
11788
8529
5109
8623
5060
1465
10328
1088
3817
14457
2723
5359
2549
3550
7861
3348
471
4894
2606
14184
9668
637
1167
5120
16743
5643
1992
6084
2063
7823
12785
5758
291
9461
19449
230
7239
13047
4289
173
323
20532
16474
1365
7604
10250
11395
9637
11039
5683
630
3777
7836
7672
284
416
11120
20469
5624
9475
2900
2758
6057
9584
8897
7819
16818
11578
2548
3896
1085
1135
8254
708
6267
2640
786
4433
1037
14710
5468
1643
1767
19359
2596
601
3230
2293
3296
3386
13168
1826
73
8699
5702
3336
3059
2270
4231
9807
12994
2797
5547
1857
3578
212
10219
5478
1800
10002
8906
14090
5527
1351
4437
12079
5766
6913
2665
8648
8490
1038
7156
13075
3652
434
15256
10497
17727
11778
2345
2158
1737
3074
1898
6674
3850
1350
14718
2093
3911
14005
1157
5516
2363
15206
6911
2876
1336
409
5111
2858
5441
2281
3410
5262
18910
2018
1046
2113
5023
1127
9558
12600
1023
3473
9771
1390
10752
12074
6453
7902
7698
7795
419
294
3124
8664
4781
3319
2403
4992
2504
15346
19926
1057
1313
2294
17351
13719
1134
3216
2819
1082
5003
1
4644
6906
3253
1239
19966
8293
13967
2809
2841
4707
103
9861
5377
3406
1992
8366
11334
361
16169
6054
4133
835
13347
5263
12171
11330
381
15856
16064
8553
6005
11495
112
15783
7292
7881
14794
4417
1173
12500
30
16644
1851
3528
8039
3975
4629
6900
3814
6795
5470
3475
273
15313
4801
7319
410
5212
409
1431
2443
2230
8405
905
4167
2085
9192
1100
8599
5344
11791
12079
10036
2739
13609
569
1856
11249
460
3788
244
4898
5668
130
1139
18779
4057
5754
11359
8721
259
13905
3895
12089
13010
6409
5795
3350
3841
1020
542
465
2680
133
13713
2497
13853
13790
2619
6737
17592
5007
5561
9687
903
5292
12945
5579
3480
1054
3239
10733
10034
1968
3185
10165
8236
11564
18194
9054
2231
800
2651
1243
7650
16037
5252
6827
1157
20177
2141
12345
2773
12738
4428
11025
6776
2420
10520
20396
3525
67
1156
3094
9373
4558
3794
2591
1255
4318
8537
11446
3180
21138
8788
1616
403
12140
490
9288
8568
1100
113
10482
17095
11486
277
7122
8979
17900
1205
93
8596
3163
8707
9067
5360
2909
8767
6555
2581
6747
19251
12133
7064
10066
17747
585
11922
1695
6950
1848
2624
4490
7710
2242
3159
11078
2868
2032
8177
6731
3534
9890
185
14043
11259
7388
7752
6858
10176
10903
13700
2376
17182
11583
8945
5955
8577
344
8250
3415
544
2576
2317
1960
2949
3225
2052
3790
12280
20671
22422
2171
2230
6366
7669
3125
3085
3096
3647
14184
377
4307
8828
17075
2131
2126
942
59
3390
10618
7046
11551
10278
17592
2970
7191
7337
2238
11502
2390
10312
1531
12004
4500
11120
1533
2911
13405
411
3229
4574
971
2504
4923
15378
3183
2454
929
7889
5354
422
3018
16271
17827
7396
2104
1691
5401
5220
1337
2901
8839
1988
3025
13803
1640
7488
1425
329
2465
9280
5314
6106
6385
71
12796
20306
4197
672
11499
2177
8658
11557
1010
5320
5513
2302
9795
11536
4617
795
1147
11964
11162
3363
12220
965
82
8656
5413
1587
13934
8313
2336
11878
7308
6532
4664
4365
2770
1121
4191
1559
15574
1074
12001
1964
2420
4304
11081
5650
5019
11
2219
16523
8564
8547
2919
6077
672
22833
12274
1816
4191
1573
4535
968
8316
14018
13068
94
5012
7749
11288
102
6363
2347
3248
9655
3303
1385
6773
8579
12597
17630
2294
2795
4206
8179
1543
4785
3390
5069
13306
2760
602
925
5112
1710
8010
5594
532
2925
4489
4256
10541
4056
793
1941
5057
12786
14087
17976
5424
11787
19193
2078
7698
2294
3625
3441
8984
1201
6157
2131
6369
2884
3047
6168
542
11133
6328
13686
423
9435
9084
2373
823
959
7861
3124
12130
1528
5862
15562
7411
7373
2415
13817
174
5864
21516
4334
600
1025
501
5956
7792
3073
16221
2873
23681
5858
5703
12712
2957
10326
5607
17633
15559
7660
15709
8406
8421
957
9274
12430
4335
4102
3907
13300
7237
3080
19260
4252
10066
12568
3312
9810
6212
7162
3297
6033
11812
2143
4724
8257
17626
2487
10187
6808
8877
13895
212
1976
7082
2547
1103
6338
9742
8210
889
9209
13047
1963
6236
288
1633
3140
6766
673
17914
9831
696
2591
2608
2019
805
5155
10746
1042
6715
5207
10805
8178
2845
8316
2994
3986
10296
4998
3095
10412
1372
748
7212
10459
3130
1296
3501
6805
1496
2102
45
7340
5846
4453
14773
6575
4442
9311
782
1411
13355
6322
9300
1658
1666
4056
11360
1849
16412
4152
4219
2536
6441
9481
7207
8781
8
4579
21305
11516
5718
16002
7376
2401
119
18497
6519
12279
8933
2240
6668
1756
2416
3738
18931
10330
15952
3944
21856
8762
921
4666
8096
2840
3770
1824
4088
6280
13949
3486
17260
3959
4241
2959
558
8436
16168
4585
1961
1349
5550
2514
2246
10457
17354
12844
220
1427
1066
4484
3229
6319
984
2787
3707
19608
1213
1595
2676
3343
4185
9831
2464
3133
1206
9781
15763
14020
800
1669
847
4144
11688
1362
23138
2616
4835
13232
12791
13714
3153
8891
3740
1123
3500
2934
12240
1620
12035
161
7274
10340
1753
226
2840
10450
4636
4767
12147
616
20142
8166
6107
10246
5035
384
926
366
4965
17313
133
7795
214
4522
11075
4691
6366
966
1467
10123
9307
342
13095
13292
1167
10111
1739
6177
296
7722
5413
11659
9064
15439
1971
5687
1611
1305
1742
2572
164
3630
11247
2532
8564
4583
3488
7911
155
1450
9214
4380
18180
212
10681
61
5118
7464
4249
14214
8734
22856
2179
14634
14785
1354
293
9569
4829
10335
16719
1226
7699
14742
2204
1251
1151
9991
16880
17083
18695
11470
2090
3774
1852
7586
7685
7121
10307
7555
1290
463
4019
14924
464
1075
21147
18256
12448
1693
5630
4814
5120
212
9802
8538
76
5267
927
17508
10401
9509
3945
13237
4461
23038
7387
1848
1783
15560
2648
2121
13788
4965
4961
6119
10865
14580
9514
13685
10140
3059
17396
12586
2114
919
860
5270
8327
11966
12029
14214
2394
15338
746
293
2095
2412
7624
15459
10983
6105
10964
9179
4985
3866
12088
2629
2949
1737
1291
6894
699
6409
1954
3196
2408
3423
614
2277
7909
2482
1068
5451
3465
1049
14261
6676
6952
11173
17234
12761
6745
187
5905
18106
1547
3968
7983
2334
3258
556
17932
1663
3558
4207
6221
8907
8487
5744
988
8181
6763
15621
6091
19875
3595
2181
7925
6014
6126
4539
4605
3556
40
19359
1444
646
6260
2560
5292
3251
8981
19687
18717
5565
6090
9406
2885
545
1628
3161
1971
1393
12497
1277
484
1439
2580
2283
9571
546
14691
2315
1788
19395
1924
9201
9301
2639
488
20586
4589
14446
6974
6299
244
15340
1520
7813
10385
1781
7394
13610
10777
4967
2714
7357
13927
1677
11823
20003
9782
1735
1738
12699
3275
10092
7680
16117
9702
8386
2618
2002
5484
14732
3535
996
886
4125
5002
3126
5605
4827
6946
1263
12823
8454
1469
1938
6650
4097
14373
10154
11852
2390
6476
6238
4558
87
12382
18572
5320
10574
1171
12038
2495
12533
17776
13510
423
4349
21032
5829
5461
14703
6163
5584
3626
8512
1100
7816
4503
10205
10426
23018
1626
1121
11135
1928
6703
830
14369
3977
2305
908
2535
3997
1579
1865
12372
4504
3206
400
5631
17019
3208
6717
6570
2955
11563
4194
8062
6774
10423
5906
4586
17825
5295
9723
14786
5233
5944
8073
16859
4636
412
17323
7476
3499
3814
138
179
5954
600
2666
13314
695
10369
15028
1083
6874
7131
17013
2123
15541
2079
12885
2339
3517
8677
19852
3607
6139
15590
6386
1660
3754
1076
46
2760
2250
108
14083
4304
19998
383
3115
2737
19592
1992
9593
13940
478
2542
1405
492
4141
16817
4084
23635
6298
3227
1456
9105
8010
2109
9559
11307
3854
9359
19340
6947
8588
6392
5148
5533
1176
10794
22600
14164
1324
15340
12395
2006
2445
21888
21815
3225
2861
12257
1812
1194
3169
20882
5335
275
9240
15438
8595
8956
2041
14308
6903
8875
2183
8245
5382
10067
1060
13279
6994
8475
7316
2251
1445
3960
111
7101
3735
6479
11639
7119
892
5562
5449
1445
9264
1700
3278
19944
6834
3016
2910
12208
16076
18584
8738
9823
10202
2999
3119
8828
6245
8360
4023
18563
2273
741
22648
8170
8174
9052
17458
6316
1334
969
7210
297
11072
4651
893
16498
14334
16244
8588
9153
173
12739
1514
12125
17343
1689
561
5663
6013
7074
16225
7795
4477
3441
1121
1324
3684
12394
11887
8688
927
1787
18657
10131
10175
9058
6564
1644
4012
13023
5529
2205
2217
5795
9783
5316
3545
6181
15574
4975
7645
4817
4652
3929
9532
10532
1030
1159
2509
542
879
1888
9071
6624
9072
19403
1925
6429
3473
14368
10731
1777
5520
1646
935
3622
485
13077
6501
6610
583
9940
9277
13428
6649
5845
9599
3302
3034
11448
5927
5422
2150
8261
3982
14279
11355
18751
17982
10510
16494
4807
4563
213
295
20982
1530
7261
5988
4859
1864
3250
15737
8942
15566
20282
13303
6364
1329
1705
9999
4710
2017
8694
298
17038
3886
2688
3720
1082
5625
8327
11596
4496
6446
394
8814
2196
14592
13188
4464
12320
643
400
3688
1555
9036
1092
6739
10709
5347
17451
348
11874
5094
4429
4387
8642
10478
11094
4165
1033
7768
14608
2254
1516
1208
4076
4139
10900
2953
11828
9482
2613
10519
6159
1805
1659
11136
2026
2504
62
1458
9342
1507
4017
13
10378
2024
669
1080
9622
5444
3567
3632
10142
1918
16622
7275
5935
13529
1132
1640
1617
2459
3100
5205
6916
42
10585
2583
12006
8612
135
2409
8572
2937
10437
3513
4780
14353
7175
7949
16284
10163
12071
9262
19680
5032
5364
549
9029
3871
701
11476
1218
13353
13377
8783
15224
6851
1754
1077
1065
8118
8406
1452
915
5111
7944
3953
8488
3895
10832
3822
5680
19249
6812
18562
9312
3274
8595
2922
1365
7353
4426
7347
4714
7691
5149
1539
4764
6402
636
4598
2570
5722
2932
13113
2414
2562
3615
8287
11147
18397
3212
3368
20977
5580
6466
10167
2928
3497
13897
15517
8464
14399
1368
4480
1677
4836
1298
422
13274
16990
1969
8202
1750
1136
20923
1046
1398
1123
9344
12777
1669
5184
3556
13771
6169
4459
4954
8425
2324
2441
13909
3953
17552
5835
12877
2252
648
9442
15903
6769
3554
15604
17956
336
11960
1959
19471
6899
8137
4003
14009
8017
1743
2679
2897
5080
4501
5011
184
11322
4336
12497
2545
12198
15987
1105
14932
172
3241
2735
5280
10992
3252
11241
20796
10029
12760
8561
915
10434
2460
4851
4689
1921
811
5519
3960
5556
2286
2160
6965
13554
1105
4902
15366
1073
2804
1969
3416
48
2689
3198
8828
8809
1554
7100
12842
3356
15786
349
1572
11033
13390
3961
526
2202
8729
8757
11288
12694
6345
1810
4836
4143
2230
2159
602
483
5369
3671
1960
482
10086
9482
4089
16129
9344
12019
17788
8294
2703
7975
14373
23192
5886
10170
4459
461
5970
2977
12158
2262
12443
200
2671
2784
3675
9525
6519
2090
6148
9894
17492
5466
9424
3883
15754
11096
4860
2004
4137
14733
14800
4551
8273
20130
3469
2691
180
12123
731
1033
5050
21255
1547
16641
3199
22330
1940
14101
16
7763
22370
3262
16093
1510
14226
8817
1074
2969
10163
2970
2359
811
15666
2520
2194
7939
6376
3204
527
2402
53
9780
2682
9942
8444
1518
1688
5517
2430
12625
4557
13269
5386
7410
4117
4483
5570
3096
11342
10155
12285
2906
4229
9110
4220
2367
3759
3799
1164
6078
124
19144
13221
21308
85
18751
11366
4990
8007
1611
3422
10004
62
2835
2106
20017
13849
4470
19774
12946
1105
5216
2280
932
5590
6387
3467
16058
2906
5385
4175
1934
6070
2840
21287
3580
10643
7411
3436
1278
1019
3308
1978
3274
3970
7301
3532
5781
5158
1296
14550
4381
4286
18630
19657
13362
2490
18964
18202
90
4395
10653
17136
4015
985
4034
4218
7097
10183
4190
4145
10157
2033
613
7045
4132
7227
4308
16663
800
3383
97
7045
844
7086
2549
6814
1221
1886
13985
4681
5640
16911
13553
5211
12531
979
5544
6765
11359
25
11728
4058
8536
3071
11727
10522
5491
8824
2043
8963
16125
3712
5704
4369
8867
2559
5932
4270
10784
7025
4145
2996
4321
3451
13441
9040
3640
21314
1344
8494
10890
8830
957
624
7952
12797
1926
6439
1547
321
7341
9192
14333
8758
13244
642
1348
8374
8128
8032
2611
16629
1515
12347
8403
5536
1563
9678
12899
5351
256
3127
5243
3310
11917
1009
2863
12423
16328
344
10760
7639
906
5677
6887
3681
6715
8296
2915
2507
6132
6101
206
15291
7697
13833
10528
1901
1300
16946
83
4229
1937
53
16882
5955
620
7323
5284
5155
6179
1350
4529
9466
9225
4983
127
14410
2439
2266
8958
2121
2169
2259
507
5128
14330
1351
16341
1634
3363
10659
11817
1345
3195
3891
3838
4150
12327
22515
11483
4793
9787
512
16336
3035
5502
17849
1798
65
4636
8264
10150
1294
110
4061
367
22613
12022
818
6392
11078
3600
14113
20321
6093
5748
9588
1730
762
6179
4491
17966
173
4150
19212
810
15669
279
5208
10860
5706
13328
2367
9168
303
1884
8339
3894
5054
6850
8831
8975
3709
4602
15399
1265
18678
579
673
2820
7743
13759
2263
2148
16876
12316
7568
1427
21708
6861
5295
3258
3340
9338
15116
853
1001
3568
254
1591
8663
5080
6270
3307
1992
4621
8371
7322
9910
6516
2819
494
4619
5947
11142
1594
17409
5980
1118
6083
235
9153
7761
12268
7592
3749
1680
11994
4356
4310
6627
4904
4430
3444
7357
4823
9346
18832
3834
1598
1264
14068
10176
917
5509
5935
10592
2724
1624
5834
1096
6713
15338
2648
7498
2740
4845
3058
19117
1671
11675
21627
3504
14372
11551
1796
6279
6488
2448
3084
2032
11734
4994
2487
1239
2662
1069
8541
14275
554
133
3800
12229
1150
2355
14029
14818
3240
2470
643
20879
882
12743
13463
17513
519
6661
7553
22350
4264
5476
10847
23381
4509
2118
5479
1424
6054
1615
3958
3568
3702
14971
3883
1555
971
1563
11785
249
10026
1295
850
3944
6291
900
662
582
15139
3459
2871
1050
2954
9435
11033
7272
2088
18207
3589
5143
2946
6664
948
2521
18887
4114
6776
2282
3361
156
973
3603
12308
5745
22505
4829
3493
3626
2910
15677
10779
3844
18530
6963
619
7130
380
4995
1882
5447
21640
7436
8152
10340
8608
9253
18228
11503
1674
7611
3190
7077
20310
456
2428
7974
10038
2768
4258
9477
146
4599
3872
7826
2433
3288
9395
14061
6991
5042
1380
3648
2353
8012
3902
6429
428
16499
3876
592
340
2577
1123
9996
9060
1269
12957
14343
7621
9677
1012
4664
10406
14721
1646
14187
4058
1996
1686
1942
1551
1385
8624
1120
8105
10568
8922
5017
2788
17540
3815
20985
10047
3650
4411
4101
19459
6179
13311
18948
175
15773
11053
153
18956
3054
7338
1306
10187
2716
4721
18617
1210
1622
7793
19509
433
10664
9692
855
921
9938
9819
3930
1676
12675
619
1068
4899
4154
904
17949
896
2067
1581
695
11415
7730
6010
801
10308
8749
1642
5786
20035
3897
23853
7344
13163
8245
8061
1096
4091
216
13386
3157
2746
11141
582
4933
6313
6074
14988
8247
3744
2616
7089
2941
8507
7800
872
2021
11294
7134
19134
15370
4946
2635
1244
14879
14648
6331
19620
9720
350
1893
2059
2178
10086
22513
15780
6429
17765
8032
2026
1371
2427
8898
17346
3351
7155
16856
971
10312
9244
2997
199
828
3989
6244
6345
2054
2971
6286
10301
3826
2084
4182
18436
14321
11068
451
13730
1215
3819
1040
5806
1507
4266
389
5916
542
12904
11899
11300
6219
526
6165
5825
5973
2494
1632
7461
19814
8988
1941
4368
14398
2317
9876
14769
299
15743
12331
23
1032
9103
2673
22838
12062
17544
5393
13408
9246
7230
1282
13871
7045
11864
14228
2238
4876
6548
14895
1711
3936
14981
2553
5356
1826
2409
16106
3790
4531
8132
5283
9571
8065
19920
2228
9843
10607
4099
10834
4965
12962
4269
6246
3037
6973
11948
5383
6271
708
879
291
7170
12320
2767
468
20427
6402
12689
11327
2554
969
3571
3185
2691
12873
3742
14380
11024
17160
10626
51
13486
15096
8824
1277
6490
10681
13864
19091
11498
17023
304
12113
4252
790
8184
4740
2955
15907
6288
11051
3027
9255
1530
11653
7152
1397
19482
1477
3455
2753
12239
2742
11271
10241
15198
5027
8385
791
9000
6973
2942
3800
4704
8977
1342
5480
915
5543
16453
2645
12726
2681
2532
1852
2214
1591
6159
14138
10172
11906
6445
1212
9361
421
19760
1902
18851
14236
11320
3100
639
5764
11018
10298
1246
16
1589
847
12155
4218
1578
5690
306
7864
1998
3341
3120
424
4821
3260
7661
8107
17824
298
699
6695
6392
2178
6087
2049
2774
3768
6996
9717
10123
3641
4890
5944
10844
2962
3924
962
1078
13871
12929
1917
7109
368
1055
3842
8515
11780
13752
3292
28
1139
12587
6082
3440
4285
16316
16459
8483
4838
14696
5117
3742
5894
3746
6607
445
9928
20222
5719
5959
4489
8705
6739
5675
16815
5517
552
2806
557
1259
6840
7268
5761
10110
12106
1180
10341
10363
3980
4195
7507
17362
10
13168
13815
3400
3596
17670
7789
3051
5995
13808
11077
1899
14355
11193
6094
21449
6829
1444
1797
119
5278
2233
2418
16228
19339
4366
10585
11821
14180
6323
674
3725
6623
94
4628
3826
12481
7
595
4655
7202
2387
6544
3067
7180
5555
8628
7117
11628
7831
3038
1180
6761
16627
18877
16550
8286
3692
6268
4511
595
309
3724
927
13575
905
7462
3322
5289
12997
2762
14102
1675
5906
13181
1870
1208
1299
10742
21924
9078
5662
34
16580
2327
9079
4180
1789
3228
2521
9994
6450
1964
3885
699
689
1663
701
2981
11472
9887
10792
17724
1459
11675
21656
9942
6057
5215
113
3809
6076
6978
3576
5046
8295
73
3997
2771
4450
6043
10214
3102
1055
1803
7226
254
2323
9520
1146
4545
1460
8
13608
2231
3683
5541
3611
13557
13469
729
3113
2717
6942
9769
3345
9224
3702
1580
277
10434
6547
1626
1134
2450
4309
21447
2881
105
12820
11843
2641
12831
7585
6837
11689
7363
9040
9013
466
2267
8689
4296
4631
12220
308
20796
14911
1240
1467
1703
17907
12119
3932
1442
8367
5848
11583
9814
1767
1703
7396
15077
8854
3115
19503
9120
17249
15984
6853
14454
8074
1657
6797
395
2046
2533
14608
687
14135
616
3115
1059
5347
3678
14360
16346
3156
1929
7622
1646
5254
4653
1344
3115
5973
9124
7242
14010
5126
5493
2422
2078
2244
21435
1191
4460
9330
4966
5717
10761
2553
14694
816
3715
3917
1798
2985
5671
585
4872
4819
3803
9177
9970
1243
20889
8754
23009
4854
3275
7017
1021
14908
2498
13008
10822
449
4870
7422
2233
3431
5599
1230
16145
1246
61
7159
3242
3482
376
132
1870
6874
3141
8951
6115
1947
20285
6727
8934
5052
925
717
10159
7275
708
3535
519
19734
5345
17380
1016
1839
943
613
15429
3038
5305
8052
1695
1306
6738
307
17053
1542
2583
2069
1765
19200
18839
483
6313
8152
282
2722
3999
964
9743
15307
6277
3857
2786
10580
9267
16685
6519
5284
11370
5143
18852
5036
11238
16198
2594
2703
2363
10824
2906
8191
15993
12751
22053
7631
8887
5228
14231
6746
569
2964
7019
5786
4696
1370
339
11960
8473
3513
11069
7278
5083
1890
7042
7920
3290
6485
3913
2339
11528
13676
14360
5695
12699
11401
16014
7241
1539
5268
3688
807
2988
18771
13460
6637
11876
6592
3524
1102
15457
18104
535
1403
1913
147
4866
8050
5212
10541
12641
5362
5763
10119
6437
14820
988
9354
8060
573
208
17783
10425
16587
8961
7173
8829
13635
9195
592
907
10906
12701
1537
5915
15573
18076
467
18698
2353
14961
213
8873
3322
1671
14010
5264
18892
1104
4324
913
10285
11456
4968
8180
11062
1785
472
14764
21562
3723
6909
16907
14432
1382
12176
2062
9472
4616
8594
520
10625
2925
8926
6429
4704
3906
7208
54
16159
1134
8709
1331
7251
3225
1467
20218
4342
4402
10053
701
11432
2891
2610
9588
21291
14650
446
1044
657
1071
1709
1137
7007
2461
9247
8438
2016
5294
310
12272
14873
1540
1177
16502
3045
1542
6972
10895
4100
5339
18124
2680
8562
14105
1082
1679
6856
5427
8035
8633
14646
15167
544
8777
234
85
3778
4121
1191
432
1355
11507
3488
8675
61
13010
19212
14504
15554
16494
9171
17145
9322
570
13245
1179
7276
7492
20080
7700
10362
2695
1379
771
10592
6118
2808
7758
8626
8817
10463
2058
9090
6632
12907
1689
14505
235
9744
8120
9088
14224
3837
1930
3251
3746
6410
7941
5040
797
2210
2795
8495
11225
4096
4776
1179
5801
8034
4885
2030
2714
1296
12986
2527
6622
5286
3856
10471
4159
35
11769
5082
6662
19908
16049
17811
2504
8441
19593
1162
14975
8174
19185
3497
8290
4020
8689
2142
808
5157
9392
5270
1627
6329
1882
6881
30
3483
17681
6524
13130
843
13943
9471
1317
22274
4572
3709
16869
19108
7494
4890
16345
1788
3534
11187
6737
5621
2374
18653
8967
2310
4525
1192
10249
1321
8831
11156
5039
17249
7396
5068
3637
15371
1922
10292
4788
45
4392
13359
8958
8313
4218
6724
235
12527
6394
3217
1016
2939
2697
5812
7098
4416
4330
7447
12483
13794
7981
1954
18754
7782
5388
10366
1322
184
918
7279
8556
1047
1489
493
2347
7042
21211
19583
4319
11542
13033
3271
1659
5068
15209
1527
5285
23079
9815
8114
1786
4955
1890
11801
15110
5725
6771
18485
19133
11024
2144
13387
16141
5908
7
16630
4707
223
14296
2720
3432
5688
5835
6123
12620
4674
5003
2925
11689
7066
6857
1965
9561
13532
17551
1472
6082
2045
8128
8474
4363
23539
9394
501
7848
10502
5354
8960
10218
1171
7364
1521
18344
4613
1994
8360
10962
989
5509
11067
15008
21579
259
9788
1466
15412
3601
794
3123
4837
6839
4485
9327
3252
8281
3158
2572
7812
1677
19009
2309
4460
5393
4366
12577
134
10395
3340
511
3971
276
2963
13096
3975
7228
2360
2782
9487
9112
234
1657
1067
9977
66
10368
1793
4304
10805
50
11649
2320
107
328
6461
8336
6661
3723
6453
7088
8794
13496
4368
14162
7193
5110
10555
63
7494
9847
6983
4053
4575
2299
6718
2680
2392
7781
791
1705
15233
11144
189
3146
10929
565
13095
1364
12998
4103
1084
12643
20725
2019
3465
509
1930
5982
4915
4139
6145
13856
5994
2724
1391
5399
18181
15865
3439
17320
2969
5263
563
3224
9446
15965
6212
13846
7159
18010
7006
4532
11678
4882
4609
14646
5237
4994
13186
327
5710
2741
1507
4287
17602
8565
390
1268
3864
16876
1775
3301
2004
10777
277
3678
8293
3260
276
2731
7883
2422
1283
7817
5873
6041
8338
11881
5160
11379
12842
1135
7847
9569
1068
4866
1409
648
9636
6996
2741
12121
10983
2930
8560
12161
12572
7482
5552
2828
6103
6114
1184
2551
1762
630
2352
7776
2326
7254
1544
3309
3613
1956
8156
14958
7726
6790
2754
6683
9032
14757
2492
8504
2656
11955
6067
19228
5264
330
11422
2281
6924
1121
8823
3884
3196
1690
1269
12750
7791
15435
1992
2099
11124
11130
1313
4799
15282
2674
1906
17744
1463
9296
3518
21760
1715
9566
20857
6299
4240
7955
1007
4956
7642
7650
16732
9134
6001
6630
7186
3488
1462
4809
12524
3126
8305
10951
2823
2193
2564
6404
2609
4413
12873
4392
1259
1046
8569
8311
21478
10785
1509
7542
12212
5502
9211
6182
1347
8696
1657
11611
560
8894
15379
16052
786
5283
8658
4755
91
3159
8884
10319
360
1087
9151
1270
3545
6390
12318
6250
11320
9980
2986
6556
8542
3991
1561
1615
6138
13135
7956
3551
12049
1810
2460
2718
5698
12484
2051
2231
7798
15261
11907
5428
13678
4436
1853
10315
9664
12719
1865
6603
3075
12533
1811
4423
3320
3726
2109
2669
5641
4887
1219
1290
9240
8995
1638
740
8060
14527
6401
11627
217
1146
19476
8924
162
1162
18344
177
10781
21622
10991
7601
6006
13634
2687
8335
14961
2861
1438
4091
4716
1165
87
8957
10311
635
16584
12002
13628
747
14596
3196
2423
10681
1918
17021
10094
3413
9249
9078
954
2592
345
10357
990
7060
4557
2156
9588
13025
6532
1059
19585
3747
9043
3866
4749
16268
17219
1595
4641
5798
1340
9439
4570
4617
5823
1470
5380
11242
3951
14628
2398
12435
5849
4937
5113
4818
5428
4797
6456
14839
1221
17259
7404
6861
6906
8869
2436
17069
4299
5828
2911
2207
16019
472
15193
901
18285
17107
12950
11054
8333
1468
1776
688
4995
11526
3228
2510
10752
6296
8885
447
5795
5146
9259
2978
7947
18537
9193
10756
2575
1236
8220
1873
16420
2054
2625
8814
8548
6566
2252
5229
20412
20427
5831
8474
1240
5495
796
2754
8907
5652
1869
3801
18200
858
10691
2638
196
1112
6575
6242
8392
4724
1407
3430
4775
7954
11653
18994
2889
643
7418
1952
13737
3171
9031
3172
12798
6622
12823
10032
12629
2291
4546
20
1957
3770
1151
824
11025
8842
4010
6438
9157
872
15993
8185
12870
15295
1675
3634
9288
4306
3124
4081
85
1232
17072
5006
13685
12850
2708
21720
2685
11157
3342
1145
689
3221
5848
4924
15928
137
17352
1527
2319
19268
10782
21274
17426
9166
6115
2563
1908
2457
1562
5732
16974
2706
10281
11191
11803
1145
3091
846
6351
5248
827
9664
3996
2642
7571
2969
3574
7754
919
5158
6655
5302
1152
1054
18503
4927
4535
12498
8362
6964
5912
5988
16001
1424
11337
2260
7675
15178
4975
1983
10927
13975
176
6501
3292
6712
8043
16332
18172
5626
9456
2710
10561
8168
5426
13050
6575
9016
19577
176
8036
1561
240
1823
6488
668
10842
5743
3408
9406
14125
3403
1733
3104
13365
659
9085
20299
11381
10725
8427
13318
16251
2316
15522
7153
5075
10569
2382
1690
290
113
19362
7495
4483
13672
3661
5692
6258
6617
7581
4384
10493
1688
12809
8943
5189
20853
18526
340
714
12963
5527
4023
5776
4362
6600
3688
1268
7285
10170
5539
1624
11756
3298
5398
3350
5659
1104
1041
656
9077
12862
14072
5843
3364
16508
2688
8119
1281
1793
23080
16449
12406
7167
4744
5239
10084
9851
188
2896
659
8830
1842
403
14077
10288
8673
7325
8721
16041
15612
313
16170
3343
4574
989
1127
12611
5039
3886
9983
3474
897
249
2881
9658
8428
20164
19375
11311
10809
20576
6317
3430
8899
18223
6297
389
15043
9623
5817
994
13665
929
8187
2559
20593
5577
7612
1949
5194
5392
958
3859
12076
2092
3409
1361
987
2434
10812
9842
6424
3177
8179
1256
218
3388
9835
48
6903
14295
1720
13848
12035
4356
11203
9262
14710
5527
3071
2101
3296
14641
11768
4135
16666
1293
15635
13052
4515
10369
650
6891
6662
4179
6036
16304
19797
5343
653
1708
4157
3811
6968
7571
7391
2370
11701
14478
2999
3350
1746
3552
8328
4615
5921
839
16841
3944
68
12413
775
11204
10064
3250
17939
3350
6813
16915
5854
2130
5848
5090
14534
1182
437
755
5594
1492
3095
1285
5938
19740
7904
11000
7940
20178
224
3577
6699
10984
6468
2144
2406
2871
2853
1534
465
185
854
4405
7335
10345
275
3114
2337
3995
7764
6507
4460
1689
7
11605
13813
5465
11454
12914
1400
10019
16951
8905
3681
11104
12551
20343
3080
461
7403
19222
1978
22975
13265
1860
6121
5521
13049
11904
1901
52
3901
3825
11880
9683
974
17743
1050
7366
9335
1736
2811
295
7050
17633
14442
5319
1059
1296
15148
1917
2040
1708
1300
7433
4250
17448
13430
5608
1685
11068
17232
12216
8613
3936
11621
5715
3424
11578
5797
8232
951
3129
8120
4585
1883
7408
3914
2049
5003
8341
12853
15102
6753
3246
3318
4318
1660
1544
135
10147
12098
17549
2009
3117
16241
6012
6210
3608
4780
16390
3751
11508
8137
10831
21463
13889
559
6836
1532
2001
1212
4173
54
368
943
5594
7695
874
3914
20957
1310
14288
16493
6637
3658
7430
4857
1847
5439
10445
2014
5618
1097
6855
3644
2133
7068
7778
133
701
262
1093
13843
4991
6967
1785
5775
5142
11563
1269
980
1454
209
6804
15279
2666
8996
13773
1516
13550
3090
18171
12669
8537
5201
11600
12102
9753
4156
508
14339
1083
8764
6692
11009
6257
6971
14369
1095
4961
2765
12783
7276
4089
6651
1841
9802
2184
6308
385
10377
6638
1583
15359
8504
5986
1147
10354
78
3870
1330
4290
9064
9494
3852
7778
6563
240
5009
7113
2281
6453
4976
982
10405
8963
1013
9567
9010
1914
2394
9564
9761
1133
6537
2200
2382
452
15152
40
2404
12796
1533
1744
2529
14402
9631
16080
1395
6528
15011
877
6484
6627
2286
2028
2254
1869
14929
13618
5307
11631
13335
765
2207
2606
5061
3758
10298
1178
5323
8431
4110
977
2167
5067
5325
3069
20744
9678
1531
1749
2041
1737
4871
11258
12603
2111
1901
11284
5126
3947
646
12254
1539
311
3330
4719
8435
391
19459
3281
4579
1467
5911
2790
9709
1085
1961
6034
11715
11499
4695
11040
3927
3218
4753
840
23178
1321
11377
694
3361
1287
877
1056
5934
2672
11272
3573
1926
14979
1284
349
2457
2746
16932
12231
323
3618
1905
2768
14516
7358
20736
7360
18247
6052
15605
2281
3529
2061
18528
19543
7804
22184
10641
1566
3235
5453
15826
8020
10
1992
2825
1631
4487
12167
13625
2530
14328
9995
7335
3317
17811
2015
12016
290
1736
1878
201
3124
504
7276
3177
4361
5527
9078
3509
948
4016
19211
245
1392
1996
10152
869
1651
12901
13745
3927
23393
6902
5366
5425
11959
7401
9443
3860
3036
6700
4012
2434
1140
6564
6979
6208
5001
2777
17000
15341
4583
12006
15249
76
4235
4447
7435
1550
3487
2131
3452
6638
1264
8877
3214
429
1607
4703
7538
7835
4
736
524
6873
10119
3374
1954
1736
9415
6107
1849
995
4029
2428
1971
3398
14511
1998
13133
4109
3978
2206
5419
14048
5245
4498
351
23726
163
1176
5816
13402
3795
3717
3144
4113
6145
12127
9568
2009
2691
11859
11151
17249
2615
8345
20115
484
2974
12676
13
11418
18034
7479
4843
15742
11123
11187
4831
11233
7690
7448
17695
21595
24069
1727
1716
13803
10702
6593
4534
4292
15709
920
10889
6287
3709
6017
11951
4484
5957
11286
1201
3832
4326
1006
9898
14882
4699
8327
11942
128
9968
14753
349
12054
12184
10917
8778
10422
4383
2285
64
13690
3153
856
5314
14164
5414
7057
6457
12694
24174
5433
11789
8944
3949
9079
5009
10788
2404
6612
2026
8501
2038
19382
13581
19166
5057
8943
16236
20734
1094
2522
10636
847
4087
4885
3148
6262
8093
3829
2687
5510
7464
7859
9572
5469
3941
678
1892
10116
4180
12209
3211
8004
12174
2139
1327
7738
15275
10568
12080
3
9368
269
3104
10397
4655
3908
1722
22550
3494
18436
24039
7210
6929
919
10063
7388
100
7293
2565
3572
1000
1777
1897
22006
5162
11643
7372
13607
760
1700
8214
20108
961
2707
6662
945
7584
14171
7239
11434
9306
2874
20399
10358
4475
6245
5
9060
4086
4527
1090
10207
5911
1469
14407
4319
7140
3569
7999
10827
2374
10784
3139
4525
9072
883
634
5972
10953
4106
5178
11180
2944
2127
717
14852
916
7213
12952
5997
