12561
11292
4376
14362
5860
5126
120
1949
9284
762
13279
3185
965
333
106
7237
3747
5343
10948
18804
15603
2952
17996
5805
15032
16837
6454
10209
14526
7937
7709
11031
1900
6083
889
5529
5970
2296
8808
796
4354
11007
480
5177
9766
13070
21303
7668
4084
5363
14817
16504
3184
6644
7109
528
4332
4314
17190
10427
5579
852
2818
975
4733
16304
14939
5565
21688
2831
413
2789
18844
10932
483
13215
9862
19452
15124
1443
3544
13237
17485
11337
3777
15826
19704
8321
9244
13842
4949
6027
271
16862
961
10173
8335
20096
1143
7537
3792
13581
5536
8863
2531
5156
15953
1046
6692
2570
10496
21979
1658
298
5287
3483
4197
5231
4475
6586
4127
7646
3792
4320
9162
4164
7882
196
4057
9463
17921
7580
14925
11195
2688
1969
8647
8072
105
15308
6896
2340
9948
21444
229
2188
7253
17625
9042
450
3311
8328
4467
10137
9308
11471
2063
18258
2243
3527
19583
8210
1696
358
9814
13794
4490
5183
7728
7982
15717
830
2843
7698
3237
991
1349
934
975
11351
10845
4620
16198
50
1692
8003
9310
5879
13169
8326
9488
3512
4072
4322
12028
3500
1367
7031
3448
2643
7969
3524
14971
16823
9382
1130
2897
1372
3238
3198
11845
581
4588
1026
333
4396
14145
3397
20697
2819
5793
4633
169
1570
10539
2954
19283
4165
9688
2642
647
13050
5387
11345
2464
2678
8538
13062
7568
6921
1774
3910
5149
1955
11517
3142
4020
6681
6904
10363
1248
1925
2978
55
14590
2235
16945
11568
7418
8106
4315
12055
20813
13228
7354
13325
12401
17801
8364
10763
1266
6383
2106
4505
1596
3954
767
7067
17168
3092
5523
4674
1513
367
6032
488
13114
388
6471
7506
6400
5247
3164
13545
4768
12049
3114
12373
3204
9436
5344
1695
4502
8497
3035
4744
639
6705
9837
6290
256
6458
9580
2751
6186
7758
10942
18666
649
21007
1154
5104
7256
11974
13582
11682
11757
15055
5335
8657
3317
3060
9147
12528
2299
6335
7594
17709
923
3398
4959
15279
10396
3701
13445
1456
7545
3012
7464
9294
1509
53
1709
19293
9632
5201
3610
7404
13879
3790
7562
416
4526
13418
6663
5971
1773
14682
7215
21285
9959
12180
5247
6475
6834
2314
4247
2141
6853
9609
3262
5636
15133
12964
6364
2332
7738
2171
1876
4965
4737
4528
6768
5130
5804
2382
9182
7125
8304
81
19141
10779
1545
3608
616
988
4488
5038
2990
4545
7647
1391
236
7847
16178
8119
1570
10862
9222
3928
969
17625
903
18073
7693
3865
1310
2949
3471
962
2072
8438
6669
15768
2618
2152
2449
10813
20955
3100
2960
3031
6056
10631
513
3450
5836
22208
8466
6728
5293
10296
12442
3798
9400
4192
4270
1155
11020
2652
2109
5229
602
5152
879
21482
5487
1203
15190
12406
13341
13511
4314
3902
957
2377
4505
817
5212
7081
6794
2692
1641
6968
945
992
4230
3012
3244
3004
302
5107
2654
582
17078
135
6278
6918
7377
1432
10733
2036
2117
6310
2410
16483
6606
3870
16
6128
5097
7681
2466
2309
3501
8930
851
3497
7876
18737
8493
3284
1967
4235
12664
1042
669
10535
1148
326
1820
6858
12750
11037
9790
15219
8980
13655
6538
3584
3729
7882
20905
8897
3376
2142
16739
11963
764
3752
5633
11771
11084
4767
10810
7717
3283
19688
11489
938
9674
19152
7095
845
14892
1279
13111
2701
8402
10313
8024
7801
3920
7972
20057
4408
7497
1000
17052
4096
11847
5673
15993
2238
10134
6521
6431
6669
460
6778
1833
9454
4666
2220
20709
2728
853
6690
4535
5027
1131
520
2372
480
12758
4695
975
488
17467
8276
7311
7718
718
2092
2453
11286
2429
12108
19495
3951
2546
1602
4660
18163
214
9640
12067
2885
7569
7616
20601
1228
2668
3261
17362
3117
5967
1726
886
8820
20152
22834
5959
839
7910
16710
1988
3199
5584
1423
1847
195
434
1640
2335
6370
14523
6140
12880
5530
12135
3535
4832
1541
599
1118
14201
15563
22591
10800
2108
175
7734
7938
7810
4627
3054
9007
16330
2895
12772
5608
9786
2925
10776
13654
3974
56
3304
10554
561
9127
1540
5341
5009
20670
8111
9394
83
2839
11241
11036
2171
2843
1248
1767
3052
4062
1728
3354
1043
1642
14379
14557
3497
1012
1783
19008
3119
11550
15585
7882
1270
9736
706
7403
6618
6972
5989
3664
8148
1548
10391
6503
252
6544
15913
2174
12085
11506
2125
3628
6692
5524
5721
319
6264
2306
10801
5784
10912
6721
19459
23380
17265
3279
13097
3742
4503
15292
1573
3275
2192
3603
800
18141
16552
4618
1779
1832
797
15175
6772
10335
8001
2565
9403
837
11488
8512
9292
2960
1418
5626
12575
4651
583
3818
1519
12047
6288
23802
351
8121
907
8556
2338
6745
13190
8687
11606
9579
1929
428
3137
9109
2958
5227
3079
4961
939
5100
9265
9484
10040
2076
7107
3108
8317
5338
3525
3427
2281
901
92
12751
1443
15774
5519
17047
3962
5307
9145
6721
7187
5038
2728
921
8073
1792
645
14407
12314
3531
7941
11673
8201
2461
2828
3564
14203
14523
431
1494
1769
671
4231
6710
19881
4105
4087
11433
701
2847
6642
1388
2703
3238
3959
5778
3620
3601
9508
6169
6573
4656
4094
1687
4377
8958
584
4606
7441
11108
1381
21692
21194
12949
44
2221
2547
2969
20196
12606
4477
21216
2543
6900
2353
8203
11673
1193
8664
2532
4821
6296
3828
704
8198
9647
5994
8517
2715
3403
12459
5650
5014
15
1090
3688
12578
1485
4807
4451
1124
3276
8745
5352
2841
2224
6352
7791
3506
12685
1381
363
2731
9340
3287
5742
3081
2929
605
1638
4142
7789
8253
2672
9497
839
5080
1562
10283
10246
6467
5949
13843
4225
4610
14454
11416
920
8642
5492
11731
3310
865
909
4677
471
8310
16487
4893
10668
3087
1073
3591
8022
7691
4915
6961
7748
697
2161
2403
13499
2781
682
2070
7512
4936
15598
9789
2547
9862
2701
442
6813
5876
1040
4884
14464
11500
746
24245
13721
4510
2215
126
7651
3466
6372
2002
1973
247
2352
2923
9938
6312
5778
2843
4389
6234
307
12990
12
8002
3039
4420
17327
16148
16781
17978
2248
3105
20757
1227
6611
2948
17193
3620
3004
1307
7488
9408
3509
1063
12690
10708
12980
794
4784
6887
9075
6136
11546
4218
18126
991
1024
6290
19614
402
1049
15471
2956
1841
10240
17029
9427
1528
2528
8800
8610
4922
16745
3183
4858
2265
2659
19835
4594
9300
3439
9648
860
2714
10861
7720
1091
2591
4189
218
4923
2517
32
3885
6048
3458
2946
5533
10801
10855
2664
3180
9651
22441
10798
4190
4318
14171
1997
4476
13851
99
16465
4544
2854
15102
1030
796
16107
3299
5922
1169
6503
9773
1379
3887
2360
532
1260
833
1563
2354
881
12808
1052
5554
8705
2100
7176
8765
6167
5532
1298
18548
6890
24327
11313
2379
6274
3707
12020
5234
3539
5525
8116
11279
4940
1835
8410
3204
5881
8332
18639
3008
760
922
2035
1499
4932
14547
2376
8807
2183
12203
19748
340
7077
20039
1198
777
5547
4429
6060
3159
9052
11724
1951
7164
9273
185
2653
2400
8316
7431
4855
2111
4773
6604
1286
10466
1340
5101
3441
4904
6604
23725
1787
3946
16177
11559
3621
4049
800
58
2362
22802
2675
1084
22118
2320
15054
14522
2700
5963
4000
8289
217
4764
19525
7853
5292
14663
17580
6163
2982
4118
4663
6996
79
5481
1107
5264
2020
7837
2316
4240
32
7006
2057
15067
5071
8124
6401
5198
10802
1
10204
4397
1576
12726
3300
6056
2438
6365
2626
10260
199
14932
19790
2421
11398
2718
5571
6326
5101
19664
3352
3155
10549
2356
2275
8847
6295
8137
752
7119
1754
8799
7870
1980
418
8510
10260
1669
2562
19387
20335
2859
2626
8779
4959
6126
3349
6702
8114
4133
7801
4205
8736
6436
3019
3890
1307
13620
5975
4709
18185
665
1827
17250
19231
10483
16738
783
4756
2693
17806
10555
889
8586
4652
2558
45
17899
5894
10839
603
9733
6708
2635
2167
6029
3133
18818
12420
5303
3239
14411
8351
484
6655
5086
4058
14131
11611
11336
1681
15707
12554
24099
11502
6755
7765
3070
1909
8453
1127
909
3534
3555
19981
1664
845
2030
2303
14469
5346
1117
5729
11656
2456
20498
14204
4712
10761
15504
9402
1016
13561
125
6512
4411
3578
1660
830
4898
5897
13445
2569
7637
1572
3011
6472
3733
2794
11077
10996
5915
12366
9495
9374
3614
10995
1677
18833
1816
13219
2905
1538
1843
12393
6183
5254
7150
8305
8623
4256
5030
6200
3945
5147
2529
3515
15883
21457
6798
3771
7725
12795
3806
6224
2962
537
5076
22467
12541
28
5803
10801
7332
14406
681
6115
15465
8838
9720
20796
7818
13997
7897
4086
623
5066
4184
9904
15006
5911
16391
4268
12394
7607
2074
6268
17159
12087
6239
14609
3440
6118
3238
11
2166
13283
13183
203
7013
15563
6836
1926
3421
8707
7351
8280
5005
7427
3726
2801
9727
3749
223
19152
1408
2554
2339
2635
961
14190
9084
5660
14347
13006
1318
1487
13953
2290
10873
12712
11793
17816
888
367
11719
2243
1530
3659
7202
426
10933
2127
13292
10306
10795
3746
1719
9328
342
13028
11411
10591
8108
10260
8780
10623
7515
3763
1891
8347
3537
13422
4108
14095
13024
5202
883
117
4184
6060
8734
18047
12203
173
3641
12392
6394
2175
19685
1563
8704
1313
789
3201
331
16499
20136
790
16314
3736
921
23206
4439
20490
15302
7955
10318
1176
3008
1296
1434
985
2360
11600
3949
9676
120
2593
2617
2788
4863
4459
3803
56
501
16090
2936
16127
12419
143
1601
6660
5897
12885
20227
8501
4458
1242
4489
10709
2095
4329
13058
10952
8159
7106
4891
13672
7596
4490
3410
36
850
367
11995
3742
12497
8841
6744
3176
1398
7825
677
734
18126
5934
8082
25
1359
20618
3797
11245
8009
11188
764
6921
8713
7204
12571
7978
947
3626
6804
2754
7111
5805
14531
6644
4023
4739
11876
15562
11757
6492
3842
13776
2884
18255
2763
14594
4679
466
4608
13778
2518
1911
12323
1759
7398
5015
760
728
3389
2132
5597
6545
1742
5190
5434
4727
396
4178
17485
2377
1618
2250
20395
11731
3411
5500
11953
18394
2908
640
440
221
1853
1756
15417
2747
4956
9023
1054
11623
11135
8795
7237
690
3682
7631
10101
7227
8989
22869
7838
217
9805
5028
23995
8722
1043
3309
1284
18471
6787
3915
1284
1165
11435
18301
2766
20186
16942
14377
1442
104
3209
18084
13959
10790
3382
516
6989
2324
7216
20619
6890
2507
13120
1345
20763
17683
5862
13232
230
4679
4119
30
2581
161
14220
11318
5202
2066
4807
3504
6802
651
10399
1713
5559
9739
7094
6853
6556
8836
7763
2467
16353
1323
4566
10896
4961
4119
8584
10512
4890
11732
4441
7663
15027
16970
2601
7186
10340
13637
4342
10959
5549
15769
15781
5840
5735
8055
648
8852
4980
52
7390
3906
2848
740
6903
20060
14464
5399
6102
13409
2566
10089
3287
2241
1779
315
2649
552
13062
4328
2419
10706
2053
11347
9085
5761
6328
3777
4358
4973
421
8184
7018
13843
4929
4207
12758
8421
2939
4244
5631
2687
4633
1511
7000
8620
9205
6534
9390
2003
706
7059
10068
5114
3418
1218
4231
14749
16887
7786
6569
11535
2483
3
10350
6828
870
7295
6161
20416
9749
5976
12301
1319
9175
7434
13161
1294
6749
926
11384
2078
8336
387
14327
9110
5010
5710
2816
2218
3736
8108
13778
2559
1320
1260
3539
2523
4052
17840
14073
6421
2755
3327
13228
3062
11208
6448
770
15398
1055
10290
1146
3553
6240
19653
370
677
378
5104
8487
5323
9812
1057
17313
3161
978
1221
1613
1531
5448
2664
5481
6192
2161
6952
14413
14442
6194
6560
1550
2020
4105
3373
1591
13935
11287
4566
5639
7170
22637
18670
12394
7602
7788
5860
2164
16930
12384
16426
8329
12828
3158
20508
7634
8225
5723
20344
14222
4607
3678
16714
3723
6095
4091
13179
1706
5172
10337
12992
4202
3581
15202
4066
16786
361
3810
15668
503
7305
14304
900
5924
9195
5171
3539
8218
5428
940
5145
8901
4620
2929
2900
19535
17880
2627
336
4351
1945
3962
18373
14578
1401
2630
814
5759
4816
15521
1538
7846
13169
22994
5300
14861
2097
16898
2207
1266
13097
19404
6351
16223
12737
9604
2677
8105
14605
507
188
6746
7583
767
3870
3687
254
1349
14226
2782
1813
9864
4525
6038
4666
5222
6073
7471
10727
12480
3180
13238
4236
1580
3569
9150
15875
4121
13089
7339
4253
10506
5941
1542
3537
8199
4547
8221
4748
49
2093
3671
1707
10279
14007
8823
1176
9634
9180
2528
5369
13752
3965
1200
1144
1683
18780
12731
2263
3314
7136
14461
687
11979
627
7704
7499
2251
217
12973
844
6640
2152
2507
18411
7826
7456
1442
6963
10247
6009
3761
4243
2983
13667
8967
11293
15852
1050
21713
3036
4390
4235
5747
20937
2462
711
4746
4111
1894
3903
568
17733
14450
5013
11543
499
6848
11459
9026
15230
9977
6237
8140
2514
10986
5877
15775
2303
2075
8688
2642
8345
1811
3189
8940
3901
981
1206
6206
1376
6971
910
6637
1031
4740
1903
5888
20345
16299
9136
5294
830
5833
1776
1019
7629
10757
3611
1809
3019
6259
447
2224
6558
2546
11949
10151
4470
3085
22398
1523
10999
8413
19395
4781
2702
2598
9602
4178
6722
5181
14602
5348
3446
4270
1347
1627
6144
4695
324
7219
762
1086
5764
2457
4470
852
12850
507
18671
295
12654
16493
3971
17448
10263
6425
16374
15544
12713
3819
15831
2621
10444
19759
15570
15725
11570
5440
3789
8334
3618
14184
2671
12714
6050
8134
5957
13369
14201
5677
12478
3425
17507
3869
4789
15430
7557
275
8047
12020
3856
2455
17940
8772
9771
7762
2933
9249
21887
799
3372
6920
556
1308
6594
4476
4106
1259
728
9019
14955
14594
16568
4202
1386
10729
957
1487
1073
8348
9612
2760
3378
6171
18617
16596
12669
1010
14241
12232
9609
7304
2528
18625
11969
11857
17414
4377
5425
11280
1791
8350
6229
1213
4736
3077
18883
2146
1465
6801
13125
12376
3285
2585
6752
1649
15046
1483
3554
2116
13049
4671
2330
1109
6784
8645
13434
5240
2859
276
9837
6452
5053
13841
2591
19417
1148
2587
1526
15713
3315
18367
2068
10245
20707
6598
2482
5935
6595
6113
2776
905
6597
11455
9891
5553
20720
11224
4392
5115
9738
1204
3715
987
4851
2355
760
10635
8205
15642
3477
1495
1539
8285
1381
2969
149
2079
156
5228
2585
773
1992
19367
3486
4167
4567
6107
7101
10311
4811
14981
5591
4361
7317
1526
4460
3487
2539
2844
673
4180
3200
3691
10039
17972
3007
6268
13948
12758
2983
3740
17785
6604
4401
3325
9277
4276
3404
2074
9824
20056
20000
13609
8890
13612
658
8782
11443
10029
7729
15936
3283
2585
10685
4544
1717
7568
4521
10361
6366
13929
11546
13881
1778
21757
844
6908
1103
16882
17754
5322
288
2348
13250
864
457
13250
2029
8402
5008
8022
2014
4321
5739
5406
11611
9750
10042
2346
3984
9127
8090
14609
3867
11453
3144
15839
8130
17061
8039
5577
210
7626
7338
18036
15811
10624
907
8542
7891
16100
7789
3911
3614
11908
3552
5482
2497
1755
361
3740
8051
11294
2872
7800
1590
1483
2808
18618
1004
22288
4058
5598
644
3669
4770
4724
1522
4607
6276
16425
901
4633
414
6944
10347
2212
2687
9333
11784
8085
2761
14654
15445
8358
5738
19683
3021
2661
2347
3869
12369
2687
11086
2374
1559
5268
1271
2932
12460
3199
3642
1800
8289
15114
2626
5503
8337
2025
1254
14416
6433
10428
15548
2181
10242
551
7302
7056
2711
8217
8289
343
15016
8134
3081
6809
5357
14669
11776
9324
4050
20668
13170
2710
4757
2474
2392
21627
3029
18909
8953
9242
7378
466
4953
13700
1865
5599
2178
4764
8762
457
13061
325
20527
4492
184
12789
3020
534
4767
8852
1550
858
2173
3939
1488
2511
12079
5573
3880
11973
572
4886
8665
13554
6579
4182
2412
3376
3886
2294
19104
16952
1960
5928
2102
4476
6156
8423
670
3965
7534
2870
5193
4491
10237
5314
9561
8411
20328
10946
3007
927
2321
15468
2765
1426
8123
2595
4452
2800
4448
5158
570
12646
13927
15582
14748
964
12679
4330
9624
1277
18037
5891
4550
4253
6355
8469
15180
11408
2331
3832
2175
2757
10192
9797
12799
5579
698
17265
8419
470
3042
718
14783
2928
6154
15335
837
3010
5332
3176
1629
7504
227
10005
2054
9106
14251
6024
9455
8640
656
12302
9570
1586
396
18252
3065
8689
2903
502
4991
3130
7974
4543
9971
1028
2701
8720
23221
188
7017
5451
13302
10025
6928
14992
3912
807
2587
68
4114
14266
486
6464
3841
2463
5638
9611
5506
5398
20220
8939
5244
15519
6826
57
7612
1755
2072
11737
7973
6839
6283
1715
227
6924
3301
6823
11058
9417
2153
5377
8662
398
768
6138
7660
15509
1752
933
9116
13373
2410
7189
7350
13175
1241
8852
6709
7484
7307
14682
9482
503
6721
4216
5840
5659
8428
9689
1347
6515
5821
1461
10086
11470
10131
5329
6915
7408
3663
1397
4521
145
1551
580
12953
1560
2389
22064
15542
2735
4872
5226
14531
2738
2670
1789
53
253
2097
14961
6381
8383
1370
7106
2242
341
1505
4674
14657
16465
6304
4830
1998
13236
9761
11082
12317
3828
12878
6304
2350
15347
12947
4377
9582
21138
22025
8714
1182
9589
14171
177
4452
1404
12287
914
6189
2492
4883
2226
10340
772
4417
10645
488
16911
10469
6649
3522
12573
3390
429
10109
1423
160
6542
6048
1877
2936
6501
13784
7517
8496
2767
5109
3784
2473
1438
6892
1182
2482
6683
13632
13577
1993
13378
2283
3298
18123
19628
18418
2189
3006
7355
10522
5160
1800
15696
1211
4421
3746
1832
14822
16720
5229
8046
5901
8458
12738
2252
2142
2881
3461
13586
17087
1734
19722
7931
953
2604
561
9468
10045
14049
3246
12115
2951
2927
17154
2180
4656
6130
5708
14547
4172
11127
11331
4686
7944
11609
7497
10910
1152
14528
6484
16129
21338
14264
5160
12450
1460
22112
2457
1362
5762
3230
905
9902
392
16351
596
2038
10874
12536
6233
7378
1509
2059
6062
1086
145
6640
1993
12980
2256
3486
17191
9097
10053
14482
6432
6743
6413
4909
7009
16
11619
3527
1595
17088
8075
4825
3717
8022
18474
14359
7885
4343
9860
10082
2670
20547
3268
3826
22823
13018
149
6592
7841
12393
12099
18625
159
6452
4702
594
11363
2084
96
2499
5152
9046
1156
4233
2289
19544
4077
4152
14577
6575
9101
11735
10536
2456
7646
7952
10548
16014
5426
4940
9602
347
3630
5765
5808
8325
599
7693
4804
6103
19438
3765
6039
7730
14657
16007
2307
3960
4271
9795
4120
4910
4869
12348
9034
18941
13502
46
16352
4347
15854
17637
9357
9661
5875
11830
19745
17197
17032
11549
6454
15995
4778
4279
3546
2372
1588
155
583
1629
1273
19457
2607
5593
5892
17775
16721
10436
4500
19093
8402
9166
5440
264
14100
1427
1180
886
470
26
338
24460
3416
2415
964
1907
8584
6961
10503
1664
3058
2320
7368
4313
8092
9421
5521
16690
4394
1832
6625
3320
20632
21062
6397
151
6302
4469
6565
11243
22293
9697
11859
6801
4005
12563
2296
1792
9637
13417
8218
7008
12515
8679
7
5239
5932
1800
14638
4860
946
13976
2205
5887
19846
8469
802
3953
13774
2403
5147
2936
5140
5826
3615
6371
8462
12077
611
3762
2458
5098
2411
2368
4201
2635
19669
4677
6522
796
5645
4367
13182
6475
9011
1626
1923
358
7666
5831
1620
14014
4308
2564
8350
6487
2305
53
11183
462
4539
6886
9865
11260
8684
5027
2282
625
1415
2383
5702
16995
4573
2788
2374
2629
12861
2993
341
19600
8210
985
5457
7260
2035
4870
1057
2380
13844
11244
6194
733
17030
7150
1043
14802
1227
2828
1646
7118
1072
2651
897
16942
3336
19269
12747
7721
4838
14767
1979
1155
5131
2903
5256
6659
6569
13944
1478
1603
1374
5161
8965
10801
1242
19752
1165
12774
12884
17012
16135
347
263
514
1240
7036
12528
5576
19
3988
4944
6062
1330
17198
377
5458
943
17815
2334
6948
10162
16763
3544
1117
12172
8525
12523
11469
8718
3308
5634
197
8698
1515
9058
2941
1216
456
7721
5937
46
3641
18853
18129
2328
126
13845
6320
15906
21373
1941
3262
10754
2022
23420
11545
3699
2165
3495
11146
790
1230
3208
8478
2892
14326
7421
4531
636
4652
7256
2278
3666
1450
3025
4946
3306
10580
12110
1135
2820
2629
4922
13252
16922
6990
6805
12459
2398
4593
3503
1015
5168
16568
9435
419
3625
14845
256
6309
9546
5071
9980
4965
4103
10914
511
17484
8097
10126
2978
1621
13845
1268
1484
17796
1171
3702
9959
1146
258
15239
2005
3708
795
2150
2554
3632
7192
4961
7599
9580
962
14069
570
4779
14267
3099
18826
11883
4341
1228
3394
4524
10711
5365
14102
4092
395
18384
4330
6787
2074
8898
2895
14548
3855
12871
1504
6365
1351
1298
10055
1204
2425
18747
17873
12201
1040
14657
1074
3348
7350
3545
8366
11328
2497
10720
1859
8199
8307
8148
2856
10788
3746
11287
3617
3424
1484
1762
12059
8488
9667
7929
7937
14931
7797
15563
7502
615
15089
13052
5121
5543
10843
11709
17039
5716
19938
17902
12840
1286
2727
11376
51
3907
3350
17969
2481
438
4526
14649
2810
6882
1517
1797
4405
1674
7003
4027
3556
102
71
1929
15217
14363
6033
2754
134
2867
3302
1196
1552
10407
2250
3722
4611
321
5070
8442
17747
8113
2825
2405
2554
3814
238
1252
3406
10023
571
10458
42
4641
14220
1224
636
841
10262
9698
5820
7886
122
2459
1607
11888
1416
7879
8531
2045
7355
7305
6160
2860
4471
14570
5426
1441
8604
3615
2506
2006
3426
1831
3770
5874
10456
6294
280
9905
11184
490
11074
2654
113
974
8663
3928
6844
13612
7099
5750
9641
1487
7697
4233
9728
7361
15260
7321
6945
6605
4128
15846
9925
12780
3379
7152
2794
7990
3417
1105
650
4550
8679
2680
7895
1177
222
4033
538
9984
4257
6655
13366
3886
3346
3403
9029
8241
15169
14931
9358
7589
8018
174
6094
4115
2962
971
7966
1685
12530
3466
15026
19251
5239
676
8562
12805
3604
9297
2200
5099
2085
1198
13299
6693
4585
2831
2464
3168
8798
4368
7997
6015
6769
17919
10224
13931
4464
13477
2172
5343
53
5075
16536
6665
7555
10154
1113
12781
4363
14132
1098
13455
4887
2956
23347
1581
13480
981
10571
3745
22264
10576
11092
7308
3727
3129
428
3807
1343
4020
2461
16545
1607
4765
8039
11265
1648
6420
6784
436
4598
1048
8976
14138
13746
5117
13984
3121
11027
2929
21425
12517
4754
1046
200
8991
2590
913
6688
4120
5548
381
7101
7189
1980
807
4827
1025
1359
15417
20239
1014
10297
9146
4287
10699
671
1634
19540
5092
1238
15404
399
3159
1651
7068
15122
14207
8183
6593
5935
10223
3451
12237
10375
11329
9579
10108
658
2080
2061
4597
7573
2289
6330
14321
4040
13304
3230
2290
6835
4675
657
5852
700
5220
4370
2727
16107
12671
8680
2751
857
3222
2761
7148
1996
2968
4299
7210
2765
6301
1740
8964
3536
4702
337
821
4203
4490
2706
332
11883
6062
1584
13201
17131
3843
11073
562
3000
4324
10567
1173
7699
2085
20970
5017
13160
3354
6199
12656
3788
269
2697
13208
7633
1791
8631
1322
2337
14267
1819
19355
192
16383
13636
374
7956
2391
699
1978
2856
1231
8123
6719
7292
6766
5915
7282
4156
2678
18307
5153
2466
1310
5917
11568
3642
10356
15605
13216
6203
11434
3223
3177
11044
19518
14197
10739
17579
15428
2985
3021
5388
11372
10371
1104
6674
3456
5820
512
9856
4698
8791
1579
1566
3910
2988
239
1852
3570
5841
4810
11
904
3540
11866
14018
2399
1103
3719
4200
15413
10037
3080
4817
4706
2338
3679
2312
2773
9141
22197
16837
18906
8601
12841
14739
3337
6090
5536
22178
4900
10035
2798
15171
257
4295
647
7754
7833
2095
10145
1248
22614
1403
11380
2850
790
549
11655
4966
1052
7922
10352
7037
3472
3692
2973
7552
7175
9157
15542
6421
13709
917
8394
1762
5346
23286
3185
11214
1825
4597
5139
16169
2035
6913
1773
2784
15513
5688
5496
7218
10911
13968
10930
12578
17939
863
784
20037
3872
6587
2609
16766
959
12065
8797
897
11233
9824
10196
13111
9062
2545
3674
13938
1687
54
15887
7444
6722
3637
1324
102
2924
5385
521
3522
5401
983
2343
19290
1699
1451
1966
23757
4483
3003
1178
1479
5766
990
19592
9393
1508
8920
12360
5210
11
5964
2081
17557
19006
692
3053
13166
1418
11530
1857
2256
2959
2397
377
112
4105
1977
2923
3992
24
7375
2405
6058
13076
4641
6515
581
13297
6488
3573
9352
12762
3007
9261
907
9364
5821
4112
1049
4441
3639
14116
8195
4089
7880
10830
1389
14184
3871
6215
5386
10446
1238
5091
5416
10115
14956
5960
1785
9496
2574
16086
3648
2849
15420
9046
3960
10737
9908
1440
15208
5462
7806
13092
8263
4601
963
8353
4136
11251
2091
19785
1114
669
17716
803
1149
15892
7492
19529
10878
2239
1656
8766
10973
15371
23026
4220
4508
9258
4482
9185
7189
2509
2698
17367
981
12770
1349
12816
3649
10327
4396
13613
281
2786
11042
11714
1022
10917
15263
15111
6943
9448
5113
5792
712
10059
7734
8887
18511
2534
815
8689
7472
15758
5660
4580
11154
6449
4679
7258
20344
2612
479
9965
1252
1283
16455
360
10180
572
7956
7993
11382
10741
6647
6609
3404
14050
2256
1572
783
5577
13500
3769
8482
15924
17968
1633
81
6659
6334
4442
438
12231
5113
10093
5211
4418
10174
202
3089
6884
13035
6063
918
5550
3651
8148
3192
20607
13119
10373
6276
15896
10820
8955
620
11145
2498
5830
14999
1589
5717
5279
3595
10245
15395
915
3180
1118
2259
4298
751
9064
13135
13309
4895
4845
6926
4568
1240
7886
819
2338
596
15210
9763
21
2167
4646
679
1014
10098
20506
2858
3184
4528
5931
9933
724
14288
5961
6747
2174
12979
3661
8551
20684
6797
7719
16136
2471
15247
434
3815
1242
6933
5636
2451
4802
1743
2440
7077
648
3752
1452
2317
8916
346
16657
4917
483
221
4455
7679
10297
1347
1543
10499
4243
9558
13811
4001
5466
2411
3317
4769
5500
9739
941
2727
7879
2071
10242
6200
5698
5428
3900
5727
2706
2945
8999
15688
6854
3308
1067
3854
3879
8373
129
8677
4176
2690
1007
3850
6873
3405
4297
5174
3020
15001
884
4688
3593
3137
7530
2757
6908
4825
3197
5135
7228
3782
16006
8930
17441
4684
630
1200
7408
2296
109
19233
119
7307
3743
4758
8624
9214
19006
4601
1344
15303
3665
14462
6767
2973
3966
6964
4206
3873
1424
1036
3185
3663
6048
13611
1559
4741
298
17359
4299
1646
8750
3676
6927
8028
5282
4283
9965
3429
4462
6639
12619
9434
7461
3497
15572
7431
9686
7573
5715
12793
7886
7555
2471
10365
8429
5803
4217
88
1713
3670
2564
1441
19265
2957
1838
16602
1554
5500
13385
6212
4700
3662
4123
7044
1838
3033
14554
2781
10350
4215
8071
2061
3182
1807
244
15876
2108
9594
1953
16161
6111
19345
1081
3516
5292
12372
14257
6199
3128
3913
5404
7622
4723
6408
8459
7365
8410
384
4996
7570
1679
385
4679
13258
1073
5312
673
431
2795
13724
3474
8976
9426
3138
8097
12980
15166
1487
10908
554
5616
1314
58
670
6162
17644
5971
8343
4241
13530
19023
4766
20429
7464
11532
14590
2935
4722
767
6222
240
52
1981
1387
6065
14391
11845
12536
856
1401
18653
1642
10485
16098
2425
932
5621
6910
49
6812
3600
13639
7519
1113
6922
10147
14565
3345
3683
757
13435
21040
10177
10341
3141
18473
1890
7213
5501
4493
4055
4747
15414
10025
4803
2234
2452
6
15788
4123
2116
15884
6246
6176
6523
2711
14867
11712
7157
5229
16609
4096
415
4056
5008
4688
8612
14554
3284
7211
8152
2721
375
3353
12581
3627
5882
3295
3106
7449
1504
1503
3180
1687
1187
13856
7914
1279
889
12553
11552
9371
2015
10151
2950
1043
17680
4348
3049
7092
2440
1978
8515
17627
9208
8277
13123
10526
2669
10235
3133
1965
7826
9993
9585
1559
1039
19512
14707
1857
5417
2821
624
79
9857
19659
16058
1045
701
3440
1330
3265
3215
9636
4347
10024
6526
5838
2447
7936
19201
9738
2500
3419
2955
8865
7328
3705
8280
761
5974
4625
8295
3392
2538
8228
17493
4461
5875
5121
9622
338
881
1835
7568
11081
2429
5241
15691
21916
839
1141
19731
2174
7356
2612
2278
83
6152
98
10265
9069
11157
14280
9933
2713
6884
9424
5580
35
4598
4507
3860
12102
11127
8386
2245
5068
2295
274
8115
5543
1705
4275
8474
6070
5583
5815
2027
2237
2087
10504
11070
1215
4448
6613
13362
4758
13055
20340
5485
7693
4173
11562
522
12179
8906
2144
4064
6418
9983
3699
1084
9418
161
360
7890
808
4534
805
1427
8320
16256
17214
18567
13616
380
6320
8021
59
16891
1949
6209
16303
3233
1276
1785
4973
14510
21651
4351
6869
10068
19724
1888
3349
1829
2378
4237
7612
7163
18281
3718
3540
3995
2485
12283
2062
4144
9970
3120
5523
1766
868
5858
2177
13438
5182
4479
2187
1433
4814
277
13224
7357
120
11241
16568
11594
3766
864
88
1313
44
3750
9170
2987
6951
4943
9195
10255
13016
1627
9654
9909
2929
137
4388
3782
196
10393
16569
6869
10790
2859
2347
10956
3075
10251
16390
15280
8868
9984
4454
7976
2335
15446
9288
5844
1513
4306
3278
2483
1196
8946
12119
3895
8691
4444
3663
19492
15847
5077
1347
6108
3846
6096
7480
6623
1783
18269
17028
16617
2811
4064
5179
10236
8079
3734
16277
5273
6185
16197
607
405
432
2355
6768
19290
2917
6585
5145
12395
14007
12734
1926
14896
16767
3137
8465
14387
18710
7473
7237
4139
928
9622
851
23226
4049
10627
18518
10468
18124
16417
796
6732
7078
3571
4502
9635
17160
13431
1017
1691
766
19475
7900
16273
7003
10891
4171
1221
14164
19905
3696
9133
20432
4656
1439
7547
5805
4250
6308
4112
4952
7716
13234
6079
2789
11425
104
6647
3668
4000
3574
6045
3194
14110
16186
17229
3284
6081
4532
847
2250
7690
4951
764
6787
3270
6695
672
17093
2420
9330
18992
14876
4525
4264
2857
882
6611
3149
15574
3628
2912
337
15052
5915
11511
3840
152
10249
18899
18050
1931
5421
320
14157
9065
19489
7071
8584
188
15722
16611
2802
6026
5479
4898
7127
8850
8968
9846
5541
12937
845
181
2219
7920
1001
2463
9241
8850
3153
4059
7393
20468
14776
10777
19818
9449
15151
15140
2966
3522
6324
963
7786
390
5815
5208
5129
1126
8964
16319
682
5261
12023
2349
11068
6545
5162
6106
2458
5261
132
16551
13123
1608
49
2230
274
18133
3065
12296
4320
11759
17351
14248
8774
2859
6288
3557
13442
1886
14440
3935
5862
5553
370
7171
197
10418
7054
966
1240
77
19234
5245
4435
6324
961
2184
5960
16439
12973
5901
5889
2549
1891
20104
1334
2053
14895
1032
9836
13048
6819
1178
6714
1092
5577
4866
4211
10703
12953
9172
14823
14954
1883
7525
6037
4363
2046
12508
2464
11063
5116
3667
5547
6659
14322
11060
3962
614
1812
926
4846
9340
5527
10750
9093
471
22327
4440
1012
2634
2030
8643
4572
4677
116
6171
1272
9921
1025
265
9896
4366
5532
13216
4530
1121
2412
7164
376
3445
3422
10922
3429
1418
1802
5281
9465
492
7194
116
12573
1418
4035
770
6748
375
2677
8984
7506
16616
11034
1793
5905
16484
9905
5724
7255
2247
3457
8844
11025
3845
14147
662
13782
9206
2659
1718
21044
3972
1914
14664
3795
18798
15393
1131
3691
3330
7288
1759
8765
6642
7912
15975
2573
15315
2328
9567
13181
1880
8328
6063
3749
771
8627
2304
4426
12424
1816
7150
7331
7490
6449
3228
3654
4763
2284
1378
1845
18240
4444
2364
3854
4161
940
3961
7677
7276
18953
9671
2734
11096
2221
7165
5969
8349
291
2983
7836
16503
6779
5835
2234
954
5901
14418
8550
12276
19353
721
12212
713
5486
15943
5539
5386
5892
14051
9007
6050
9272
10605
1267
4738
11643
5152
4756
9193
7340
9276
8045
1967
1011
2833
7599
182
1065
4770
209
9524
3466
2888
1821
2095
7084
3833
3281
22185
11945
1707
4383
1680
13125
1905
11656
469
22525
1605
20866
16941
312
10054
9194
22695
14616
3893
9100
11131
9633
17
1151
1792
8631
11713
4777
5475
18246
19317
13228
1050
14913
16613
6631
11480
18095
10991
18616
4677
9051
12967
11551
19390
2787
20557
2545
3294
362
8447
2037
13344
15099
16854
721
3086
18496
7314
7315
4651
19659
6840
9997
7359
3555
3318
6160
10037
10279
604
8108
4002
2333
8896
11924
3369
14226
1865
12008
7271
7152
4924
1255
3720
127
7427
2585
13181
2482
2553
1009
6789
3231
1612
7973
13669
2755
8197
2333
1803
11655
880
480
7050
1619
6155
8980
18375
5398
13660
1385
4353
13751
16406
2458
682
6416
8577
10583
6329
5308
9774
17683
338
2810
6352
12444
7882
4088
3219
5694
948
3314
12637
3468
1228
11789
5181
2503
6389
11230
1194
7156
3368
11881
13242
4646
8440
4141
3611
4467
2964
7933
764
16327
6625
7427
3783
4908
587
5713
2470
14894
5022
7471
9140
17628
10756
1614
596
6219
2092
14721
2171
11318
3989
5071
9778
10854
6695
6675
6516
2943
9225
2661
2451
3590
142
4597
8299
2359
2409
5902
3449
9957
15553
1921
6206
84
12093
1499
363
6512
3019
4482
1067
13865
2774
831
3057
1669
3102
2768
4283
4723
2304
7113
3808
18948
3810
3343
4357
13956
15135
3001
3880
4660
8479
14138
6080
9988
19265
3104
17933
7259
691
759
11637
17752
3391
12754
1505
2060
18273
16075
20235
14184
7705
3051
2096
9012
3852
312
3573
4663
16373
10398
19386
13804
533
12368
16795
18394
1633
14134
13522
4478
1466
5747
3801
1432
4774
8439
3844
288
692
12820
1017
9545
4327
3314
1737
10458
2246
7376
3236
15723
23605
15180
6542
830
5732
14779
16438
12410
13792
17845
17835
2345
2066
19187
4122
11485
8750
13252
1531
4453
4021
15542
2943
599
2167
831
8264
19201
2526
6940
9107
20753
1887
16455
2133
10058
9424
3443
2712
395
10043
16013
2769
6551
4789
13458
43
12214
5096
15463
8278
2349
4271
5234
7448
1345
3647
8266
4355
3659
2092
2162
6197
6800
11048
12552
8562
10649
2423
2734
3419
752
10803
9323
4958
311
12969
1225
3167
14233
6784
4530
624
9524
2696
20317
3222
6890
16388
5185
2829
10623
6231
5597
941
11560
2619
3983
6430
12410
2408
1406
5422
3795
3598
23145
778
3861
756
4316
690
2169
14096
5322
5034
806
9690
3197
7496
5478
3802
5641
1630
3258
14175
9211
296
5034
8544
2523
6227
10647
2854
3027
9448
3419
9107
1136
6144
5402
2624
3522
757
1892
5596
13578
9720
707
9515
834
1280
4268
3923
6456
3023
2056
9670
12725
13171
3339
245
3326
1783
5876
8086
543
15492
1428
22264
6328
10370
13892
4261
9090
11425
1222
13655
4507
14804
1272
2449
515
2774
17737
1527
8791
8404
1459
7060
5004
10604
3261
2130
13429
2521
10291
2097
11682
4490
1172
466
1878
5852
14960
16477
10984
3010
2119
2557
11799
1415
8999
10856
9058
4946
7198
5721
12405
14311
5499
1103
17253
16073
15344
714
12270
20404
9868
126
4732
43
2254
22151
5514
2804
5655
1654
1004
14297
6348
4262
11850
11547
8633
1674
2731
13084
3857
837
1419
5385
19209
4524
3300
4290
3836
13894
15679
10228
10663
11119
11702
3733
5486
3537
2114
2063
1374
13517
6180
11672
8078
9316
10368
12592
3748
16489
14940
1668
4740
4307
21367
16060
12
4932
4679
2919
663
10452
13636
5162
1525
1701
3712
2123
2497
1880
959
732
8093
8245
12685
10743
7047
4492
6769
5620
381
4807
14652
3068
3559
2642
566
7271
2783
12084
6035
14843
11132
8397
11128
2359
1080
2601
5658
9032
18989
3982
1896
1160
2219
2814
3501
4133
2961
20524
253
7210
7712
13605
7143
4988
9156
1355
8757
14856
12624
1700
12983
5214
3195
19018
7260
665
21404
1055
1610
1037
1538
1811
15488
13295
15057
10000
855
2586
3086
15316
8313
2754
6188
1602
5824
2422
10319
535
15115
1081
3154
1108
7395
388
3923
18809
3866
1260
14551
2693
7616
7605
7006
10641
14867
4224
2237
15247
1037
465
18474
2232
12654
13636
8573
4656
19616
13236
15264
3922
1602
356
1991
5419
6390
3872
3863
7963
20274
7432
19342
11828
851
2209
13732
11173
4413
1244
3338
15598
985
2886
3578
7910
1178
22273
14228
747
13158
13851
2352
4669
14620
10108
1378
1054
5939
1077
625
3193
6267
14511
6246
3679
1783
5927
12164
682
2560
3501
6467
3162
5471
9615
6076
11653
11344
3087
756
12523
4195
3768
7124
3208
3131
6904
4259
887
1597
3735
429
175
9486
11150
354
7009
3183
5556
7161
5111
2661
8374
14409
5127
11695
6074
4463
11851
4306
17665
389
639
6246
6982
6028
3502
8164
3237
7383
21358
1950
16399
13133
9396
20109
2273
6335
3227
5496
2354
2526
2002
2127
14895
3577
11095
3722
4665
7924
11551
177
15446
5836
8038
14572
2474
13336
14179
4330
1729
2982
1959
505
4078
6493
1808
6359
4395
775
2742
2379
17676
5954
13819
12529
20873
5787
12101
7851
7736
5057
165
10266
15379
3603
11891
8564
16236
3538
1365
1629
6210
10637
7813
3488
18346
873
70
292
74
186
680
5421
3442
12871
1389
8104
12779
3530
1950
10555
5364
3937
209
1128
5092
5839
3271
332
17937
2368
981
3738
4506
3571
6443
18048
2862
3329
6206
3544
3637
2419
17022
690
2186
12194
9804
16243
421
7981
3397
2275
5789
739
8879
8637
8459
4876
3094
1806
14733
2699
11233
14467
13516
5086
4498
7233
10431
2841
10466
3468
10407
3920
5738
3752
6587
18170
3392
14324
13514
21177
4352
1690
13079
11091
7424
5318
1361
5525
11404
3192
5183
14304
921
5296
6515
7183
1513
849
218
3703
5613
1369
865
5107
103
3629
6516
5378
6006
2331
14835
6865
1886
3745
1203
9473
730
4486
981
3722
13
2638
2805
5282
901
4557
1158
1440
6972
5625
1582
8068
5135
2850
5320
12431
8114
11579
3637
6088
2483
116
4424
729
12003
1402
7248
6828
12704
20970
8182
6419
3265
16168
905
8534
3292
20325
2859
1107
12646
13190
2524
1686
4020
10696
763
3461
1810
11409
16929
6123
15725
11406
7401
12243
1052
853
2551
7286
5006
11121
1981
7215
5488
8165
6622
2160
6894
5273
157
10227
541
2029
1482
408
4353
5023
7571
4757
5565
10226
6859
4568
3922
3326
18
9634
909
14207
9613
13989
18969
21380
13063
15882
73
617
13586
3977
4439
14495
1619
255
3852
3153
6902
13535
13742
3811
324
2862
5018
4866
2405
7351
2793
7470
18418
3678
6120
7974
135
4209
15037
1780
3090
524
18317
1085
2606
1632
17120
2875
17899
2393
565
15959
17885
13667
2442
9322
501
4615
3157
2519
7177
6270
4024
12565
1971
4694
4832
1835
5088
11927
11756
5355
7445
15228
19422
14438
3129
313
12175
7329
3956
1918
4780
1165
2494
879
6299
2860
5050
16225
2440
262
6146
1569
4964
8208
12327
5141
7973
5697
8889
175
2860
4239
8028
2710
3656
7257
744
18832
5074
1534
2348
4041
2331
9836
39
12750
5473
6301
2963
5809
2350
3676
9602
2093
11468
5350
16056
16354
1629
2821
7302
10061
2064
755
4255
3286
3290
2342
12655
5204
10754
3070
899
8130
2320
6521
10174
13439
559
4250
2357
10704
8145
4154
3490
13709
11217
13221
7012
2934
4828
14804
3723
15752
8969
13657
9630
9555
960
1526
17285
10034
11879
3681
3583
4063
13817
14913
11199
4365
8031
1557
4603
10900
332
3244
16363
6981
8926
14337
6468
21110
12977
3590
10759
7390
4528
9652
4616
9721
5225
1462
7124
22276
1333
68
12093
1814
7134
1480
4318
770
4152
17311
1116
8057
1040
4830
2958
6185
9354
2235
2148
7288
1470
414
6896
3278
11660
8009
5586
9988
11365
1100
14283
21651
506
21071
12986
4036
10261
15225
3297
5146
6725
569
18669
12925
5408
2672
1209
6877
201
9923
4728
3963
617
2946
6072
423
12136
14213
8548
4666
8546
76
5827
11038
5602
8092
4406
2476
5169
2750
1083
2454
5421
16889
8548
2624
5733
76
3799
44
2312
6633
15123
6304
3370
22237
4426
1034
9787
10552
5460
4004
7842
2129
3783
1452
19597
216
3296
19005
2596
8524
12348
14803
121
7146
792
10290
1952
2404
2248
6950
903
2032
1749
593
7195
263
1857
1515
10863
4663
1501
3854
2057
14826
10159
4531
6525
3758
3844
2362
4995
4981
5671
139
5394
10896
14429
14903
6118
4304
2657
11610
6890
12150
4566
3845
8475
4879
2976
8614
7645
590
10598
7504
2768
14737
15584
9974
3158
3302
5557
5563
10222
1241
12586
3737
8827
5131
9301
22007
4702
9631
3076
855
2152
5709
23323
978
18269
5990
7161
19084
3948
4127
9152
1520
887
7100
13919
10492
20579
15634
8817
1845
14408
363
4012
144
2405
7786
5264
8191
18079
15633
6943
4330
12346
3716
2254
8204
7267
1693
5248
7123
4886
4163
11952
12049
3575
3680
11530
852
12642
1314
8130
20297
693
14213
12534
4110
7348
7612
17512
7906
3346
4496
3892
2790
7352
6379
6346
9487
4525
1919
5735
13227
20576
1319
13360
1585
6860
10903
1625
2198
909
1585
7072
10598
6296
3869
1379
10349
581
5404
3334
16553
3889
7081
7222
3414
21335
1630
6162
12012
5197
5540
8520
216
13948
1449
22490
10506
1673
3957
16618
2213
13239
1880
1177
10711
6215
7251
4137
13967
18977
3884
3985
4950
4694
9130
5155
2682
17157
8352
12603
10633
4032
4
1022
503
554
483
2876
2261
9796
316
16680
4832
8426
1318
7183
1913
2045
8067
7677
2778
414
1809
12496
14281
5568
1748
5346
9055
4683
1356
12019
7536
12485
14240
7577
18225
2068
13646
4158
15929
3036
1198
9435
13937
14913
15325
733
4357
3912
3908
14587
5442
6543
510
18838
10432
2984
5368
8553
2532
522
1255
1401
129
3565
2129
11207
2251
13835
3547
13179
1543
272
536
8888
3887
9837
2677
23503
2846
1684
6098
1813
8494
3353
9676
4666
2209
18929
2395
5878
940
7026
2862
5298
2641
8166
17166
3240
18502
7879
10092
1999
13594
4398
1616
3632
10410
22985
5023
4829
1965
944
2503
20838
6235
2879
1519
7332
5216
9062
6867
13584
2426
2709
3683
3736
7819
2738
18465
10362
2588
10289
14536
1922
3691
3126
10185
4345
2685
3244
6837
2049
1833
5349
10333
5827
193
13292
7444
20598
5544
1559
5191
11816
10086
2768
14928
98
12706
11058
2040
3515
1226
253
8926
12839
8571
10527
4163
17951
3255
1579
4294
10731
13714
7754
1511
1374
5641
2598
7110
9503
3668
22692
5081
15173
13106
13054
2093
8801
1417
10614
19648
8456
7940
2151
1177
9742
1219
16441
5718
3955
1182
515
9285
10215
1783
16569
991
6956
2707
3887
3432
5547
9176
1818
4264
8703
1857
11783
1767
3521
18826
1527
2508
4123
9317
3467
8520
1709
246
8127
13704
15515
2500
8788
1898
2854
4848
2593
528
1288
6360
2494
1226
3411
1393
6584
15147
4020
3465
178
7673
3239
813
13440
8619
5697
9796
2916
8109
5431
6180
15144
3001
948
11216
1511
11716
3089
3987
340
661
1204
5641
4842
2218
15517
11727
4696
16351
666
6301
1116
8365
7027
15849
1999
7344
2767
22914
28
5021
4892
2578
6707
21184
5407
13536
24316
1813
7645
5922
480
12072
2917
1923
1716
1843
2857
418
2959
7059
15296
5480
1363
183
3869
6988
13519
7555
798
2084
9235
2894
1905
3177
7758
8928
2288
12467
2697
6934
100
9021
14437
7608
11932
2493
10605
12149
7877
7349
7167
5946
12711
7804
786
121
14930
19845
8962
4418
5611
10611
2421
12915
4779
2823
957
3699
3783
1662
10791
2220
2001
14194
10571
9644
16691
10268
2034
2042
17133
1909
10747
4254
1034
10272
16
11763
17015
5339
5582
3236
8650
2533
2748
3425
2072
3859
7998
11318
7201
5252
12884
3819
3686
11513
1731
5849
5067
1604
5182
6757
4373
4731
13506
10348
10939
11041
9027
538
14703
14403
14692
1524
1295
4330
9794
6951
22
3187
4782
11410
2689
7234
2179
7198
8133
6094
6058
1376
10592
3293
21019
18525
6868
12932
1517
10950
19843
8723
6845
13046
12276
3105
3812
683
2840
13533
2501
5174
82
4200
7676
1016
925
569
10227
3518
14588
10956
2047
6056
3452
15288
11167
1641
7546
8196
5743
3962
170
13460
1880
4691
3503
5721
8979
5901
15863
1145
2484
4887
2538
6703
9367
1079
1435
1631
2395
7553
9842
11891
402
6629
2365
2916
2595
180
9116
15778
7704
565
18353
2723
5100
305
8833
9596
2452
4554
3178
16089
2628
2144
2289
10815
1997
14549
7826
9960
6756
553
5020
121
10656
22964
112
8186
8622
1376
3572
7102
8076
11548
17293
6294
3385
3815
1160
3607
2989
3667
1579
3742
8848
2536
5641
907
703
6058
1592
14133
1618
8508
8284
7201
5958
3551
5123
14698
916
3444
465
24177
4247
7274
11323
10751
348
4407
4284
6440
6447
7204
9960
6794
2973
3887
548
5831
3290
17763
639
11972
16720
7218
718
1747
818
1933
10907
1215
3801
2030
3216
13651
773
11556
5084
11914
2192
6715
5720
5460
1164
669
19637
1685
3329
12470
16543
13048
5322
467
11525
1662
7954
3043
5640
11579
12586
76
11527
1090
5858
4663
14310
8366
11885
18515
7156
4848
7261
1052
364
7581
8703
6027
12802
16020
792
6402
6082
9882
8480
4001
6965
9305
1512
70
3503
5215
15640
24179
2420
4738
1934
10746
10541
5350
5985
4232
9966
2461
18317
5036
330
3796
2215
5817
9273
14312
2439
405
8830
13959
4572
2771
14884
10665
12656
16425
1716
2042
192
6757
10060
637
391
5516
1215
3786
613
1164
15960
5033
5724
14688
342
13594
2286
804
439
15189
6509
1029
1731
7690
2404
838
4433
16609
2879
2399
2652
13264
258
445
16106
5150
18297
14671
1690
13810
6406
12
3143
4431
7874
2292
10837
9120
16759
2596
10869
2857
997
15668
4816
3646
10683
7965
11017
1850
888
7955
248
7700
11779
7483
17106
904
5873
6258
2434
2768
8391
6751
3971
8408
12316
4880
235
4631
21309
3224
15630
739
1715
7426
1375
2090
1893
5664
13777
323
87
1255
18322
9366
6400
9954
7677
3785
8403
13376
1684
3046
14355
1505
15655
5751
702
17158
763
13823
906
1587
2483
1527
9677
5440
1504
1240
3004
6272
1028
1767
15736
4908
13367
10402
2256
2944
1043
5493
309
3588
15468
6859
5367
8769
2811
15281
5659
21364
3006
5576
1805
15122
4553
13916
215
1578
5707
2188
3872
7997
2390
9103
70
192
5082
3593
441
11879
22898
7298
4595
2138
274
2720
8483
6374
7833
1496
8153
10858
948
1442
5041
15867
8747
1180
8100
5291
9205
12390
3450
1288
17931
1145
11641
2795
1781
864
1729
8183
6479
12413
4759
4865
1547
3819
1825
13936
15966
6490
2030
8467
785
4455
5561
371
1166
3032
4960
1992
1283
5965
17264
447
7267
10804
6222
5598
7955
10718
1349
16125
3084
6461
3663
935
10428
102
3689
14429
16219
1532
8177
2293
2698
11192
13522
662
4382
11139
8756
13386
21731
41
10144
126
11292
806
7366
16643
5784
8082
13486
2436
7875
7373
1231
6434
5091
1720
7519
10751
1469
556
6806
10848
180
651
6991
2079
7555
5296
2519
6505
17926
2844
1959
4677
12781
11236
13830
5460
5077
11236
3013
22409
6795
10281
5085
7590
2193
2727
286
13677
1106
10616
10565
13244
3042
1075
11995
6607
1982
16713
5634
6012
14572
6994
3800
3024
402
1541
5374
10316
13370
7528
3008
4662
2125
9290
10849
6017
2534
4746
2038
4472
2490
928
2898
6062
903
1202
1656
10201
2776
1385
1708
452
3430
13473
2052
1997
922
8623
707
7440
15496
2161
2831
168
4370
14212
9548
6640
2078
5484
9248
13329
9489
2325
5092
3507
19850
2581
4010
10310
4986
4462
17763
1903
143
5980
2758
15249
7539
520
17698
9469
4846
1650
11955
10317
2965
3171
1493
9751
2591
5627
7175
8908
19046
4856
2959
8041
14502
96
5399
5771
6827
8995
13363
7621
22310
6822
1018
6756
15159
4509
4365
1591
7898
4361
626
5765
3268
2995
367
12058
2177
832
7436
1870
2679
1152
5714
17326
4327
9071
10887
472
2906
2626
4011
8929
6559
20367
7159
9558
3454
2949
4390
6115
6477
4582
8643
11110
4781
2804
1544
14750
4500
19267
1389
11220
2363
216
5143
4904
1491
5129
4588
7994
13437
912
10228
6541
13817
2436
3735
3094
2878
148
6578
13531
3227
7365
7600
19059
1082
4102
5528
6811
16529
9991
6683
4955
7310
3783
923
5052
7650
19549
10178
10083
3399
4322
4134
947
4568
10988
4246
8056
10366
14491
12630
5998
7706
4013
4832
2728
10112
1078
2081
6211
1065
309
3268
15582
3915
2007
3889
4510
15374
8795
980
5403
10001
5151
4925
3268
5329
3982
18019
1102
10313
21459
3100
5487
6175
1103
12852
3487
3367
4481
1991
616
4238
1160
2598
8455
1029
5164
2955
5072
7859
4215
11136
5212
10756
10220
2037
3173
6007
19472
12954
1419
1726
445
5076
7302
1023
3041
14593
263
4847
14655
215
3318
8743
5015
13918
207
2162
20024
2120
10514
13508
2214
12809
8554
176
10528
5390
4078
5791
994
5604
4333
12498
6197
2720
9410
4392
12559
16197
8408
3636
6067
17072
5538
4571
6561
5064
7951
12562
6072
3093
12873
2148
4103
7250
7600
324
6967
7737
316
5727
1818
4057
3371
336
5999
2538
4209
1952
5076
4112
3991
3904
1134
8362
1191
2114
16313
1838
15951
1890
4495
20404
7592
14449
8445
4284
1718
2158
2492
1102
7139
1126
303
4070
12474
19944
17028
14297
52
4935
73
8238
10046
19170
10181
16321
4671
15532
13032
18671
6922
4416
23509
4929
4454
22223
1952
1218
2823
3507
1552
1058
2503
3488
12054
2261
7248
4173
980
15025
7217
310
2524
2717
10035
362
5458
16941
4712
2291
14099
3204
3925
1658
11088
15742
3145
4213
4196
1432
8550
16777
4998
4358
1142
12611
3746
2796
15249
7261
7522
14241
10467
2057
9171
2022
7829
4001
2853
7203
608
6672
1701
10183
15592
2369
207
588
4602
2897
8501
6517
2584
17193
479
1001
14942
2162
1918
16513
4287
4601
5752
7770
15335
4681
5808
6110
6829
2770
4204
9226
7045
17422
2141
232
14031
2774
12635
8331
16390
425
444
4649
5161
2001
15960
1121
2588
5365
25
9860
10543
4967
6919
18577
340
5718
5503
7318
9280
2173
15446
6545
15613
6767
18043
8573
19323
6953
6051
9600
2559
16607
19624
2377
16872
22023
8820
13425
1120
16491
17364
3561
9998
1410
1471
7392
6393
6478
450
3186
14273
4070
2803
9151
7182
15956
2026
17855
4076
3350
13728
2364
10228
2010
12196
6285
1912
2657
2369
1971
558
3821
2356
18104
4176
2278
474
282
6320
2022
5198
6770
3135
20945
2228
7421
9891
3927
11076
32
9866
21247
3329
13030
1301
7145
1585
10185
4187
3502
3287
1150
3277
1939
3702
2613
4705
4767
891
19383
12358
5526
16218
849
13321
21260
524
9038
747
10899
9562
3738
12168
5905
6812
5503
5068
6571
2524
769
16816
4549
1358
5948
19361
3145
19069
3782
1025
6205
10929
7212
11841
3665
6896
9405
3212
3424
2792
2741
11142
201
9533
8007
477
5703
17570
19808
12868
5958
12487
1008
2168
4975
4726
2252
9063
6152
12663
2826
6816
3061
10119
1281
6153
7527
1279
11982
8959
11399
1120
3346
798
2431
4852
13004
14963
5887
12911
13088
5934
13639
13255
3636
8176
8570
3538
10308
11262
5121
653
5575
9907
9737
11999
6054
981
3266
8932
7642
12408
116
9550
16478
6610
13436
12337
2151
1867
989
686
3459
16040
748
342
519
7671
15136
1422
8889
1513
3581
17227
1897
8301
15703
17516
15218
16994
9631
15849
2475
2705
2662
7341
1328
20957
21396
1456
15574
751
328
16219
1923
3578
4945
131
2069
2137
7373
8451
4284
5536
15
4502
2863
10516
4401
566
11697
4901
6114
4117
6446
11648
1426
15924
4260
16933
2073
10845
499
4009
6857
438
7570
17580
10492
11787
7659
7371
9049
2921
1894
2581
2153
656
8340
9625
6394
17641
10664
7006
3194
1263
8329
9338
2744
14239
20251
9664
23685
2950
4790
1912
3759
1571
4974
4885
269
3402
310
3751
10454
2937
10498
11185
6089
11649
2163
2727
12903
6867
1137
9918
662
7863
11609
16444
6622
5288
6362
17962
4661
9979
7575
414
6848
2565
2124
12768
13346
1736
4263
6408
7482
6622
7324
12509
1114
5304
8735
16737
12591
9986
5646
4533
2258
9098
3453
8319
8123
2999
4215
3986
1608
10326
3695
1049
1823
6562
9468
1690
9491
10221
8111
1089
6808
6903
6533
3078
3668
6050
7992
418
4985
10670
6005
3846
14048
1696
1780
6456
2173
1491
16006
8297
17357
1230
6367
3471
4971
1184
2362
15223
1931
220
5979
668
9085
1309
6467
5343
14384
17953
6222
1151
1034
7755
11972
14173
5775
3626
961
22745
19891
11978
2689
15060
9506
8846
7484
4242
6693
177
22551
7826
2237
6316
10065
16981
6007
4060
6265
2804
54
3555
3633
8663
11605
7759
3858
14781
1487
12696
2401
8522
2984
5268
14908
1747
3883
5727
596
5687
7306
905
3232
39
142
2018
7747
4360
65
6536
4860
3604
17278
10504
16301
18503
1262
19795
6714
1584
1143
4822
9792
6360
2919
17557
12369
12549
5591
8811
2454
6171
7595
7246
644
11171
4637
4290
682
11868
15573
6638
486
12902
7670
8329
1560
2546
375
3085
10795
15381
11570
5237
6967
3619
9194
2804
2971
15456
1617
13075
333
12080
11286
15553
6889
2308
10012
8731
5307
5255
9571
9398
22097
8561
21536
2661
1726
14800
6159
9997
10919
9893
5032
9129
9603
2871
10077
8811
4999
3618
2752
2629
5421
6829
13468
1477
1841
1016
2435
7000
7291
14699
822
5291
7678
3545
8054
2153
8061
7535
3619
254
1537
251
2070
11845
8367
6673
3495
1760
9648
7885
1295
3355
863
19956
15385
21232
7067
3655
13012
15594
4964
5485
4671
13362
9019
2537
4449
19439
11803
1745
58
14501
3080
13021
9164
5884
2517
8890
17252
2048
23638
2250
1328
1555
1589
17100
1441
2655
9317
1990
7092
1672
244
13649
1745
10676
1852
2880
3118
11
22427
19101
2372
1222
4995
3233
3395
18931
4858
870
13299
4888
10232
8840
7840
2938
3855
4533
6401
4147
15416
22609
6662
17754
949
4679
4457
1829
8474
13678
3490
4382
6884
592
259
13271
6894
8909
16370
15271
11385
105
4454
16266
5114
8812
12700
13321
9842
18077
7990
5094
4723
6028
12502
3439
5227
1267
6495
2993
9029
114
4894
1714
3377
12469
2850
11418
13785
6488
2971
17226
11387
4422
4648
13922
3760
19653
2406
14596
8457
10794
4687
6210
18208
5929
328
5540
256
74
6445
11328
9351
3999
8485
8616
2334
1261
5655
11884
10071
15686
3448
646
2114
1484
2686
10758
436
3941
4467
2422
446
18331
4136
1588
6086
14142
2443
4333
916
359
7903
4016
7884
9261
18515
320
5845
1853
6311
18788
732
4271
11313
4210
315
2098
335
7301
19040
8005
8205
3512
2097
249
3017
1256
180
9630
13183
8761
4103
16798
10413
8746
13155
9746
1677
22902
13318
8691
10920
6244
545
6686
4084
1616
1496
7713
5553
3867
1308
890
12899
1470
1515
1225
5606
3021
2577
14401
8662
1759
7458
1350
847
3244
22170
5441
1539
133
921
11020
4834
11924
6319
5287
13186
2443
5061
18907
3493
4835
574
5213
12381
1022
20963
