1498
2942
2580
3879
22045
858
12666
3594
9722
1150
7893
8088
7299
12764
2152
2422
2817
4362
2176
13362
8762
496
9625
12850
9052
1999
14558
9197
13967
6317
15341
11707
14193
1166
10960
3420
578
2733
11673
13768
10878
3968
8416
19104
2573
10838
4347
1269
5177
9759
19243
7400
2718
3014
377
3978
1265
2704
3470
2255
14504
19810
3551
7423
10130
9017
10500
2103
14833
15540
3753
3928
15204
3599
1472
10688
14700
11964
4162
813
14747
2962
11746
10849
5068
14085
13833
3338
15106
12800
5388
2578
15530
20820
3956
2608
943
324
5116
23063
3113
9182
9968
2741
9010
382
6665
2283
1610
15093
5652
518
13145
6950
2546
1413
1421
4463
2446
449
22380
16410
107
2303
2985
2840
16563
5192
13597
5253
671
9530
2536
9691
16493
4016
15305
2172
5301
6368
4914
9149
20821
10799
4381
682
243
13341
14893
12877
6590
643
1672
3128
18576
9900
17643
2704
26
8122
12649
1532
531
366
12486
1988
7319
10748
8917
6664
2631
1288
7181
6490
7228
38
2838
1740
5567
1989
10427
368
3141
1451
17207
6998
17330
22604
1530
131
400
1630
1833
8163
3225
1341
3449
2697
8968
2337
6166
8672
8832
3827
680
8865
4457
734
9601
14747
4033
1388
12190
3290
13329
4916
4914
270
194
3443
3880
15920
20532
7888
5685
5546
1814
5216
2340
1779
17198
12429
2682
5787
7286
4976
3107
2198
1447
429
433
4185
3943
17995
1616
5007
3326
5238
13154
1243
7077
16769
8750
3112
551
8896
1802
8568
1365
5151
211
8709
1238
7595
2306
9059
7994
903
2939
4043
2001
1866
3553
307
314
1870
16187
1879
4377
8168
6860
17696
933
4377
11635
8853
10732
1724
4897
518
10639
517
12300
15145
4307
227
2541
2840
4948
5269
12551
5622
236
6235
1046
8122
511
15153
4531
8516
19754
3577
13179
4666
3336
1632
982
790
5206
3247
9934
892
9383
6782
8720
1284
4429
3153
1258
665
7741
10177
4621
4977
2593
983
11865
6822
6193
7679
2330
13734
9347
6398
8168
10042
12961
2540
5526
3352
21940
7720
5925
1726
17578
10399
1723
305
1063
8325
2975
8045
307
12156
2425
2601
9168
3862
8006
9745
249
6066
20973
13446
124
9478
3748
7596
4245
3847
709
8774
8356
9651
20987
12220
12925
1167
6922
3072
1389
10808
10545
6026
12231
14992
477
2908
612
5974
1394
13977
5184
1166
4772
12084
2511
604
2404
11884
6800
7326
2689
32
6089
5999
4681
19810
3534
8469
2210
17711
10669
3795
1831
159
13345
8177
7734
922
4844
15735
2554
2089
4625
1792
14533
10981
13886
7378
20285
1960
250
4488
14387
8475
3498
2883
2519
3369
3218
11124
3201
929
6490
452
928
588
5182
14589
6876
9521
15251
7538
12407
7306
4717
1447
15788
6624
8332
9946
1643
9010
811
7922
16768
8078
2580
6501
3115
6470
4346
16731
12274
69
1151
14483
9527
421
2310
2771
5496
17741
88
12309
3912
1891
876
6973
7225
8801
32
9342
3382
196
3519
20644
22406
14154
7220
8045
7405
8668
3193
3283
11684
3337
910
1323
4199
4373
10319
4001
8073
9788
276
208
6673
6327
7819
3322
6267
11729
4135
4380
1945
608
23988
1049
4964
8166
13325
808
6458
6511
10611
10942
1424
1387
14641
446
107
5894
3002
14908
2400
18656
4770
11360
2899
2758
2561
545
2214
1491
12660
1140
19830
1519
13410
10043
1046
19358
17485
1233
4693
20482
388
7576
8198
38
21669
4555
17816
4546
3477
7570
9390
8630
11011
1215
10119
1297
8731
4707
2101
13214
2961
15243
708
11136
3846
11197
16562
2283
19479
11622
4814
4697
10453
2498
10020
445
8616
5895
16313
3348
974
2463
6189
4447
3389
1574
9503
12452
8564
5938
6708
11685
19116
8800
2680
4667
17843
9616
1788
11246
281
2431
16925
4011
2279
6951
16957
1575
11426
5549
23929
9904
9930
17511
12809
13593
16700
13496
2355
7496
14182
14315
892
1723
212
21184
16110
14737
5936
10204
7131
7387
4550
3584
18787
3262
4432
10683
3157
3009
12047
11568
3535
1531
12011
414
705
2561
2390
945
11026
2838
3820
195
1000
8687
3524
2198
7298
13633
460
484
9827
309
325
6041
17449
1072
1651
8513
9119
6724
19989
4328
12640
16057
5291
10681
7350
13159
7731
9869
7021
171
4123
5236
15275
497
3746
15750
2418
1242
5258
8708
3453
14759
22896
9028
1343
2551
5548
8197
8934
3744
1749
454
3079
2863
1853
5120
7811
6385
11953
5491
1281
11109
811
6892
2282
466
4631
11112
11463
531
9910
6652
139
4036
6571
14661
6226
3931
18797
3896
5757
2026
1445
638
6283
15101
12301
4601
8436
15528
7686
2537
3272
20968
21733
8560
3848
16790
2989
414
10210
670
4058
97
5273
8835
18247
4789
4133
53
26
1440
6925
2190
213
13554
5485
9390
9122
5653
12674
3051
981
5751
13345
4565
10374
4490
14873
4089
4291
4960
5784
572
9634
893
12996
2752
887
10201
3721
7993
15899
9405
2836
13487
102
5823
1971
13311
5338
939
1535
7649
5218
5439
12349
4226
4030
19499
4403
4303
16638
7468
13197
5542
1388
7711
9922
1371
5032
4957
3697
15101
174
7367
9481
2386
10446
650
2620
12529
3230
5895
8437
11571
10351
3092
3853
6498
14506
3621
182
4607
15492
14521
4942
18608
3424
1401
3453
4244
5450
12552
11823
9965
11172
11392
2384
15100
9348
1347
2517
3364
5340
4176
10475
2758
743
3878
83
7160
10578
1064
8600
18099
1327
3578
843
1319
6570
3077
2833
3698
17022
7733
10145
5104
2119
7636
1345
10932
10308
13350
1999
1475
739
2944
6389
5749
7587
1601
1967
11659
2385
7462
5494
7122
826
4341
6942
18477
7067
8725
2958
21095
8780
2216
13003
11491
2155
20544
2033
2806
18034
1485
564
2878
6647
4507
4500
3495
1214
11702
1204
18986
6736
10941
2509
9832
8672
21097
6609
4185
2336
9038
1990
18228
7580
1582
2676
1776
3174
3058
5067
1142
1241
11539
13933
7216
14120
296
16966
3380
10806
16661
936
3177
17437
10753
5410
5064
15801
19616
3769
17250
1684
4564
6007
2833
2612
1311
3347
9459
20287
16857
8532
8434
3443
16090
1789
2761
4636
11084
3954
11201
1684
534
1820
3226
2495
1489
8054
21972
569
18876
767
2227
4031
882
10041
4287
5654
14837
19739
6557
7764
10633
11895
6172
1400
2584
4690
8797
15555
3355
3353
5745
2080
12216
4838
5729
2888
636
9648
8384
18115
448
2068
5489
6184
5112
8208
10083
3216
3742
6295
2348
10153
16635
9532
12479
1811
1114
5719
4742
4714
12349
1912
7162
7376
2836
3948
15216
4871
9657
205
1459
7549
3180
4929
973
17926
855
8945
4803
16034
7321
5365
314
5846
3660
1972
3546
19790
7253
10846
1380
8954
1170
12490
4435
8136
1127
6774
3270
2014
13284
3517
5234
2454
4463
21249
457
914
18348
2105
4629
1244
6478
3660
8437
20825
6803
8619
1535
2775
7217
3285
5282
1527
2359
5266
4184
1384
14080
320
5153
10773
1481
11831
11603
2879
2284
938
864
1101
4432
5420
9502
319
11033
9006
1522
22008
3320
919
4773
15263
12552
2980
8899
11307
6657
2399
7001
5478
3012
17462
4276
561
8894
4876
3069
5732
4566
837
3330
3035
405
8612
10939
18194
11800
13935
706
1463
20324
86
2212
6039
7286
5465
583
9692
1514
14941
13241
3124
2866
8509
19406
1973
4472
12953
7953
4263
2524
413
5539
18863
9833
22329
13473
835
2351
34
570
18433
8704
7389
2921
6308
2068
8206
2607
3628
273
1756
18480
20691
14137
3492
7919
8667
4799
3593
14234
9348
15404
15464
2445
4005
231
2943
14967
4755
14560
6016
3234
3181
2460
10423
2475
5368
104
2991
5424
7571
6466
1039
7126
15488
1621
14790
4520
6412
7588
3958
2305
14031
4761
2611
9604
1057
17975
130
2003
3107
350
232
2558
9983
10441
4427
3741
6708
3784
10724
12403
681
3191
1802
13077
2966
4582
10386
11765
10192
11364
4948
2075
20983
15369
686
225
13674
7154
1375
4400
8166
17826
4544
4410
6294
1165
498
1149
2939
4208
15462
5892
8913
21803
8717
2534
4275
3963
11490
2727
3336
3422
9251
19575
2717
16329
6689
5912
6926
10005
2296
2440
1628
4505
8330
11857
539
4830
5934
19700
18021
3378
3185
15540
2022
4830
5115
15101
4596
3645
2424
6981
5954
19826
4878
2802
935
11923
4487
3148
11187
13924
13795
3924
7767
6343
10741
3558
4367
3139
1367
21520
1317
8286
1135
17084
3394
39
15084
4702
5040
7730
6737
7362
1280
23456
2650
16013
2925
1512
742
460
2303
3941
2223
208
17462
1087
10759
122
8492
20405
18902
606
6532
446
10127
6684
11960
15763
5479
11433
13195
7929
3251
700
14078
3541
16668
8891
19929
11610
251
9848
772
3741
10159
85
3335
5376
22061
2059
16830
20103
169
9190
18732
4448
8820
2208
11717
15054
2701
10097
13611
8940
14408
14625
4165
412
1483
3105
1182
5045
5305
3490
10295
4348
5907
1287
9522
1931
9768
419
264
646
9124
456
3480
289
1309
1711
3712
3222
5743
2411
374
9687
11405
4344
10631
7261
5287
2435
6585
7735
2521
10
7116
6095
2500
11631
16965
7094
1911
4018
16862
8152
499
4396
15716
2933
873
4499
7904
9174
16092
4323
8647
2140
5441
5199
3403
8109
3045
1694
13130
4343
2219
15011
6535
8749
4184
2109
4344
12442
9640
5647
4876
4491
6769
1106
1570
3492
15910
13269
1665
16252
17714
3185
8529
8527
1050
17805
5547
2910
17967
11059
2379
5678
5189
2058
8597
4136
16305
15509
8607
14208
12999
5070
7545
4480
4909
8076
6534
12411
2277
921
2982
20373
9513
15944
6494
1538
3274
6224
512
8637
7826
13239
3052
14167
20856
17022
16890
1554
19516
11933
4533
1640
2268
2741
21644
15260
5004
13035
12627
10305
10340
3117
2898
2022
2509
6263
3807
2813
3442
7248
5633
16323
17159
630
3748
3431
1929
15928
1731
377
4696
12352
2990
2932
1592
10279
5834
5453
8894
5303
1983
18477
5446
2151
10082
2472
63
5100
760
12841
5071
6993
576
6368
12174
15648
4564
1022
12093
10961
1339
2206
1499
9932
452
7546
12951
4448
3056
5570
718
2292
9273
1291
16143
2181
1062
15288
12564
10554
11538
230
8047
6901
12610
12286
5369
7015
2326
11896
8792
771
2325
10783
5322
5793
10793
6661
161
10418
14981
1006
19044
6937
9051
15379
14608
16414
13322
21519
4384
384
1869
656
403
6190
2571
496
3021
6615
7140
5432
3043
1181
11900
3787
14890
15767
358
8422
16595
9255
16634
2832
18271
337
12168
2858
11556
6335
3012
1856
132
4546
6351
3088
11611
11294
12612
9088
2593
18479
18479
19443
15886
12510
1183
19241
6708
4842
542
1720
15741
5858
8953
10544
7314
8648
7195
14302
6164
18088
2117
2972
15386
1200
8081
195
2434
20264
538
3387
7535
5841
4675
7479
5770
13605
4568
7231
15767
17898
3345
3406
2545
12055
13111
722
16303
6105
223
32
2501
339
11913
8094
4894
6897
9470
3567
2491
1277
2525
13250
13660
6097
12671
6048
754
11744
4415
1506
3240
9801
1923
4846
6562
15881
3461
20
887
14985
8746
5134
4025
791
22716
6359
588
2165
3593
12309
4902
10281
20103
1155
10558
12315
11532
8934
3217
1948
8703
5146
1602
5906
1664
18376
13659
9735
14648
568
1341
11568
134
4797
1914
10137
8119
6704
10026
1349
13213
11168
16680
12762
14891
17222
3583
1699
1275
892
1674
11980
2796
3173
9455
1519
5827
7547
2009
3598
11330
6836
2192
8345
7303
2796
6379
12713
3794
444
4252
3723
18651
14426
62
2881
17444
5517
2174
21865
9145
6006
2050
13853
422
4063
15557
1083
5785
4966
6415
3604
1527
10066
6330
8826
14763
10553
6216
3455
3463
14013
9429
719
8601
4260
2860
2460
756
96
4737
3922
5480
5864
3766
507
2044
3858
1223
5532
12115
7859
2520
1171
19666
4753
3451
2471
3371
8949
765
11850
851
17195
16756
3285
10820
15922
785
12143
3883
3002
11063
15983
2554
2323
11109
9935
10789
20372
6363
13968
100
9313
13180
3735
1930
2672
13102
3101
6044
11301
13946
9202
10779
2092
1479
4987
15761
575
3099
5290
14224
1607
1062
13788
3242
19828
908
5740
1871
17544
18772
8375
11128
2466
6937
7096
14111
2617
4455
6956
2906
12981
9875
5799
622
6542
3138
10525
766
1973
2172
3079
2887
10694
5809
15239
3915
4315
16693
289
3210
4583
2129
19029
19218
13456
2132
6312
2695
8542
4578
610
987
6477
1885
18108
808
17009
602
2445
13132
2097
13911
4756
6398
6282
103
6674
11845
7348
17412
3671
7459
3043
9311
2491
23656
3432
16593
8801
16697
11588
4571
3826
13065
8152
6234
4079
3386
20030
2797
2611
4176
7491
211
13334
1893
11744
6752
13177
5415
7448
3062
7250
7821
17895
2063
316
13388
13996
3040
21897
4407
4178
3859
5530
7065
3569
2591
14290
4942
6595
10519
2145
4061
11927
5611
20311
2892
1856
4857
17849
17607
1867
2408
6565
8837
340
5405
1569
2588
5107
5736
3310
3309
40
2536
1219
9047
4084
5329
8646
13428
249
2172
740
170
2987
13634
15935
7833
5155
16158
367
1628
16484
10467
11910
577
2
2833
7832
6821
13740
5413
914
1470
9471
3246
17378
4938
2042
4396
1524
8408
86
6711
24220
3317
2550
3943
1587
5803
20873
4905
10862
13658
2750
15397
4523
6783
10391
1459
2083
3983
6252
11221
1892
7461
1061
644
9366
1647
7217
6658
698
576
4952
15191
15972
6421
2321
185
1072
181
478
9279
1644
877
635
10176
4510
6729
10500
3745
4274
3507
5307
1549
15993
6761
6943
4277
3144
9967
5308
3969
3506
7162
16418
15415
2027
3632
1231
6443
1735
13288
15307
2049
9464
6643
3499
1475
1043
7964
12042
1191
3846
15446
1012
1622
18625
6437
7246
4846
16921
4572
385
5850
13148
11463
4216
742
11173
12048
6473
7842
12413
2540
3232
359
294
12775
9859
18212
4110
4338
7057
1051
720
20863
5414
2347
1654
575
12193
14324
9658
205
3712
7077
5766
3190
13638
5241
2803
2118
6485
11340
16330
6794
4783
13115
967
4185
117
5478
8747
8283
13712
2180
16750
6370
16831
2457
1534
12459
4717
4612
3629
3653
9400
2867
3687
3690
5360
2999
2457
3691
2623
8575
5666
800
3721
17275
14462
6514
2301
3444
1041
3043
1567
3792
2998
1988
4655
5218
5565
7469
8804
5817
18560
9362
11427
1396
9926
9112
1081
1381
8540
5309
4789
2716
803
5324
16624
10182
2671
12066
483
6325
5995
12287
7829
1236
10113
4912
4475
5775
6711
3621
3856
15270
12469
5865
11499
4482
11117
10465
7622
1202
1464
8044
5801
4314
1363
7136
3332
14540
9760
1998
192
4914
1423
8634
502
13941
2714
4709
1372
15033
1897
5574
10569
759
14120
2987
5534
6708
10558
717
4003
9470
15697
3397
5454
8742
4000
11633
15958
3979
11310
192
7394
12795
8228
2709
2980
1460
5447
1683
2452
178
7171
2393
6669
751
2649
89
2377
2459
226
5821
4099
3530
1049
5637
3755
3315
16745
9845
2987
4091
12138
7089
7593
2676
4447
3417
4724
8445
5986
1011
10557
6341
14216
1136
4731
5555
2610
3633
11328
9079
2434
2182
154
237
7095
5713
4439
3009
6294
3994
7810
50
11706
3144
11771
4136
2238
4080
20018
17300
4287
3601
1976
6023
11175
3158
18934
10076
38
17569
3278
11849
1734
2684
10433
5792
2772
1087
1856
4286
10454
1313
686
8309
3924
7996
8813
768
10796
10018
6702
6439
7698
15603
14333
20199
15227
1166
18496
1753
15679
9174
6810
10976
4319
9687
3524
3153
6475
16140
2460
1673
12966
602
20276
4021
18529
1525
13454
5044
6472
7240
22187
7879
13298
5143
994
7912
197
10933
9485
3553
17008
4432
19658
8518
1249
3922
222
9528
194
2707
21933
14122
390
10795
8153
17753
9262
11277
5646
4778
9493
1749
3901
995
641
62
1302
6068
2669
6940
2397
18684
13046
1294
407
9531
4182
2301
6413
7094
2022
2103
3060
8118
1449
14656
5064
8721
12018
18465
7704
4084
8462
916
11635
1004
3079
14317
17450
16308
10148
4145
4871
6468
3968
948
685
295
9890
4551
304
20631
7913
10476
6227
4914
7420
19557
3499
4951
1870
1139
14516
6939
8251
191
3831
2699
7565
13774
1189
2401
6525
8394
2052
1532
8906
7221
7549
13729
21738
6262
7685
420
2249
15965
16338
14569
3281
10758
5532
7904
840
3700
7549
11290
4897
5614
9121
5350
745
5156
17117
13095
16456
6233
10909
5244
2691
2454
4224
10518
3989
4392
4251
1323
4367
418
11883
4836
3208
14273
5836
12381
2243
1602
1263
2358
4180
9844
8920
612
8196
19351
3154
12850
3998
8305
8500
5153
443
15681
2147
17998
6057
7393
7487
2239
2888
4523
2190
522
6276
1793
4090
8874
3362
1993
9246
2400
21193
6385
1158
10830
1541
9214
147
6200
3444
5275
276
19281
11251
1554
4236
258
12651
5575
1292
198
8903
551
12888
2361
7110
8922
11592
3812
12642
1769
5206
13636
7051
8888
7119
1250
9882
19869
1773
18798
195
19019
4994
13992
7190
11036
9514
5732
1430
9487
10370
8030
10014
319
447
15079
15138
15017
153
615
4069
14469
5253
312
4994
91
545
4078
12171
231
682
1053
787
11290
12156
17556
2878
248
20086
3461
7010
9098
1287
1283
930
5760
373
8186
7126
13152
118
1534
4578
16833
7371
23232
7533
16947
3399
2705
1864
3612
4126
3294
18593
5107
5133
354
2713
13488
5130
18523
12572
729
1976
1339
12542
13701
2162
94
7749
5040
1197
7037
22046
9303
4094
6895
18547
722
4896
225
733
9081
15908
6033
1666
1906
2495
546
3282
4748
1270
5047
7007
6919
11954
5490
12310
1477
14163
20469
16092
16628
1574
11630
1350
6134
1869
12987
3376
8930
3048
17978
4352
3108
3344
16777
230
12697
2902
17051
6682
4600
9431
12141
6650
6239
10319
9968
12879
2778
3787
7206
14868
4090
16307
2600
17725
9975
2447
5634
11474
77
1884
2471
10566
495
9593
2294
7398
11395
9317
4682
19648
9990
336
607
11745
3622
4900
2740
8585
9094
11980
9322
219
1926
2388
2710
19484
1329
3339
16071
13403
4305
7013
6067
6211
11165
3104
5676
263
5827
2218
10232
8411
16795
4236
2875
9640
127
7165
2424
18415
12211
7925
3486
2976
7359
2386
10234
3542
452
6731
11450
543
9207
6554
4020
19578
4050
1678
658
15540
19546
4067
6842
4357
19690
7564
4085
13036
1161
6611
2417
14345
4220
4784
10904
1821
8999
217
6484
1052
7336
1678
6028
575
4796
5545
14545
12719
3913
12711
1027
5469
16504
8051
16231
3512
7899
6055
13797
7882
4721
3296
3686
7649
15957
12917
5711
5572
5532
608
10035
4869
643
1831
1182
8687
2319
3336
2096
927
13134
7496
9638
277
12906
10753
607
6398
18543
12614
2112
7245
14169
4767
13240
21658
4208
19069
8342
4238
14657
830
7997
4119
3106
1230
260
4240
3573
3409
467
1299
14685
12676
3421
8932
1804
5678
23735
3265
16145
293
362
2820
10607
4556
20028
3602
226
2199
41
4891
8815
3396
1309
18305
5169
7361
3736
12524
4296
3807
3058
4702
4192
3336
1850
8929
14737
11366
4884
10891
5936
9063
3093
4605
845
3726
7583
757
12816
1085
12257
284
1588
1815
18257
4251
8626
1036
4168
255
641
2330
2035
5089
391
4290
4763
52
8426
333
16308
1664
4256
5188
6317
2482
118
4892
12253
21891
9928
16377
7702
655
2279
1090
3713
11311
1416
22955
18394
8110
7464
3744
2316
11502
522
8649
11878
17897
5641
252
12283
5010
4428
9733
13983
3251
11724
7431
5522
1493
4635
1952
1919
12610
18458
2615
2996
15675
14970
1734
7638
1176
1145
3665
19672
4149
15376
3869
10138
17158
9126
13261
14716
2932
16999
4918
5401
3064
20625
8826
4986
17847
1075
5306
11182
3836
4285
8320
16924
6353
2968
3581
12152
10280
1509
12710
7610
11388
415
1282
3361
4423
3344
19644
8870
417
10759
2411
12275
5258
9236
7623
1281
9591
5560
22532
9621
2567
9045
3798
6594
2985
1181
710
3209
9105
6785
12923
5383
960
4463
2989
4331
5928
5446
6243
5645
6110
178
454
5853
5862
7391
15683
10454
2031
20
11314
12165
349
5342
2108
16634
9057
3792
12860
3598
8457
4697
11558
3851
7055
335
6009
1366
10583
7240
1025
1677
16252
17438
4427
13170
309
3576
152
5802
1414
12158
694
4772
4774
11604
2394
14760
2806
1754
1507
15717
2548
3957
14568
3414
5593
8398
5743
936
11883
4025
1992
2408
5139
9357
16556
13103
7417
6578
1844
4466
5952
307
4683
1806
5634
2125
3870
9029
6909
4802
13019
8648
3815
4704
5416
8470
2798
1769
542
1766
5152
8973
8625
7330
6928
2324
9877
9022
4246
4203
9652
591
12329
6570
21846
12176
1126
1673
10197
1968
2185
1010
751
4318
92
10429
10764
3978
6650
7512
3405
4103
5082
991
8397
1213
4009
2864
5169
893
4589
17765
9378
953
10937
12019
4873
14336
7857
7073
3551
12765
765
7102
7014
4451
7973
208
4211
8078
646
6998
4506
1219
4945
7557
12090
10028
7650
9922
9690
6038
13238
19552
11113
1321
2293
7627
2637
1927
4368
5215
2401
7723
2806
12417
2879
917
21
6416
6713
3092
13227
18841
5486
6043
1138
1129
13773
9357
21227
7716
17589
1777
17024
416
80
3675
6404
17362
18953
1836
14082
5129
10570
3214
1155
10440
2024
9366
8842
20720
3586
12378
6246
3486
10419
2965
4404
17018
4186
2361
623
18331
1903
4865
2556
1135
1689
2013
2907
1494
7308
7462
4277
3110
8873
675
5138
356
1699
1381
15797
693
346
13079
3205
4992
3521
9514
12119
5421
3006
1011
5970
9548
10433
16403
12117
4840
2161
466
11866
4173
2110
2248
3726
7875
3961
7923
9740
9799
6886
15877
1242
5840
11035
11277
470
14900
5949
1853
8237
4745
4360
4718
7403
2228
9265
10946
1791
18823
2378
18871
4734
917
10280
995
3451
4332
2326
11808
13684
3124
1911
849
495
2862
2835
12680
11189
880
16102
299
5492
4289
10733
15258
2375
423
6901
2039
5308
2520
1174
4864
11377
4301
4459
1554
14259
7439
3771
14921
1991
3382
3985
846
5324
7792
1626
4923
2309
11238
10296
317
10271
3025
6092
1443
15593
4777
9032
1547
5906
3823
9263
3143
7770
2523
2675
6314
2051
814
14068
2332
5391
717
1333
236
14157
427
14719
1675
4830
2552
1686
341
6258
12116
1902
419
6964
15896
2022
11705
2479
14142
6957
6618
2836
2314
10945
5562
3147
17284
2265
2136
2963
15917
2441
4152
5573
1447
9349
689
8240
1093
9259
1918
16028
3948
19384
11474
727
10226
19988
10644
5657
10934
14198
2054
20832
11933
9966
973
4599
19914
2896
1504
18026
8060
3474
1603
7628
11068
11248
3266
6024
19871
1412
9745
20069
10059
5096
5858
3083
13059
8288
7027
6353
5061
3922
11406
8354
19881
10534
7238
1144
6896
22994
11767
2
5389
3357
13754
440
15764
2923
18676
2315
15974
1947
912
5082
5801
7568
2987
8343
13333
13199
12990
7721
18570
3460
1642
1335
11872
3342
6019
4758
3410
15713
360
10672
377
5845
11137
10126
4559
3136
14304
10574
5534
2363
347
13041
5763
9116
306
3102
4135
3939
3498
5584
11062
10590
17476
3202
281
6656
18794
3365
166
19062
19351
7796
5690
3913
882
1600
2919
8233
19077
13187
9034
13144
7625
9562
21979
660
9098
5194
7198
1106
1972
11808
10735
5348
1107
6369
15453
5564
8769
20087
14395
5722
5604
6817
2850
10872
1166
14227
605
12120
8160
19692
2707
14203
15129
3577
12962
1329
2820
16768
8082
7900
3505
19653
976
5266
413
457
474
5797
11926
4538
504
8266
5223
7348
4297
7445
579
5830
11616
982
6132
10274
2283
1580
10466
3236
7275
5561
5647
888
48
19116
9
1363
9483
4546
12889
2891
3394
3685
5302
20000
17293
6427
4670
9657
5482
19717
795
14571
7395
2772
5485
7855
3490
5793
2501
5230
7231
9601
4344
15982
259
17569
3405
5232
1465
9946
2663
1324
11549
386
8755
1598
1066
10696
3288
3683
2915
1476
12638
2137
2745
2873
9372
12536
1550
1321
7225
1997
6599
9551
2667
1796
7628
5943
5751
4954
4358
5448
1929
868
4704
16381
12280
1549
8305
397
5121
9065
6773
18951
9057
3041
9106
2956
8253
1917
3189
16326
3020
2167
3127
10237
1779
6830
3448
5624
1147
3255
2842
5534
15454
3893
5846
2756
10631
8846
9339
6801
4850
4472
182
12754
14587
3641
4237
20514
13740
10178
9907
568
6362
9245
10103
8081
7858
582
1927
5472
7994
235
4235
1192
2083
702
8405
2525
6862
3610
14330
12384
5537
194
3258
10483
5131
5826
6866
15529
6503
7925
4624
2722
16196
1816
17460
1845
8376
8136
649
5225
17371
2774
13890
18894
7886
15423
1982
11984
1447
2111
11770
937
7587
3776
3398
10779
360
18007
10389
4347
3965
3388
6177
3739
7387
20200
15557
19002
1530
4264
13848
9358
16418
2301
3354
2866
17137
3374
128
6456
4185
1551
9141
13896
3994
4657
20702
2016
7723
7277
3589
3781
13326
3223
8737
561
7486
2980
2295
924
15938
11795
5283
62
19614
5344
7258
1638
6290
454
12859
5372
5656
9385
12557
11498
8922
3075
18800
21577
16242
15732
3547
12792
6675
400
7803
1473
3895
8059
4103
20155
1640
7487
16327
7159
4320
4009
11582
3102
13210
3887
8905
7733
3644
3495
5203
11088
2643
738
2628
9968
9830
2124
13528
16004
8300
6325
10447
2915
6872
1019
10243
8286
13553
11309
17847
12951
7941
1135
8802
828
1555
806
6299
5118
1452
10715
7262
9319
4973
3772
10331
860
9978
13080
7787
8667
14556
10281
9742
4685
4840
2243
4316
11367
9209
15881
5558
1365
3411
1435
5813
7043
7344
86
1492
1700
21828
2618
3601
387
1503
2460
1885
3545
10242
3182
17864
14182
5574
11250
3149
12438
1613
9051
4663
6015
8060
2193
14501
8421
6681
2972
3333
1341
14733
2735
3929
11541
1356
13782
6199
3584
1690
1531
10468
1157
2693
6569
1869
4739
10927
2802
13270
195
5361
18686
4579
12895
525
1093
5766
10356
3061
7386
8645
11950
8706
3036
9815
2684
12872
1269
17844
13520
9219
19444
19929
4335
6202
7107
5458
3381
878
7652
1226
5309
796
8818
5430
4692
11964
6507
5618
8869
11885
17184
6511
6071
8558
8825
1810
5616
14596
2920
8125
2640
1884
22
5077
1352
35
8979
1754
2566
5397
9988
1159
6707
8
12573
480
8290
6452
11833
11927
634
1844
13409
10280
4186
795
12441
2958
15094
20265
1639
148
293
3540
8158
4558
14259
14491
15346
6141
6578
1363
12081
3672
21415
835
6382
12444
11862
12086
9663
16384
1106
5643
9100
5980
19498
13833
18258
7585
7917
6940
5498
4418
6376
8649
1425
17470
7269
3173
701
2946
12038
15031
865
2532
2253
10043
3621
239
4938
16950
15823
2447
15743
4955
16462
22
12620
3414
2848
7956
1190
11808
10499
7224
8127
2362
2377
16227
6216
4377
256
13891
2257
1565
9246
313
22404
3237
6032
14061
6470
2099
4524
18784
1013
10547
1601
2052
3501
13027
18697
5409
6946
838
5843
1688
6581
10093
9508
19750
9139
9127
3063
30
20920
21056
6276
116
1318
13694
6487
4281
8055
2832
8314
12979
3070
2432
5513
2574
12233
1982
701
2292
7935
10367
11597
8844
1203
2451
4283
627
3408
21038
88
5859
8004
6173
21604
5955
1090
3136
9044
552
3378
1031
3090
15890
4563
13841
3485
8089
4292
9389
1038
3038
7570
6245
4281
6258
236
12706
11541
1654
6661
12742
2749
5632
754
4565
6119
3170
3264
9886
12066
5467
1255
12140
3960
15204
4038
1147
14032
10227
4192
21290
12360
13620
279
2434
1203
1632
747
4834
10640
20494
20574
12652
6132
13418
450
17525
293
7904
3569
9358
11002
2807
2009
17360
2007
9398
7647
16144
11724
4686
4970
2749
4217
10656
469
5184
7542
8323
5784
5395
2219
4694
9309
12463
462
2523
3702
2591
6990
624
4229
14915
3181
10306
3179
16909
11787
651
6039
5374
7185
11374
17228
93
1870
737
5155
2084
1877
8298
2702
6206
2793
11447
2046
4815
13915
9214
11484
9838
2023
9603
4618
3437
4238
11448
1543
5856
20238
1061
591
227
7952
3579
2034
4272
9193
2507
6838
3412
17775
11166
1784
8798
923
13875
4218
787
875
1354
7026
18262
654
3396
13896
10413
17327
7337
9308
8717
8022
4498
370
403
1743
13717
3224
2621
2407
2176
7592
4256
11938
14874
9235
11772
8162
432
1314
1417
3905
15459
4598
1926
102
20470
12917
4161
18258
10348
5220
19606
14272
2475
3292
7250
2528
7791
6838
2645
7325
10983
18526
15075
2343
1084
5084
18324
2052
15335
607
11684
16098
2761
7214
6870
5625
202
14
3453
18551
777
764
1468
2532
1071
9494
5783
2324
2234
8496
6603
12638
12104
6508
370
7585
6674
2395
2531
11141
1529
2364
12202
9392
11106
2374
2430
16488
10438
3390
7402
2540
4178
11451
12840
13074
5049
13927
4663
2929
5790
10798
3302
2515
4020
9109
5991
3616
5274
10336
12978
9776
4435
2183
19584
10305
4536
257
12396
778
7191
21406
4447
12738
19360
6174
9897
15903
3574
7246
10730
728
1318
4026
1335
10067
9411
3019
9397
838
9926
4967
5226
15092
4392
6921
10238
3285
7968
1383
1370
6903
10180
17206
4460
9781
4481
5296
1453
4386
11299
7648
137
7292
254
10173
6624
3610
4800
13744
1404
9282
15063
1564
2974
1162
125
2227
884
3758
2382
3435
3026
6762
1661
848
10121
3211
5101
12987
1805
8692
7814
7637
7227
13884
2995
3727
5341
355
2182
2811
5578
2211
2388
19309
501
816
17592
604
8207
5833
5758
8170
16803
5668
16641
7025
10710
3604
14652
2964
1324
17015
3742
16490
8906
6580
8932
17152
3211
2694
1654
17312
106
6048
479
4080
4
16201
1242
2620
1722
4987
3695
18696
7379
5522
5379
2296
8348
11361
6797
13506
9883
2339
6131
2557
1965
6747
8791
5647
3805
17916
4579
3376
9297
4512
3054
779
10948
4280
6381
9423
3833
4898
1663
8659
5979
324
1164
1212
16606
6454
989
7023
2424
658
6809
6395
7335
4072
1298
4504
16437
885
2815
12618
3080
9293
7999
161
3638
8424
10050
2861
9618
4275
4755
1297
1829
215
2215
1171
2001
2641
12550
7507
10148
4971
553
4142
3339
4158
12572
20831
6183
8402
11056
6202
6910
17374
2768
375
2347
9769
8587
3929
12761
17139
887
4758
4258
7512
19812
15764
1445
12716
4598
4593
2483
11891
906
6809
7624
6458
14379
1098
17210
2804
15672
13970
10839
9962
699
1058
8191
7065
13173
5770
6118
2298
5763
12923
8817
258
9841
12220
8974
22173
4301
12170
2507
2659
1125
2378
6923
928
7390
8629
20911
2582
1681
162
432
11786
2262
664
8769
1555
4700
2258
6966
864
2704
5004
7224
14149
1912
13460
947
4978
1314
2583
2578
10660
395
12752
1444
1295
997
1609
14732
3766
17246
6081
1329
4768
4329
7817
17666
8882
13128
322
619
5426
1082
16526
1511
150
473
15178
1532
6360
8577
7452
18193
8772
271
407
5144
792
11203
19683
2885
8985
2852
11895
13794
1307
2659
220
5162
14352
8833
1658
604
13512
1623
4201
12647
2691
3866
5656
12273
2947
8790
3167
21196
2764
1211
1747
7329
13365
4317
2044
12618
2431
9713
3981
6579
15220
649
4506
13449
14294
13814
2174
2231
13349
1483
7254
2012
1530
9563
10969
4538
6840
13470
4615
12798
2480
5327
8189
11008
3110
1058
8032
482
1203
5155
3900
8154
12358
13936
6633
18086
2200
1523
5152
2372
12059
6642
1041
16132
3866
188
13917
12657
6820
4400
11221
3010
7470
14312
351
3980
11540
626
4422
6119
868
1556
3836
6459
629
1740
4082
5581
4042
10039
2569
2563
12472
18736
2797
2855
3459
1503
2653
11173
3586
20846
4889
14223
13929
12205
5430
2083
3485
3868
997
14652
12057
435
5201
11076
16795
8854
13775
6079
15613
6360
3063
5767
867
3149
1853
1775
6982
15377
6316
4122
18353
18354
11302
7662
4027
15269
4641
9053
6798
699
7987
2110
1864
1507
5889
496
10989
4219
118
10507
925
9882
2061
1677
6005
10337
211
443
8606
5203
7111
3677
13689
10280
2950
5768
7819
3134
6889
16215
11109
7056
6794
6407
1977
2515
8668
11914
10600
1880
14373
10799
14427
4181
2032
4214
997
155
1094
2018
2501
615
8141
2230
524
16075
1251
216
12316
13814
8593
4854
7463
6159
89
6080
7595
3228
2036
2082
3129
2924
4278
16829
5018
6146
4714
4394
1038
1382
4781
12962
11134
9682
5200
5713
33
2898
18994
2953
4353
7822
4867
272
1292
816
9196
9407
2734
8371
15205
7707
9116
3153
5065
2400
11077
2121
15337
6131
317
2669
5724
9755
623
7115
74
2805
76
4139
8039
2146
4695
5626
16602
9024
1563
16420
5163
7808
11439
2330
2101
1993
11873
5075
828
13503
8880
2112
6993
3683
5124
2183
114
14060
8945
3413
786
1191
6512
10750
7530
1740
6848
3537
10632
6866
5743
9984
15143
8850
8977
16151
16479
3078
8890
3542
5144
20752
3252
906
9342
3610
5247
18855
2160
3472
322
3113
14781
10461
638
9691
5640
1858
5295
1770
2787
3428
7344
5007
3137
19078
1566
9811
19708
6632
1656
171
7347
15603
7747
5076
2004
699
1141
12592
2810
3866
20156
24161
15761
4280
18416
18190
1118
1805
4836
2180
1498
3867
8202
1139
3915
10114
4254
6667
7275
20245
8860
7634
4273
8253
4481
2052
8268
13786
23964
7081
4026
1826
755
4877
7701
720
4365
7404
887
810
1505
36
1706
3654
2259
10760
2190
12523
12264
5251
2160
1119
530
2048
4758
8774
15832
1893
12341
19083
3516
3740
5841
11591
114
4618
14690
629
17463
1676
17731
194
11626
11807
6302
329
4345
1990
5125
660
1054
3701
5621
19896
14711
4864
928
4805
8005
2283
3066
9366
8391
4399
10798
7078
20468
91
2501
22251
313
13558
10260
13361
2656
4973
20043
8426
3421
5641
11671
6818
3120
2823
6581
4467
106
596
1462
2768
4410
23802
274
704
11823
11789
3888
3414
2283
10789
4788
3164
10079
9747
1879
17502
620
534
20980
5737
10536
17389
8377
5911
1173
15191
730
2512
8911
5639
10503
9811
9850
363
8456
9624
699
2627
12198
4286
9567
13971
2933
21067
3210
5434
20338
10616
12271
6293
23306
2084
22742
8387
154
3786
16229
2792
14348
2215
2858
9641
1125
5717
18286
1231
7232
2541
2544
7017
1537
5624
4024
223
1557
18132
1620
3804
5048
7423
1479
15520
5184
1028
19497
1671
911
3446
6973
6186
11082
16144
5833
8165
7430
4080
5014
1897
4245
5527
1438
1012
4745
291
11946
10004
11128
16698
231
5300
3091
18468
793
9016
14197
17802
7274
4333
7758
1958
8547
5871
17546
2926
1704
832
4218
2790
4733
3045
7947
10270
12271
3683
14815
4494
3556
212
8928
13299
23975
6994
11090
6485
5405
2423
10318
5160
18427
8750
18451
3896
1233
224
2040
6781
12063
9622
9705
9622
1599
5188
7228
9415
3056
22167
9840
4538
4722
3626
693
14997
7172
8120
3929
3210
2651
8515
6279
1621
5662
5108
16534
704
4557
10156
11592
17496
4168
10653
7762
1404
10553
2669
16725
745
11192
7328
30
2568
15505
7405
2265
20399
15574
13878
994
9577
11246
2711
714
8956
3553
4235
3056
19826
6766
6653
6614
9853
2341
4615
1114
377
2687
5765
5210
2367
7653
18673
18539
7694
16020
2813
7549
2254
5115
20987
9296
9010
5617
4673
3820
16533
5543
6858
2157
4394
3460
7221
4569
4409
11136
9523
12490
12004
1774
4306
4504
4992
7321
22924
2089
8412
7417
5723
15496
333
13
14089
11698
8353
6476
3104
7708
12451
4127
21021
2706
5666
1804
4465
967
1554
1975
1327
4747
162
1285
13492
277
13434
3330
3367
6496
10168
8378
2583
112
8396
5574
1609
3053
206
12900
16983
11295
1956
2403
14648
6344
512
5825
6327
5675
11934
12198
8782
4101
9316
3958
9200
1606
10685
17690
907
12716
426
6676
6307
6824
843
1609
11722
3688
6127
284
1977
15048
7656
11886
1981
9962
16230
1480
9770
1881
924
7854
2972
16951
12733
12712
1451
14915
7466
20041
2879
6790
4213
110
14443
5315
15827
3859
4603
1302
13391
6384
13625
197
1396
3205
3649
4848
9576
7518
18829
4660
4170
986
7717
8072
4381
11965
2698
4129
9319
6519
5146
3855
5109
1280
5009
3558
9242
13134
3957
2869
1172
100
9545
10314
5507
10345
3829
21473
15351
4018
12353
2252
17680
3161
4595
7664
3821
10624
1717
7718
14044
6231
9808
11457
19493
6955
1969
4978
859
6887
2523
502
2691
11404
13146
7362
3982
19287
2094
12144
14785
2527
4869
3326
2880
2380
3784
5765
1536
5069
10527
4146
14000
3896
3652
10458
178
8197
10901
3695
4812
5058
12392
4190
6563
680
9185
9829
1899
18271
267
5129
1898
4197
744
8239
3531
5949
175
8143
784
1087
8145
6628
2008
9440
7698
10681
13624
1323
3696
11787
964
4930
3349
2643
6321
9319
12495
4256
599
1368
6401
9185
4157
208
772
2473
1644
5800
15792
15247
14992
11573
8582
12599
10093
9515
6887
5562
6742
565
458
9542
4046
804
6856
12167
15982
3661
3764
4918
13227
10262
2022
13408
2584
7683
2284
2664
2230
8654
3502
5432
13759
12928
5876
4072
6514
19361
650
1453
1688
5612
6192
18374
10209
5316
10872
7953
959
852
3301
9025
3540
6242
6115
860
1467
2861
3028
8374
9601
2991
3840
14852
2024
7898
17195
4120
2617
2130
2293
6185
10417
19809
6845
9575
7972
9115
1971
22488
169
7696
3198
1989
4276
10685
12502
13043
13271
12685
916
7609
1808
10372
1837
3663
14840
11035
8489
7547
11043
3171
12280
2204
1723
2733
2574
11842
18734
1555
1688
6464
15339
10370
7401
3212
10764
8734
6279
6299
22781
4403
2021
2920
7900
8164
2904
7740
1550
2041
7860
3178
34
2999
10954
8650
1489
4487
13552
11245
1683
3490
8134
674
3452
8987
6521
8435
13225
3170
2677
8383
1411
3843
5894
4430
3028
7151
6206
14291
2736
3513
861
1345
11808
165
430
1013
2016
4098
4337
18443
4022
8567
381
11289
10697
5833
9143
6919
18845
8588
13667
9094
1147
9656
2123
12082
3772
3150
8199
11070
12986
84
10833
1806
1654
21476
3824
10810
7060
610
4454
19841
12916
4639
5939
12151
7608
13590
5096
7734
3430
4101
1708
10235
17111
5520
19644
890
409
726
1472
9036
1180
50
6247
769
4331
10366
2985
13783
21185
1775
1446
6605
18273
10163
11536
7009
5740
4317
3789
6405
6664
5210
3664
10743
11111
4892
11152
2861
10675
2240
14750
110
6370
1630
7163
396
4558
5772
2682
18696
42
10893
4866
14143
5210
5069
4018
11666
19019
4476
2809
2969
4217
13935
10673
4027
348
16260
125
1609
10328
11925
6466
3719
18140
9377
5695
1190
4545
1513
2186
2614
1022
15032
508
10754
4414
7045
4058
4422
10808
3390
9699
910
6730
18651
2806
15762
10016
3731
14150
518
5281
4391
14462
3658
6521
46
8741
12448
4695
2674
16433
4027
9057
17241
9473
10978
7030
2205
4470
998
3969
3318
16579
17902
5587
2191
2136
3349
1634
1881
5046
2579
11235
2722
16217
7053
5178
5255
5532
5143
6439
6306
13484
4854
16543
15808
9313
816
5847
160
11276
19983
6924
10495
762
10662
15021
16317
1939
9426
4659
166
897
9421
16713
2744
1014
4603
5232
13
18297
434
9759
3343
7737
1042
623
4515
9688
11065
4758
3517
18200
483
4853
13800
6768
1909
3168
33
1373
8034
4734
2468
498
175
1824
8249
5467
9696
10207
107
10556
8981
858
9632
24151
7109
12319
302
17549
11590
3173
9457
4892
5734
639
8151
344
1568
4969
6243
6571
1047
15397
6991
13870
6675
23195
2960
1515
6807
4034
10011
12828
846
964
1225
15828
3080
7417
2827
18046
9879
7673
2464
7466
3816
5832
5303
4963
13347
1728
11049
6054
8621
23206
593
10
1102
5579
1848
3967
5178
405
851
8986
10150
16145
162
8088
10659
17112
12368
6936
1133
8554
5672
1724
11243
3912
14654
3077
1482
7736
18797
3573
369
13216
10106
1323
22234
7747
21443
5442
16200
901
5291
6573
2744
6223
938
1630
10032
149
5969
4752
4226
2502
3523
10267
11158
5111
2126
6988
14569
5408
4827
14151
4998
6827
1716
8007
11720
23310
14874
11455
6053
7028
10411
1638
11293
6397
2909
5281
2279
6286
844
7244
2951
1486
7187
9557
5182
3845
4731
2000
4096
17565
2041
2779
2127
5946
2610
15168
12000
17704
5538
3632
19028
1577
5996
17823
9236
12889
1741
8995
3136
9521
3577
7564
7248
3647
10542
2906
330
1901
6282
7086
5527
1676
14149
6766
1257
7000
1089
8994
3348
8467
2422
7816
868
7544
10727
2555
777
2092
2329
10594
3264
4114
1664
7852
2053
16026
4303
1882
6562
179
6285
10037
7222
1268
8993
10840
3845
374
1159
1485
17111
3371
6209
3364
1517
33
6284
21642
5477
2021
9149
6650
6439
1153
11598
2263
2096
4708
13344
3313
10200
11860
2315
3736
9750
5766
8775
9165
3464
4838
8114
9182
2939
14282
7433
1326
3777
18905
20668
3446
12429
8100
3411
5972
11851
10273
13136
1861
9353
588
2439
9452
183
687
1774
13321
14098
2635
7333
11291
2135
8689
3560
3970
1133
1606
2069
1761
92
5427
9905
12985
5225
2398
4616
1287
2883
4910
13915
2866
2837
1541
7029
1469
2666
711
3252
1124
1766
4102
15083
5191
1036
15132
3981
4292
9440
2861
11452
6239
1601
2061
3093
11523
2305
2264
5980
2784
18910
22782
985
1729
7067
9662
2853
3886
7371
11433
3633
6010
3397
3164
10557
13216
2320
3282
6052
2687
7557
8841
17512
5383
17209
12248
176
13406
6832
12614
1815
1518
2618
14216
1482
866
6787
4662
2267
19119
9282
4268
5734
10259
8148
9126
843
5388
14257
7903
2956
9005
10819
14620
8459
4453
792
6145
896
8762
2172
8534
2993
168
1263
6451
12545
3737
6402
5470
6975
17818
9231
13589
8786
4416
10306
14047
1576
2150
1451
1961
20139
2629
6522
1492
14356
5530
7103
1709
3121
3972
4571
15317
2836
10668
39
3714
5705
14227
2559
20205
2116
15157
2458
7147
11863
4336
7846
3273
13038
15810
2956
4349
6444
18403
9177
6933
22282
10844
341
1438
9881
17622
14652
19617
1496
21
5696
4670
178
1711
20461
14608
2013
7927
3773
3381
17796
5609
6705
5219
1932
4028
629
2370
15607
799
10715
1717
3478
63
8833
12937
13088
13068
5048
1504
2756
1965
1016
1949
2988
8446
2915
6705
11835
3780
19869
1893
4451
17541
8763
11006
5908
19542
5572
8731
4157
4654
4971
1826
8519
1427
15534
19340
15393
915
10967
1261
5008
2186
13971
16819
7878
17198
7772
628
6571
12224
2703
10738
3722
16665
12465
1242
2917
633
12265
11800
10590
6097
3826
1703
2582
7677
2115
5131
16178
2297
2736
10081
4076
2304
3156
5018
2931
6632
12117
7423
102
4067
611
3625
1025
1156
5822
10405
6995
12961
16476
2691
6903
7796
10146
6403
7981
17921
7330
3963
3436
11818
12969
124
18755
2439
6800
9006
6942
3080
2411
12506
2386
7095
15378
11603
23046
9721
4805
3186
19334
402
1446
4572
6801
2076
3849
1909
6736
7573
5212
9448
2743
3751
493
7849
4500
5382
19186
2097
4343
4987
1387
11157
19718
19718
1928
5581
3913
1862
3281
269
5545
7926
6326
3961
4102
10571
4900
5083
2322
6652
3715
406
2120
7709
11361
3730
3904
1300
3552
10806
21197
9906
22225
6838
9802
678
1244
12796
1313
1261
21493
933
6515
6008
924
3050
10447
2286
2104
1587
3684
298
2702
21620
189
8779
4070
13197
11569
2280
4879
1284
9770
16545
5009
3072
19343
5491
17533
12888
3625
477
17369
4344
5171
1290
12937
4512
11899
7885
4691
7307
20452
7676
2721
483
3257
830
11551
2070
9128
8987
6192
2600
11749
15941
2695
18819
17017
11347
6922
4347
17370
64
6386
7163
52
1935
9323
6089
856
13911
1613
1420
2649
5324
2871
4068
7828
2150
1191
3526
7393
8346
6721
13266
1
10806
605
8938
7955
3485
7086
7722
1558
198
18022
13049
7609
8208
410
19936
8019
1714
299
4323
484
4629
2979
3142
1026
15517
2934
95
11349
4117
3791
2853
4546
7532
6613
13374
6163
6482
3215
2435
6687
709
14427
1908
5147
2977
9339
20446
10561
13542
2786
18374
7409
10476
1026
1347
6742
14922
1972
1013
2442
2650
23389
25
40
836
3889
3123
3173
1980
12011
4489
8658
13693
6118
3968
9419
7819
2680
1428
905
10411
3766
6391
10983
742
5130
1605
5144
1474
15235
2480
6202
14600
1840
5181
8753
2459
1858
126
17017
3965
4971
3077
4388
1567
299
12143
5115
4081
4681
3774
8173
742
19237
7237
988
3564
254
3156
17962
6056
183
5858
3618
4925
653
1244
15710
5382
4698
2654
5199
1910
859
13630
4527
20733
11713
3022
15143
11991
4149
4628
7090
761
6321
9681
11682
5290
506
8256
1658
2190
1260
1907
13477
3191
7079
2476
5283
474
3480
7778
16699
2383
7723
1963
12238
8350
2703
13517
7227
4324
10445
9190
15912
7179
1178
5191
2244
1418
779
14220
3342
4761
9389
9962
8587
2905
6539
8457
3758
16007
10542
2332
1413
20269
542
7292
15561
10306
2208
3542
7477
1368
3149
10207
3825
4180
453
17466
4533
7341
1824
18083
436
3411
4113
12244
5959
5947
3716
17025
7201
4201
7405
307
3512
13698
1834
11833
3655
11157
18580
2104
9435
2206
8201
1233
9236
4221
10156
509
19293
15931
3256
6211
16515
16536
9619
3685
454
7853
12818
9368
15877
3262
1404
1879
18049
6322
3370
3336
4910
3017
8937
12528
8974
16881
19438
18973
8628
5528
3898
2152
13663
11509
2236
17346
4196
1255
1845
3408
8223
8199
7312
9929
14633
446
8478
17679
6284
1832
2716
11477
6731
5879
4316
9683
9392
14748
6622
6769
4041
6248
1221
6996
11293
938
15457
5172
6504
10713
4557
892
8904
9911
6936
17175
13312
4118
1484
6834
1163
4471
7135
9327
2944
1520
10893
1405
8206
3992
3473
7378
1970
1548
18980
2371
10660
17499
13026
6510
10283
9263
14395
1079
3675
17220
15313
17607
4107
16779
10886
10328
2468
1211
19231
2080
4885
17005
12870
2572
2100
6993
1414
6599
12625
6731
14403
3770
10159
1263
3700
8199
6037
4610
12546
1686
28
9702
17954
4039
128
461
1288
901
4787
2522
18421
3264
3701
1557
7010
677
7607
3683
6395
3850
976
10845
12097
10159
8019
13802
4996
1761
2233
1586
6956
127
1696
1592
1489
13410
768
679
3406
3820
9954
1792
2556
11552
8655
6857
2322
1275
14384
11454
12848
952
4541
10995
20921
5059
4401
3889
3542
2823
3278
4303
21093
2286
9532
3854
4437
3603
14986
12248
11151
1328
1289
6834
3411
21510
2364
12753
4146
10726
2608
12279
10974
9055
1823
16031
4095
11702
4528
4230
14218
4201
19365
1481
10694
369
2311
2853
12944
9119
3376
3095
2332
3398
22588
8126
7958
8939
8905
13247
3839
17319
5509
5391
1455
10825
9147
5063
19795
7888
902
19833
1168
5787
1905
9134
4542
1953
6077
4134
4937
5448
1772
8985
1667
3569
4447
9543
4707
3313
21556
17188
467
1223
12136
17426
6737
132
5095
7094
1936
13235
6590
1183
10442
947
5085
6565
4828
1139
21852
7398
6159
9263
4647
11632
1897
11676
3431
2167
7697
2991
5054
1748
3127
18986
18112
7938
5446
1635
10658
574
1810
11603
17599
14959
20772
16913
4035
4667
10215
3451
7859
4228
6371
2247
3734
14448
1
5536
8916
16166
5920
4693
198
4862
22178
4913
8729
15802
8968
1547
2371
15690
2092
1587
1138
1188
10839
2674
3972
1569
15869
3291
4800
19534
10634
1029
4965
8980
10096
14541
6396
6842
3631
4673
5466
13216
6779
3224
3878
2408
23
3738
9527
4202
6879
1267
5883
6258
5588
4313
5429
16820
8711
10901
9608
2130
95
7418
15261
9562
10023
2429
3227
10272
2898
3538
13354
2040
2490
2383
12742
6094
3789
2434
8602
16275
1284
18333
6002
14513
3697
3659
858
9226
6164
11514
3138
12796
1199
1749
4665
217
525
3620
22926
17257
1589
7584
17592
10360
10735
5181
5027
6958
970
6183
1029
8720
2523
20499
5137
11870
5983
8226
17529
1792
16927
20575
3303
5329
2854
7086
745
6545
3917
14697
5242
8969
7304
3264
10251
1629
6800
12547
2914
22553
8640
971
2237
19213
3936
3725
20114
11569
19149
2268
2797
11577
16666
10253
5024
8365
11635
2140
4356
10739
14696
3013
4427
9746
19761
1090
6217
12147
1332
12535
2324
5058
4787
6154
187
7955
14828
2590
13087
8687
13051
1001
6190
3524
19386
3487
13142
17799
2912
4964
2637
1587
18814
398
16141
11483
15517
17174
3042
11619
4238
1580
5281
3558
4624
12138
1123
287
8399
2354
2702
6043
6908
4759
1559
938
858
2947
4391
7392
12012
11590
7875
2471
4636
2175
669
7431
15259
1801
12673
1273
13288
6583
3147
8558
5265
2860
13427
9305
9737
8162
2985
5397
14065
9248
2263
1936
2084
9095
9677
1375
9390
3294
3732
11644
13726
11504
16813
5607
2510
7208
4564
5907
3822
5631
7874
19978
18778
940
11542
3116
1546
2027
12326
18516
8991
3428
2519
1204
1310
2546
3749
9050
13731
11629
4909
11999
19080
422
8245
1664
14305
255
184
5087
8061
813
3660
4279
9918
4140
4122
4810
1117
3538
6242
2198
11986
2627
3056
1967
3739
21858
5572
2154
3230
1767
13082
16302
743
5197
9818
8042
6927
15316
2456
3766
1494
5217
2026
19819
16126
5886
1771
2762
12055
6533
2005
2657
1433
5193
8595
9644
4647
2615
3386
718
2334
5077
2414
3481
16806
3171
1539
1201
19412
9057
3721
12650
2882
13083
10380
379
3978
6449
4461
1244
9513
1509
13655
8786
2837
1012
18635
707
1545
6680
1429
3980
3482
917
161
6850
2932
11514
1643
1492
4886
17
239
10643
4317
9490
4777
16788
1396
3229
5992
21258
16669
378
10346
1574
221
473
13424
3330
4313
2230
7707
5552
4557
13517
2053
4160
2351
464
13741
20487
5505
11914
12341
5152
12473
228
10518
3082
13084
928
2286
3914
15070
951
7934
9378
18604
10078
4569
22610
595
5999
3091
7100
8117
1401
436
1806
2385
13325
198
8564
10864
5538
1840
6777
16925
14135
2583
6919
15921
4676
8470
598
8535
6069
4092
2308
6996
7039
7922
12860
903
1010
3923
12999
1547
5240
6499
4181
21194
271
7885
8979
254
8129
1420
9216
17530
1295
1874
5881
1744
4291
3301
2270
5517
17596
20024
11984
4353
3586
3982
2445
10968
13625
7760
3679
14854
756
8792
15654
3016
1296
2337
13758
8084
418
6701
9258
219
11951
551
10078
7465
1632
6841
3805
22036
10462
337
719
3689
138
3600
7984
3536
1962
1520
298
10452
1579
4425
414
11221
543
5379
1837
12171
10170
5081
2718
4957
2373
1059
18651
7093
4308
1079
9273
3008
14065
5965
2496
5736
1465
3599
263
8786
882
5402
4127
3401
848
9502
1213
14233
16421
674
17683
358
3990
3197
11316
3457
2201
12595
2774
14779
3343
13509
12599
2953
157
1640
1925
11010
9609
3437
3882
7405
8021
16823
10594
1083
144
20649
6189
10128
7311
1262
1921
2407
1316
1133
1135
918
4698
15290
2045
4523
16120
174
15995
1913
13
15062
16066
3454
2329
1379
12895
9753
10305
2977
8207
9524
24045
7372
1276
1378
3122
11971
1271
707
15030
577
5935
5488
7499
15859
10040
4839
5841
7824
13358
2137
1613
14534
9058
17860
1998
9402
207
8108
12494
4411
1501
224
1112
10793
2568
9244
5124
6102
6330
5680
3118
10354
2885
274
1044
10354
15053
1682
3523
3865
1136
3149
3803
7513
4233
19223
17458
2132
9479
8812
7848
10826
1130
12339
3059
298
16505
1001
92
1282
10121
8135
4627
12197
2527
3642
1154
11250
2024
19189
22863
1623
9973
8870
1034
10068
18050
15671
9197
3404
2778
2444
8890
5772
2275
2662
111
7076
3124
4719
7074
5585
1944
7900
2212
770
32
5062
1122
9511
2696
2247
3954
5315
12306
7460
12638
11474
7749
10257
2251
16248
6865
5713
9017
1511
3990
9267
14857
14540
2370
1341
6405
1459
12207
10913
4701
912
9192
2887
6547
16568
10841
15635
4294
11059
1981
1534
3175
12405
9904
1237
3617
908
279
592
630
691
1079
1412
10683
1053
7441
19093
7837
11727
17728
9132
2789
13524
1227
6583
13838
21682
1641
3633
915
12313
19207
824
4051
362
15126
10023
2398
13964
2728
1727
8239
4100
4785
5082
2383
16020
4190
2003
11159
10984
6197
4632
2265
12017
14719
12171
2536
5226
9489
1656
9280
9576
3761
15611
14395
9836
11743
1641
10628
12938
441
6843
8126
4365
333
8079
3011
719
6266
7981
6548
6844
2530
4082
11974
2636
10884
8090
607
18739
2505
17709
6270
19038
8043
1433
3882
6935
16966
2756
3045
6567
2859
1987
6103
10996
3230
3938
11899
58
7421
16861
189
8478
7098
5723
9848
5566
6560
9849
1875
1059
201
1459
5623
1807
1129
4624
1083
11476
2904
11345
10606
8187
5692
2927
2343
697
12680
5376
16469
7496
1227
3338
1305
6948
2557
9914
7120
15244
4073
12935
286
9085
134
19308
12886
1482
2335
3125
6153
5764
6295
7307
6152
2505
22540
8493
5972
19984
4276
12230
4313
1974
3673
10380
8964
2057
4221
5408
12737
1694
11503
1763
3198
9199
11711
4117
11818
8092
13459
5717
2256
19933
5462
10241
3100
2651
13756
1345
2882
6279
5324
1317
6083
8328
192
18111
7776
7850
2340
2019
16937
1162
2425
2272
1566
17998
160
3718
6335
12123
2511
12496
6392
993
9311
5156
1845
6805
1008
6990
2584
12397
6865
16644
853
7151
3280
8594
13999
3275
4853
8718
7440
3088
12368
3444
1903
6728
5583
1145
1499
15284
3190
980
4987
515
4462
6554
10924
773
983
7036
16142
783
18376
12537
4382
9046
11300
1563
6864
7122
54
55
2712
11152
1202
2729
15025
927
5250
1188
9063
1295
5947
1743
9703
79
13954
13376
13303
1100
7125
6453
165
5117
9359
6469
16245
5367
8460
13178
5351
8258
431
6175
10754
2135
9205
10733
420
5907
13584
2994
12596
13413
5089
1638
8213
2210
4541
8553
11039
8065
13999
153
10706
1962
3191
6391
1083
502
5157
4353
66
660
1291
10735
1371
14490
6733
15426
2573
7867
5583
273
3007
3797
4689
4671
9071
13712
3024
9935
2924
2345
4640
6203
1239
5574
14735
132
11318
10876
11020
10770
12409
1069
1729
8840
364
6137
13842
8391
11029
5382
2535
2343
1742
1400
6159
14839
4533
2004
1247
244
12808
18050
8599
92
3339
9027
9541
2346
2702
6828
668
2073
1508
309
7030
4091
7633
6520
6431
18006
5644
19194
5225
5344
10814
1862
2982
17192
5361
2802
8025
16552
3639
16475
608
7418
21825
2547
13363
2420
14205
12404
11996
1474
403
15205
20713
12859
20093
3892
2581
8918
1347
855
8191
5597
20517
5131
9869
4329
14027
16025
4350
41
2879
10531
109
1112
3486
17992
835
3195
160
8560
13793
12951
3453
1223
8565
3430
14808
12093
16820
3314
5849
16442
696
15695
14570
11765
1534
4232
2076
5241
3501
1249
357
14875
8732
2194
19384
5701
12223
16129
3507
2930
2758
2387
4515
722
4883
14353
7997
5500
13637
446
9840
5512
13515
6294
1425
2722
11398
13095
18888
373
851
17223
4205
2745
14919
7432
2873
2638
9652
13234
1616
2229
17630
4925
1479
3030
7853
412
714
3261
5638
137
7732
19303
2315
20526
5900
5088
8935
3633
827
1039
13358
12022
16278
1334
2549
1625
6842
3248
8405
573
3107
580
5702
5547
3380
10210
5279
11203
896
3213
5937
11471
6415
9858
4666
9263
9342
2062
8049
14402
15284
7038
8743
14002
14181
16014
8968
5065
8497
14255
851
1557
8785
8919
694
163
8661
6837
11876
4876
285
875
9427
2362
6990
1156
7015
3237
1646
2565
10703
5967
15124
1211
8384
21351
4185
4578
15259
3579
1299
6718
7319
1511
18158
15318
983
6315
11262
10235
10091
1945
8060
3859
566
2183
5125
418
1730
9829
13078
1775
2989
3011
11196
19870
16590
4870
15245
3743
5258
1946
6489
1988
6563
2216
11864
3739
2555
14277
570
2414
18240
18753
1956
5384
545
9512
2775
1945
21461
6887
3379
6
8523
3157
697
860
15520
2659
9092
16763
5327
11971
7204
18031
487
465
4054
3730
7649
12178
1639
13482
8318
5322
6720
8544
1524
1968
195
2626
13475
6666
1423
389
548
2180
2554
1073
311
12875
1584
12740
2754
2220
554
9089
4817
16239
969
13334
19377
1081
956
10255
2021
1333
16101
8908
886
16422
4084
4722
360
13588
13372
711
15225
3309
7335
11135
7626
5288
15068
2523
4688
7994
15074
5680
11448
11545
18929
3606
8368
5215
7318
9018
9081
1576
12931
19732
9578
17839
3502
4958
906
5165
7093
6126
1955
2702
7055
185
1096
917
10111
305
1077
6190
2397
3734
15500
18054
12901
2741
11124
9883
3409
1902
1590
1091
7964
2936
4914
1498
271
212
5254
4883
7601
3131
824
510
10407
15070
2529
8643
3435
7220
7799
2663
9163
553
7552
14450
2329
2355
11175
2425
9211
1756
3594
7753
12350
4414
8784
6513
9324
3213
16494
14338
2299
7971
19769
3395
3874
15606
5542
8177
3294
6584
7691
7714
15951
2852
1730
434
5776
657
1348
11326
8805
5034
15801
9313
4119
10601
1798
6380
2987
3515
6827
13396
4278
4227
6945
4150
3491
362
756
6220
5040
22106
11555
16939
3946
14361
6724
9496
4751
717
12534
21293
1628
2601
5902
5117
7651
5734
5233
9079
5888
7672
1273
8187
9595
9479
9689
8341
5330
19725
14690
2998
11198
9806
16549
9456
20753
3566
15807
661
357
1526
3607
5281
2724
11110
5481
4601
926
6743
4403
2055
18010
17284
3444
1116
7669
2327
8284
11718
5435
15754
6179
11453
830
5962
14001
1018
7218
2911
1148
3732
5009
4960
5911
4587
12940
4044
17307
6085
20869
263
973
8836
2171
2770
6467
1579
4866
2230
16485
10145
16902
6520
22905
7936
1048
4850
928
14177
6419
1697
7084
6855
3769
367
3426
14413
6899
11725
1293
932
17322
4534
5957
3236
19135
3305
4213
12818
11536
802
9245
2507
1002
7224
4413
1724
5665
3288
4965
4186
1922
14648
2466
7262
446
10015
2343
1274
17268
7570
10655
12358
11917
21127
6581
6829
22103
1458
8209
4035
19621
6166
7134
15675
5552
7757
3190
8753
11525
2619
6406
4655
10358
3729
1462
4410
19682
11457
2887
5728
6446
1592
2116
1278
8047
461
2316
17818
6480
4140
3912
20788
6048
11629
1255
22853
5532
1460
8174
4384
10316
3712
4513
949
3356
10346
15448
8045
8388
2249
2358
3537
365
12273
5080
12638
1117
4995
22987
7292
592
3856
4421
11571
8801
11386
2541
6315
1362
4003
1185
9365
10025
9243
1758
11229
6217
11441
533
2085
16441
17432
2058
1383
4796
607
8989
10501
5640
14607
3701
4634
7423
4717
10609
1540
9290
4847
1958
6063
1105
9649
19912
3900
2603
9866
17624
3939
4044
17949
3511
12051
11299
14325
1782
11938
8177
1350
2401
11667
8863
582
7829
148
9202
12160
9206
4297
14579
12395
7463
1028
155
6688
12972
6467
10564
6648
10142
2161
7003
8404
5628
8402
3805
20013
6094
3774
5085
20728
7477
3236
6541
347
9892
892
6575
14400
4522
5909
8626
6489
9038
6017
5287
11480
741
11455
5643
3888
17557
18633
2780
5591
5460
3078
5618
204
17762
2479
19050
13283
5876
8031
3043
8443
5413
5700
3899
15212
16339
2342
811
374
9195
8394
6420
11154
83
3447
5432
4854
6090
1259
10455
4278
3445
5953
9899
6047
7401
2446
3068
223
448
8220
16223
5488
3367
5160
8623
1746
21777
4520
1524
7398
6845
18436
998
8694
6378
2403
6402
93
4397
2616
535
6412
11110
1965
1192
3573
3119
4649
10111
1283
5902
1827
12677
9893
16006
14329
6594
12819
15229
9137
3942
20626
4706
4448
