476
493
116
438
217
77
258
414
270
6
44
492
554
409
9
652
626
334
432
177
610
196
298
418
660
274
13
976
146
408
58
562
124
205
277
134
66
49
186
439
271
122
268
304
87
58
162
478
296
147
282
414
79
630
250
408
230
176
244
906
340
90
74
52
466
522
276
67
726
44
188
49
304
644
337
429
502
362
46
465
283
438
316
354
630
273
395
156
123
398
209
364
35
600
86
482
163
556
175
416
12
556
354
5
110
483
405
344
475
428
339
141
666
426
366
402
404
403
120
361
386
32
594
556
407
838
880
82
26
66
225
598
235
290
52
445
610
886
206
222
269
162
164
498
562
396
78
708
176
60
640
12
812
44
598
562
254
74
762
307
400
317
446
15
772
16
716
175
14
58
448
726
276
454
498
34
140
554
237
514
858
304
107
311
738
162
412
116
103
137
638
788
66
710
160
668
469
312
6
94
714
456
416
578
403
378
317
315
640
170
786
338
242
38
290
143
868
272
356
179
210
378
76
142
582
310
195
59
26
467
327
348
452
116
716
902
352
388
134
570
902
44
384
21
315
546
486
756
419
282
234
439
16
317
227
350
230
30
427
317
400
44
614
484
236
690
147
92
620
52
391
316
756
286
232
804
415
668
184
496
114
450
294
491
772
266
274
16
213
54
102
309
506
299
484
750
67
566
688
495
167
247
448
149
730
420
394
185
210
174
403
402
186
828
530
498
47
32
255
514
278
600
102
186
652
42
319
63
315
606
294
234
490
48
433
732
366
470
281
620
970
136
22
202
90
68
20
820
70
162
99
190
433
42
195
190
732
86
456
226
46
700
155
219
210
108
422
185
654
460
139
317
355
612
196
195
290
19
333
312
242
672
436
60
460
66
364
123
740
112
586
249
465
98
268
486
193
484
710
658
146
618
418
427
77
430
205
430
303
20
449
430
846
490
357
147
434
30
344
122
534
142
164
248
310
301
58
9
241
161
91
354
124
828
216
102
198
858
83
346
70
173
66
13
455
322
458
10
30
73
82
45
229
282
221
952
332
464
361
83
84
786
189
222
175
532
380
400
270
494
230
338
482
490
826
244
479
970
358
114
598
188
37
369
156
454
280
534
273
852
388
319
592
708
464
362
682
419
302
65
76
100
333
235
700
436
534
213
100
487
295
280
254
304
153
730
39
620
250
628
456
286
23
488
484
320
454
606
305
390
282
294
520
118
760
162
240
73
143
14
274
41
474
138
380
558
620
248
423
406
368
76
202
182
250
34
786
496
294
626
268
42
618
752
546
198
44
666
258
214
416
438
226
15
98
471
197
358
606
101
318
341
365
726
498
469
456
390
443
383
203
265
110
488
99
95
197
460
530
24
239
155
708
493
438
436
167
650
78
4
79
168
67
231
344
222
570
499
227
692
66
592
201
522
495
422
506
634
138
2
206
283
397
7
457
478
404
492
68
546
430
294
64
340
906
486
772
862
281
58
219
174
441
53
28
455
42
120
409
397
260
3
346
248
408
484
738
205
366
285
25
488
564
6
398
406
372
642
195
460
772
280
