91
130
928
420
180
46
70
282
190
28
300
532
452
135
82
386
172
174
214
252
22
181
882
330
760
376
411
388
163
614
262
148
23
946
196
268
726
299
262
496
336
190
96
107
256
95
338
804
602
940
362
310
502
398
498
229
32
156
429
880
74
252
399
383
628
346
276
574
426
92
98
261
449
966
378
308
442
291
410
236
808
286
250
606
556
330
576
710
630
58
318
440
210
346
796
630
586
301
450
124
495
124
762
6
732
582
214
468
326
42
387
483
786
144
346
119
265
466
858
456
320
18
486
534
60
27
246
804
326
318
450
71
430
456
186
495
113
393
658
602
215
550
30
396
194
298
394
940
618
496
752
178
862
34
580
112
982
428
518
335
26
478
213
204
42
112
85
346
245
538
340
644
574
315
169
18
251
148
262
516
169
322
430
464
210
428
386
61
9
144
15
516
62
848
445
157
393
158
103
238
206
87
336
556
620
134
868
282
522
380
476
318
399
497
198
772
486
602
428
578
114
234
326
8
750
420
303
616
417
66
136
402
304
642
250
450
106
119
1
292
191
314
414
498
144
462
73
52
646
906
180
452
419
16
282
409
268
882
876
4
946
286
85
6
348
70
31
399
606
328
212
28
606
654
618
820
902
87
448
378
732
361
57
64
334
22
289
433
53
390
52
476
876
230
162
596
678
172
67
63
256
214
413
129
183
828
262
265
876
372
253
435
856
496
295
437
178
930
447
76
36
318
141
301
482
229
290
130
478
160
39
384
478
20
42
78
455
40
538
171
138
143
493
45
400
46
370
364
138
355
982
760
80
27
522
495
174
446
330
210
90
283
846
195
246
330
254
600
272
59
359
25
151
72
708
826
676
548
606
308
92
133
166
358
326
362
618
708
10
191
163
486
10
276
66
682
12
262
210
280
86
349
459
756
460
241
426
216
244
156
290
229
558
363
319
316
112
140
496
131
184
440
208
188
37
170
182
227
18
314
646
112
490
646
2
294
383
982
333
263
409
166
327
19
188
426
267
46
550
164
656
68
114
596
42
808
128
489
250
289
502
68
10
444
366
796
52
206
358
254
297
94
339
366
826
732
52
299
334
618
318
261
264
952
174
640
319
253
7
322
58
477
148
200
42
115
682
164
168
432
469
36
482
258
812
335
167
126
390
82
498
462
336
78
272
230
586
368
354
222
199
502
386
326
322
187
14
222
58
658
248
117
333
546
126
173
105
48
450
385
208
656
438
602
44
348
66
180
626
394
304
80
89
398
150
256
428
46
724
196
271
147
243
490
730
654
353
570
290
395
471
140
58
494
292
330
407
115
481
190
290
178
230
982
173
287
438
162
59
125
418
400
612
20
396
718
982
290
66
273
432
486
700
518
600
112
508
466
430
392
570
148
405
212
270
630
718
12
241
298
464
469
474
516
439
274
30
119
302
445
119
368
79
174
418
342
194
196
31
66
111
179
534
366
678
196
598
752
411
548
862
54
996
153
366
135
285
568
714
209
497
276
252
646
354
286
184
435
455
98
856
256
259
478
52
67
74
212
294
91
343
290
442
868
492
419
340
183
189
181
564
574
333
62
194
118
508
6
406
726
196
169
370
318
165
439
94
452
431
428
29
284
708
477
374
444
918
652
182
194
242
420
58
438
320
426
483
502
217
534
378
356
79
130
39
246
102
158
366
508
146
314
852
410
350
16
277
159
46
253
100
99
30
277
388
131
171
219
532
430
40
76
43
506
418
457
455
370
578
298
688
221
642
562
98
276
344
311
142
