274
412
181
42
66
363
856
118
222
654
564
393
88
40
418
124
286
318
85
453
134
423
890
291
271
604
428
464
250
7
478
51
838
178
5
630
301
242
186
351
202
34
982
158
232
497
438
438
442
498
246
84
496
110
91
315
682
492
644
886
459
493
256
424
366
598
308
250
66
834
660
714
990
437
200
495
358
688
484
158
890
169
416
606
804
172
141
312
201
431
374
297
606
204
154
277
862
554
406
419
464
243
412
85
462
409
298
276
216
33
438
414
392
178
281
726
826
710
98
122
431
230
18
12
69
279
432
240
122
136
322
176
306
188
131
226
213
708
554
10
134
170
26
100
56
848
24
36
826
450
82
210
91
197
71
676
190
22
267
170
466
190
596
91
52
414
296
110
385
254
476
356
370
768
582
218
34
214
183
306
46
786
9
804
156
424
57
72
357
708
756
540
99
421
426
425
202
308
348
242
132
254
66
822
273
558
35
92
181
293
374
385
484
150
400
640
431
214
192
322
236
128
356
377
389
276
46
606
286
429
378
40
566
279
388
454
438
96
97
400
20
74
209
312
142
228
880
202
466
170
630
406
38
486
409
305
362
156
2
250
44
146
299
94
409
562
339
40
274
216
520
294
239
219
245
291
157
62
428
210
658
60
28
201
465
368
462
66
268
496
70
508
237
486
236
169
598
202
246
240
154
95
99
628
26
438
369
990
104
304
240
419
190
235
326
448
332
562
690
700
276
228
403
708
530
380
652
96
262
452
86
598
386
271
876
500
198
222
682
393
109
68
388
136
562
227
459
846
808
688
474
162
181
262
55
306
606
218
846
352
910
146
282
558
156
222
134
644
92
848
88
476
710
412
362
243
445
88
96
291
178
249
141
157
116
340
414
700
269
381
322
321
660
36
410
113
287
756
269
133
122
72
129
526
383
118
342
258
477
443
428
127
30
634
124
230
391
378
764
906
10
190
660
42
293
331
257
235
190
578
438
28
590
204
654
486
293
592
408
286
366
349
640
396
372
21
427
462
