11109
5719
3315
19
595
6309
141
13062
386
5460
4380
4933
3483
14102
14520
3088
12075
16753
307
22
422
3138
2053
8572
9935
3650
15147
18493
15559
9500
9690
5970
6755
10367
3917
9295
1457
8236
4341
5802
1104
8985
6284
15611
2218
17010
10256
6965
5000
2770
3162
7629
2772
13999
21100
2517
13276
3012
1860
14926
21323
10604
17984
7539
5916
6454
9727
6557
1479
725
6095
4483
19137
1068
3160
17474
1878
15712
33
15604
2768
1250
562
2493
16650
3390
44
104
4178
1487
3966
8778
2614
11913
1830
8917
369
1896
2182
5481
2439
2339
1932
12540
997
7080
13394
8848
4354
1681
5277
9520
717
4991
13018
1138
397
587
20165
20491
107
8069
3063
2112
3074
4513
4206
17753
7008
2162
261
3200
6494
523
8177
11499
3036
7703
333
10810
9989
1727
5829
8535
5940
4140
3847
941
3870
2111
10550
7681
729
2296
1212
523
16934
2746
2169
3204
6859
15373
1615
1064
6689
5179
10161
183
17226
5015
2435
3711
87
7516
5755
5022
6870
6597
929
2517
4043
2719
1975
3509
1697
7836
1550
1785
7249
6653
9036
462
12820
903
108
14017
498
1407
7600
8995
12502
10203
11962
9815
19968
3665
4954
13927
865
601
2445
645
6110
11534
17309
3276
4092
1317
3525
1119
13566
9717
13432
14332
5188
1640
2340
8268
12977
2226
6090
2776
5762
1694
10637
3177
5532
7485
2126
501
2340
5404
13675
7132
2555
3665
18764
7395
6641
12786
10062
885
11668
16933
15279
6306
1329
7418
19600
11891
17925
8638
2901
4056
9952
9286
1030
1643
9201
3731
9620
596
13412
925
7168
13073
7960
5774
13930
8306
6982
7759
9476
16618
17520
12142
13202
2142
14793
28
8492
16512
669
5199
2226
3158
8820
6040
5782
1353
9347
1306
1519
5138
8380
143
1523
5127
6761
1781
23163
14201
3259
260
12594
1843
1019
1753
9986
741
1566
1823
164
1019
3932
5560
19634
6717
18891
1678
15354
4926
1783
11515
325
12372
16916
12131
4346
9070
1960
3370
14743
9014
1733
3080
4467
9220
7007
14924
3519
2528
9662
4541
13615
1447
1827
2034
1122
13687
4464
11266
15522
14670
20641
7114
4438
301
1300
4674
14846
1682
5124
1504
5406
6281
10691
16658
9089
2692
704
5610
5117
2137
6622
1711
2513
4298
2442
6453
236
7760
4065
11122
6880
8672
5296
8534
730
4142
67
6576
16304
1503
4450
1547
1673
1160
15007
3701
15330
18058
6731
5925
9822
18337
4883
3560
14764
3850
11778
7830
3442
544
632
12654
5354
5680
2764
4385
4580
2805
1351
2471
13112
6527
1677
4505
6421
5031
6682
2049
2975
722
9048
21868
5433
9895
5920
5990
16481
4261
9599
4244
8922
1044
5096
7804
1334
10149
8779
3050
1477
5272
3461
3695
389
8795
7463
8120
4216
7325
1369
1218
5949
5154
13132
2518
7512
7287
18265
2951
13779
5025
1912
5607
1855
2717
15692
20440
16584
2076
13846
13358
14271
6349
7224
2138
6848
237
11778
429
9956
974
6853
3134
6931
7063
7148
6092
1140
17354
4915
6957
8666
19127
558
22993
2679
11402
3699
9431
6738
9614
9169
3944
4009
3111
1685
14828
8833
1720
4918
5696
12426
797
3798
8807
7051
5832
7038
7247
3812
4979
4548
10424
2816
2597
4526
687
1589
2005
6521
888
2228
2375
8357
3446
6705
15866
11188
5733
6260
10483
1908
2131
2842
4548
2575
2096
1944
2300
1259
16799
471
23062
4225
12299
1461
11107
3056
1967
13822
9872
7334
4981
11771
5576
20080
14274
5021
11719
8411
1833
2092
2061
3556
10006
8646
10086
128
10707
2505
1304
20325
1591
13207
2774
309
6501
7088
6716
9670
7765
3520
11725
11379
9076
8488
7050
14962
7558
9878
2428
12623
1766
5418
7340
22514
4196
4909
2083
4256
3584
6297
2744
16537
612
16333
3247
8244
5996
1507
4685
7012
6487
9567
3285
8079
8513
8770
3139
9688
10542
13387
5382
6222
811
2416
10111
1582
12406
4985
7376
12035
2722
9690
509
8909
13592
2050
7114
15082
2188
6698
369
5700
4150
3549
10471
18815
6992
4813
8872
11715
4538
7384
3385
4628
2211
19632
60
4991
10131
4254
10524
18936
9788
2451
18449
5580
10891
59
3227
7162
1570
2154
2510
19211
18648
7590
4624
12036
2078
17071
4097
2266
12887
2183
869
430
11926
18419
9
1792
6144
5478
470
14001
2893
6033
13781
9835
1000
5193
17636
2278
8039
9745
1238
3418
5387
6462
2513
728
16242
2936
16280
788
6202
1232
1002
8770
3456
11882
6480
7572
1428
2849
13676
1255
1111
23708
14474
9227
3826
2369
5379
19559
1867
4122
9040
3306
7335
10655
410
8891
3932
8980
13328
2876
9313
6553
4014
2289
4975
585
14833
5036
687
8133
10484
192
8662
7838
4679
6534
5689
9392
757
3058
1170
1620
8261
2156
705
7865
2021
6144
7810
419
11690
12692
727
12483
10664
11182
6548
2796
5744
10950
1251
12843
11661
5348
3530
19770
3790
17687
9393
15306
5710
3869
950
6097
3005
21735
14036
7306
17730
5899
10777
3244
9505
2465
3157
9904
12232
8225
17223
11514
5530
17100
13842
4793
11161
2412
15191
2090
6400
14233
1086
5316
4676
10997
1325
6922
10652
8367
5152
3219
1675
1140
2523
2412
14229
9066
8921
7745
93
4949
3910
13473
15844
747
15768
112
14084
2791
12473
4210
16964
106
8759
2757
6351
19173
7476
4014
5901
14742
1309
1090
7565
12750
2554
10182
10029
5990
14463
8533
3865
14176
7573
12025
5073
5916
8017
990
8885
3307
4638
5632
1904
2892
530
6579
3729
2325
1700
752
5850
7403
344
13161
8726
2277
4714
2583
9285
3416
111
24107
957
15491
16004
6332
121
18078
12631
13048
5217
11210
2513
5344
2334
3419
21498
3403
2126
3027
16709
1213
1735
12332
1546
13282
1139
1079
10395
9606
2826
444
1793
5130
4406
18712
923
14761
3547
7077
6374
8918
2431
5229
5598
14005
3041
1377
11957
14339
4348
12740
16418
7004
3600
1952
11252
173
19479
12678
3226
1779
2232
14260
17947
458
8649
13330
4639
971
1689
5994
9851
10262
11880
18405
12190
7502
12477
6486
8120
8918
9555
1901
1705
9483
4297
4709
6055
1350
21019
5844
1349
14789
7712
2962
7487
6172
6476
2338
16426
3561
15051
3676
12058
4048
958
1550
15373
13067
2600
3127
432
10735
3708
13752
8284
7138
11620
2907
14113
15144
591
11443
18351
13217
851
18935
13218
12082
4658
15674
557
18700
4976
10195
5219
15341
3747
13230
7463
2043
1981
11790
1728
280
12060
584
16635
4295
16631
2669
466
8016
8241
6783
6968
13169
3610
2308
4929
3999
23939
9761
9196
2230
4715
2466
4209
4639
1121
11675
13459
1571
2965
927
478
9589
6607
4052
2599
7198
4746
18359
4070
5387
17841
4337
5179
698
6931
12194
772
6092
1777
9333
2905
4909
5668
4640
1151
1330
2263
5547
3633
1053
6312
1107
1021
7266
12723
1101
2463
7693
15991
12720
10348
1142
4569
13507
5613
9457
11899
15412
10916
1632
3584
2960
13848
2878
3372
6309
7574
16645
5490
10770
2095
16700
75
11160
2218
12618
4112
3402
10874
4150
10732
1114
10506
5929
11660
6339
2236
11
1572
11320
1988
3690
7772
17117
12339
8562
1023
3461
9726
12272
19838
3971
5936
1109
19011
17968
3523
13
3570
7871
3173
8686
8453
12190
14956
16025
16003
635
4068
2239
1336
5647
5674
1325
4518
3879
164
7482
261
530
9960
3792
17433
15516
504
1692
1795
9915
245
852
5827
725
5952
2498
6579
713
2453
6522
9384
7656
10638
9663
17118
1706
4245
9293
4889
8554
13015
778
338
17843
2320
6324
2591
3673
19644
3408
6321
657
2547
6182
4194
11743
5810
14453
2546
1565
2319
11920
8658
7440
2899
3261
8040
11262
7678
3361
16991
17152
13842
976
2005
12596
9281
270
324
1245
3072
3008
11519
485
11355
19544
2066
2675
4861
8000
3086
10699
4189
1284
11293
3127
9162
915
2073
3055
9930
16598
13703
1577
12153
7790
1326
8171
9332
475
14011
6477
2021
14873
3294
5191
6923
3509
14898
7978
9260
345
10145
4156
19225
7296
3000
15281
2570
15840
14555
5183
9627
12058
1217
675
687
18461
4855
4192
15055
2906
12799
7652
8669
2045
8000
9903
22613
5754
971
8447
11531
3559
16696
6548
5167
18812
18369
1875
9337
7989
1420
2816
6300
4401
7676
5676
3488
945
10672
544
1873
2142
15841
8639
2958
12657
10654
2808
15891
4304
4422
1026
15382
13361
2150
9766
3254
6067
3012
2002
2961
17634
14815
4992
7915
3170
3956
16364
9293
1665
2474
11480
19
5718
9749
328
109
1572
310
16274
4693
2819
9717
243
5596
2598
19533
8164
7918
3639
3767
1930
8659
9494
527
14957
2413
3280
10533
16464
65
8827
2617
5471
4034
5202
8910
17152
7233
5270
3995
8269
7102
3374
237
18282
15200
14606
16472
18112
810
9287
3554
2574
3419
17955
2242
12587
8358
5543
10591
11318
17196
13678
15314
539
4281
5798
6493
18342
14287
14436
4192
5079
11235
1384
2253
3876
11465
5703
2271
6629
5061
15568
3090
9749
2390
5189
6206
2904
5828
16333
1097
4758
11726
7322
1937
1791
10239
19856
5062
6536
3132
7701
3434
8658
1264
4686
2501
1754
11106
5916
2184
11590
3190
4180
8093
1267
3978
330
12469
10800
319
1931
3096
12857
2573
8925
10401
12855
6685
15025
2652
6775
8558
549
1726
4839
73
1909
6940
14554
10285
1431
1402
5116
6040
3395
3695
6408
2066
1490
5493
13876
1739
14075
4215
1479
145
5538
7352
15889
6547
6432
20069
1948
1060
17138
11712
553
14889
3461
4976
1494
11861
4427
816
13118
18860
1638
15674
5992
7167
4245
3976
3814
7338
5995
1075
19075
14878
10075
2622
2009
10889
7744
65
7834
12880
297
16342
1302
360
2559
822
4024
14129
8456
491
16545
19925
2512
550
5310
5644
2587
13575
3855
11146
3853
3977
267
6617
3095
9958
437
478
8210
1607
5282
562
1914
8130
3481
3065
7111
20988
1654
723
14079
1231
14669
7017
4234
8361
17670
745
348
1942
1427
16301
97
12991
3950
7712
11723
2837
6955
4886
14952
71
11292
5048
4499
3043
6721
11472
60
6399
12199
7745
1772
414
1658
2831
893
15145
2416
1965
472
3170
3066
12745
440
5233
9134
6372
18900
2969
3620
11320
8737
4009
5027
3003
16314
1844
10482
1947
16805
9727
4621
2980
1711
5592
895
2982
6542
8592
3156
5291
667
23883
9199
4932
8926
12750
2697
2586
10295
1807
7145
1528
1469
3201
8864
2242
11617
22068
8838
1296
13367
11646
11485
5577
9839
3413
2710
6236
7672
6633
18649
4318
5101
7578
2056
12585
18027
5744
3391
8333
3357
3842
3072
2213
5975
1950
2162
2154
12120
3455
7699
7405
13191
9636
2925
1860
3569
1791
4741
2654
9176
2559
5356
4433
8450
10672
167
1244
11985
41
841
15628
10858
4580
9226
2611
3573
11798
4262
1365
4737
4547
2590
2851
9332
3722
12521
1849
15544
7407
1049
5096
547
5782
7103
2189
15901
16642
6217
12298
1878
7392
18552
3408
564
8924
6949
4956
4791
9428
18369
6403
9930
10552
6065
14174
873
4063
6672
4634
3175
2856
355
4917
6241
6017
10770
5743
2027
1854
3173
4310
19068
6111
6103
7579
6526
1546
11941
2081
4094
8153
3884
7788
11343
23215
2843
2359
17262
693
3822
10014
11630
12112
6982
10447
6428
13796
22689
15231
8043
3253
14620
12633
7736
6423
1360
5455
376
8553
9113
4181
5459
1120
2550
5159
6358
861
13219
12768
4192
1461
3890
12058
1163
14336
7163
15157
16674
20836
4406
2861
12015
2140
4761
11436
9419
12721
8211
3144
7678
563
15767
3736
19949
5316
6993
3454
1923
1777
266
7211
7197
6565
6363
9271
6759
22027
12828
4856
1164
1347
5531
10174
3436
14416
10636
10324
8034
14110
2185
1874
916
1430
3018
666
1324
7599
2856
6733
597
11024
8145
17729
16755
4149
9501
622
3911
13250
8612
3223
950
1284
7651
4284
7003
14174
12020
1067
3550
6656
16745
574
11700
3318
16887
15541
8578
6203
12388
13463
81
31
1678
16171
11737
20884
484
10137
8605
8367
8315
1441
7426
589
7445
2970
4971
4429
7043
81
6361
15957
3815
12003
17042
13244
2026
8992
4926
1908
9833
1191
9371
1551
11908
87
19281
1623
18189
1747
2159
18696
22976
6838
20571
7256
3000
14698
2340
23142
437
11293
5226
8699
2918
10047
12957
6023
17568
10879
3168
2151
2703
9291
3688
9159
7517
4982
809
19948
5798
4181
2776
245
2430
11099
2701
10433
852
8449
13637
520
3129
2522
416
4456
7361
1424
1877
18714
2125
17728
5120
2789
6318
332
8646
11329
3842
2180
10103
1766
4477
1118
3774
14602
6345
4781
3510
11282
17992
4862
17205
3029
12425
4976
3215
8967
1772
21420
10016
2247
6245
2035
8549
4058
10239
3663
2962
17139
4097
11523
9287
1613
4770
1425
142
1843
6187
4100
5045
24016
2291
9536
9889
2355
2138
19122
15596
5968
3050
15
14010
1712
3285
3438
5160
3063
1896
3962
3551
6827
1741
15026
4330
22484
368
1886
11219
139
17349
140
868
11109
6656
10552
20481
3053
1224
10385
6240
9987
1902
4828
6643
2837
7744
8799
3635
1223
7411
2552
2690
927
7039
51
2713
8484
13669
1969
2007
13093
4081
6882
1126
346
6108
6617
1247
6289
13026
9701
799
1073
13099
7284
3909
7695
2413
5957
14637
1933
1825
8736
4633
11591
23793
9377
7975
6696
5781
2585
564
4635
2182
5548
3268
14854
1464
2800
2952
11684
3935
9891
6285
7742
13608
2950
1250
15516
21594
4802
18701
998
11068
2651
8142
643
810
2292
5218
14834
2094
19409
3463
4058
6285
2173
1381
7058
470
380
2134
2410
1922
989
6220
12373
10338
13706
5350
16223
2504
6233
6047
15074
5184
20577
10047
5659
1165
642
11039
6027
3492
924
3879
6321
17393
10076
12609
4141
145
7636
1822
15793
4035
8115
5390
5241
2703
7299
1123
14480
8009
3042
17078
4969
10176
302
3912
10288
4371
9647
4890
6398
4856
2218
5520
2842
5673
4432
2322
6170
8450
1795
19643
17118
20420
4937
5873
7416
13428
638
4483
857
11540
6995
12856
18199
426
638
7070
6803
17967
15180
12256
2669
1821
13412
7005
8337
10987
11380
21628
8789
286
12567
17256
16769
2489
12463
4843
8829
11773
533
8264
377
8566
15017
7211
10215
5098
7198
3440
10257
4962
1805
22990
271
16585
1581
15604
991
4713
7869
14853
5747
6781
16264
6798
14533
13765
9122
13510
1344
10390
5207
3895
7882
1846
5878
1426
9589
2184
5736
525
5911
9702
3890
5407
2124
11661
11915
4713
4035
7760
3682
11459
9505
1670
16984
1595
2832
9569
7217
3793
18415
7441
5113
7420
10125
10369
12042
2604
8289
8145
10058
9846
9992
4545
4088
7320
2536
3233
5366
6994
11348
7497
9538
5897
15643
10588
2570
601
660
3699
6419
711
5653
8428
5909
4051
4410
3152
11965
1475
11786
5786
3798
208
2676
3616
5469
1179
15592
7718
20140
8213
5462
4332
6589
2979
2228
7932
7342
21666
7993
13451
12935
972
11423
16690
3271
4363
1208
1101
2924
23480
18402
20898
7536
375
2236
11129
2488
16087
7056
17515
3949
7201
5454
10053
1175
80
1553
3711
6004
3850
12911
6629
15397
6170
8464
7012
3207
1221
3282
13436
7759
8281
5081
3927
3224
12776
16488
8317
7707
5212
4291
7060
6590
22092
389
13923
2461
102
8362
1528
3866
8310
2424
10043
4130
22287
2157
3198
341
6954
5507
3512
7197
6883
3847
1588
3635
16652
61
1264
466
4786
10301
3436
12760
20869
9234
253
291
2184
2495
8442
1373
791
2446
10585
3511
11069
3546
1592
13814
5628
7142
2831
4144
15390
8574
1361
945
11542
5853
12853
9150
3702
1168
2215
4857
7565
6558
2362
1846
3797
16532
2751
1518
1510
105
7036
3345
15397
12157
18076
411
9264
9886
13307
345
5079
12651
16437
5225
17251
15024
5236
6552
3326
14150
4995
1524
13025
4884
747
19398
958
4305
16892
927
9627
5505
3744
12409
682
5462
23523
4940
8729
7744
12921
2957
7646
9196
2990
3579
2583
5301
20254
5678
1515
1899
5528
2520
1739
5663
5136
16398
625
3204
12530
13714
10461
3122
3717
15323
18927
7389
12132
16953
20614
9484
12984
1164
5861
14379
2305
5337
632
4908
4822
8630
2014
14959
11585
49
13747
8047
910
5341
15389
1953
8709
5604
2129
13966
2615
1602
1010
5565
8169
5106
2603
390
11253
5024
4591
21
1931
1174
11116
15156
15834
8851
7929
2367
3000
11123
5838
5687
3596
2100
15032
11780
1406
1849
5010
12353
2243
5273
4500
1902
4957
385
18196
4300
3561
13223
13578
7497
4075
7005
3028
2561
4214
7112
3212
3775
5340
1942
14445
18698
166
6273
18935
7673
8140
11736
2459
4077
254
7775
4733
4515
5351
1998
347
4602
1687
4252
5362
12186
3668
8370
8556
18503
3651
4546
7249
1677
4177
2980
1518
10032
7778
11225
6329
1222
846
6603
2434
2655
5743
6863
5776
11383
14207
13859
2502
2111
12691
19933
7698
2694
10955
4384
14709
1021
10087
17913
7647
168
4648
4628
5224
11559
1128
19511
3416
1147
21473
5276
10762
4674
18577
15241
8711
8951
19511
393
10607
1530
4346
298
16408
17990
3511
9607
9180
8568
13688
20852
3038
675
8345
16449
9507
13568
1337
1075
12089
918
15721
252
14452
2717
4601
11339
9865
5010
3664
2804
3391
1921
3083
5235
4749
1404
9430
7669
11312
1679
3264
12757
1415
4104
43
9438
3608
14234
13070
10300
17101
8178
7906
48
13129
1054
1248
12323
7164
5281
2766
1755
1487
17790
3372
6705
2659
7937
5025
3380
1803
8437
1119
5195
4759
2616
1208
3939
4602
6947
12178
17943
7174
1793
3344
365
4858
285
1969
164
3706
2861
2134
5104
3651
5148
7138
2174
8199
3093
263
14542
2418
856
2490
16214
1542
5582
418
1467
18862
572
17269
5370
9368
36
1538
9856
6605
6170
17057
21910
12079
19193
2086
932
18023
9501
19223
22701
2966
2749
5085
9229
2307
6299
8659
642
10589
6421
35
16291
3175
1652
626
17735
306
10755
10203
4731
5403
11742
13049
14339
22126
1654
8676
15485
7441
3871
9057
467
2526
13739
7400
10863
4777
660
3827
9438
719
4711
979
3941
18263
5749
13593
7111
940
1510
5924
4973
16658
393
19614
3481
14989
9442
438
7921
14787
7432
656
5544
649
9345
891
8678
1879
14546
494
7253
4927
2929
12241
1048
2782
2157
108
1138
2353
13958
7194
13674
2344
11122
6281
3119
2998
1932
5393
16739
14171
11550
4693
7668
10324
195
2353
2452
887
6085
4054
2468
373
9203
12564
357
17794
17894
1152
18151
5253
8245
3075
1661
1675
6504
8022
689
3502
21370
19704
7834
21095
1683
6321
2924
8784
10829
11992
4944
96
20309
19516
2384
1655
14602
12416
6504
14289
17085
8945
4517
10776
4743
1199
5168
4099
91
1662
75
2491
3112
3861
3762
6089
1607
10802
6635
13718
13816
12621
3587
438
6444
18396
6769
1044
3885
13446
7069
411
6055
6725
706
5280
3455
2007
1653
3935
11446
5862
7570
18228
5367
20901
5005
3481
1770
9630
13043
6468
14201
5465
495
1497
11165
4303
1274
1422
5742
8370
7897
3069
6203
1993
5221
8194
4767
12167
15058
2550
1014
14181
3780
110
9694
3226
6250
462
3633
1541
3799
7469
4341
236
6733
4888
1553
878
7758
9151
6777
14773
11517
20268
9366
1711
1358
22984
811
3565
2173
243
5844
2187
16326
9331
3011
5024
17026
13394
7789
4593
5745
2557
853
9717
4630
8575
8175
11591
7667
9345
6647
4792
5406
9057
1858
5144
17573
7605
1144
7671
8129
8106
3191
2965
4988
16331
2421
4779
7905
3095
20710
8874
14815
5411
6875
10071
7223
4383
9222
16588
19870
14892
11690
3321
10182
2867
11011
3128
535
702
4156
13378
894
23860
11756
5265
7555
2960
2223
5557
194
6195
1821
9655
19105
14442
8060
1793
5762
12566
1952
375
9319
415
2713
5540
16052
5174
1420
14582
9450
4788
14156
2252
6352
3948
11178
3425
7671
6091
1266
1095
5736
7465
9579
13902
6680
4970
435
12741
7650
1093
3166
2489
1784
5463
5230
10373
819
9368
9798
2020
21065
3243
112
6963
18547
16969
642
19577
6506
38
11089
8962
3136
5392
1703
2738
6994
14553
3177
8095
10451
1361
7490
5129
11115
956
70
11327
2300
5952
11372
1420
7082
2686
3249
1666
2353
4650
6260
686
3876
22455
136
2551
1409
7789
6356
12411
621
7342
5466
7134
3419
4970
18277
12756
715
10453
4338
7187
1494
9898
705
1245
17331
7621
6423
3693
3582
12711
10217
16512
2774
5500
15246
2026
668
4264
442
2191
9788
4721
13516
1274
9337
5326
1475
7261
15555
10106
160
14274
1323
2502
4765
16685
3530
4693
10421
16066
11559
13623
402
3949
295
5137
6904
11222
13846
4679
2146
3173
1591
739
10695
14733
306
2865
2254
11307
2141
3454
3922
4466
8523
8347
20449
19382
2593
13922
16361
12417
3556
2581
8190
5550
9485
1047
563
2460
18441
12718
2045
13466
11829
3131
9442
12527
6590
9574
9431
19085
6227
4427
12986
2128
3258
346
2879
5018
2666
976
1457
1923
4416
4123
8229
14415
2364
5798
16767
3740
7442
8694
5862
2177
3513
6905
1901
880
18729
2018
2921
9773
9688
496
3596
13262
6945
10553
4116
309
3127
5370
6860
5743
5356
11224
6092
5603
4358
938
14854
2109
8286
2267
154
12743
3406
12823
5171
12351
7353
3847
5108
3222
458
2070
6003
17040
10944
1865
9765
16490
7369
4573
296
903
14399
144
3606
6324
1000
3948
9227
8443
4781
234
4832
9924
1829
8627
6222
1494
2358
4464
8239
1852
6289
17849
3129
6065
11248
4628
16366
4769
5480
19798
5716
1404
5135
5192
13441
2701
5987
1771
4608
4903
3167
3370
629
1960
1965
15240
17500
8191
20920
467
7016
2609
816
9157
3726
5290
114
4276
2219
22330
3349
397
4599
1886
2217
1415
2613
12487
2286
18232
17187
1004
11302
4871
7785
11444
4215
269
17860
2837
16065
3250
2648
4251
5741
123
12912
1029
8225
17433
9698
2675
16263
165
7730
3595
248
2186
76
4080
9208
1902
5593
5008
771
15799
17862
5543
11534
5848
7770
1936
2486
12091
12530
67
2445
19966
13111
6964
2679
4855
9156
1897
4565
746
11280
804
10115
8149
3885
5549
1334
6667
13065
11590
4409
13742
1980
1566
14722
1665
12202
588
4218
11285
6819
16203
6180
1811
625
1418
909
261
6103
9590
8855
4014
13428
4643
8694
6993
1217
1067
10601
10797
4115
6955
224
5011
1584
878
2810
11411
8408
652
20031
3162
7104
4582
4592
2717
2050
19565
9915
3246
15078
1582
689
13696
7325
6942
3150
9390
6551
4924
4336
7697
3682
188
13652
167
2967
540
2831
9400
2326
4837
3671
528
6514
15338
8191
2269
4724
1913
161
11419
2048
1716
19921
177
13326
4076
301
6358
13672
4481
7323
5807
3641
2643
2176
945
18744
5758
919
14472
233
3005
63
16556
1490
5087
11012
3131
6923
9201
8247
8450
11855
983
17239
2319
4670
3466
13050
5519
2503
323
14736
6590
347
13020
15021
1814
9090
13870
18332
1457
7130
10237
3331
194
10581
7917
274
4231
12624
8127
5768
7397
9378
6491
395
5190
7177
2959
391
1505
1866
1122
4493
9402
2123
1761
1201
7277
10967
8357
4292
899
18705
113
7727
5789
753
11941
8167
2686
21271
10995
265
16639
7020
19569
15894
2975
1139
14506
22778
2586
3711
11396
19389
1163
2650
3471
5140
5918
1090
7185
9558
10571
16922
5064
3290
261
4267
19084
2182
6660
7290
22845
12566
4693
11933
28
10897
1761
1687
4324
2907
16923
11671
4741
19931
3145
7491
4463
2184
10839
10031
2482
2793
18572
12052
5797
9119
18832
7877
7998
20145
17419
19802
9872
8755
1327
10168
411
9572
13237
4147
4772
16615
3580
18627
11063
3597
3047
10517
296
3213
11688
16005
8280
8951
2319
4470
1483
904
7313
4986
20941
3049
2079
3323
7236
5098
14631
16735
586
3675
2349
14574
10404
3674
4609
3464
1257
2246
13289
6103
102
12829
2856
6334
1867
251
18197
18314
8763
9304
9255
10220
6603
890
12345
3201
10471
1580
3129
4215
4217
11402
10231
10517
2628
1623
10842
1457
19902
2690
6518
11483
23029
327
11741
11311
6383
17491
0
3298
12439
4899
14556
5880
12831
14523
19282
3486
6002
7874
4033
11674
20832
12982
7090
5626
2029
3002
2002
927
13816
11037
20239
16966
3594
108
14745
9949
2070
7098
8380
2545
7142
13258
5114
17201
1102
6158
11094
2624
10415
3585
10828
18710
10170
442
337
2695
10232
10167
12127
6259
5340
14899
9937
1856
775
11164
11217
4664
2282
2217
1568
10728
2222
11006
206
7258
7305
10294
7076
1749
11495
7544
5191
9087
2350
44
23195
6307
10100
143
11196
1612
890
10862
3256
5564
975
4048
16829
1682
3694
5126
15644
6425
2804
678
5991
7661
17136
14277
13045
1677
3682
1314
10994
11147
2586
1230
5106
6269
2437
1371
8609
8945
9828
442
6701
2611
816
14754
729
2293
6382
9182
20594
9812
11322
1456
9893
40
7632
15372
10146
500
10935
1030
473
368
16312
6295
701
5295
3686
3637
1770
2365
7
8800
10251
11656
27
8968
3718
813
2501
9087
8625
6639
5368
10819
5636
4418
23119
2165
4707
14759
3244
480
8165
1359
6713
930
6510
13712
684
5246
1712
12642
4264
8611
4036
2505
5604
3443
387
2428
11561
13099
13176
6464
21892
7163
320
9381
1573
5045
9830
17547
3453
12850
1047
3366
2006
3472
1980
180
498
2613
3893
12338
7355
1102
1028
1357
420
12974
1521
11356
15936
4963
9936
13179
3964
353
19884
12319
1905
12801
22539
1850
19968
12045
14010
3948
2724
851
3442
10283
1153
20895
5997
15
11874
2920
19556
2607
19237
1685
4635
6813
11079
1902
6405
6736
8434
18838
632
6168
10179
3025
14147
622
9395
11110
4836
534
4819
1040
369
4986
12834
4186
1910
2690
21399
4662
4947
5065
4702
12844
2657
11355
7050
629
7381
5803
1993
15418
3813
12980
216
2733
226
8216
3988
4352
17944
1428
421
6133
8962
3051
6570
16163
10090
609
2229
6180
9736
3412
2465
7293
11293
1544
726
3141
1355
17950
3043
1125
12079
13425
344
3999
5734
2324
852
2782
10988
4044
15426
105
18892
3146
69
5
4055
296
1744
9624
23900
4417
4394
18119
5787
4054
12708
1263
288
7782
6869
3970
1927
9776
9345
1640
13821
8675
5162
1443
3695
8106
429
13024
16041
22308
9078
895
7666
53
7237
1078
4304
17050
17765
858
3439
5628
387
11525
984
79
1229
7020
5715
7921
5160
644
1746
7985
22201
4275
20409
3705
5613
1696
8341
12111
3673
20685
6382
9930
4652
770
1483
16445
16329
456
4223
5026
598
5988
6773
4410
2673
3367
10965
14141
4360
1209
5170
15786
1035
9595
9189
1876
6003
4565
3168
10178
7431
3185
5397
2259
19556
1354
5548
454
1823
5412
6571
5639
3474
456
12656
17833
4275
2142
3932
2890
11050
186
4271
14880
13179
9167
2547
18961
7682
9381
7597
7771
5543
11656
6091
12912
2289
5911
5233
2677
20897
22408
925
16786
3777
1294
20712
9947
15832
924
2096
723
11734
12005
1905
6269
11508
11201
8262
1530
4817
99
3631
239
4474
1028
10783
9121
2426
7553
6128
6467
5029
7243
7071
2120
803
885
2742
8596
9019
10666
255
2867
6350
2587
1336
17125
17399
18166
5056
7456
6183
1281
14666
13220
202
3891
3491
4242
5137
2661
1735
17115
4774
11011
1542
2694
10357
17980
3693
5272
18140
6250
10463
3266
84
5835
3830
3496
14829
6452
15385
805
13321
17422
14833
6982
10792
657
2845
5410
10226
6200
1496
16202
12328
4110
2448
17939
795
18888
14649
4130
7417
10831
3086
3419
1053
1989
12332
10249
12950
8199
2815
1804
5063
13322
9217
8291
7125
6411
21341
2740
2889
135
19548
4015
1300
18308
8192
11983
248
4849
1959
6122
4039
7613
676
10199
8978
3863
864
7140
9440
8298
17179
12672
5964
8574
8423
1169
11003
2473
337
761
6505
9262
10430
2628
1113
2055
646
3782
2023
7322
615
10749
6802
1386
13924
7799
12753
10383
13203
8519
15552
4603
13250
14395
9234
7676
5811
15194
1400
4456
14761
1185
1494
6301
4288
678
537
7606
2471
2188
241
14889
12225
637
4381
3764
13056
8993
1325
5047
2865
8357
213
2856
10835
1812
2459
3168
16607
3308
13216
14502
20014
1467
416
10715
11583
817
4868
1835
13258
2767
3982
914
2291
4653
6944
18006
14544
22314
17252
6517
12446
7743
7934
1379
2551
5594
7772
9743
5946
5071
8740
10763
843
514
253
3656
1545
5950
845
11564
10407
5380
2077
11663
1390
10596
11606
6908
4507
1749
9518
10420
2096
9731
4826
3020
10135
176
11162
6831
13269
12445
1052
7316
19477
7729
2753
9341
5285
3663
9988
18818
245
12043
14607
8144
2132
9973
7079
19244
4207
6521
9871
1296
4235
5944
330
20937
12234
8025
335
4547
23844
3282
1670
20990
15034
1600
14037
2973
3511
2882
8094
3634
1759
2656
3802
5543
1731
642
11195
11758
207
12138
13624
685
11545
1001
7962
4303
5662
11219
5898
9896
11601
11717
4594
8831
1625
7961
6514
46
11664
8355
23302
11238
3438
1567
2905
966
14125
661
12381
10259
5174
1267
5527
11485
7819
2099
17280
2632
11561
18900
6073
5563
10359
17973
4752
3487
2950
4214
3417
6507
15692
3444
21675
2195
749
1768
3430
638
904
7106
1092
19108
16872
13954
13165
12483
15258
4818
1055
13478
6519
8551
7802
8259
9537
3142
6431
14037
1673
2258
4654
11516
10183
3393
2606
3555
2307
209
5117
6640
5117
4213
11853
11933
6147
8353
4696
9451
3852
5387
326
3403
1388
4491
2623
1885
16315
6846
8542
2930
4949
7553
1270
10543
1648
6340
2728
5428
7178
11217
5606
1400
14318
21221
2481
10814
1781
4888
4776
14189
8998
463
3931
2099
1234
9271
7125
4289
6417
3281
13914
12656
2579
11368
19852
5767
2376
2351
5164
13233
825
5177
16416
5383
1698
16632
8023
5241
6683
22788
3496
5437
1892
3255
14427
5898
8109
6148
2324
7160
3179
5848
18001
13371
539
2749
9351
11318
3322
10893
2792
6950
2766
6404
9192
168
5964
5903
7257
14197
5898
4041
5098
1267
6207
2161
4316
1745
11083
2638
4492
2877
4004
16771
1669
2607
1784
3192
12997
11356
15023
5025
7740
684
1182
9494
8919
6290
13443
2883
2187
4294
9331
10724
17778
3063
2068
4416
6935
1487
4313
2168
18139
7681
2491
5225
16457
4155
2508
8115
816
4631
2624
161
12655
4263
6463
511
10987
15162
4134
1104
7658
805
6251
2963
2192
7489
12682
8203
2085
9836
3970
2160
12695
2264
4804
15703
236
5484
7603
5556
256
4548
4545
10868
3799
1677
5600
1578
3171
9323
9135
2085
14387
22237
8282
2221
4853
816
8001
4932
449
6863
3245
3842
5346
1606
3202
130
8018
13
8789
286
4391
6758
784
1444
3283
2560
2503
330
4027
9735
2738
6360
10177
3325
5127
1016
1001
1986
15311
8226
8986
3270
4728
6932
15101
7884
1959
4295
2665
9476
6968
11844
3038
592
6960
14499
2270
5904
7099
4122
804
1514
8734
35
3700
3415
4743
2470
14670
1232
3620
1384
13538
4563
19225
1047
10087
8460
4602
10395
16147
19745
5294
10387
3111
1661
3970
1442
5641
432
210
5882
540
5858
14906
458
5003
5655
6366
2731
10673
2637
7643
10595
11936
2913
10524
10173
3063
11720
20503
10615
13844
659
2612
1997
10902
704
2263
9415
1751
8961
2056
15437
8959
15775
4267
4820
8756
10497
11929
6587
5948
6221
14301
22612
11690
18657
626
15398
6098
1396
4264
3491
12087
5403
13360
9539
10597
3094
1644
10726
18684
536
14387
102
3659
5714
9664
1720
2066
6869
1447
15034
74
15282
16310
17758
3847
7114
5099
347
18552
15329
19955
562
17330
32
2541
6939
12653
347
6294
749
3560
11765
7741
12601
982
2385
3297
4977
6440
22974
5100
504
12190
7409
8045
1444
3314
8435
286
5827
7475
1310
7294
16548
12332
10366
15406
8111
1068
11956
1342
2810
1812
7312
6246
12817
1567
1015
2062
3904
7973
11613
6270
20933
13641
5348
6888
1275
10355
12586
11481
4069
10083
6922
5290
3854
7686
14252
3994
637
9644
22563
5307
4263
14035
2885
1323
8350
3590
1515
1093
671
4785
720
11699
21614
3429
2430
5588
2648
161
17930
3478
7582
17476
9348
3308
191
16319
10520
7776
11870
1450
2912
384
7848
3168
4955
13578
2822
7219
8361
2699
12048
5315
10117
1265
6260
267
11129
2522
7813
14033
6537
5692
1315
16580
8223
15143
873
8308
4107
14330
202
1318
178
10632
16888
16554
2481
994
1577
703
16790
4166
2032
2254
9408
15100
3393
846
59
5719
5854
21857
17143
5088
12251
7574
23984
4148
9056
9843
10850
173
494
1231
18237
3577
6837
8647
20535
766
15155
2572
9695
1777
449
1506
5126
7645
6706
3012
5202
5810
4756
7278
4136
3462
14436
6012
3425
4181
8988
6269
510
1050
3517
1575
3804
2792
13731
381
3577
13593
1394
122
5416
2821
6087
165
1465
1955
9969
5066
2774
11316
11218
6184
12106
9278
167
9283
6027
455
7480
5612
660
2211
2070
2799
6806
1476
711
1865
1545
157
1190
12775
7720
6379
6779
22072
15283
4445
2903
4405
16710
2197
4122
6512
2986
4652
5934
1166
2321
1436
16048
2071
1687
4058
388
10008
1675
785
12325
3322
631
4076
3025
4052
784
1359
9325
3634
955
7283
3987
6416
18262
8149
1843
434
11692
239
1404
6572
2166
13577
3312
1901
6294
3896
7353
8256
16647
7771
2528
4614
9695
12157
2030
480
13222
21088
2287
1727
1978
3651
2135
3659
8356
3172
15551
790
4644
2366
17975
2325
3140
4706
7298
5320
8532
5808
6633
7016
8582
18784
4941
16343
660
2673
5468
768
5550
1965
4220
5488
5580
1951
10223
4648
3387
3648
1954
5840
2286
3101
3711
2393
7318
2418
14006
5498
5382
539
12997
2759
16341
7162
2264
3696
2678
6150
17466
7363
1279
5019
2281
4883
2605
3572
8126
562
7535
5092
1457
4223
16343
6862
3145
16207
19101
9146
2757
9648
4738
8053
20373
16221
1639
3223
1905
1659
2789
1026
13281
10138
5782
3436
1220
5827
6718
14807
573
1888
1640
2995
1696
2555
12508
1060
1646
4280
6988
12097
7202
5231
13548
4117
5830
3414
8424
8078
5748
8947
6077
4897
8968
14785
19359
1125
4626
8028
15561
18696
7806
11164
8901
15399
5480
5439
12758
10166
575
5950
18340
1231
14924
4077
1131
11359
6228
566
10318
11491
5984
5106
8556
2066
1232
22057
23333
3717
602
2408
5868
1378
495
2467
5534
6163
15443
3244
6210
173
5691
7864
7109
1806
3409
3748
5085
1759
4827
21578
1977
5016
10572
5135
20945
1767
10331
15825
3773
4680
10777
4754
7054
3294
10325
4122
777
11417
14401
12012
4573
9179
2994
41
749
397
7034
8245
10869
7772
1466
10389
11474
4427
10292
9027
7008
2797
17210
14838
4378
23
3563
14408
2099
3967
11747
721
3001
11570
306
6625
6352
4317
5548
6355
4174
3926
6383
9369
17623
13626
9449
609
11724
6932
1270
6533
3358
3593
626
6583
5238
10438
2378
9423
11263
6653
6819
11270
6012
4175
10358
442
4594
6495
2342
15420
11279
4035
10631
2645
3997
14967
7259
4364
2420
543
8858
2586
4314
4887
2435
7008
7369
17755
10127
16076
14267
4664
1675
4665
14410
3734
12198
9646
80
343
10069
9008
16243
10272
2105
4382
3673
4797
2777
8133
8292
18008
1060
5226
21365
6686
6604
2185
3202
18871
14470
1115
1062
4795
1800
10220
17526
3962
9830
3639
2659
2394
5686
5792
15123
1237
3661
10709
142
2143
5944
5436
10517
425
3691
306
13839
6290
5029
5196
3431
20233
12065
3423
5061
5414
1404
9955
9591
1346
13817
7262
1846
1570
15631
3173
4929
2392
10074
10
191
395
2154
1137
4923
105
1121
11359
22
212
12085
952
3986
6074
18845
375
954
13053
497
6162
10293
21341
6622
4376
9949
3853
4709
6011
237
3560
4657
629
13732
3811
13657
4008
6916
3019
1381
7311
2864
1070
7063
1908
4974
4997
1181
6532
7003
5311
19656
4031
2116
5170
1172
4483
2932
1440
2472
4359
2697
21159
18788
7815
7815
1385
1387
1552
2825
2091
5426
6335
4283
9925
11869
5818
16726
10184
7648
217
349
9073
36
525
13786
892
22239
2711
4937
2601
261
4757
10803
15580
3385
6831
7588
12304
5780
7238
13337
7035
13895
6348
4048
4165
2489
3038
17551
4645
6879
2431
1038
1259
7566
375
3254
3351
10531
3386
11559
1119
11734
4678
9256
1941
6114
3691
4093
9505
16321
11198
2212
2013
13513
4307
2181
13450
2152
1110
2082
4481
7373
2486
2794
8252
3467
18400
4914
8957
7121
14545
13515
12877
4832
198
8178
15220
5461
1392
2892
3836
2452
2217
2406
16915
2109
2207
906
4090
2192
2975
1839
11
18063
11582
9731
282
5140
11447
12708
14694
3573
125
2661
12918
11541
14365
6528
12235
10857
480
5449
933
6623
7505
580
8317
1490
23491
15864
2543
4072
5336
312
487
5344
8910
3464
10125
64
13139
5503
17242
7818
10288
6606
2331
11288
740
1578
3638
5399
804
3273
6091
7118
3335
435
2431
1617
11734
13377
20014
4885
14634
4232
1869
10730
252
5079
21796
10100
2687
12936
1836
4330
11116
2207
4323
1119
12546
2549
187
16671
14509
6518
8305
11779
2353
3569
6637
21330
310
17782
4632
4053
4623
11119
13347
10960
401
1790
11227
677
7665
286
16960
16494
562
9444
22263
249
4699
416
588
3733
13665
4876
5667
6899
273
1735
1309
6907
11965
2821
6940
1670
13848
2135
7462
3458
15738
121
6185
9070
3895
6385
251
7674
2867
11229
3381
9215
3158
8068
7830
1539
5456
10238
1383
5202
4183
8235
2593
1261
4807
8327
15471
19214
2073
7350
11119
8258
3440
7661
2831
20118
8787
7049
8223
11595
4398
2472
6125
11494
6019
4095
85
14558
1745
15897
18853
1209
1218
4097
3874
2229
18089
2147
2776
8505
530
1791
8219
1434
6260
1747
15981
904
174
185
22368
6887
367
10582
1514
195
2947
9085
960
16846
8186
1665
719
2877
2161
6948
6320
17141
4630
1967
12447
13757
2870
11878
10092
2996
2363
22773
2964
20031
992
3757
8603
5682
19136
15120
7081
16028
69
1023
8083
7747
16993
7287
17798
1921
4106
1375
4103
995
2816
1375
16462
4552
5453
4797
6832
2117
422
234
18997
15827
24002
447
12915
3226
11687
6449
1072
13667
15209
8929
9112
6035
3039
11244
5798
9314
9175
5257
910
16130
14479
714
4474
11890
2942
22069
5863
10201
5976
4440
3919
4909
13069
1764
2593
4784
3790
2357
2182
2011
6005
1422
14552
12537
3088
3216
10876
3609
7166
924
7964
2894
3184
3985
146
13560
4672
1646
5410
800
2523
2200
7168
2776
11797
872
12519
1651
1914
4007
4997
11765
1397
2877
3685
11682
3777
774
5777
5634
4056
5269
1152
6302
2757
15957
4758
6711
5652
1469
14400
7119
3442
19241
2835
1623
5065
8607
5744
982
17867
4
19332
3729
7821
8572
17178
12894
12514
2120
1393
11781
6900
11507
6991
3042
5358
1621
430
4583
5683
5629
671
4485
3230
10309
4936
1578
9196
13879
15916
248
2295
6631
12287
4354
6342
11847
17660
2470
22895
10271
170
2368
12387
13381
1806
1139
17958
885
3272
9033
13081
849
8367
7699
2544
6622
5100
4113
21935
11214
1818
15423
2002
7000
12938
2527
4571
11799
17202
9280
4863
1101
8201
19971
10221
8693
2447
12866
15515
11005
17604
930
18136
6417
753
8351
1402
2604
1593
3512
16408
12369
4561
16067
11022
14126
6545
1125
5061
3829
179
7767
17288
8
4536
7957
6353
1076
491
10847
2872
6032
8959
10995
1664
14076
12906
11265
2950
21897
234
2733
1771
5185
2622
938
8211
6667
1406
4977
7146
819
15759
11577
8565
1261
3342
4411
5106
10206
6404
1127
8691
3568
2108
5844
5490
1637
7205
6736
2317
3094
3964
1828
8749
13128
7188
6297
3617
5025
7254
14208
4371
3899
5330
10546
20072
13264
1093
10375
23635
1107
11682
11156
3308
8483
2931
7402
4492
9108
7591
5172
5387
3370
6120
2434
8566
3860
4024
6288
6046
7050
8784
8908
6509
303
13887
3819
6506
138
1224
2929
1448
734
7887
2643
3136
1479
1593
12001
6043
6814
151
9002
2215
4515
9806
3454
4852
1125
10941
1062
7324
1502
7843
1324
20488
9365
5296
2154
13759
11402
7344
4328
23026
17407
2398
8108
10042
1498
923
3897
2401
1822
7073
1956
8674
4651
2597
641
6502
834
1114
7023
1486
1360
17048
8819
2291
15313
2867
8998
10650
8154
563
1241
2253
6551
3174
7440
13609
4215
4839
8894
9489
10782
11828
844
218
3812
13373
5292
20417
15232
7261
2267
9991
10046
1921
585
13145
7613
19163
1661
9822
1281
1652
891
18542
116
540
9677
2697
4640
1163
1767
3010
10818
18300
4775
10244
8477
24477
7394
5724
5620
13175
15865
10888
4284
13240
453
13652
5584
2225
5413
7368
6991
10025
10140
6691
4161
4289
2039
6694
15800
10633
11195
186
1125
4348
8790
1179
9258
11407
1013
526
18750
3970
6616
9063
13820
8984
12773
4791
1619
10698
10996
1814
3129
19222
13779
2311
96
10067
19450
1388
4628
433
3872
18991
16598
4382
10511
6154
4079
3685
4974
3890
1231
5865
9434
4058
5536
4637
5245
1816
7529
1006
12736
10363
18951
18887
7002
1604
5963
7498
383
4291
5137
8917
1505
5973
3140
3048
13609
3245
3322
4695
4652
1942
13651
12039
13699
3313
14072
15126
13445
13438
2284
238
11307
9297
7092
7590
10820
7970
2871
3773
13898
11139
284
1789
6831
2517
8326
2490
4058
1309
16695
10823
939
4422
1600
3575
10795
12618
2839
4204
12706
1337
7231
8558
1742
8459
77
8997
19481
10909
3119
1951
4976
12051
1449
4243
2726
6142
1968
12252
12497
12971
17038
1565
1658
2386
2424
5626
15191
15577
11897
6161
10018
11852
6430
9271
946
11827
1400
2013
10557
10489
8200
9017
98
6863
1152
12429
12045
10335
8448
4454
4483
15233
4713
11620
13874
1176
131
5247
14827
17113
6392
2906
13682
1344
176
8924
22608
6436
15045
3717
3223
3819
2164
2504
501
1663
6999
13566
112
7887
3231
17506
18184
7169
10814
2241
6074
1535
5486
9620
7968
23751
3061
6043
2642
3427
7746
6256
5530
12046
4213
454
8083
973
5655
6860
118
19435
3811
14632
12038
13648
1888
1739
18469
10014
7843
1491
2835
16734
3709
7231
1125
8880
1321
6619
1709
8538
2084
8740
8813
4122
4737
4116
1157
21726
14580
15785
3821
15999
161
4241
7563
686
4425
19324
20523
1806
4487
2625
15004
10783
54
18714
18814
1125
6448
1125
12954
1374
179
3791
3962
3688
14060
15469
11150
6912
4023
747
1611
7971
7874
8436
6805
1269
7319
10427
13213
2968
1224
369
15371
4673
3239
12115
8880
16681
7518
6611
4546
6006
8873
6908
1364
8373
8366
11426
201
13222
14700
3841
840
3931
1237
6695
11716
7340
11353
4395
862
3879
5288
6712
9838
13780
7960
1431
6636
7872
17668
19901
7061
15131
7542
1797
5045
6414
1547
13427
16851
11583
406
1125
11090
17942
13771
10716
2874
1401
8274
319
6003
8100
3172
8150
11876
14115
6338
3835
4807
10257
5565
1111
2247
12482
1006
2114
17906
7842
5875
496
18527
1822
8469
9956
14978
12389
3162
9788
4216
3820
3970
10667
12341
9399
85
16286
4241
1982
1822
4040
4294
799
1002
5569
1945
3757
9545
16314
7791
11032
21454
9577
7342
2650
5862
10232
1199
2506
8072
11012
492
8799
660
3260
7765
7240
6712
2482
3839
13176
4978
7041
14781
4232
202
2694
48
2073
793
2551
1638
230
9229
617
18179
192
4284
10339
16089
14959
7727
4233
4812
8803
4244
3878
20076
5625
147
2398
2872
2078
7577
2501
1735
3816
6154
9385
1156
1719
600
3177
16806
5101
4478
14371
4010
10558
3562
1880
20395
3272
16199
18827
12768
14757
1770
12515
15972
5307
1633
6505
3970
12122
16535
586
34
9125
2481
12212
3002
1816
10716
1725
1653
11697
15177
5892
3231
418
7002
11302
1
6438
10054
2384
5502
3716
15192
13829
3019
6697
13368
8026
6893
18384
12100
17070
16701
12906
4500
5697
4371
2756
1647
2710
6737
4798
1513
1854
17435
17630
15806
3050
6402
2549
6573
15158
12443
1008
4356
10594
5949
5998
3391
294
3832
3622
16723
17903
3227
3210
13572
1964
3870
10304
1254
8354
5730
22078
4511
1483
10388
1883
7629
11638
1811
680
5824
7631
3915
13251
3877
18240
7746
6635
4899
575
23144
10151
6660
156
846
9995
6820
433
1584
10507
4310
14749
2992
3336
411
193
14642
199
1068
14463
1536
20695
15988
2610
1623
5512
13515
14463
11685
11163
10603
12815
11093
2064
22331
13713
1803
2197
2114
401
2312
1537
12857
986
4624
4366
309
4955
8454
4067
4660
13351
6313
4703
908
4348
656
10863
854
4781
2087
2294
11797
11298
5512
5441
180
284
4746
3353
1305
730
3327
2760
10284
2451
6229
4480
9444
8962
4543
5685
17868
2270
59
5933
6882
4467
3082
2845
689
437
18074
3382
11184
21119
4045
2621
299
8456
5095
4298
4281
16803
7861
1742
15814
3241
8478
1920
9746
15480
1590
1861
47
747
2333
556
19732
8330
850
448
13016
16301
14804
3183
6294
12768
2154
3374
17036
11162
11774
1733
722
2082
4796
11614
4964
12089
4052
6472
5437
1461
2308
8506
5930
2575
7168
12630
6946
1421
6133
6649
7126
3538
7910
13600
11376
406
15872
14663
3730
16011
7925
389
2824
3312
3936
2254
13741
4755
9811
1463
4558
2292
5301
7951
3880
3209
6242
4044
8703
16139
2594
4221
5794
991
12881
9491
2153
6850
3252
6787
12597
1041
3423
1522
10743
5434
6373
3194
13737
2350
1794
1732
11790
14235
5496
55
14279
1521
11325
1907
7446
322
11761
1224
2710
5178
12493
12530
3790
3918
1987
1172
11723
5786
442
2126
5476
2756
6061
5957
2385
2375
17604
4607
4742
11953
22040
12842
3228
3674
1844
7404
824
5223
10157
539
1772
830
9396
5624
1489
8399
2429
3158
3507
17706
4834
1586
18466
1321
18049
1374
9112
3883
2234
8794
8280
4423
286
131
6188
2335
10452
2793
1630
10749
2051
15101
15341
4922
10894
13781
11238
9889
19296
1933
20153
5418
2047
885
13737
11315
5345
5451
10384
6997
9619
1701
6974
13410
5705
5760
91
6964
5139
6510
599
6492
9883
866
8391
1125
6825
1266
5685
20076
91
13060
4651
12253
3597
6039
10005
2001
17233
2700
897
6054
12021
4149
12025
3850
2161
7741
19183
7706
105
6268
4431
6700
14644
16668
5909
423
9550
463
1405
1000
5350
6232
19270
3792
6873
767
4910
2849
10572
2038
5210
5350
13854
5299
4295
18409
10701
373
439
10844
5746
2340
4394
19437
7297
7177
2493
14157
5417
13065
3949
3384
1648
11685
12581
14267
17508
10808
7283
9750
18891
22168
6491
5174
13578
4201
6156
16952
1970
12416
655
2744
6689
1654
465
1451
1835
4790
2837
4063
7937
19196
1401
5724
6802
7676
10977
3861
14490
2077
382
3606
4369
13789
1621
17496
10826
469
11339
5565
4129
13133
1318
7416
5279
5858
146
15165
10797
20793
78
9523
882
7000
3994
5095
12032
8
19299
1061
6116
4055
8272
772
6998
3036
7062
313
10546
5172
10752
12164
1121
8848
1481
4756
13157
2880
10628
9329
2458
4277
6487
3206
7461
3716
12399
5685
4906
22339
1593
7063
6287
4658
401
8202
19487
2094
9930
17
4051
11905
13707
5970
7793
7492
2101
6207
910
5913
10419
1291
15717
13509
12483
393
7114
1369
7913
11780
6875
16229
4333
1111
13473
8355
7593
2066
1476
7270
15905
2520
16193
1427
8275
2501
154
5364
5542
5802
346
5573
3492
2450
9539
6707
529
3573
1288
3098
7942
3296
3007
4696
5285
3990
5902
3310
353
2090
1860
7671
2652
746
7232
1511
13779
8511
10649
21179
10462
19462
957
2741
10587
545
1607
12269
5605
5133
1302
3926
9499
13490
11143
13664
15875
5261
21222
2040
1253
5577
6857
3287
16424
13172
8757
6300
5955
9970
3822
14534
7623
18464
8395
21869
11726
9083
6004
3917
135
2422
7241
4286
8654
7042
7751
330
1315
137
6265
3681
10058
3765
21080
9914
3171
20118
1087
260
913
4171
6465
4585
2564
402
8499
15479
1507
7615
4428
6373
11413
172
2380
5060
7760
5368
7257
5719
9850
7712
243
2264
17857
6489
2783
97
3752
5690
8253
20359
7846
4757
1186
9707
22
7102
2791
7514
17009
1071
13540
1105
543
7276
2359
14306
9505
4802
15435
5804
14387
4442
3160
7942
1198
5589
6265
3161
904
3637
16495
14607
7167
11297
175
15568
9056
4267
6429
16740
229
17618
1541
6757
8046
1561
11733
7346
1031
5116
718
380
7695
265
8725
10454
11397
1307
14632
10998
14601
6137
10879
8083
18861
4203
12456
6134
13678
10009
2862
2175
4996
353
7554
9697
4408
15328
3746
3113
15004
12438
2281
7594
2223
2612
5379
17660
9132
8451
2041
13005
7127
9937
20165
5931
10301
216
9960
3096
12163
1248
8488
15113
3780
3707
2409
20565
5955
1419
5779
3013
4835
7521
2316
6542
1809
12164
14273
8780
17362
2752
1186
10624
16073
290
13475
161
1745
8363
3463
5729
275
3484
8704
6599
168
11068
7182
1254
7828
9039
2900
1636
8037
1302
9862
8613
5153
8301
1203
2954
18834
2790
13408
13412
7136
6345
13619
4603
3116
18357
2698
2357
4456
2270
9917
6650
4367
36
2139
457
348
2619
1439
2380
4674
3573
1301
1242
5745
116
2056
7486
5176
2703
1281
3415
3403
425
3740
18712
7220
12999
2893
4300
19684
9803
510
2447
1937
4705
8691
10139
2797
2057
6086
128
7856
9881
1143
2167
3
1162
942
4182
11057
15403
21028
19891
14157
2358
8187
1152
19847
1768
324
3086
290
14882
9016
15672
3067
1518
5276
2256
9741
1707
1419
779
2215
10121
1243
9853
2111
15255
12501
31
4487
4532
3528
21403
6469
295
4671
12441
770
4950
1742
1033
8060
2014
1588
13116
3230
3512
9625
7311
11627
16370
18242
10404
5701
2191
4631
7912
798
14161
15353
71
5066
10588
6968
1081
1578
9298
1384
12567
216
1009
8516
9327
6634
630
10919
3816
144
14198
1337
4191
1939
1890
10424
647
2783
13342
16494
964
2464
3490
3619
4042
1266
923
5642
8
7712
4450
6056
8763
5083
2845
11236
6081
2221
1037
12011
7041
6995
289
8987
9075
6258
2779
7294
6800
2362
3973
109
7492
3137
1376
5109
5315
6275
10670
6041
3536
10876
2686
2433
15080
2603
1884
6656
1115
9593
8096
16882
2623
56
780
293
9881
3952
13838
214
13648
6753
2037
4403
11962
51
13411
6101
11163
6367
8233
1846
11524
1756
12849
11733
506
2881
7486
4264
638
187
14814
2561
1363
11832
3540
2004
825
4415
6079
4127
2345
9634
14214
5649
4702
17622
4455
12212
17225
15664
3422
3148
1999
5010
20525
4159
16328
11277
11945
2887
9995
8640
3263
488
2349
11145
137
2404
2154
7616
12121
10085
17753
11470
6554
11414
2504
5412
511
327
20737
6370
14281
16840
1243
14873
3509
723
7921
8192
2359
15240
19310
3425
7779
1774
1687
17176
2941
10363
3929
4193
6221
2187
1316
4591
18628
5701
5114
16178
4517
1832
3327
3080
8798
11374
5433
565
4291
12983
8504
1649
11413
16431
3176
773
9623
6979
14106
4993
14489
2349
705
9127
12734
7100
2718
468
11405
19058
5280
2972
5843
14607
1474
10087
8713
3306
5841
107
2831
3409
4845
871
10472
6984
7659
6742
17284
14336
8479
2089
5138
3224
19970
842
1905
9185
9103
13003
3391
602
13692
1285
10230
3637
159
2982
611
989
2470
12224
11688
20517
6011
821
5027
2638
846
9958
496
6935
6218
2571
20326
5927
11313
10587
7183
16081
17690
6903
11229
6455
1722
459
7557
7734
6086
3969
5494
3732
406
440
17013
16461
7897
1167
2480
3083
7285
8897
5435
18423
2161
5861
1195
81
1637
10853
3423
629
14267
2977
6083
10918
14956
11277
2204
15323
6565
3280
2297
4204
1222
23789
2874
17599
4723
772
6567
6444
16612
6083
3881
4633
231
6735
13454
3677
9225
11498
1886
3280
2438
10895
1967
19553
762
4835
5798
2907
21160
9142
11643
2076
6031
8846
8765
4340
831
3614
15045
3924
9722
6666
17941
2458
262
21113
6457
16404
4935
3110
6939
13006
8008
6708
7736
12534
245
7787
9440
17595
6750
5166
2112
268
10844
2540
2077
9919
10803
573
16288
8769
851
2938
3550
7766
2170
13297
5265
3026
10079
2715
2718
500
10333
5128
4126
1365
1667
23806
665
8558
10589
5611
1308
5262
5529
14013
213
7543
4105
2978
12088
892
2749
16343
656
718
4549
3853
5231
19574
6771
21777
9857
8030
1292
6033
658
436
10880
8487
2232
11091
11252
836
20261
1953
14068
12806
165
9834
2041
7262
4786
15797
11437
6078
10607
3491
17312
2235
6394
1568
20277
4263
7275
2723
767
7223
7449
765
16547
12585
17949
1357
14869
10803
2313
8109
6544
11820
3140
1983
4044
19796
1081
2254
2136
2905
802
7015
14026
5614
1282
19955
3682
340
1069
830
8394
2106
8052
3615
8436
4625
3034
7200
700
7738
2242
8060
2441
17005
1910
8261
4196
10849
12708
234
2240
637
4431
18902
3376
8270
1409
2562
12518
4984
5739
20436
4460
4608
804
6395
5123
7541
4234
2755
12412
19602
9137
2981
13064
5132
3739
2505
3181
12230
4837
17395
8993
1680
3492
4005
11362
5841
16367
10608
672
13567
6357
2386
8079
853
20392
374
5348
8858
22
545
10145
1698
7202
15194
1056
4045
9056
8780
7234
5616
3031
107
818
1601
18349
7657
550
11314
3872
1251
12769
6092
1357
2073
8412
9886
2459
13638
3778
7757
1247
9617
5925
3525
13990
484
2258
10330
6090
7943
1543
180
4197
833
2757
4248
19823
14785
17228
2914
5014
12791
10839
4135
16571
19925
14479
13355
12897
5439
18668
5915
16038
6522
4795
2900
17196
22600
5769
11026
7618
9933
2484
3230
15848
7255
1675
2615
2387
6868
6896
848
6544
14343
5485
6360
3887
5536
8557
3283
2979
8903
3278
16155
8264
3800
2726
16606
5319
6733
1887
2013
3439
4405
1829
10673
22730
17217
12401
5663
15841
12342
466
10703
16489
6434
1515
9295
1977
16617
8581
7277
8580
15256
1538
15825
290
601
2159
8190
19835
726
2406
1856
2649
3613
19102
13879
7092
8421
23131
127
2085
4099
12318
16977
1532
7521
4486
461
5616
17532
1506
1884
19874
8367
4278
12433
3031
3401
1548
1542
5183
1415
7391
5510
9820
2330
8846
3953
909
17692
2703
5388
20603
22686
4669
14476
6072
3079
1264
1512
14781
16877
19357
8310
1318
19867
6993
14238
2145
893
1551
7505
6184
1991
3053
10888
22855
2438
2434
2260
2435
7771
1255
3057
11044
11925
5168
1698
2074
8188
4269
6869
7657
5217
13003
5489
15201
18228
4082
6782
3160
13112
9124
516
4025
2934
4899
11698
2105
2189
2877
311
4919
3594
13090
5194
9200
309
23512
6762
11566
2064
2848
16029
9760
4644
12599
13554
13289
2955
13276
7601
5217
8973
11499
3714
1851
13193
8960
249
6455
1817
381
2438
8109
9343
1667
4608
3572
3575
3574
18025
4837
442
5057
810
3618
11277
270
7797
3807
651
1114
10928
6205
656
2082
8735
1684
3639
8869
11092
7159
4769
12327
9251
1634
15710
12620
396
14181
391
1259
1216
1950
10472
13450
14178
16055
4367
2042
7074
13342
6310
11844
7298
11856
3426
618
2845
16123
1707
7489
358
21724
1766
3594
2163
23085
7988
1980
4556
2483
5319
5278
8990
9032
595
18679
2200
8611
4119
1
6835
5434
486
8862
6391
1874
5928
5332
4529
5419
18819
11213
1508
2026
474
7717
4662
17398
9959
3673
1908
1904
12744
1285
4104
5204
3523
949
887
7594
1335
6598
19812
1850
997
16431
766
11579
6006
8647
19260
7631
5321
1225
704
880
5984
21214
583
14779
19269
4206
2053
15709
14235
1065
4228
4295
12602
1032
10855
5519
597
349
4604
16771
2433
14209
6829
11182
2332
863
5835
7815
5002
13586
683
19740
116
6405
5271
7041
5310
3933
6813
534
3005
2948
3234
911
1333
22453
7039
3055
16395
6015
3259
1739
1199
