5096
13473
4658
1195
7949
10351
6859
10029
3827
2372
2797
4546
2139
2046
4876
4854
4064
14837
3900
3737
12927
8221
4113
5605
8433
2311
18107
12185
3933
10307
688
1156
7057
1007
453
130
8348
17895
3756
14444
8958
3428
9176
5141
18909
2573
2768
1378
1633
3739
22518
253
4489
4711
18981
9110
865
7889
11486
6314
8366
8108
11305
3961
15625
2205
5703
550
15366
5681
10568
2459
6215
15658
4992
6987
9082
6388
10990
12498
17339
6217
3735
787
926
6322
2047
1336
10369
6273
866
17492
4693
11730
3193
4175
9279
5017
9252
4720
9734
1121
3632
16179
2090
4911
13957
2306
919
10052
2
1015
8303
3449
4534
1779
447
17348
6874
14648
9146
9305
9001
7077
62
7933
263
2748
20088
2869
1828
12830
10714
20355
40
5331
52
3501
7071
10832
1146
9144
12550
4381
1331
168
13841
7161
7291
1917
6059
21374
2921
1199
9768
5704
8247
2410
4566
5936
5562
2122
869
2710
5779
10092
1263
7597
9835
1921
2044
1633
3219
12349
1903
12719
7562
3451
16826
6604
9934
16693
1198
7473
14623
15311
12653
239
6562
2563
3174
4261
194
1077
10923
12382
13681
6619
5132
10366
8282
4619
119
3579
781
938
8269
1958
1180
2132
194
1428
10356
4872
1594
496
4025
900
18644
2777
24
5634
2395
6014
3475
14973
8866
10858
893
7907
879
11222
1371
1324
15981
3571
9502
11504
7878
13001
4007
10933
8538
854
15604
4751
6623
6165
14713
10300
4752
21850
7961
4010
6136
13122
22244
3295
523
372
17856
2926
20755
1577
1364
2229
9924
3030
9550
5670
5014
4060
16061
4689
1583
15574
2357
1314
6400
8564
8661
89
2719
10300
1593
3485
4318
14652
7299
14958
4423
11571
18393
15492
7259
3176
4910
10759
14088
5514
9096
13924
11115
9287
14625
20532
20255
10376
736
1285
3322
2782
12838
1539
6759
20577
13019
9596
8640
10073
17095
9533
3359
13972
10163
15164
2435
8891
12069
7843
9379
1200
8515
9949
7049
1725
1053
7978
21762
5802
19895
4022
13211
685
4503
3095
5161
30
600
12884
4270
383
2501
468
334
7720
2231
22234
338
8639
12196
5991
3478
10493
686
11269
14612
10425
1271
3828
18813
4872
6218
6107
18823
567
9387
12584
22480
4384
1763
3836
2380
17614
7422
1644
2338
1494
13415
5653
10255
2718
11603
7763
2262
12880
10028
598
6181
2949
7700
13200
6247
3114
610
1709
311
5194
1662
21970
6114
9266
699
154
10394
923
378
3689
18873
5965
4522
3194
14538
4678
100
9092
7086
395
2967
15906
2838
3675
17015
1581
9248
5866
4709
12965
2908
8110
5619
2411
11236
7941
1001
18091
20530
2458
4238
7800
15957
954
559
295
9945
3101
3560
3227
2773
2064
2638
7387
1607
7442
7648
1036
21243
5183
8036
9730
1478
6177
6874
315
3645
4737
18127
18970
2909
3504
2938
20169
6934
233
835
4368
2214
2954
99
5294
9329
16882
974
3538
5753
3199
1501
9884
765
7755
4130
6820
2977
14981
2792
1163
17651
4057
5824
177
1552
12085
2868
4608
4456
10423
9890
6403
5573
8227
11946
271
11450
17731
2464
4797
4844
526
12366
325
1664
3903
2168
10101
1336
8187
3749
60
18042
9481
14771
11796
10452
15252
2340
16893
7377
12834
13923
2383
19853
541
13105
2418
3132
12485
1262
11254
4055
1255
1926
5657
568
12171
959
3004
3493
13542
5204
1124
5771
3934
10388
7064
2700
4524
1001
13172
3741
10089
1371
4262
4847
643
23460
1110
13548
7259
8360
5624
9356
14273
6377
9739
10897
473
1584
360
1123
7058
19274
17471
3640
4886
751
13360
6587
3138
21826
13506
9442
2037
3049
6743
2799
487
2221
13062
7260
5176
2840
10317
3246
5690
19846
5244
2673
2658
791
11087
13376
2988
4668
11137
5416
5829
2341
9159
21050
9578
14540
16515
11609
13565
3047
1411
1864
8128
12809
6118
21482
7168
4228
4982
3219
423
8525
17259
13656
1067
1021
9277
16396
4065
1664
7407
3203
10260
1610
11063
9423
922
14776
15325
5108
2128
3392
3606
4343
10335
9551
14752
6822
193
2226
1603
15835
3134
27
3658
3447
1929
751
9186
15451
1018
21430
2482
1574
3954
4908
10414
5914
10495
11952
23457
23268
10672
1023
4316
364
20062
6528
6078
350
14453
2520
2350
17552
11353
3071
4510
3160
2179
1775
2543
787
576
6466
7829
13883
6218
844
5451
2244
11058
10921
5281
4797
15637
1406
7691
11198
1634
2803
1453
6423
1843
8363
5020
16284
6327
7328
9827
12649
2006
6520
15079
6011
663
4019
1694
11956
821
9105
240
7472
11199
4782
5499
14741
10341
5649
6138
12297
2418
322
5836
8318
3294
1287
753
2186
1687
9319
12334
10834
4276
3059
10890
4600
2220
14404
2091
6300
16194
16268
2310
7855
13776
4154
9438
7599
170
3131
17196
13347
3432
15842
8931
1089
6762
3660
5289
18446
15965
101
16314
4642
17585
7494
1367
5827
3229
6382
224
285
1000
1991
3591
1914
311
6227
13074
8708
20372
11012
297
16509
13993
10781
9350
761
3478
8577
24447
8331
7055
160
2011
840
1642
16733
1586
2810
15697
10161
4399
17154
9621
10172
6362
11078
4692
7658
8640
8153
4488
3327
1012
9791
6265
6623
5385
1730
7900
213
10828
1399
9535
2421
4663
61
1520
8823
5189
3711
5536
3871
10532
10911
10505
3158
3854
16451
7853
3259
10326
3186
507
22596
3616
3004
2418
18978
8212
5883
5533
1587
6212
1284
8447
5638
3035
2278
3645
1001
9552
6083
11229
10666
3083
17856
10192
4541
3706
2959
8439
1101
473
9186
6575
11740
890
10644
5312
2905
4962
4831
9816
788
865
10579
12883
6359
980
11773
9241
3713
2056
5376
599
4409
18935
7587
2122
10305
765
4968
16010
4888
3150
2004
2870
21668
8849
5523
8536
8089
10248
7747
10550
12978
2455
8101
12120
12085
11851
13243
6551
23845
334
1007
785
4417
9299
6357
13160
9889
1542
4295
6443
4813
8739
9497
2453
1206
3535
16762
4035
3986
10629
4031
2680
2169
2236
6443
4350
156
3921
6153
14100
16611
4890
2279
5914
1477
8367
3524
5946
10107
3611
1151
325
370
15897
3732
19021
22119
12042
19886
4206
8892
19002
2382
4591
1496
7114
4835
10822
14640
17609
3698
3423
4374
5451
10583
1404
311
12606
22682
3871
5137
3471
1340
8568
17811
8042
829
216
13629
14284
13241
1053
1806
3160
7724
7774
16457
7512
5276
348
895
652
6091
7450
7933
2594
3063
15640
17770
2104
7413
2118
49
12875
6338
7444
4508
5268
445
1200
2488
13147
6724
8831
8904
8578
4159
8564
5982
46
11817
6661
15835
167
1614
12067
3753
2822
1687
8377
1066
9135
6761
3608
6192
1797
4934
730
22659
65
2892
2514
166
11915
7733
9510
7317
3474
1017
1041
10211
6392
2689
7149
3859
14631
10201
13979
4388
17702
1070
1444
22
1605
18722
4812
3208
2639
6162
2321
7189
11295
2238
2338
8382
687
270
3833
1030
3404
495
4601
9552
7660
14372
8822
945
4386
6635
1055
14750
15295
3411
5443
2841
4051
12587
2458
12992
2685
70
1542
237
3604
4280
13626
5641
473
6661
21188
1989
82
14082
1977
14534
8415
11110
2748
2870
8347
19282
2202
8406
2795
2055
4833
2362
7440
3555
441
12899
113
3889
1858
2709
16204
4284
1031
1823
2599
3002
1732
14255
3431
520
6310
5674
5537
1481
9698
1885
430
1386
7811
12249
754
17534
2050
6865
6226
7501
2063
1761
498
16209
14877
14692
1017
5786
10553
3937
2986
6617
14363
5116
4082
1412
1159
6270
7370
11848
6649
5917
166
224
2484
2498
5615
8497
1196
9973
7036
3801
3442
13500
6915
11512
19663
5125
15467
12383
1374
7524
5766
10812
8244
2724
2144
3928
18533
5665
8105
10354
6684
10488
1820
301
1657
3688
5168
655
719
10886
15474
1018
15341
7476
4793
10153
20831
5895
3310
9829
5750
2369
2367
14152
17513
3225
13659
5217
2403
571
7835
12355
20564
15752
1689
1679
4044
3324
10134
8826
9671
6302
1443
3113
11034
911
1005
5663
8374
112
7455
1176
2160
12255
14606
2008
8829
1231
16026
15091
1490
829
6742
10094
12149
1812
3903
8618
3305
10371
7582
71
9463
380
5747
6366
10621
6513
13037
1659
5575
11866
11800
8041
2740
18090
11262
1389
11291
500
3272
1685
5038
239
13728
1609
7757
4557
9058
2543
3052
99
1376
14278
380
6686
4397
11153
1916
5752
1019
1234
5197
4406
4245
6360
15552
1321
2573
3612
1092
1638
2173
20695
5268
14502
18703
5606
10712
4206
1300
21857
2744
772
640
23179
2458
6779
14596
2739
871
8749
6829
6447
4805
10685
9671
5968
424
844
2865
9081
5006
13872
5529
19508
1182
16911
2157
3522
3061
862
4827
20025
7816
2951
18263
1993
17475
16516
12614
572
9755
6068
6326
6689
11889
11884
6043
4115
7499
8165
904
6015
3415
8402
3351
6429
9056
2803
10485
8704
3361
5077
1327
1383
4150
2315
2771
7484
3881
13106
8175
3094
2845
5430
5098
8243
3191
9473
2430
14857
5594
1889
5446
4849
13785
695
4143
5177
3460
5542
1269
13073
157
434
2933
7914
411
10990
2011
12254
4351
4472
2875
1276
3526
4825
713
5572
830
978
3231
13357
14393
2843
10596
15325
3306
4446
767
7853
7026
8363
9006
14491
2311
18500
6376
6994
2084
5981
3636
9553
1458
15112
2002
3036
17035
2603
5404
5999
368
10214
2066
3365
5033
9241
17196
849
11678
8902
345
21944
3907
3588
5145
8922
2109
8870
1600
12082
356
15062
6569
1883
4263
4071
12919
5051
5572
2687
8557
264
6906
19478
4898
4594
11753
6578
364
13584
3950
2319
10375
10824
1903
2150
11284
11237
7320
696
8727
8550
10713
1095
10714
7832
3701
2050
2462
599
4722
775
6589
3178
189
4817
52
9977
11623
2346
10020
18326
11186
5482
225
1886
12935
3983
23929
3038
12402
289
143
839
5980
12424
12389
6365
5199
2401
8431
14966
4470
557
163
1356
11415
12830
4831
3880
254
825
1598
3486
8608
19609
7252
174
1976
4282
15642
6269
7111
5972
20047
1739
7902
5171
8687
11640
3727
6870
1936
1732
2225
6067
493
2495
1856
11270
13142
1079
3681
7601
11425
5707
2951
3561
10538
1272
8425
12691
6861
4722
12144
18597
10411
8273
2955
668
3770
7439
6301
1138
1978
8928
18754
729
7738
7646
16087
19610
2329
12770
424
5144
4935
6768
2273
15556
19857
2459
4616
14308
6848
3322
3880
7488
13676
482
15584
7910
6666
8764
6507
5660
4906
2739
1014
3615
15489
5326
4935
11808
1167
9892
2092
6691
19673
4501
7962
6735
4993
1295
5879
11490
7920
15414
18080
4965
8263
2139
7235
2413
3672
4038
764
2115
839
2784
2819
3587
661
6308
12506
700
10850
6281
4507
5266
7764
11114
4045
5417
2110
1568
5952
7158
5359
12112
10334
11935
3651
746
9573
5338
5260
3363
1955
5121
12262
700
13936
384
7501
994
7674
2277
395
3202
9162
6341
6459
5369
1268
11168
15476
12249
4146
4343
1534
20636
7639
16953
8705
3075
6867
3969
18693
10368
6729
18876
226
6933
1121
14613
21105
2419
2275
2541
10139
3546
14594
2743
4700
18256
11033
4927
6740
1815
7235
3413
3259
8877
5787
19959
20355
9116
3944
9223
2399
1181
1552
15331
8411
17955
6296
19159
4047
590
9963
12089
1833
5997
7557
14523
9254
14036
23054
301
8701
9648
3721
5449
8532
2207
4824
1766
26
2603
2442
3222
3473
1381
9439
4780
9553
2968
1704
9966
5626
2642
4615
1851
368
16076
1598
2866
11165
1230
239
16737
401
8015
16994
17804
12256
5839
960
6612
7507
15325
647
2136
4952
8826
16576
3823
9910
11385
5273
7398
1219
3676
7105
1999
9504
5331
11193
8202
1043
6501
7220
11846
11561
5998
6243
2621
4138
12478
10613
6445
10333
1021
9934
18751
11930
1915
6383
2332
5943
3778
5060
16536
10989
12296
2539
7343
14636
6274
10212
16031
3578
1194
2884
10864
485
6863
5881
5730
10721
14205
7726
1780
2513
3337
13547
12338
4960
2988
19279
957
5503
7953
3912
732
6650
2448
12627
4454
4657
3865
15102
1538
1367
1043
2520
9615
1865
5404
1403
19849
3629
6993
15663
1296
1005
1261
16660
3030
1683
6816
11274
1187
20210
2008
1868
3832
1262
6942
138
7858
2186
3798
6910
1730
2842
3763
4064
18089
2391
6969
17135
8382
1744
16869
4351
84
22617
5333
3906
10040
16129
18980
12260
3489
3518
7278
8890
1515
7712
12281
749
1251
14785
2338
2588
4944
22782
155
14712
6166
4051
1657
14047
3803
1588
9930
10435
4590
7533
11846
5115
1763
4917
7078
2681
5137
507
8839
11576
177
1746
1276
1876
6347
11883
8651
4586
1498
10557
22153
1106
1402
6254
8286
3072
5684
1803
16081
2230
652
14633
11170
3012
19290
7050
3152
17520
14489
15541
2963
5572
13711
1692
930
17360
13981
5808
1115
3919
450
1252
1153
5225
2772
5333
11452
5872
400
9001
7880
1466
1089
2731
1102
3954
1679
4667
7473
16718
5890
3130
15925
5760
2805
1087
9064
792
3166
8687
6994
868
4854
6473
2955
7571
8689
4025
17072
15668
15699
3288
15389
5984
4152
209
14233
2082
17456
1177
20163
6743
911
8079
5492
8300
1572
19321
7940
2377
2356
10730
13310
5967
2580
6185
6204
17572
4223
11578
13586
6461
4027
4077
6813
2535
2089
128
8725
10176
3382
607
2538
5219
11275
122
1208
9043
4739
6307
1602
16134
9763
12133
9723
4597
7242
22470
16013
2010
5666
3323
12220
9797
39
279
1463
13125
20742
10558
11880
16634
3090
2858
3599
5054
4969
18277
1198
6955
2592
6626
12441
3940
2464
7252
6975
1120
593
9873
4446
9206
13728
15938
7376
465
2924
6546
2430
14124
2106
4023
4907
366
1728
6266
8470
6972
666
734
5297
11503
11037
11301
8014
9036
5396
2922
1099
21066
22769
2581
1211
1781
7590
6409
5925
5533
2972
5416
11976
17435
12095
16379
4
1201
11579
2000
12466
4709
19793
5899
5057
6250
10266
2255
939
8338
5226
7812
363
3928
12812
963
14991
3640
556
2251
8394
4189
641
1055
1696
8930
5295
1694
13758
3956
1457
8056
13552
3774
6124
7545
3784
2498
8607
14156
4489
3250
2263
2318
1471
18633
8609
2127
5091
8966
3085
20745
5041
12154
904
9201
1690
10657
7072
3127
1126
5651
7090
7522
2829
12086
9591
4576
7740
5720
3014
3177
8864
11960
107
1140
5894
10205
2004
11004
11707
14636
4090
13351
1647
4600
1816
4009
6916
6448
13994
2729
8136
15684
6789
8871
3462
10042
682
1688
459
3889
4060
7527
3536
10359
2430
3997
2487
15365
6408
3574
3427
12580
237
103
8483
2232
22114
2589
100
4781
16
4158
12844
20228
5842
10655
337
11221
1287
5398
2280
13202
17327
11870
13920
8962
11121
916
7726
11524
7789
10324
1426
3898
9608
18527
2679
18756
914
626
3269
734
15370
5178
12153
6343
4986
52
360
3726
7165
1259
1412
5016
3137
298
676
9503
4743
2518
4408
8336
1910
179
3410
460
6043
2618
5831
6708
6821
10601
7054
12791
10079
869
4141
4439
1067
4484
6377
2819
14304
7757
7938
11741
1047
12946
3776
2651
562
3103
16580
17902
859
2063
6380
1369
7941
8981
10224
6641
181
19762
1118
856
17721
2759
2356
832
11549
6135
1392
12404
10696
17346
3532
2440
6159
3471
15483
267
19346
4380
13782
244
3443
7163
5609
8488
4719
15538
974
7981
2081
7277
5564
9427
4880
4163
2838
9345
16688
1413
12231
1425
3813
3393
2511
5503
1479
3131
15363
4814
458
257
821
1531
2087
4462
391
20420
1556
5469
8745
7768
4310
17948
4114
12089
7713
16943
14606
2385
1513
10729
7429
13315
2755
5919
875
2033
1156
164
5134
2868
479
13171
1500
5763
2989
15945
5150
4526
1341
5877
11549
10814
2545
2114
6723
1948
3466
5187
12852
16973
6892
9498
5742
3441
1973
7471
19024
1107
6146
16644
8099
18975
4216
5101
20310
8124
1799
12954
14855
6626
2481
2760
4382
1565
4852
7884
1613
16
10558
633
1944
2666
2349
5542
608
19893
11197
10631
69
3972
3317
4781
7538
13204
9406
2301
6448
6091
666
7134
4612
7486
10046
994
1071
286
10623
9054
4580
6943
2312
13701
5121
7211
6162
9973
9031
7855
11726
6294
8866
2708
5087
763
5503
4937
486
715
308
5248
9048
5703
5291
4976
10813
1015
9256
2502
5508
512
5469
3806
390
9232
3455
72
15172
850
11103
10607
12056
17486
8880
2515
3928
8085
8465
6283
6251
9828
4384
16177
13817
2788
6317
2855
8040
12637
5202
1202
4217
1964
8967
14342
17370
5571
308
3707
2271
2597
10111
8875
2704
11511
1625
11574
6826
954
2382
19423
6512
1181
7897
4496
16546
4012
10243
17558
15256
2241
11681
18079
1427
10494
1348
3134
23448
9813
6413
4153
18850
21891
5661
4065
3210
2024
3454
8429
4308
1486
11952
9720
6431
14442
1368
750
1506
15061
2113
6318
10156
8079
2697
2774
14802
7370
9142
14919
2423
6027
2122
7641
4348
14001
7961
9074
708
2237
10992
29
4208
4958
4517
1144
688
470
975
65
9902
4340
2664
11940
6269
1183
7569
5206
7047
11096
6936
699
4318
10412
19421
21802
589
2611
9836
5822
9081
7326
3038
727
12589
4024
908
3449
8271
6031
5554
5920
9454
13889
9678
10472
11272
2220
4166
1473
10351
17259
8501
4890
3193
3855
8915
3156
14815
4365
10629
438
7
4936
8844
12432
1959
2473
2125
7195
1704
10623
18553
5372
9085
7196
5724
2100
6547
2923
11199
11187
7460
11937
10196
1867
14726
3937
9949
4367
17075
17857
16953
6741
1502
225
14022
3885
13695
18336
14424
9928
12243
4001
2214
7508
1368
124
6151
10755
8563
15742
7369
3393
5619
1166
15563
7154
18838
12931
820
18271
1686
6318
1857
5569
725
12242
8512
9379
739
1135
3896
12635
5046
11932
14899
8043
4098
3888
14786
8803
10264
2941
3442
15109
4936
18440
1920
2504
9159
6380
3302
4923
1105
1662
11305
16406
2760
587
7984
3811
2018
2533
3362
5406
1623
4146
7562
2257
1649
1254
1254
1789
2414
11654
8334
9229
5791
9999
2062
847
5109
3915
742
1266
966
2291
4823
5748
11775
7665
9950
11333
8233
15339
291
15151
831
3548
9450
903
9761
14422
12912
13086
1971
5390
3849
6727
8692
9559
5091
21578
3960
308
8036
17402
4025
8786
1171
1980
19049
14103
11934
3507
3826
5375
11073
2082
15493
84
3837
10292
2712
1798
2522
2437
1032
3013
3733
2781
4931
19348
4132
3438
4276
2864
15504
2277
7037
4530
7958
14076
5427
3794
14243
7922
675
19284
4596
3212
1166
14064
6303
6587
2971
274
6258
16224
4466
7859
22381
1837
2716
3424
7087
2891
10093
2138
11746
4656
1505
14318
1624
9525
19194
13198
6214
7393
1783
5042
4110
476
18811
2536
8435
17866
14195
3007
496
91
8736
2552
2194
2017
3765
16751
7595
7232
4414
7439
19348
2393
2138
3386
2159
17405
2885
5196
932
10970
4370
612
7178
6919
14657
7224
1169
14117
10488
11888
7433
9572
1972
10209
18285
1707
2309
2355
2736
2222
11211
18690
13278
13758
21654
2182
8135
3923
1683
2365
809
2094
5814
3149
13247
8300
14819
5227
9744
1910
4469
2515
236
8579
1439
1541
6108
7815
3354
11356
53
2478
711
23414
1732
14034
1091
6098
5491
2871
20
7302
2789
4800
4255
1899
9336
10289
20267
4100
4562
6786
9280
6872
18573
6894
14497
4547
3777
2919
16259
3891
1596
16796
19337
18490
4021
5856
545
432
10325
401
9302
5621
3830
7986
14003
3114
4592
12597
5903
6679
7781
14169
7418
815
8341
421
3869
6985
9543
3067
3723
2451
5138
10269
1568
16417
18132
15425
12307
5313
2757
4708
11441
20194
13922
50
7965
4597
1659
5169
2963
3754
18550
7034
7606
4101
1738
8865
11062
4435
13894
7166
664
17001
10979
17503
16736
1799
14320
17872
9437
5961
11415
2055
11040
11938
16785
3178
4421
4248
15723
3151
1189
10377
561
21642
11446
1129
966
12491
14188
2795
5658
3371
935
10434
2514
5802
11452
3078
19836
10109
19579
1506
850
3173
17800
19678
3052
5818
5161
8227
6728
4830
1692
7454
10225
749
1429
3381
3248
14060
6239
1371
2929
1750
11252
2421
5511
7954
996
18021
7886
1748
11900
3632
7135
13250
705
18529
1582
2186
12189
325
6786
2234
5847
7642
9843
541
13089
371
5715
4960
120
21671
5209
15528
10915
11382
3114
10643
9673
987
2538
12234
461
10505
8270
417
6659
1950
571
1977
1143
1498
2270
4447
9878
8572
1645
19596
7242
2253
3951
227
5298
11861
8064
1467
921
8546
829
2789
1565
7625
12444
6873
9381
4310
1332
482
20304
5594
18178
3340
7312
4568
1335
5735
1378
4837
11745
7451
18715
5913
5685
15830
2071
6426
10431
866
11327
15862
658
7969
8248
2678
12072
7943
3143
12087
2104
446
4765
14431
639
603
5131
5257
799
7077
1775
8088
4414
5441
9041
3740
4711
231
1452
2194
1975
65
73
5428
5961
483
6266
17685
7187
1429
11218
10916
12432
8205
8411
14737
2015
3513
929
1413
1370
1068
8980
32
18211
14260
15652
335
2397
1808
611
12588
11968
729
34
13828
14682
6662
12177
3731
957
12737
83
1106
13525
3656
5701
4154
1678
4064
14785
3137
872
5007
17068
1455
10762
2762
14198
3881
3814
13152
4105
2283
7045
817
3791
12842
4343
14555
12370
956
973
12177
5676
2513
10790
15407
6278
8821
7710
17113
12721
7868
11148
5287
5810
15555
647
1862
1449
20133
12516
6055
8669
19077
7000
8259
23165
4946
4325
1301
2131
3900
13965
5150
1248
7495
266
360
12134
578
1369
2091
2068
2680
7611
10971
5192
6527
909
11642
4238
9068
16711
1638
7118
4807
1121
18744
804
4557
1747
11461
2514
7553
2722
268
3713
11525
18986
4237
1201
1082
4330
7413
5460
4639
4288
16919
6133
5979
18338
3166
3541
12571
18540
18696
6026
2399
2305
16305
8176
5773
1054
5314
3722
5867
7186
4740
12554
2835
2378
5596
2802
1235
8040
17817
1696
389
18391
12375
9558
3629
2121
5167
10610
4467
13708
2538
1019
10020
313
6577
4813
9063
11875
3169
1333
800
7169
4769
5517
20681
2136
4511
6509
2158
5001
2207
1772
4404
617
13807
3241
4834
8674
5874
2429
9099
1348
3287
182
196
8589
2648
2166
13476
16776
12624
12249
54
7796
4713
13632
3519
7102
1157
1420
2172
1506
4871
3697
14689
4495
2831
1995
184
18834
16523
9830
8715
11958
1373
8211
7571
1343
20067
1181
1572
6848
2981
8516
8569
8521
6447
6180
8550
6028
9381
13321
1737
3180
2230
6940
4546
7002
3492
4543
13029
15227
4105
17549
1539
10011
10206
3780
2113
3513
16816
2404
4755
13832
5298
2975
14168
308
2194
4291
24
5453
2466
12561
2040
9016
5659
265
15293
9301
2491
88
3401
9635
539
17678
3140
349
6920
7060
5520
10067
3061
18382
3630
4202
1526
14997
11366
2230
15751
79
1870
173
5508
12824
2020
2100
8912
4913
12727
8439
10248
19528
960
3768
3526
5502
11068
16907
1089
3358
6338
4885
2536
17327
5913
1497
3800
8274
5236
4825
3549
12933
12134
1057
5277
3314
5758
10478
10793
5313
953
1667
5248
9380
1612
1945
14423
2379
4909
3407
2541
2681
15713
7734
1680
4307
466
4598
4501
174
2407
854
17509
7646
1692
8378
1202
13781
14574
5040
6209
7798
2399
13119
3181
5490
15477
4457
651
8048
3128
10123
1206
5904
205
4367
16624
3842
10387
7349
11668
986
4310
11280
6747
1522
1583
9665
10202
711
10539
12651
1659
8747
7400
13383
10833
14738
1861
6885
10519
18779
3735
3263
2946
4063
11274
6384
6739
4548
486
17063
1985
1261
15465
2456
14055
8207
2595
722
3788
297
4896
3906
9270
3705
2282
1824
4249
1560
856
3582
5686
7849
9198
7905
4629
914
3116
7809
1541
494
7655
3912
2016
672
2147
4663
9334
525
7110
17645
5648
12756
3430
728
16484
838
110
1069
11767
5489
658
15726
6918
4659
12076
10672
5292
7605
10540
10430
8688
6257
2250
940
1264
4710
4978
22542
3205
3298
13461
6959
11653
6341
9356
4783
1989
79
9856
2330
3500
2552
1809
16873
4120
83
492
19054
5317
7767
3793
231
689
2536
3789
14180
346
11084
10209
6424
8133
13155
867
2526
7615
15538
1085
2755
10461
14632
917
5168
11462
11847
8642
9406
2943
522
5566
20938
3135
12567
7046
5420
82
19041
5235
2062
6842
11660
13097
4215
2025
3072
21983
1204
1398
4582
7755
4328
5939
3024
8118
6146
6776
5452
2377
10771
10048
810
20554
3846
15379
1978
14372
182
2986
8274
1294
1626
13985
4620
13946
11796
5881
10183
1769
16017
1112
16008
21809
1017
7322
2727
15789
4677
4241
11162
847
4921
755
17617
2469
2745
11444
6852
1435
5787
1127
13763
6148
1806
17733
1423
2571
7305
13222
19294
428
5666
963
7911
710
4753
7967
919
4815
2862
5625
15270
2265
8834
5723
3824
5367
1403
1651
2797
5046
560
3676
10484
5022
15800
10113
11776
4425
4134
13738
2170
1079
2372
3809
5486
2290
3257
1144
17498
12442
5653
1750
145
12747
3400
1643
9839
47
1783
15997
8252
4989
3434
6477
4213
4829
3927
3037
8037
10482
6383
2406
1232
6470
9351
560
8053
2444
16671
10921
6187
449
2327
3577
9499
16216
14128
3916
9903
18809
1108
5658
10036
11875
5859
17555
898
5017
14207
11805
980
874
2383
3326
10065
3847
3399
19577
3953
575
12003
601
6669
1872
1502
13914
8878
6167
7622
3062
14436
4309
5448
4901
12235
8492
11079
3733
7114
9908
3808
7310
1126
16622
22512
152
20093
1955
1115
5643
4067
1892
4359
16366
978
4710
7344
4726
2256
7727
5369
1347
349
12069
4347
545
11617
11807
10232
5405
3633
16095
2196
3522
2357
11464
9252
5523
5109
3027
12094
23099
10291
394
3239
15152
15193
2028
11504
3079
14260
4426
10978
8222
13738
4083
3527
6049
6134
2592
2012
21221
3063
4765
1641
8804
671
2191
3955
2002
4734
9259
258
9552
11587
13823
8156
13431
3658
8711
7112
7953
1863
226
2236
19823
2599
15390
5690
13260
4714
9993
8126
14750
5338
4807
6074
5357
63
11647
21878
7716
7492
1085
5027
17708
11502
407
10402
4501
4098
4928
1083
17472
3897
5969
9891
908
10950
303
1964
5756
1692
615
16148
1638
2405
4192
15789
7174
12740
9862
16531
6272
5249
7193
3247
4823
3778
1048
11879
9647
9201
2989
2957
4871
1690
2300
11362
12911
8578
15002
4239
803
6123
195
4069
11019
1449
7219
12262
1764
15260
14908
6739
21379
1807
2420
4069
3807
17051
7026
6713
4603
4078
5211
3
6018
4725
12563
4950
4274
7931
20372
3853
11392
17100
2770
3533
4940
3310
6744
6886
2942
7998
343
3072
3299
10131
7809
1672
6286
8496
329
9063
5119
4946
5328
6184
7125
4320
2463
7059
282
7035
5404
11225
19819
12543
2453
736
2141
2031
12058
20834
372
5012
12186
16400
16038
1013
1936
6052
5118
11674
3872
2019
5372
1331
3434
6146
7054
4614
3912
565
4412
11816
3886
8868
9908
12463
245
1856
2830
10565
12163
2204
7274
3289
19426
13645
16504
967
1954
7166
5293
292
13742
4230
4293
6617
11467
6897
2688
2902
921
10825
1642
4994
19625
6199
2587
5525
1709
7924
2274
2504
5340
3340
4145
2859
16544
3929
1539
10373
5975
4822
20300
2741
3717
1204
6919
4457
5317
1860
1463
8104
8595
6201
10688
643
14180
8380
2328
898
4129
7088
10721
8063
2311
7661
6553
7369
10822
546
260
4339
6085
7997
5999
15417
661
2672
402
5022
16909
11837
1550
7797
1712
137
21230
2450
5109
9876
513
5187
3962
7759
13055
1159
3444
6578
14535
14100
1081
124
4243
12970
6549
3754
3775
2730
3364
6448
21940
10407
2818
1347
2729
1862
17880
9459
3341
15295
8049
7680
4210
349
4250
809
16339
5374
8109
9675
13317
2177
13043
9479
7334
13425
845
6903
12173
3623
11919
517
5302
1064
3311
3334
1903
281
994
2779
12091
1060
17288
9226
10393
4661
1491
11455
843
10332
17814
8074
9280
15012
4507
3069
11318
12253
589
23186
4987
15786
874
8115
2905
10391
2429
12999
9971
22773
3439
1537
2800
174
12186
12609
1480
3947
1287
2873
17517
5980
14254
4101
6061
20813
9127
1832
23488
16932
497
3926
5279
9697
1387
17535
11572
6053
7309
56
8892
13794
2000
304
1748
11312
2010
7902
1008
5867
22910
4505
10828
9065
6140
4950
619
8045
585
542
13307
3557
9216
3302
2476
13243
3349
2093
9469
9880
651
21979
327
3667
14974
1828
14322
11318
19403
4465
2061
3470
1375
2008
6851
9287
4548
9910
2056
597
3123
17261
9282
2990
9778
6365
5105
1204
6486
5512
7719
2098
4860
1996
1180
919
5672
1812
4397
12210
12854
10451
880
1814
2312
8007
21171
2507
3076
16009
295
7165
19025
7066
9831
20817
16545
6791
7986
12364
3392
13
2112
10434
1226
696
2348
14875
6944
1505
9913
3489
2746
8881
1203
6740
7502
1242
8102
1164
469
2241
14061
159
15945
2789
3221
551
3958
2994
1659
2142
295
1345
8208
16852
1100
1989
15089
7393
3427
18040
13538
2180
2922
3807
12913
14728
786
1818
5354
17315
8561
5352
3874
2385
2317
14131
2104
164
4071
10522
6212
2674
4855
12262
11023
19991
3692
8999
6829
5988
3192
2574
7544
5437
5578
13294
9422
5460
2977
972
204
7667
4321
4404
9369
12316
6018
3380
7488
1498
15636
120
6315
21253
2940
12018
12820
10211
1456
1869
10932
6083
1230
9087
2125
2711
2723
4002
3870
14967
20037
14846
7792
6666
1158
8833
1436
4889
22544
7736
1561
8498
7081
9249
16768
5994
20653
2675
5674
9834
11024
12046
4625
5983
6283
6925
3251
16377
15901
1165
105
6082
3408
17138
15269
1229
7115
11473
6382
9700
7025
7486
1996
1449
13560
483
1270
3968
8399
8850
3869
1277
15729
1203
5442
3990
8494
7943
5172
9455
4968
2774
14519
8365
2925
9073
664
5436
2739
11732
12981
202
4696
5859
8057
7160
4744
3330
31
2868
1446
12110
11441
8951
16217
922
112
8585
17451
2849
1182
4741
6646
3395
1687
3819
13493
1757
9305
5241
19315
1150
3452
6357
301
18173
15620
2101
6921
717
9172
9239
11596
8737
8519
952
9598
9437
4844
5502
4531
14120
8732
2135
1437
6312
4665
4237
2924
15723
7952
10984
3652
7656
238
707
4196
4325
7008
8096
7361
18187
497
2207
9981
3586
1305
6361
14850
5124
2150
13987
252
3457
20283
3569
6563
10598
7193
1557
6259
12359
6706
1938
9802
674
204
482
2263
5836
2910
4426
662
22244
4170
5830
3441
2281
3099
2583
6263
12599
15208
3152
6704
14020
4787
352
10767
1010
9711
1689
2911
6656
1703
3380
5755
3338
1866
11024
7760
9386
21149
6071
5423
6083
21711
727
936
9521
5146
4166
3504
19078
3438
14733
2660
10132
7454
18092
2301
12137
8638
1255
1249
6197
2661
11502
2668
653
6495
4001
597
2961
11880
2545
6203
3109
11021
11965
9799
6601
5281
14223
3149
2355
11157
7051
8840
1747
10998
2739
140
5024
17908
8234
8389
10149
117
1426
6229
10642
998
3818
6427
1551
8543
827
18100
5226
4761
3855
3545
3612
15520
4206
5203
8705
1679
5442
3169
484
13469
12058
2138
8303
2302
3658
2856
7210
17521
16502
6273
3576
784
6386
8767
655
16447
5105
17078
18597
4646
10
9305
2176
1944
4730
3159
3171
1934
11651
6957
6197
3468
6078
4708
14053
4551
7598
506
3014
562
21123
6082
8545
6626
7829
85
1861
12814
11064
21975
594
224
6760
16678
2304
10251
15491
8718
7675
8990
8698
6881
2301
2288
23255
7427
6302
1070
2275
12518
6688
15116
9112
3773
3356
2318
3100
11469
21828
12046
17091
1630
1301
2569
1654
1432
1902
21924
3479
13330
12938
55
18319
2372
10732
8957
84
8279
766
11432
2675
1509
20201
18649
13984
9323
7965
12334
2581
5503
4674
318
4325
3036
9718
2734
2416
7550
8006
12685
7650
18982
9780
9180
30
9044
9120
1909
2
2419
587
9245
8089
5022
8322
18611
7092
6627
399
1
1354
10908
217
2318
6648
2602
4931
5268
12668
6892
18929
5751
95
3503
8745
2437
4942
6711
16302
2825
6969
6823
4756
2668
4766
11870
3221
8570
2774
4051
6586
3968
21109
12320
7268
12065
2373
8325
19973
5780
1062
2294
7631
21763
11531
2367
7586
12159
819
8306
10357
16171
4784
6931
12720
4976
3567
4743
14653
12315
19910
6515
5094
454
2193
1904
8027
13680
303
17476
4074
906
8461
348
2472
7682
8424
946
10405
2191
3670
7970
6448
4660
7836
6568
6941
5140
5300
880
6556
13689
1209
7091
14465
6942
4213
2196
12080
9991
17514
10634
613
1692
6663
6890
4259
2584
8103
7901
10959
23035
8535
6234
3674
13813
7580
11432
4880
8972
2247
10195
8235
11746
3956
1277
8637
17831
3954
2059
1210
11185
9254
228
15292
288
5566
18911
13339
10571
4223
2030
4389
13979
252
3464
7243
1120
3623
12067
15029
3741
4581
6750
12408
7447
219
5655
2025
14569
8933
1513
1244
8422
17536
6319
7308
3845
9251
1181
566
1729
3496
2019
1472
17071
1415
4355
7970
1310
2251
4459
7609
10704
4510
12915
1677
6243
251
3651
1337
8206
14587
9000
476
3625
458
5677
3829
2653
2679
8615
1990
8801
4083
698
218
12472
7800
4481
3722
4836
1102
5618
2507
15152
703
7873
2426
14823
12398
11380
4724
8369
2106
5548
16503
8082
2789
6560
1557
4961
20548
5682
2345
7796
14081
6171
7025
2125
11948
12518
714
6046
10895
1556
2652
10070
935
561
3303
1375
3069
560
604
9849
4701
548
6282
2265
5631
11307
9917
577
9604
316
816
8426
898
6600
13732
8780
1291
17624
1252
7439
219
15521
4453
987
5243
1545
587
9121
4680
7438
2234
8157
6237
4222
1612
15448
7733
10028
3102
19182
8160
4644
7563
1020
4553
11501
3581
8412
2738
2839
9704
13362
2100
4093
6724
916
2784
9474
12422
5405
271
1718
4482
3
9995
11904
8225
4727
8094
1150
13875
4149
14827
14785
2722
448
698
1702
11782
1244
4711
8906
7842
9250
2243
8159
1374
120
10725
2702
11012
965
18249
8005
4789
16041
146
14917
4114
1846
14147
19098
10359
3077
17772
1192
5911
13451
7212
294
2591
783
19562
10911
1369
1065
14814
14278
9785
3730
6900
4052
5398
1316
5989
12070
17783
6912
4995
293
638
22078
7170
3207
10680
6905
2609
7032
5732
3825
8826
6052
7930
23137
1031
6054
7236
4419
3221
11074
6068
3105
21360
3511
8442
3215
9037
1274
156
1515
9779
3249
11846
6387
13313
17792
12121
1658
1232
3145
13249
360
2507
5598
10827
7278
15305
1635
9299
8704
5661
5289
197
12499
10518
2229
5908
12422
9991
5198
1180
4516
10948
8221
5239
9551
16290
10735
2438
7490
2732
7403
2852
3943
4876
9280
7495
3352
2952
2125
175
8545
8036
1221
1179
16041
4462
1904
2617
6493
2823
1795
1687
7417
5012
2791
7688
3687
2093
3192
1013
2331
733
5447
5307
4443
13077
2024
18800
5724
531
22385
10556
10007
3118
10784
12711
1267
1385
16391
504
178
5131
10803
8086
1667
6687
6
4328
17057
15645
12725
4655
554
6210
4068
11936
9095
6887
16447
4662
3350
15270
917
7226
6375
5369
9274
18462
8922
1011
3044
1281
12832
7640
14809
13261
2685
9979
3599
2085
1325
3395
5731
9014
4642
15101
2759
17206
669
3431
5860
11780
4342
2652
14753
10661
15448
14675
3630
15398
3116
8665
3082
453
12434
1383
6203
6155
1426
10346
1158
837
3012
4188
13227
1091
6521
9189
14407
2659
6574
8137
3683
6236
11221
3570
4936
5025
18976
410
1438
3659
7102
11201
1793
16796
7185
13609
596
2637
4256
9840
1584
9393
4121
20905
11659
9355
7864
4311
2866
5897
5464
17120
9962
14707
7563
12152
862
551
6229
3465
18610
465
11700
227
10860
10027
9262
5353
2016
15039
10011
2949
6634
1557
9723
971
9760
2679
6471
9046
4018
14803
11160
118
9139
12321
6470
1221
7285
9894
4515
12940
10455
454
17102
13263
393
8307
5393
4535
15451
8761
20861
1751
3599
1305
1868
4035
9284
2491
11841
9909
16541
15
1049
7108
3238
6563
11734
7771
2169
2443
14079
6630
6490
8927
901
12428
14532
2393
12768
9064
776
15663
4034
2556
14702
15143
6851
5068
5727
9010
14216
3086
7001
3458
1417
3360
5159
8250
1163
862
1845
4191
13570
932
1882
11501
1714
7536
9384
95
1528
9563
2363
4630
4275
19642
4910
13211
9518
7075
8490
1277
408
869
7172
12990
7766
8319
1502
3786
13044
3205
8735
2756
21974
7979
13568
7365
4248
8282
1618
6184
299
3797
2505
2075
2943
12264
7623
1727
3289
9993
9612
10245
9488
8656
15740
1473
5614
5297
1185
842
13064
4443
3962
11508
14184
2740
16642
1901
4589
10902
9946
350
3173
2999
1961
12637
3987
479
5339
10217
9463
6608
1627
380
3492
6734
4061
12142
10014
8489
10995
14303
8708
5497
5689
1600
5708
2419
11789
6423
19186
4444
4149
7380
882
5156
1983
1254
3531
2229
6919
1288
10593
4570
1273
18447
11672
6470
7806
14465
18114
15663
13621
13347
8912
7630
15309
1264
3911
4110
13557
7113
8520
2549
6374
2306
11253
5323
619
7011
9743
6950
3843
23841
9417
4617
13335
1768
3391
3479
9563
820
7002
1519
1281
195
495
20235
7814
9864
2132
11704
7275
168
11891
8652
14832
18626
11475
8564
3732
11642
3192
10137
2940
189
2566
3676
251
8121
8101
1312
5970
1061
5261
17785
2313
3906
14199
14531
4626
5819
45
13764
6986
2024
10532
4166
10162
14630
9347
4303
1237
934
10981
5007
8348
3682
214
1001
18513
3588
15608
3619
11592
6009
1101
2001
2213
2235
7383
12677
4104
6934
11892
5861
5948
3050
7135
5686
3564
4991
10915
8632
15064
7523
11423
423
3903
475
2144
9103
2472
3676
9131
16908
7728
110
15436
4581
1640
7656
3356
3524
13635
377
6460
4399
6677
7470
3868
3312
7658
746
2166
3388
3611
3076
10901
3081
7865
209
648
13680
20250
6583
4126
5623
2257
787
2996
7480
2298
4398
18206
2458
891
18415
5521
5393
4326
1054
14600
6559
872
1718
848
3072
13405
15336
3108
730
13147
933
22504
489
16091
1386
19948
2205
5141
8149
8118
7506
11403
2193
2894
1938
3356
5683
1116
7630
15503
4184
7173
588
4116
6456
641
11420
10501
2262
11872
271
7365
2753
3695
6086
7204
5755
4016
1914
338
2450
331
3146
10193
5499
9113
9282
2489
14587
4606
13563
13610
8950
8538
5118
949
983
2121
936
5779
2549
2176
5106
14450
2138
5272
7414
10944
12239
5278
14770
2196
8708
11257
7137
2646
502
3120
14134
5547
1723
11740
560
2194
10925
12798
8342
3221
3814
5203
3393
23472
6695
15218
463
18107
340
2725
3498
1350
6207
10401
17869
4370
12590
2450
1208
13294
11755
183
1729
3686
702
3947
11413
7957
13338
7024
8920
2033
5230
6095
3292
201
6855
237
13259
3101
4781
13046
3389
17428
14280
2716
1551
14355
6995
23111
15
24089
18906
7344
3102
8257
3032
9514
3276
4273
8162
6114
14953
7126
4796
18296
13656
15031
3540
299
10419
308
15590
19300
9820
6014
8514
5681
1188
6924
7039
17651
9846
7237
14
4306
6188
1216
4946
5074
4278
4775
10869
19012
8938
1997
7529
116
2378
199
4303
6209
4054
7731
929
7196
4638
16307
5966
3566
2416
14695
14859
5368
12473
6923
4487
10867
1724
16161
5895
3452
1145
4821
2928
935
1104
4293
30
701
2216
1422
2442
1602
3129
3860
4170
12439
6162
14186
4798
641
3405
10025
1335
4856
19163
6961
11272
9620
4843
80
8858
6297
111
10804
17103
15660
8166
3446
11320
9158
5598
487
10425
12568
186
19030
7626
6046
6782
1848
9026
5154
2782
11622
4515
20176
4530
6164
9163
10563
1748
5473
2832
5828
7009
3550
4120
4012
13351
5118
2136
911
4851
15426
6954
3894
1922
10680
4274
16432
2958
1868
20042
7619
15192
988
333
9645
7614
2379
2929
7738
3521
1874
17130
5349
1644
2409
7970
20309
11056
1277
7927
3331
7568
7233
13907
4360
3784
7155
17075
1565
1253
2807
9345
8259
8543
1269
51
191
10904
3536
9018
88
547
3727
2515
2605
2035
8260
8217
7947
16842
5401
365
5036
4736
10524
17548
8697
12289
9423
6231
5724
8217
14297
3660
3391
20154
6031
10928
17635
7034
3483
4348
4251
5875
4569
2440
12911
2761
9373
2611
7184
350
6464
3506
2321
11116
16692
13227
22772
14289
310
7659
2690
1573
6325
2941
9241
8123
352
10771
5822
8265
2064
4121
7253
14852
817
9185
17407
2197
872
8195
2185
14597
15275
2890
2079
4591
3404
4542
10355
2535
701
3455
5998
8273
46
4404
647
14448
572
512
4349
7352
1068
12969
10870
5134
8686
19784
183
4254
5536
2469
4709
8238
3056
7063
6723
16
13433
4125
15327
6068
3493
4211
1761
4875
9861
10851
2476
4351
1373
13999
4135
12544
4382
10332
4542
10245
5441
558
4795
3006
10400
6088
3150
1982
8279
1372
17906
2
2069
14096
3101
9662
1285
12180
12206
6864
1702
135
4056
221
9611
4716
1854
10159
7378
3858
16442
4084
4864
4844
6747
5382
569
650
6893
2674
4903
8376
2399
3640
5036
1978
1419
3511
6627
1369
18006
1993
2554
23227
8840
9239
4239
5778
6377
6394
3194
12645
8656
2162
11192
5805
1117
1530
852
4612
91
10191
7523
10533
13699
745
8583
1094
2853
2554
145
3181
768
1767
4186
677
2103
2025
1068
4275
8520
17108
4100
5618
3517
7548
14346
19616
4528
1718
4905
2325
7041
18138
5
21743
6504
1984
4455
4007
3446
4768
16107
8077
3633
1544
18898
1109
592
4870
9316
14592
16948
7853
15198
6653
13587
2135
4552
2293
2556
1698
4631
12315
5816
6533
321
1075
1762
1713
1703
276
908
1750
175
10377
3170
746
5164
1401
3624
13175
2166
9037
11447
3131
7492
7884
15455
4023
3525
5036
1084
4613
1208
3231
16598
441
13396
14711
12896
252
4581
12075
190
19591
1421
936
18995
14836
8423
1535
8614
17869
2129
8618
2312
15734
5380
5535
6780
13570
4812
3149
5307
4034
14920
1033
11615
19008
3301
2332
6820
2448
1116
12895
5127
4446
8498
2570
3605
796
7404
13617
11204
13657
5635
17923
17428
5070
2630
7459
3418
3319
9234
2939
705
6856
4891
1001
3186
11778
11735
16533
3204
3671
2295
294
18290
357
8964
2001
1641
17078
426
8570
13802
4176
4905
1994
3275
2147
2265
4658
835
4416
2194
3459
11569
7008
829
2168
4833
7312
11512
12108
1489
12359
9466
187
6691
18447
9141
10855
2537
7972
2373
14230
1495
2931
9385
1128
6742
2298
16833
5062
3722
6925
2520
2482
13612
6278
10607
9508
10731
12763
8297
21577
4284
14854
1292
411
2522
5993
1545
769
18726
17862
6905
293
5029
998
1038
10230
4854
6409
5504
21878
253
3702
7061
4064
3244
14177
9663
3459
9098
1267
7965
13621
7690
13007
7493
9411
11244
992
9589
852
12584
9868
10206
2541
9980
6672
18223
10526
1589
2598
3426
134
7209
10659
3819
1666
273
1617
2940
2677
1565
6696
4643
12407
8417
2133
8279
10186
3242
6845
5866
888
8891
1624
7869
781
4051
2517
14815
2002
1638
2604
5461
3449
2212
899
15137
2861
6703
18243
15409
1965
895
8112
8549
16765
4232
3106
7374
2578
7568
3475
3799
1205
1401
341
444
1226
17930
2656
2708
10925
1107
6838
1534
1880
2343
3651
14803
18319
17513
5780
3193
4856
11981
9394
9039
1964
4212
19539
8003
774
8632
4177
14870
3908
13821
10946
6346
5006
5751
11376
1104
13453
1965
8492
13433
9903
927
2044
2200
5062
7035
11245
4304
2462
13799
15999
1828
8548
12880
15631
511
2267
433
21522
5445
5862
13851
23805
1003
1273
16153
1493
1530
7147
6529
10428
6496
1156
3485
22151
5995
301
8127
2283
3796
9597
10971
16449
980
14601
3121
7015
17939
2707
2973
851
597
6686
10315
13916
4132
11550
1478
220
1821
8481
3700
254
1309
1864
9672
8079
8516
7003
6081
16014
8020
5199
3061
2001
2167
6422
113
1659
1728
17461
4649
80
798
1691
2345
7312
4389
11765
2344
4798
4820
1959
1818
1141
5428
12141
770
1581
4793
2368
9202
14055
12464
1442
268
16537
3913
5978
13633
1349
10815
2674
2485
3806
254
4868
11930
2208
4259
1065
442
6948
16847
4344
23315
13263
5254
843
4584
13286
10544
2819
15536
4477
20920
3532
17232
9029
6269
8170
6440
20042
15924
3254
15387
2198
3971
2386
2771
5122
1962
3315
9546
4466
17890
15640
3518
7384
4013
360
2759
2378
1053
8994
17887
3774
6239
7814
8976
837
15668
1535
11693
5357
16029
1975
8823
4542
8599
3220
11607
7839
10629
15086
9078
17999
4327
5003
14872
3709
12180
7420
10143
10544
5720
13170
1306
3546
1219
9243
18258
733
6874
3716
8142
14492
5839
4840
17452
7296
8593
1695
18815
647
900
7119
7322
6759
2491
11023
1121
4494
4162
1382
8992
114
3163
6982
463
1195
539
2813
10071
5463
4618
1155
4486
1082
10150
8650
1271
5490
7048
6695
3336
6681
3477
4655
7739
6764
8551
4608
11486
10104
7378
2728
13239
20101
10468
2021
15182
6867
16018
643
396
207
1078
16791
3245
3559
5918
5399
2903
2036
3038
10706
5957
3292
31
6934
10752
7028
6353
1127
19227
6001
2538
22888
15147
2845
6682
3410
8651
17144
2904
6898
1568
14458
9811
3425
3396
3538
9164
9058
19418
5070
5134
15872
4123
13563
6124
11088
9431
2479
4828
2195
1820
282
3347
4216
3854
7245
459
12021
15200
7302
1834
5322
5412
724
3947
14878
7394
1864
8441
11237
3519
2854
2686
559
9492
9076
4240
9381
11
2093
9113
3162
4098
8536
9711
5179
1321
3005
9217
313
5066
5221
9394
2399
10834
5053
12448
4318
12356
2092
11709
6231
6678
3255
7705
5294
16260
5606
7965
1802
4891
701
10206
15165
20003
6387
9256
5231
16404
3273
7296
2550
4659
2558
747
13648
10461
1755
3350
458
1495
11053
6975
5645
13768
7535
8208
2641
8081
911
1482
1017
4896
4486
6445
4920
4971
15706
7718
1135
1149
6503
53
1191
12248
986
15823
115
8884
4759
6104
1165
13483
4984
18057
1952
10937
4622
5222
1481
8727
6239
9216
13551
828
6800
8928
9422
4545
19606
1748
1940
5449
7291
9224
4601
9828
9024
4180
3140
3345
1862
2168
15252
7671
4328
9101
6035
3701
284
4024
17903
1169
7373
10937
3901
20904
58
2027
10195
2556
3239
14269
2107
5521
9422
6765
816
16941
7463
4879
10121
1579
15472
6643
4496
723
4829
18860
6395
4941
3261
7949
2128
3817
16439
6594
19091
7754
8537
8968
17203
7546
8422
5770
11390
18672
842
13889
3966
1080
1110
10559
1523
3050
16319
4398
572
459
6728
7033
13770
9397
19602
1331
11536
1202
6470
9504
4072
5645
3035
3382
6863
2211
3042
13830
11103
13153
4228
13666
14856
4517
1628
13079
15475
11092
9056
1497
2143
8517
463
16637
10640
9825
22446
4646
5166
6416
6917
160
14451
3342
12850
11016
11591
11383
1744
14896
4077
0
7356
11288
5042
992
2574
4287
4925
3375
14123
5498
1749
1645
3954
8063
67
3476
12467
9665
4146
1489
11647
1493
4528
5547
14897
175
1710
23057
7315
7727
6575
6355
8875
7212
17001
8229
2630
2960
770
7504
13103
3591
22099
2576
1894
221
5812
2634
8756
159
16299
10153
2154
20307
6983
3487
6344
9225
8496
2861
2000
9691
147
3269
1609
7911
7014
2095
3870
444
9251
1628
11881
2491
7123
5106
3179
7541
4917
12498
7045
10413
777
15409
6436
1513
898
39
2269
833
3459
10324
201
5234
17029
7548
3187
17229
821
7510
6913
11042
11623
2695
4718
10278
758
2160
708
1762
3360
3218
5365
1818
6462
7940
3834
2103
1118
3859
3348
5403
4717
5211
716
5280
12376
8525
8529
16216
5234
3322
193
2532
16377
10158
6957
6165
9196
849
18338
780
18887
1344
5136
1839
9926
8055
4046
3035
9335
6748
2661
14195
2657
3499
15189
20309
7185
938
9670
7832
10322
10929
2741
8436
11789
2087
3633
3268
13765
5965
22134
90
14795
3816
3224
11078
12743
3373
5174
15729
6602
12011
3399
2083
354
1198
1188
14063
4043
14123
5907
5690
9904
11383
7184
352
6575
13727
3628
14953
1173
8602
8161
3835
10409
6888
7413
22074
469
5686
5479
9232
12678
9119
4058
6821
2932
8153
6763
2035
7954
7964
977
668
3895
6209
12519
1414
5117
5715
908
943
2934
1197
2991
5681
13404
8629
784
1303
6377
2451
1865
3496
2378
190
7558
4949
5640
2867
1059
23373
18445
3755
6333
18486
11861
12510
2743
4471
4254
2783
5105
10603
3065
4233
2746
1669
8932
12657
7734
4984
3442
4779
10018
6042
12452
3667
2985
8915
4585
4233
3044
8521
9473
341
7434
1589
4209
1475
6640
8995
260
4524
6140
22719
7632
8306
13300
21993
3045
5448
4126
4893
3165
2537
4815
4051
6525
9374
6770
97
4293
11663
11377
19005
7108
6108
3462
4396
3895
5953
2660
6915
13757
9847
5579
10783
3516
13056
3992
184
250
2172
393
8267
1506
11824
6216
3535
16153
1501
1876
2360
12313
6602
2206
6661
7321
10414
8802
3856
2490
2169
10308
4002
4329
9651
9220
310
6792
6115
5947
12810
10249
7644
4806
2245
2544
5011
12806
5213
7282
11621
8514
369
9158
7821
5220
6011
23920
17537
4737
20621
9158
8350
16491
1223
4149
14991
3975
6162
16747
2106
5503
2646
5654
4648
4143
17080
3564
5343
14748
9734
5533
12403
4506
164
10109
6809
1525
3852
2206
7680
10577
708
9637
480
13467
1512
1251
9217
18542
5076
8003
5784
6952
16009
6074
11572
4495
9389
10618
11287
11637
1774
6900
1161
10503
1030
1435
15140
9592
9855
3752
4729
4670
1028
728
8242
9857
4446
6603
9086
6219
3168
781
2910
2608
1396
15212
824
10189
4096
2037
3536
4295
8621
1553
12553
2788
7884
8296
2339
2980
19658
2110
7601
2169
5488
7429
15297
11618
19724
1966
648
3221
21753
2269
103
7674
931
1644
5034
12099
7035
4855
12952
13513
25
8639
11160
18185
1960
1415
156
9753
2870
4956
4507
4550
10334
8326
19547
12683
16674
1303
797
2653
9514
12661
6
13999
3081
2188
8356
2455
13130
6319
20861
994
763
24148
3385
11838
1333
267
5120
2610
11020
3136
12388
1373
339
14602
987
998
1796
5605
2376
15202
3289
3334
12324
12258
810
15889
15050
16133
5393
386
15589
2148
6379
13734
849
6184
17457
19358
513
21526
1307
8487
5141
9386
794
12769
20146
12343
5842
5769
12816
5199
1116
5938
7101
11278
1631
4064
23027
1584
3243
6823
4725
4429
9905
5828
11395
33
3736
14589
2950
2560
359
1667
6167
3468
6043
7963
4250
10453
1493
10716
9657
8797
1511
7302
13913
2079
3876
1095
66
5335
5112
13999
7303
2251
2866
4524
11502
5781
7023
19010
4397
617
2947
6024
9743
6721
3901
1396
4930
10502
333
582
12100
1239
6344
3845
375
58
12312
2627
2460
3998
10850
6147
3685
12666
3453
2606
18152
4587
1118
288
5133
12712
6733
8589
7083
17939
1081
7741
4719
23
4191
11972
5453
119
794
4152
17476
8491
415
4019
10857
5733
2494
686
8441
7234
3054
11947
8565
4510
723
2713
3821
6058
11628
3335
808
10164
19378
4312
991
7754
2343
6249
2924
5884
17862
2260
13859
1715
9728
14885
4479
2200
13329
4935
3829
2846
6098
9712
11189
3908
16677
1541
645
8532
10109
6210
3335
10569
16682
10423
5057
1248
11347
4050
14562
5017
7124
4414
4394
7912
485
9180
6425
14197
186
3470
15484
20833
2757
3507
2029
19404
8440
1684
8889
3214
10263
8972
14341
2090
6070
11843
4558
2030
2394
6923
7982
5502
10360
4294
11699
6078
5339
4649
11905
7192
10771
4910
2019
5540
24004
9982
9194
14636
693
1184
6767
7567
3380
2807
8397
7876
9808
18257
8637
2585
20586
6868
16564
2362
8305
10933
20599
16530
11744
8836
9875
2452
10099
2046
12526
3126
7565
17165
1575
8419
9835
10210
4413
7852
2370
6308
17538
14557
6636
12230
11404
3303
675
3598
8974
6592
1633
3034
6545
1929
1866
6088
2958
16028
6202
1624
17631
10425
1431
21182
13752
9389
21561
6898
8749
3628
6021
1435
348
2712
9335
5947
3400
3963
18037
14504
4881
13685
3209
1681
9798
13356
7364
4859
635
5182
5168
4242
1799
1636
6959
566
2805
997
9823
5985
1924
18270
8812
3473
14041
19821
20393
2507
3067
13833
4846
7017
3363
1837
11890
14824
2370
899
15436
1344
3471
1422
6035
13565
2878
2946
5235
4907
11524
481
7606
11714
2089
862
6471
982
3287
452
4449
2463
3938
10330
7339
9541
5304
7971
20008
6819
21080
12466
9038
12342
1201
3121
8667
16991
5223
7756
544
3670
6772
11186
1771
12615
6730
841
1909
6374
20998
15722
3310
2269
1050
514
6130
4463
6504
13938
1623
6342
1705
16793
505
2671
17055
11867
15142
246
5384
14959
3297
16352
2687
3623
8877
23
8205
659
387
3810
6340
1078
5739
2894
8491
6460
1267
1271
3923
12345
16125
8539
20504
18724
1781
9335
8018
8395
4693
622
20790
5697
1038
5432
9286
5770
4272
8508
21731
5669
3103
2573
9798
3328
881
1244
10763
4823
2712
3636
8546
7024
12118
5499
10657
18287
7577
3163
14524
4806
959
2043
4347
13496
13885
102
7095
1485
22224
157
587
4274
22929
1319
5232
5002
7674
13009
6378
5675
3159
5920
1211
638
484
12559
554
18076
18294
3599
8395
5678
5204
1672
2155
6072
5547
8076
8049
703
7702
9885
4065
18935
19555
3032
1061
11501
3411
7266
16758
5398
1900
19282
18297
18024
4105
10247
10638
2533
10290
13008
9663
7027
23201
13924
17665
1393
2606
479
9546
13223
2199
567
8898
260
6442
2083
2708
1261
2670
4115
12976
7188
833
18326
21491
627
4951
12434
20360
1514
5989
23030
4359
7690
5455
10949
10479
2393
4595
10440
1564
3112
20509
224
2618
10649
5993
7250
1100
8079
10847
972
10172
742
3636
17428
8242
18668
16437
2410
13763
2264
388
15981
4162
6569
2376
12678
2374
13622
2260
4781
12819
6909
14168
3699
1490
2756
6925
4189
3099
15087
717
4603
4983
2493
11900
12864
2586
10288
2466
5797
1001
12648
2496
608
5537
5175
4800
22922
2412
6538
1220
13729
1481
10461
3476
16001
1464
7134
1640
2089
17949
6649
10272
4312
13059
6246
4210
13382
3370
6243
10440
3171
3246
2914
2035
8460
5183
1070
1073
4787
3560
886
15117
9338
6356
4633
14001
3742
204
13477
11063
7936
20436
12001
14586
5976
4226
534
10615
4962
10430
19071
2054
8018
1527
196
14307
431
935
899
5991
5853
16914
3212
6701
5406
733
20637
6510
10563
16300
16412
10299
3980
928
12518
21449
9504
18302
7642
8603
2241
11902
9197
3278
4010
6202
23359
9686
452
6130
4491
5753
7767
11351
4550
323
826
3778
938
1977
7195
3420
7748
291
7206
5441
2724
1830
6895
10437
8344
14252
14020
4961
2888
5079
951
9885
198
5362
9088
9965
13658
10113
1274
13083
4078
6862
9109
12291
436
7802
3601
7398
5650
595
1571
2490
17774
241
4271
2778
3794
16793
11522
1350
7905
4601
1820
5410
5080
2929
14612
556
46
1993
9498
8422
4556
2250
3370
2146
10149
5725
21799
3236
826
20816
6264
13020
6954
5764
10750
5696
2738
12799
22658
3168
2598
16425
4175
1434
1574
1669
8105
5973
6791
1634
476
2411
4759
6736
8353
8250
1426
6134
313
7018
7790
6367
2281
1546
582
2154
6393
3645
13028
6309
309
2369
5054
8704
9383
4384
6261
3156
8042
144
18624
5829
3277
3498
9
12109
4044
17973
10815
734
721
5056
486
8669
3960
1002
10671
17238
537
4808
632
14514
782
4470
3849
8234
5404
2613
4665
1343
2731
12664
538
3893
6603
3841
14560
11959
81
3994
11652
1918
4234
3828
17129
11846
10183
18860
2786
8211
1639
14360
5636
5702
15316
16617
17989
27
9594
1740
10074
16501
3429
17576
14513
11090
14709
113
2803
4190
13630
3848
1716
2292
10563
1045
4727
646
2719
3545
2854
9599
8911
13308
11748
10624
11530
2205
19810
8557
2482
4057
22196
4048
13024
4902
7112
4147
664
3891
4259
580
5769
17505
2504
4502
544
11426
54
9026
1450
5837
11551
10818
1186
4586
2019
15525
3473
6130
16644
12667
22093
5182
2408
9221
5604
3394
5209
6725
4835
12050
3534
11542
13425
6233
357
5094
5753
13872
3513
14440
14510
7409
14701
12488
17359
1404
2107
4489
447
1371
7007
1149
6908
10683
7549
224
2668
13138
19676
5409
11860
14460
4427
5778
396
16200
3036
6847
1047
3075
889
17214
2642
2687
