11180122
232881315 11180122
821032205 232881315 11180122
821032205 232881315 134903337 11180122
832503914 821032205 232881315 134903337 11180122
832503914 821032205 594536741 232881315 134903337 11180122
995054880 832503914 821032205 594536741 232881315 134903337 11180122
995054880 832503914 821032205 755376827 594536741 232881315 134903337 11180122
995054880 978402962 832503914 821032205 755376827 594536741 232881315 134903337 11180122
995054880 978402962 832503914 821032205 755376827 594536741 232881315 134903337 105181309 11180122
995054880 978402962 832503914 821032205 812594271 755376827 594536741 232881315 134903337 105181309
995054880 978402962 896585530 832503914 821032205 812594271 755376827 594536741 232881315 134903337
995054880 978402962 896585530 832503914 821032205 812594271 755376827 594536741 232881315 134903337
995054880 978402962 896585530 832503914 821032205 812594271 755376827 594536741 232881315 232241231
995054880 978402962 954016821 896585530 832503914 821032205 812594271 755376827 594536741 232881315
995054880 978402962 954016821 897868116 896585530 832503914 821032205 812594271 755376827 594536741
995054880 978402962 954016821 897868116 896585530 832503914 821032205 812594271 755376827 594536741
995054880 978402962 954016821 897868116 896585530 832503914 821032205 812594271 755376827 594536741
995054880 978402962 954016821 897868116 896585530 832503914 821032205 812594271 755376827 594536741
995054880 978402962 954016821 897868116 896585530 832503914 821032205 812594271 755376827 594536741
995054880 978402962 954016821 897868116 896585530 832503914 821032205 812594271 755376827 594536741
995054880 978402962 954016821 897868116 896585530 832503914 821032205 812594271 755376827 594536741
995054880 978402962 954016821 897868116 896585530 832503914 821032205 812594271 755376827 594536741
995054880 978402962 954016821 897868116 896585530 832503914 821032205 812594271 755376827 594536741
995054880 978402962 954016821 897868116 896585530 832503914 821032205 812594271 755376827 594536741
995054880 978402962 954016821 897868116 896585530 832503914 821032205 812594271 755376827 594536741
995054880 978402962 954016821 897868116 896585530 832503914 821032205 812594271 755376827 594536741
995054880 978402962 954016821 897868116 896585530 832503914 821032205 812594271 755376827 749049696
995054880 978402962 954016821 897868116 896585530 832503914 821032205 812594271 755376827 749049696
995054880 978402962 954016821 897868116 896585530 832503914 821032205 812594271 755376827 749049696
995054880 978402962 954016821 897868116 896585530 858980738 832503914 821032205 812594271 755376827
995054880 978402962 954016821 897868116 896585530 858980738 832503914 821032205 812594271 755376827
995054880 978402962 954016821 897868116 896585530 858980738 832503914 821032205 812594271 755376827
995054880 978402962 954016821 897868116 896585530 858980738 832503914 821032205 812594271 755376827
995054880 978402962 954016821 897868116 896585530 858980738 832503914 821032205 812594271 755376827
995054880 978402962 954016821 897868116 896585530 858980738 832503914 821032205 812594271 755376827
995054880 978402962 954016821 897868116 896585530 858980738 832503914 821032205 812594271 755376827
995054880 978402962 954016821 897868116 896585530 858980738 853211208 832503914 821032205 812594271
995054880 978402962 954016821 897868116 896585530 858980738 853211208 832503914 821032205 812594271
995054880 978402962 954016821 897868116 896585530 858980738 853211208 832503914 821032205 812594271
995054880 978402962 954016821 897868116 896585530 858980738 853211208 832503914 821032205 812594271
995054880 978402962 954016821 897868116 896585530 858980738 853211208 832503914 821032205 812594271
995054880 978402962 954016821 897868116 896585530 858980738 853211208 832503914 821032205 812594271
995054880 978402962 958990393 954016821 897868116 896585530 858980738 853211208 832503914 821032205
995054880 978402962 958990393 954016821 897868116 896585530 881733983 858980738 853211208 832503914
995054880 978402962 958990393 954016821 897868116 896585530 881733983 858980738 853211208 832503914
995054880 978402962 958990393 954016821 897868116 896585530 881733983 858980738 853211208 832503914
995054880 994108303 978402962 958990393 954016821 897868116 896585530 881733983 858980738 853211208
995054880 994108303 978402962 958990393 954016821 897868116 896585530 881733983 858980738 853211208
995054880 994108303 978402962 958990393 954016821 897868116 896585530 881733983 858980738 853211208
995054880 994108303 978402962 958990393 954016821 897868116 896585530 881733983 858980738 853211208
995054880 994108303 978402962 967133433 958990393 954016821 897868116 896585530 881733983 858980738
995054880 994108303 978402962 967133433 958990393 954016821 897868116 896585530 881733983 858980738
995054880 994108303 978402962 967133433 958990393 954016821 897868116 896585530 881733983 858980738
995054880 994108303 978402962 967133433 958990393 954016821 897868116 896585530 881733983 858980738
995054880 994108303 978402962 967133433 958990393 954016821 897868116 896585530 881733983 858980738
995054880 994108303 978402962 967133433 958990393 954016821 916917595 897868116 896585530 881733983
995054880 994108303 978402962 967133433 958990393 954016821 916917595 897868116 896585530 881733983
995054880 994108303 978402962 967133433 958990393 954016821 916917595 897868116 896585530 881733983
995054880 994108303 978402962 967133433 958990393 954016821 916917595 897868116 896585530 881733983
995054880 994108303 978402962 967133433 958990393 954016821 916917595 897868116 896585530 881733983
995054880 994108303 978402962 967133433 958990393 954016821 916917595 897868116 896585530 881733983
995054880 994108303 978402962 967133433 958990393 954016821 945102842 916917595 897868116 896585530
995054880 994108303 978402962 967133433 958990393 954016821 945102842 916917595 897868116 896585530
995054880 994108303 987565910 978402962 967133433 958990393 954016821 945102842 916917595 897868116
995054880 994108303 987565910 978402962 967133433 958990393 954016821 945102842 916917595 897868116
995054880 994108303 987565910 981488672 978402962 967133433 958990393 954016821 945102842 916917595
995054880 994108303 987565910 981488672 978402962 967133433 958990393 954016821 945102842 916917595
995054880 994108303 987565910 981488672 978402962 967133433 958990393 954016821 945102842 916917595
995054880 994108303 987565910 981488672 978402962 967133433 958990393 954016821 945102842 916917595
995054880 994108303 987565910 981488672 978402962 967133433 958990393 954016821 945102842 916917595
995054880 994108303 987565910 981488672 978402962 967133433 958990393 954016821 945102842 916917595
995054880 994108303 987565910 981488672 978402962 967133433 958990393 954016821 945102842 916917595
995054880 994108303 987565910 981488672 978402962 967133433 958990393 954016821 945102842 916917595
995054880 994108303 987565910 981488672 978402962 967133433 958990393 954016821 945102842 916917595
995054880 994108303 987565910 981488672 978402962 967133433 958990393 954016821 945102842 931548724
995054880 994108303 987565910 981488672 978402962 967133433 958990393 954016821 945102842 931548724
995054880 994108303 987565910 981488672 978402962 967133433 958990393 954016821 945102842 931548724
995054880 994108303 987565910 981488672 978402962 967133433 958990393 954016821 945102842 931548724
995054880 994108303 987565910 981488672 978402962 967133433 958990393 954016821 946925152 945102842
995054880 994108303 987565910 981488672 978402962 967133433 958990393 954016821 946925152 945102842
995054880 994108303 987565910 981488672 978402962 967133433 958990393 954016821 946925152 945102842
995054880 994108303 987565910 981488672 978402962 967133433 958990393 954016821 946925152 945102842
995054880 994108303 987565910 981488672 978402962 967133433 958990393 954016821 946925152 945102842
995054880 994108303 987565910 981488672 978402962 967133433 958990393 954016821 946925152 945102842
995054880 994108303 987565910 981488672 978402962 967133433 958990393 954016821 946925152 945102842
995054880 994108303 987565910 981488672 978402962 967133433 958990393 954016821 946925152 945102842
995054880 994108303 987565910 981488672 978402962 967133433 958990393 954016821 946925152 945102842
995054880 994108303 987565910 981488672 978402962 967133433 958990393 954016821 946925152 945102842
995054880 994108303 987565910 981488672 978402962 967133433 958990393 954016821 946925152 945102842
995054880 994108303 987565910 981488672 978402962 967133433 958990393 954016821 946925152 945102842
995054880 994108303 987565910 981488672 978402962 967133433 958990393 954016821 946925152 945102842
995054880 994108303 987565910 981488672 978402962 967133433 958990393 954016821 946925152 945102842
995054880 994108303 987565910 981488672 978402962 967133433 958990393 954016821 946925152 945102842
995054880 994108303 987565910 981488672 978402962 967133433 958990393 954016821 946925152 945102842
995054880 994108303 987565910 981488672 978402962 967133433 958990393 954016821 946925152 945102842
995054880 994108303 987565910 981488672 978402962 967133433 958990393 954016821 946925152 945102842
995054880 994108303 987565910 981488672 978402962 967133433 958990393 954016821 946925152 945102842
995054880 994108303 987565910 981488672 978402962 967133433 958990393 954016821 946925152 945102842
995054880 994108303 987565910 981488672 978402962 967133433 958990393 954016821 946925152 945102842
995054880 994108303 991885117 987565910 981488672 978402962 967133433 958990393 954016821 946925152
995054880 994108303 991885117 987565910 981488672 978402962 967133433 958990393 954016821 946925152
995054880 994108303 991885117 987565910 981488672 978402962 967133433 958990393 954016821 946925152
995054880 994108303 991885117 987565910 981488672 978402962 967133433 958990393 954016821 946925152
995054880 994108303 991885117 987565910 981488672 978402962 967133433 958990393 954016821 946925152
995054880 994108303 991885117 987565910 981488672 978402962 967133433 961900512 958990393 954016821
995054880 994108303 991885117 987565910 981488672 978402962 967133433 961900512 958990393 954016821
995054880 994108303 991885117 987565910 981488672 978402962 967133433 961900512 958990393 954016821
995054880 994108303 991885117 987565910 981488672 978402962 967133433 961900512 958990393 954016821
995054880 994108303 991885117 987565910 981488672 978402962 967133433 961900512 958990393 954016821
995054880 994108303 991885117 987565910 981488672 978402962 967133433 961900512 958990393 954016821
995054880 994108303 991885117 987565910 981488672 978402962 967133433 961900512 958990393 954016821
995054880 994108303 991885117 987565910 981488672 978402962 967133433 961900512 958990393 954016821
995054880 994108303 991885117 987565910 981488672 978402962 967133433 961900512 958990393 954016821
995054880 994108303 991885117 987565910 981488672 978402962 967133433 961900512 958990393 954016821
995054880 994108303 991885117 987565910 981488672 978402962 967133433 961900512 958990393 954016821
995054880 994108303 991885117 987565910 981488672 978402962 967133433 961900512 958990393 954016821
995054880 994108303 991885117 987565910 981488672 978402962 967133433 961900512 958990393 954016821
995054880 994108303 991885117 987565910 981488672 978402962 967133433 961900512 958990393 954016821
995054880 994108303 991885117 987565910 981488672 978402962 967133433 961900512 958990393 954016821
995054880 994108303 991885117 987565910 981488672 978402962 967133433 961900512 958990393 954016821
995054880 994108303 991885117 987565910 981488672 978402962 967133433 961900512 958990393 954016821
995054880 994108303 991885117 987565910 981488672 978402962 967133433 961900512 958990393 954016821
995054880 994108303 991885117 987565910 981488672 978402962 967133433 961900512 958990393 954016821
995054880 994108303 991885117 987565910 981488672 978402962 967133433 961900512 958990393 954016821
995054880 994108303 991885117 987565910 981488672 978402962 967133433 961900512 958990393 954016821
995054880 994108303 991885117 987565910 981488672 978402962 967133433 961900512 958990393 954016821
995054880 994108303 991885117 987565910 981488672 978402962 967133433 961900512 958990393 954016821
995054880 994108303 991885117 987565910 981488672 978402962 967133433 961900512 958990393 954016821
995054880 994108303 991885117 987565910 981488672 978402962 967133433 961900512 958990393 954016821
995054880 994108303 991885117 987565910 981488672 978402962 967133433 961900512 958990393 954016821
995054880 994108303 991885117 987565910 981488672 978402962 967133433 961900512 958990393 954016821
995054880 994108303 991885117 987565910 981488672 978402962 967133433 961900512 958990393 954016821
995054880 994108303 991885117 987565910 981488672 978402962 967133433 961900512 958990393 954016821
995054880 994108303 991885117 987565910 981488672 978402962 967133433 961900512 958990393 954016821
995054880 994108303 991885117 987565910 981488672 978402962 967133433 961900512 958990393 954016821
995054880 994108303 991885117 987565910 981488672 978402962 967133433 961900512 958990393 954016821
995054880 994108303 991885117 987565910 981488672 978402962 967133433 961900512 958990393 954016821
995054880 994108303 991885117 987565910 981488672 978402962 967133433 961900512 958990393 954016821
995054880 994108303 991885117 987565910 981488672 978402962 967133433 961900512 958990393 954016821
995054880 994108303 991885117 987565910 981488672 978402962 967133433 961900512 958990393 954016821
995054880 994108303 991885117 987565910 981488672 978402962 967133433 961900512 958990393 954016821
995054880 994108303 991885117 987565910 981488672 978402962 967133433 961900512 958990393 954016821
995054880 994108303 991885117 987565910 981488672 978402962 967133433 961900512 958990393 954016821
995054880 994108303 991885117 987565910 981488672 978402962 967133433 961900512 958990393 954016821
995054880 994108303 991885117 987565910 981488672 978402962 967133433 961900512 958990393 954016821
995054880 994108303 991885117 987565910 981488672 978402962 967133433 961900512 958990393 954016821
995054880 994108303 991885117 987565910 981488672 978402962 967133433 961900512 958990393 954016821
995054880 994108303 991885117 987565910 981488672 978402962 967133433 961900512 958990393 954016821
995054880 994108303 991885117 987565910 981488672 978402962 967133433 961900512 958990393 954016821
995054880 994108303 991885117 987565910 981488672 978402962 967133433 961900512 958990393 954016821
995054880 994108303 991885117 987565910 981488672 978402962 967133433 961900512 958990393 954016821
995054880 994108303 991885117 987565910 981488672 978402962 967133433 961900512 958990393 954016821
995054880 994108303 991885117 987565910 981488672 978402962 967133433 961900512 958990393 954016821
995054880 994108303 991885117 987565910 981488672 978402962 967133433 961900512 958990393 954016821
995054880 994108303 991885117 987565910 981488672 978402962 967133433 961900512 958990393 954016821
995054880 994108303 991885117 987565910 981488672 978402962 967133433 961900512 958990393 954016821
995054880 994108303 991885117 987565910 981488672 978402962 967133433 961900512 958990393 954016821
995054880 994108303 991885117 987565910 981488672 978402962 967133433 961900512 958990393 954016821
995054880 994108303 991885117 987565910 981488672 978402962 967133433 961900512 958990393 954016821
995054880 994108303 991885117 987565910 981488672 978402962 967133433 961900512 958990393 954016821
995054880 994108303 991885117 987565910 981488672 978402962 967133433 961900512 958990393 954016821
995054880 994108303 991885117 987565910 981488672 978402962 967133433 961900512 958990393 954016821
999358712 995054880 994108303 991885117 987565910 981488672 978402962 967133433 961900512 958990393
999358712 995054880 994108303 991885117 987565910 981488672 978402962 967133433 961900512 958990393
999358712 995054880 994108303 991885117 987565910 981488672 978402962 967133433 961900512 958990393
999358712 995054880 994108303 991885117 987565910 981488672 978402962 967133433 961900512 958990393
999358712 995054880 994108303 991885117 987565910 981488672 978402962 967133433 961900512 958990393
999358712 995054880 994108303 991885117 987565910 981488672 978402962 967133433 961900512 958990393
999358712 995054880 994108303 991885117 987565910 981488672 978402962 967133433 961900512 958990393
999358712 995054880 994108303 991885117 987565910 981488672 978402962 967133433 961900512 958990393
999358712 995054880 994108303 991885117 987565910 981488672 978402962 967133433 961900512 958990393
999358712 995054880 994108303 991885117 987565910 981488672 978402962 967133433 961900512 958990393
999358712 995054880 994108303 993374339 991885117 987565910 981488672 978402962 967133433 961900512
999358712 995054880 994108303 993374339 991885117 987565910 981488672 978402962 967133433 961900512
999358712 995054880 994108303 993374339 991885117 987565910 981488672 978402962 967133433 961900512
999358712 995054880 994108303 993374339 991885117 987565910 981488672 978402962 967133433 961900512
999358712 995054880 994108303 993374339 991885117 987565910 981488672 978402962 967133433 961900512
999358712 995054880 994108303 993374339 991885117 987565910 981488672 978402962 967133433 961900512
999358712 995054880 994108303 993374339 991885117 987565910 981488672 978402962 967133433 961900512
999358712 995054880 994108303 993374339 991885117 987565910 981488672 978402962 967133433 961900512
999358712 995054880 994108303 993374339 991885117 987565910 981488672 978402962 967133433 961900512
999358712 995054880 994108303 993374339 991885117 987565910 981488672 978402962 967133433 961900512
999358712 995054880 994108303 993374339 991885117 987565910 981488672 978402962 967133433 961900512
999358712 995054880 994108303 993374339 991885117 987565910 981488672 978402962 967133433 961900512
999358712 995054880 994108303 993374339 991885117 987565910 981488672 978402962 967133433 961900512
999358712 995054880 994108303 993374339 991885117 987565910 981488672 978402962 967133433 961900512
999358712 995054880 994108303 993374339 991885117 987565910 981488672 978402962 967133433 961900512
999358712 995054880 994108303 993374339 991885117 987565910 981488672 978402962 967133433 961900512
999358712 995054880 994108303 993374339 991885117 987565910 981488672 978402962 967133433 961900512
999358712 995054880 994108303 993374339 991885117 987565910 981488672 978402962 967133433 961900512
999358712 995054880 994108303 993374339 991885117 987565910 981488672 978402962 967133433 961900512
999358712 995054880 994108303 993374339 991885117 987565910 981488672 978402962 967133433 961900512
999358712 995054880 994108303 993374339 991885117 987565910 981488672 978402962 967133433 961900512
999358712 995054880 994108303 993374339 991885117 987565910 981488672 978402962 967133433 961900512
999358712 995054880 994108303 993374339 991885117 987565910 981488672 978402962 967133433 961900512
999358712 995054880 994108303 993374339 991885117 987565910 981488672 978402962 967133433 961900512
999358712 995054880 994108303 993374339 991885117 987565910 981488672 978402962 967133433 961900512
999358712 995054880 994108303 993374339 991885117 987565910 981488672 978402962 967133433 961900512
999358712 995054880 994108303 993374339 991885117 987565910 981488672 978402962 967133433 961900512
