438
762
606
678
487
18
275
606
290
796
278
308
142
508
366
112
262
98
45
404
436
266
876
462
115
88
253
772
224
660
56
207
554
556
305
304
852
302
928
314
582
303
225
30
422
368
447
930
71
20
342
366
329
486
140
137
365
107
170
1
132
946
434
638
192
822
423
94
124
10
256
708
467
338
1
438
430
298
105
426
180
90
524
466
385
203
22
142
21
226
500
318
412
10
137
411
361
102
404
307
206
740
351
301
820
39
224
578
86
474
384
212
618
796
590
398
364
365
454
421
570
30
154
190
928
424
124
266
147
186
370
226
246
410
