213
164
82
762
762
578
10
666
92
139
477
110
438
34
227
822
174
538
182
232
246
242
303
495
291
95
846
409
596
406
762
416
930
318
109
522
618
308
112
692
29
162
856
438
220
158
103
460
418
410
103
210
490
42
342
356
348
730
580
166
352
3
469
162
444
31
132
130
546
465
592
490
496
365
72
426
990
90
225
592
265
227
388
478
490
232
220
308
359
188
423
498
78
99
740
105
235
10
284
381
128
338
430
270
564
109
218
335
383
409
370
230
466
658
206
470
522
70
228
86
796
290
174
289
353
218
164
372
650
314
411
110
411
80
26
345
108
82
277
48
218
229
212
236
173
16
700
538
325
467
462
414
389
425
339
326
572
138
440
412
114
4
190
190
170
268
946
181
790
487
10
86
325
80
342
238
658
160
277
182
130
199
84
129
18
508
361
52
372
348
389
134
198
170
395
294
19
718
439
37
404
341
546
49
658
562
498
12
305
342
136
292
279
388
267
502
402
88
288
354
387
219
858
113
814
300
524
176
305
261
374
272
848
324
225
25
868
374
29
447
350
590
81
103
490
451
9
164
189
325
4
774
402
30
762
626
486
356
24
434
119
236
499
252
8
73
328
33
322
301
432
666
103
466
77
245
239
940
480
772
264
58
68
2
116
740
52
390
104
22
17
386
444
103
240
66
453
918
440
162
326
123
353
268
116
116
626
349
592
333
141
349
172
176
375
285
534
486
91
156
190
752
414
312
493
126
233
422
280
186
223
996
176
592
462
97
982
172
182
406
78
368
322
66
620
186
614
221
209
738
452
378
6
399
242
327
478
190
36
17
302
858
506
135
326
494
97
205
928
450
143
350
95
502
420
188
338
485
152
20
141
458
245
820
52
330
406
334
462
262
490
319
73
304
682
202
98
444
396
410
946
202
678
760
378
106
276
190
430
534
289
264
329
36
348
318
350
211
232
168
520
574
205
556
606
215
790
28
201
418
154
320
1
245
386
308
359
610
356
92
108
211
112
213
606
189
470
500
474
344
170
305
222
366
389
358
462
614
206
343
395
67
616
240
740
786
558
102
103
84
148
135
98
232
148
156
290
294
118
195
474
18
425
148
284
358
437
970
928
118
281
24
258
269
858
63
348
7
250
692
102
432
429
92
43
498
638
118
242
324
430
139
128
138
342
435
440
786
470
534
62
386
467
359
198
410
422
88
72
6
476
353
267
272
192
162
28
476
281
276
484
554
411
464
554
441
358
906
183
188
475
430
395
112
231
40
534
210
50
350
166
510
204
290
97
178
946
317
269
346
306
135
226
142
848
290
35
58
93
666
130
400
606
9
135
448
292
8
130
343
23
320
452
451
436
81
422
546
610
496
76
389
286
66
398
129
530
269
876
724
230
826
36
640
952
133
454
63
221
82
451
90
178
826
244
379
716
282
199
708
379
930
418
177
568
370
98
341
346
138
244
341
790
395
448
240
131
330
204
462
724
288
22
558
58
303
586
46
481
235
222
55
137
94
367
382
642
550
170
4
430
438
30
219
814
421
164
592
572
445
295
194
98
594
98
768
502
368
76
125
646
198
255
554
82
652
163
13
296
358
173
254
366
336
882
330
214
502
412
316
286
474
852
738
482
508
74
437
42
458
367
708
25
532
130
710
3
750
116
590
772
79
92
261
820
982
3
502
532
738
327
202
198
110
170
133
804
216
516
205
398
369
279
762
470
692
456
582
46
10
486
16
333
338
426
14
498
262
630
388
420
370
123
274
424
16
69
118
460
366
380
409
290
796
130
282
626
61
438
646
526
142
170
187
410
346
94
345
646
86
148
217
446
172
433
322
240
128
52
114
30
295
126
494
226
387
400
488
618
796
374
105
554
822
426
78
17
294
606
102
105
646
336
223
26
305
480
496
726
230
227
274
644
280
22
183
487
