440349210
440349210 153571214
974012799 440349210 153571214
974012799 440349210 324126990 153571214
974012799 440349210 324126990 153571214 123427023
974012799 903411450 440349210 324126990 153571214 123427023
974012799 912020953 903411450 440349210 324126990 153571214 123427023
974012799 912020953 903411450 785271093 440349210 324126990 153571214 123427023
974012799 912020953 903411450 785271093 543171342 440349210 324126990 153571214 123427023
974012799 912020953 903411450 785271093 543171342 440349210 324126990 153571214 123427023 44231118
974012799 912020953 903411450 785271093 543171342 440349210 363220488 324126990 153571214 123427023
974012799 912020953 903411450 848662978 785271093 543171342 440349210 363220488 324126990 153571214
974012799 912020953 903411450 848662978 785271093 712257885 543171342 440349210 363220488 324126990
974012799 912020953 903411450 848662978 785271093 712257885 543171342 440349210 363220488 324126990
974012799 912020953 903411450 848662978 785271093 712257885 543171342 440349210 363220488 324126990
974012799 912020953 903411450 848662978 785271093 712257885 543171342 440349210 363220488 324126990
974012799 912020953 903411450 848662978 785271093 735366263 712257885 543171342 440349210 363220488
974012799 912020953 903411450 848662978 785271093 735366263 712257885 543171342 505268053 440349210
974012799 912020953 903411450 848662978 785271093 735366263 712257885 608258584 543171342 505268053
974012799 912020953 903411450 848662978 785271093 735366263 712257885 671267097 608258584 543171342
