849002289
849002289 748555844
850735740 849002289 748555844
850735740 849002289 748555844 341474717
850735740 849002289 748555844 397506999 341474717
850735740 849002289 748555844 397506999 341474717 330394878
850735740 849002289 748555844 717767617 397506999 341474717 330394878
850735740 849002289 748555844 717767617 397506999 341474717 330394878 239235199
850735740 849002289 748555844 717767617 452657282 397506999 341474717 330394878 239235199
850735740 849002289 748555844 717767617 672831103 452657282 397506999 341474717 330394878 239235199
884414507 850735740 849002289 748555844 717767617 672831103 452657282 397506999 341474717 330394878
884414507 850735740 849002289 748555844 717767617 672831103 470289821 452657282 397506999 341474717
884414507 850735740 849002289 748555844 717767617 672831103 470289821 452657282 397506999 341474717
884414507 850735740 849002289 748555844 717767617 672831103 470289821 452657282 397506999 341474717
964382424 884414507 850735740 849002289 748555844 717767617 672831103 470289821 452657282 397506999
964382424 884414507 850735740 849002289 748555844 717767617 672831103 470289821 452657282 397506999
964382424 884414507 850735740 849002289 748555844 717767617 672831103 470289821 452657282 397506999
964382424 884414507 850735740 849002289 748555844 717767617 672831103 470289821 452657282 430057913
964382424 884414507 850735740 849002289 748555844 717767617 672831103 612817733 470289821 452657282
964382424 884414507 850735740 849002289 748555844 717767617 672831103 612817733 470289821 452657282
964382424 884414507 850735740 849002289 748555844 717767617 672831103 612817733 470289821 452657282
964382424 884414507 850735740 849002289 748555844 717767617 672831103 612817733 474578948 470289821
964382424 884414507 850735740 849002289 748555844 717767617 672831103 612817733 474578948 470289821
964382424 884414507 850735740 849002289 748555844 717767617 672831103 612817733 474578948 470289821
978249371 964382424 884414507 850735740 849002289 748555844 717767617 672831103 612817733 474578948
978249371 964382424 884414507 850735740 849002289 748555844 717767617 675022110 672831103 612817733
978249371 964382424 884414507 850735740 849002289 748555844 717767617 675022110 672831103 612817733
991352376 978249371 964382424 884414507 850735740 849002289 748555844 717767617 675022110 672831103
991352376 978249371 964382424 884414507 850735740 849002289 748555844 717767617 675022110 672831103
991352376 978249371 964382424 884414507 850735740 849002289 748555844 717767617 675022110 672831103
991352376 978249371 964382424 884414507 850735740 849002289 768694239 748555844 717767617 675022110
991352376 978249371 964382424 884414507 850735740 849002289 768694239 748555844 717767617 675022110
991352376 978249371 964382424 884414507 850735740 849002289 768694239 748555844 717767617 675022110
991352376 978249371 964382424 884414507 850735740 849002289 768694239 748555844 717767617 675022110
991352376 978249371 964382424 884414507 850735740 849002289 768694239 748555844 717767617 675022110
991352376 978249371 964382424 884414507 850735740 849002289 768694239 748555844 717767617 675022110
991352376 978249371 964382424 884414507 850735740 849002289 768694239 748555844 717767617 675022110
991352376 978249371 964382424 884414507 850735740 849002289 768694239 748555844 717767617 675022110
991352376 978249371 964382424 884414507 850735740 849002289 768694239 748555844 717767617 675022110
991352376 978249371 964382424 884414507 850735740 849002289 768694239 748555844 717767617 675022110
991352376 978249371 964382424 884414507 850735740 849002289 768694239 748555844 717767617 675022110
991352376 978249371 964382424 884414507 850735740 849002289 768694239 748555844 717767617 675022110
991352376 978249371 964382424 884414507 850735740 849002289 768694239 748555844 717767617 675022110
991352376 978249371 964382424 884414507 850735740 849002289 768694239 748555844 717767617 675022110
991352376 978249371 964382424 884414507 850735740 849002289 768694239 748555844 717767617 675022110
991352376 978249371 964382424 884414507 850735740 849002289 842404303 768694239 748555844 717767617
991352376 978249371 964382424 884414507 850735740 849002289 842404303 768694239 748555844 717767617
991352376 978249371 964382424 884414507 850735740 849002289 842404303 768694239 748555844 717767617
991352376 978249371 964382424 884414507 850735740 849002289 842404303 768694239 748555844 717767617
991352376 978249371 964382424 955582996 884414507 850735740 849002289 842404303 768694239 748555844
991352376 978249371 964382424 955582996 904300306 884414507 850735740 849002289 842404303 768694239
991352376 978249371 964382424 955582996 904300306 884414507 850735740 849002289 842404303 768694239
991352376 978249371 964382424 955582996 904300306 884414507 850735740 849002289 842404303 768694239
991352376 978249371 964382424 955582996 904300306 884414507 850735740 849002289 842404303 768694239
991352376 978249371 964382424 955582996 904300306 884414507 850735740 849002289 842404303 814140415
991352376 978249371 964382424 955582996 952993786 904300306 884414507 850735740 849002289 842404303
991352376 978249371 964382424 955582996 952993786 904300306 884414507 850735740 849002289 842404303
991352376 978249371 964382424 955582996 952993786 904300306 884414507 850735740 849002289 842404303
991352376 978249371 964382424 955582996 952993786 904300306 884414507 850735740 849002289 842404303
991352376 978249371 964382424 955582996 952993786 904300306 884414507 850735740 849002289 842404303
991352376 978249371 964382424 955582996 952993786 904300306 884414507 850735740 849002289 842404303
991352376 978249371 964382424 955582996 952993786 904300306 884414507 850735740 849002289 842404303
991352376 978249371 964382424 955582996 952993786 904300306 884414507 850735740 849002289 842404303
991352376 978249371 964382424 955582996 952993786 904300306 884414507 850735740 849002289 842404303
991352376 978249371 964382424 955582996 952993786 904300306 884414507 850735740 849002289 842404303
991352376 978249371 964382424 955582996 952993786 904300306 884414507 880866281 850735740 849002289
991352376 978249371 964382424 955582996 952993786 904300306 884414507 880866281 850735740 849002289
991352376 978249371 964382424 955582996 952993786 904300306 884414507 880866281 850735740 849002289
991352376 978249371 964382424 955582996 952993786 904300306 884414507 880866281 850735740 849002289
991352376 978249371 964382424 955582996 952993786 904300306 884414507 880866281 850735740 849002289
991352376 978249371 964382424 955582996 952993786 904300306 884414507 880866281 850735740 849002289
991352376 978249371 964382424 955582996 952993786 904300306 884414507 880866281 850735740 849002289
991352376 978249371 964382424 955582996 952993786 904300306 884414507 880866281 850735740 849002289
991352376 980608186 978249371 964382424 955582996 952993786 904300306 884414507 880866281 850735740
991352376 980608186 978249371 964382424 955582996 952993786 904300306 884414507 880866281 850735740
991352376 980608186 978249371 964382424 955582996 952993786 904300306 884414507 880866281 850735740
991352376 980608186 978249371 964382424 955582996 952993786 904300306 884414507 880866281 875755185
991352376 980608186 978249371 964382424 955582996 952993786 904300306 884414507 880866281 875755185
991352376 980608186 978249371 964382424 955582996 952993786 904300306 884414507 880866281 875755185
991352376 980608186 978249371 964382424 955582996 952993786 904300306 884414507 880866281 875755185
991352376 980608186 978249371 964382424 955582996 952993786 904300306 884414507 880866281 875755185
991352376 980608186 978249371 964382424 955582996 952993786 909023347 904300306 884414507 880866281
991352376 980608186 978249371 964382424 955582996 952993786 909023347 904300306 884414507 880866281
991352376 980608186 978249371 964382424 955582996 952993786 909023347 904300306 884414507 880866281
991352376 980608186 978249371 964382424 955582996 952993786 909023347 904300306 884414507 880866281
991352376 980608186 978249371 964382424 955582996 952993786 909023347 904300306 884414507 880866281
991352376 980608186 978249371 964382424 955582996 952993786 909023347 904300306 884414507 880866281
991352376 980608186 978249371 964382424 955582996 952993786 951747257 909023347 904300306 884414507
991352376 980608186 978249371 964382424 955582996 952993786 951747257 909023347 904300306 884414507
991352376 980608186 978249371 964382424 955582996 952993786 951747257 909023347 904300306 884414507
991352376 980608186 978249371 964382424 955582996 952993786 951747257 909023347 904300306 884414507
991352376 980608186 978249371 964382424 955582996 952993786 951747257 909023347 904300306 884414507
991352376 980608186 978249371 964382424 955582996 952993786 951747257 909023347 904300306 884414507
991352376 980608186 978249371 964382424 955582996 952993786 951747257 909023347 904300306 884414507
991352376 980608186 978249371 964382424 955582996 952993786 951747257 909023347 904300306 884414507
991352376 980608186 978249371 964382424 955582996 952993786 951747257 909023347 904300306 884414507
991352376 980608186 978249371 964382424 955582996 952993786 951747257 909023347 904300306 884414507
991352376 980608186 978249371 964382424 955582996 952993786 951747257 909023347 904300306 884414507
991352376 980608186 978249371 964382424 955582996 952993786 951747257 909023347 904300306 884414507
991352376 980608186 978249371 964382424 955582996 952993786 951747257 909023347 904300306 884414507
991352376 980608186 978249371 964382424 955582996 952993786 951747257 909023347 904300306 884414507
991352376 980608186 978249371 964382424 955582996 952993786 951747257 909023347 904300306 884414507
991352376 980608186 978249371 964382424 955582996 952993786 951747257 909023347 904300306 884414507
991352376 980608186 978249371 964382424 955582996 952993786 951747257 909023347 904300306 884414507
991352376 980608186 978249371 964382424 955582996 952993786 951747257 909023347 904300306 884414507
991352376 980608186 978249371 964382424 955582996 952993786 951747257 909023347 904300306 884414507
991352376 980608186 978249371 964382424 955582996 952993786 951747257 909023347 904300306 884414507
991352376 980608186 978249371 964382424 955582996 952993786 951747257 909023347 904300306 884414507
991352376 980608186 978249371 964382424 955582996 952993786 951747257 909023347 904300306 884414507
991352376 980608186 978249371 964382424 955582996 952993786 951747257 909023347 904300306 884414507
991352376 980608186 978249371 964382424 955582996 952993786 951747257 909023347 904300306 884414507
991352376 980608186 978249371 964382424 955582996 952993786 951747257 909023347 904300306 884414507
991352376 980608186 978249371 967347629 964382424 955582996 952993786 951747257 909023347 904300306
991352376 980608186 978249371 967347629 964382424 955582996 952993786 951747257 909023347 904300306
991352376 980608186 978249371 967347629 964382424 955582996 952993786 951747257 909023347 904300306
991352376 980608186 978249371 967347629 964382424 955582996 952993786 951747257 909023347 904300306
991352376 980608186 978249371 967347629 964382424 955582996 952993786 951747257 909023347 904300306
991352376 980608186 978249371 967347629 964382424 955582996 952993786 951747257 909023347 904300306
991352376 980608186 978249371 967347629 964382424 955582996 952993786 951747257 909023347 904300306
991352376 980608186 978249371 967347629 964382424 955582996 952993786 951747257 909023347 904300306
991352376 980608186 978249371 967347629 964382424 955582996 952993786 951747257 909023347 904300306
991352376 980608186 978249371 967347629 964382424 955582996 952993786 951747257 909023347 904300306
991352376 980608186 978249371 967347629 964382424 955582996 952993786 951747257 909023347 904300306
991352376 980608186 978249371 967347629 964382424 955582996 952993786 951747257 909023347 904300306
991352376 980608186 978249371 967347629 964382424 955582996 952993786 951747257 909023347 904300306
991352376 980608186 978249371 967347629 964382424 955582996 952993786 951747257 909023347 904300306
991352376 980608186 978249371 967347629 964382424 955582996 952993786 951747257 909023347 904300306
991352376 980608186 978249371 967347629 964382424 955582996 952993786 951747257 909023347 904300306
991352376 980608186 978249371 967347629 964382424 955582996 952993786 951747257 909023347 904300306
991352376 980608186 978249371 967347629 964382424 955582996 952993786 951747257 909023347 904300306
991352376 980608186 978249371 967347629 964382424 955582996 952993786 951747257 909023347 904300306
991352376 980608186 978249371 967347629 964382424 955582996 952993786 951747257 909023347 904300306
991352376 980608186 978249371 967347629 964382424 955582996 952993786 951747257 909023347 904300306
991352376 980608186 978249371 967347629 964382424 955582996 952993786 951747257 909023347 904300306
991352376 980608186 978249371 967347629 964382424 955582996 952993786 951747257 909023347 904300306
991352376 980608186 978249371 967347629 964382424 955582996 952993786 951747257 909023347 904300306
991352376 980608186 978249371 967347629 964382424 955582996 952993786 951747257 909023347 904300306
991352376 980608186 978249371 967347629 964382424 955582996 952993786 951747257 909023347 904300306
991352376 980608186 978249371 967347629 964382424 955582996 952993786 951747257 909023347 904300306
991352376 980608186 978249371 967347629 964382424 955582996 952993786 951747257 909023347 904300306
991352376 980608186 978249371 967347629 964382424 955582996 952993786 951747257 909023347 904300306
991352376 980608186 978249371 967347629 964382424 955582996 952993786 951747257 909023347 904300306
991352376 980608186 978249371 967347629 964382424 955582996 952993786 951747257 909023347 904300306
991352376 980608186 978249371 967347629 964382424 955582996 952993786 951747257 909023347 904300306
991352376 980608186 978249371 967347629 964382424 955582996 952993786 951747257 909023347 904300306
991352376 980608186 978249371 967347629 964382424 955582996 952993786 951747257 909023347 904300306
991352376 980608186 978249371 967347629 964382424 955582996 952993786 951747257 909023347 904300306
991352376 980608186 978249371 967347629 964382424 955582996 952993786 951747257 909023347 904300306
991352376 980608186 978249371 967347629 964382424 955582996 952993786 951747257 909023347 904300306
991352376 980608186 978249371 967347629 964382424 955582996 952993786 951747257 909023347 904300306
991352376 980608186 978249371 967347629 964382424 955582996 952993786 951747257 909023347 904300306
991352376 980608186 978249371 967347629 964382424 955582996 952993786 951747257 909023347 904300306
991352376 980608186 978249371 967347629 964382424 955582996 952993786 951747257 909023347 904300306
991352376 980608186 978249371 967347629 964382424 955582996 952993786 951747257 909023347 904300306
991352376 980608186 978249371 967347629 964382424 955582996 952993786 951747257 909023347 904300306
991352376 980608186 978249371 967347629 964382424 955582996 952993786 951747257 909023347 904300306
991352376 980608186 978249371 967347629 964382424 955582996 952993786 951747257 909023347 904300306
991352376 980608186 978249371 967347629 964382424 955582996 952993786 951747257 909023347 904300306
991352376 980608186 978249371 967347629 964382424 955582996 952993786 951747257 909023347 904300306
991352376 980608186 978249371 967347629 964382424 955582996 952993786 951747257 909023347 904300306
991352376 988796554 980608186 978249371 967347629 964382424 955582996 952993786 951747257 909023347
991352376 988796554 980608186 978249371 967347629 964382424 955582996 952993786 951747257 909023347
991352376 988796554 980608186 978249371 967347629 964382424 955582996 952993786 951747257 909023347
991352376 988796554 980608186 978249371 967347629 964382424 955582996 952993786 951747257 909023347
991352376 988796554 980608186 978249371 967347629 964382424 955582996 952993786 951747257 909023347
991352376 988796554 980608186 978249371 967347629 964382424 955582996 952993786 951747257 909023347
991352376 988796554 987223197 980608186 978249371 967347629 964382424 955582996 952993786 951747257
991352376 988796554 987223197 980608186 978249371 967347629 964382424 955582996 952993786 951747257
991352376 988796554 987223197 980608186 978249371 967347629 964382424 955582996 952993786 951747257
991352376 988796554 987223197 983782468 980608186 978249371 967347629 964382424 955582996 952993786
991352376 988796554 987223197 983782468 980608186 978249371 967347629 964382424 955582996 952993786
991352376 988796554 987223197 983782468 980608186 978249371 967347629 964382424 955582996 952993786
991352376 988796554 987223197 983782468 980608186 978249371 967347629 964382424 955582996 952993786
991352376 988796554 987223197 983782468 980608186 978249371 967347629 964382424 955582996 952993786
991352376 988796554 987223197 983782468 980608186 978249371 967347629 964382424 955582996 952993786
991352376 988796554 987223197 983782468 980608186 978249371 967347629 964382424 955582996 952993786
991352376 988796554 987223197 983782468 980608186 978249371 967347629 964382424 955582996 952993786
991352376 988796554 987223197 983782468 980608186 978249371 967347629 964382424 955582996 952993786
991352376 988796554 987223197 983782468 980608186 978249371 967347629 964382424 955582996 952993786
991352376 988796554 987223197 983782468 980608186 978249371 967347629 964382424 955582996 952993786
991352376 988796554 987223197 983782468 980608186 978249371 967347629 964382424 955582996 952993786
991352376 988796554 987223197 983782468 980608186 978249371 967347629 964382424 955582996 952993786
991352376 988796554 987223197 983782468 980608186 978249371 967347629 964382424 955582996 952993786
991352376 988796554 987223197 983782468 980608186 978249371 967347629 964382424 955582996 952993786
991352376 988796554 987223197 983782468 980608186 978249371 967347629 964382424 955582996 952993786
991352376 988796554 987223197 983782468 980608186 978249371 967347629 964382424 955582996 952993786
991352376 988796554 987223197 983782468 980608186 978249371 967347629 964382424 955582996 952993786
991352376 988796554 987223197 983782468 980608186 978249371 967347629 964382424 955582996 952993786
991352376 988796554 987223197 983782468 980608186 978249371 967347629 964382424 955582996 952993786
991352376 988796554 987223197 983782468 980608186 978249371 967347629 964382424 955582996 952993786
991352376 988796554 987223197 983782468 980608186 978249371 967347629 964382424 955582996 952993786
991352376 988796554 987223197 983782468 980608186 978249371 967347629 964382424 955582996 952993786
991352376 988796554 987223197 983782468 980608186 978249371 967347629 964382424 955582996 952993786
991352376 988796554 987223197 983782468 980608186 978249371 967347629 964382424 955582996 952993786
991352376 988796554 987223197 983782468 980608186 978249371 974365324 967347629 964382424 955582996
991352376 988796554 987223197 983782468 980608186 978249371 974365324 967347629 964382424 955582996
991352376 988796554 987223197 983782468 980608186 978249371 974365324 969680447 967347629 964382424
991352376 988796554 987223197 983782468 980608186 978249371 974365324 969680447 967347629 964382424
991352376 988796554 987223197 983782468 980608186 978249371 974365324 969680447 967347629 964382424
991352376 988796554 987223197 983782468 980608186 978249371 974365324 969680447 967347629 964382424
991352376 988796554 987223197 983782468 980608186 978249371 974365324 969680447 967347629 964382424
991352376 988796554 987223197 983782468 980608186 978249371 974365324 969680447 967347629 964382424
991352376 988796554 987223197 983782468 980608186 978249371 974365324 969680447 967347629 964382424
991352376 988796554 987223197 983782468 980608186 978249371 974365324 969680447 967347629 964382424
991352376 988796554 987223197 983782468 980608186 978249371 974365324 969680447 967347629 964382424
991352376 988796554 987223197 983782468 980608186 978249371 974365324 969680447 967347629 964382424
991352376 988796554 987223197 983782468 980608186 978249371 974365324 969680447 967347629 964382424
991352376 988796554 987223197 983782468 980608186 978249371 974365324 969680447 967347629 964382424
991352376 988796554 987223197 983782468 980608186 978249371 974365324 969680447 967347629 964382424
991352376 988796554 987223197 983782468 980608186 978249371 974365324 969680447 967347629 964382424
991352376 988796554 987223197 983782468 980608186 978249371 974365324 969680447 967347629 964382424
991352376 988796554 987223197 983782468 980608186 978249371 974365324 969680447 967347629 964382424
991352376 988796554 987223197 983782468 980608186 978249371 974365324 969680447 967347629 964382424
991352376 988796554 987223197 983782468 980608186 978249371 974365324 969680447 967347629 964382424
991352376 988796554 987223197 983782468 980608186 978249371 974365324 969680447 967347629 964382424
991352376 988796554 987223197 983782468 980608186 978249371 974365324 969680447 967347629 964382424
991352376 988796554 987223197 983782468 980608186 978249371 974365324 969680447 967347629 964382424
991352376 988796554 987223197 983782468 980608186 978249371 974365324 969680447 967347629 964382424
991352376 988796554 987223197 983782468 980608186 978249371 974365324 969680447 967347629 964382424
991352376 988796554 987223197 983782468 980608186 978249371 974365324 969680447 967347629 964382424
991352376 988796554 987223197 983782468 980608186 978249371 974365324 969680447 967347629 964382424
991352376 988796554 987223197 983782468 980608186 978249371 974365324 969680447 967347629 964382424
991352376 988796554 987223197 983782468 980608186 978249371 974365324 969680447 967347629 964382424
991352376 988796554 987223197 983782468 980608186 978249371 974365324 969680447 967347629 964382424
991352376 988796554 987223197 983782468 980608186 978249371 974365324 969680447 967347629 964382424
991352376 988796554 987223197 983782468 980608186 978249371 974365324 969680447 967347629 964382424
991352376 988796554 987223197 983782468 980608186 978249371 974365324 969680447 967347629 964382424
991352376 988796554 987223197 983782468 980608186 978249371 974365324 969680447 967347629 964382424
991352376 988796554 987223197 983782468 980608186 978249371 974365324 969680447 967347629 964382424
991352376 988796554 987223197 983782468 980608186 978249371 974365324 969680447 967347629 964382424
991352376 988796554 987223197 983782468 980608186 978249371 974365324 969680447 967347629 964382424
991352376 988796554 987223197 983782468 980608186 978249371 974365324 969680447 967347629 964382424
991352376 988796554 987223197 983782468 980608186 978249371 974365324 969680447 967347629 964382424
991352376 988796554 987223197 983782468 980608186 978249371 974365324 969680447 967347629 964382424
991352376 988796554 987223197 983782468 980608186 978249371 974365324 969680447 967347629 964382424
991352376 988796554 987223197 983782468 980608186 978249371 974365324 969680447 967347629 964382424
991352376 988796554 987223197 983782468 980608186 978249371 974365324 969680447 967347629 964382424
991352376 988796554 987223197 983782468 980608186 978249371 974365324 969680447 967347629 964382424
991352376 988796554 987223197 983782468 980608186 978249371 974365324 969680447 967347629 964382424
991352376 988796554 987223197 983782468 980608186 978249371 974365324 969680447 967347629 964382424
991352376 988796554 987223197 983782468 980608186 978249371 974365324 969680447 967347629 964382424
991352376 988796554 987223197 983782468 980608186 978249371 974365324 969680447 967347629 964382424
991352376 988796554 987223197 983782468 980608186 978249371 974365324 969680447 967347629 964382424
991352376 988796554 987223197 983782468 980608186 978249371 974365324 969680447 967347629 964382424
991352376 988796554 987223197 983782468 980608186 978249371 974365324 969680447 967347629 964382424
991352376 988796554 987223197 983782468 980608186 978249371 974365324 969680447 967347629 964382424
991352376 988796554 987223197 983782468 980608186 978249371 974365324 969680447 967347629 964382424
991352376 988796554 987223197 983782468 980608186 978249371 974365324 969680447 967347629 964382424
991352376 988796554 987223197 983782468 980608186 978249371 974365324 969680447 967347629 964382424
991352376 988796554 987223197 983782468 980608186 978249371 974365324 969680447 967347629 964382424
991352376 988796554 987223197 983782468 980608186 978249371 974365324 969680447 967347629 964382424
993892496 991352376 988796554 987223197 983782468 980608186 978249371 974365324 969680447 967347629
993892496 991352376 988796554 987223197 983782468 980608186 978249371 974365324 969680447 967347629
993892496 991352376 988796554 987223197 983782468 980608186 978249371 974365324 969680447 967347629
993892496 991352376 988796554 987223197 983782468 980608186 978249371 974365324 969680447 967347629
993892496 991352376 988796554 987223197 983782468 980608186 978249371 974365324 969680447 967347629
993892496 991352376 988796554 987223197 983782468 980608186 978249371 974365324 969680447 967347629
993892496 991352376 988796554 987223197 983782468 980608186 978249371 974365324 969680447 967347629
993892496 991352376 988796554 987223197 983782468 980608186 978249371 974365324 969680447 967347629
993892496 991352376 988796554 987223197 983782468 980608186 978249371 974365324 969680447 967347629
993892496 991352376 988796554 987223197 983782468 980608186 978249371 974365324 969680447 967347629
993892496 991352376 988796554 987223197 983782468 980608186 978249371 974365324 969680447 967347629
993892496 991352376 988796554 987223197 983782468 980608186 978249371 974365324 969680447 967347629
993892496 991352376 988796554 987223197 983782468 980608186 978249371 974365324 969680447 967347629
993892496 991352376 988796554 987223197 983782468 980608186 978249371 974365324 969680447 967347629
993892496 991352376 988796554 987223197 983782468 980608186 978249371 974365324 969680447 967347629
993892496 991352376 988796554 987223197 983782468 980608186 978249371 974365324 969680447 967347629
993892496 991352376 988796554 987223197 983782468 980608186 978249371 974365324 969680447 967347629
993892496 991352376 988796554 987223197 983782468 980608186 978249371 974365324 969680447 967347629
993892496 991352376 988796554 987223197 983782468 980608186 978249371 974365324 969680447 967347629
993892496 991352376 988796554 987223197 983782468 980608186 978249371 974365324 969680447 967347629
993892496 991352376 988796554 987223197 983782468 980608186 978249371 974365324 969680447 967347629
993892496 991352376 988796554 987223197 983782468 980608186 978249371 974365324 969680447 967347629
993892496 991352376 988796554 987223197 983782468 980608186 978249371 974365324 969680447 967347629
993892496 991352376 988796554 987223197 983782468 980608186 978249371 974365324 969680447 967347629
993892496 991352376 988796554 987223197 983782468 980608186 978249371 974365324 969680447 967347629
993892496 991352376 988796554 987223197 983782468 980608186 978249371 974365324 969680447 967347629
993892496 991352376 988796554 987223197 983782468 980608186 978249371 974365324 969680447 967347629
993892496 991352376 988796554 987223197 983782468 980608186 978249371 974365324 969680447 967347629
993892496 991352376 988796554 987223197 983782468 980608186 978249371 974365324 969680447 967347629
993892496 991352376 988796554 987223197 983782468 980608186 978249371 974365324 969680447 967347629
993892496 991352376 988796554 987223197 983782468 980608186 978249371 974365324 969680447 967347629
993892496 991352376 988796554 987223197 983782468 980608186 978249371 974365324 969680447 967347629
993892496 991352376 988796554 987223197 983782468 980608186 978249371 974365324 969680447 967347629
993892496 991352376 988796554 987223197 983782468 980608186 978249371 974365324 969680447 967347629
993892496 991352376 988796554 987223197 983782468 980608186 978249371 974365324 969680447 967347629
993892496 991352376 988796554 987223197 983782468 980608186 978249371 974365324 969680447 967347629
993892496 991352376 988796554 987223197 983782468 980608186 978249371 974365324 969680447 967347629
993892496 991352376 988796554 987223197 983782468 980608186 978249371 974365324 969680447 967347629
993892496 991352376 988796554 987223197 983782468 980608186 978249371 974365324 969680447 967347629
993892496 991352376 988796554 987223197 983782468 980608186 978249371 974365324 969680447 967347629
993892496 991352376 988796554 987223197 983782468 980608186 978249371 974365324 969680447 967347629
993892496 991352376 988796554 987223197 983782468 980608186 978249371 974365324 969680447 967347629
993892496 991352376 988796554 987223197 983782468 980608186 978249371 974365324 969680447 967713454
993892496 991352376 988796554 987223197 983782468 980608186 978249371 974365324 969680447 967713454
993892496 991352376 988796554 987223197 983782468 980608186 978249371 974365324 969680447 967713454
993892496 991352376 988796554 987223197 983782468 980608186 978249371 974365324 969680447 967713454
993892496 991352376 988796554 987223197 983782468 980608186 978249371 974365324 969680447 967713454
993892496 991352376 988796554 987223197 983782468 980608186 978249371 974365324 969680447 967713454
993892496 991352376 988796554 987223197 983782468 980608186 978249371 974365324 969680447 967713454
993892496 991352376 988796554 987223197 983782468 980608186 978249371 974365324 969680447 967713454
993892496 991352376 988796554 987223197 983782468 980608186 978249371 974365324 969680447 967713454
993892496 991352376 988796554 987223197 983782468 980608186 978249371 974365324 969680447 967713454
993892496 991352376 988796554 987223197 983782468 980608186 978249371 974365324 969680447 967713454
993892496 991352376 988796554 987223197 983782468 980608186 978249371 974365324 969680447 967713454
993892496 991352376 988796554 987223197 983782468 980608186 978249371 974365324 969680447 967713454
993892496 991352376 988796554 987223197 983782468 980608186 978249371 974365324 969680447 967713454
993892496 991352376 988796554 987223197 983782468 980608186 978249371 974365324 969680447 967713454
993892496 991352376 988796554 987223197 983782468 980608186 978249371 974365324 969680447 967713454
993892496 991352376 988796554 987223197 983782468 980608186 978249371 974365324 969680447 967713454
993892496 991352376 988796554 987223197 983782468 980608186 978249371 974365324 969680447 967713454
993892496 991352376 988796554 987223197 983782468 980608186 978249371 974365324 969680447 967713454
993892496 991352376 988796554 987223197 983782468 980608186 978249371 974365324 969680447 967713454
993892496 991352376 988796554 987223197 983782468 980608186 978249371 974365324 969680447 967713454
993892496 991352376 988796554 987223197 983782468 980608186 978249371 974365324 969680447 967713454
993892496 991352376 988796554 987223197 983782468 980608186 978249371 974365324 969680447 967713454
993892496 991352376 988796554 987223197 983782468 980608186 978249371 974365324 969680447 967713454
993892496 991352376 988796554 987223197 983782468 980608186 978249371 974365324 969680447 967713454
993892496 991352376 988796554 987223197 983782468 980608186 978249371 974365324 969680447 967713454
993892496 991352376 988796554 987223197 983782468 980608186 978249371 974365324 969680447 967713454
993892496 991352376 988796554 987223197 983782468 980608186 978249371 974365324 969680447 967713454
993892496 991352376 988796554 987223197 983782468 980608186 978249371 974365324 969680447 967713454
993892496 991352376 988796554 987223197 983782468 980608186 978249371 974365324 969680447 967713454
993892496 991352376 988796554 987223197 983782468 980608186 978249371 974365324 969680447 967713454
993892496 991352376 988796554 987223197 983782468 980608186 978249371 974365324 969680447 967713454
993892496 991352376 988796554 987223197 983782468 980608186 978249371 974365324 969680447 967713454
993892496 991352376 988796554 987223197 983782468 980608186 978249371 974365324 969680447 967713454
993892496 991352376 988796554 987223197 983782468 980608186 978249371 974365324 969680447 967713454
993892496 991352376 988796554 987223197 983782468 980608186 978249371 974365324 969680447 967713454
993892496 991352376 988796554 987223197 983782468 980608186 978249371 974365324 969680447 967713454
993892496 991352376 988796554 987223197 983782468 980608186 978249371 974365324 969680447 967713454
993892496 991352376 988796554 987223197 983782468 980608186 978249371 974365324 969680447 967713454
993892496 991352376 988796554 987223197 983782468 980608186 978249371 974365324 971615539 969680447
993892496 991352376 988796554 987223197 983782468 980608186 978249371 974365324 971615539 969680447
993892496 991352376 988796554 987223197 983782468 980608186 978249371 974365324 971615539 969680447
993892496 991352376 988796554 987223197 983782468 980909035 980608186 978249371 974365324 971615539
993892496 991352376 988796554 987223197 983782468 980909035 980608186 978249371 974365324 971615539
993892496 991352376 988796554 987223197 983782468 980909035 980608186 978249371 974365324 971615539
993892496 991352376 988796554 987223197 983782468 980909035 980608186 978249371 974365324 971615539
993892496 991352376 988796554 987223197 983782468 980909035 980608186 978249371 974365324 971615539
993892496 991352376 988796554 987223197 983782468 980909035 980608186 978249371 974365324 971615539
993892496 991352376 988796554 987223197 983782468 980909035 980608186 978249371 974365324 971615539
993892496 991352376 988796554 987223197 983782468 980909035 980608186 978249371 974365324 971615539
993892496 991352376 988796554 987223197 983782468 980909035 980608186 978249371 974365324 971615539
993892496 991352376 988796554 987223197 983782468 980909035 980608186 978249371 974365324 971615539
993892496 991352376 988796554 987223197 983782468 980909035 980608186 978249371 974365324 971615539
993892496 991352376 988796554 987223197 983782468 980909035 980608186 978249371 974365324 971615539
993892496 991352376 988796554 987223197 983782468 980909035 980608186 978249371 974365324 971615539
993892496 991352376 988796554 987223197 983782468 980909035 980608186 978249371 974365324 971615539
993892496 991352376 988796554 987223197 983782468 980909035 980608186 978249371 974365324 971615539
993892496 991352376 988796554 987223197 983782468 980909035 980608186 978249371 974365324 971615539
993892496 991352376 988796554 987223197 983782468 980909035 980608186 978249371 974365324 971615539
993892496 991352376 988796554 987223197 983782468 980909035 980608186 978249371 974365324 971615539
993892496 991352376 988796554 987223197 983782468 980909035 980608186 978249371 974365324 971615539
993892496 991352376 988796554 987223197 983782468 980909035 980608186 978249371 974365324 971615539
993892496 991352376 988796554 987223197 983782468 980909035 980608186 978249371 974365324 971615539
993892496 991352376 988796554 987223197 983782468 980909035 980608186 978249371 974365324 971615539
993892496 991352376 988796554 987223197 983782468 980909035 980608186 978249371 974365324 971615539
993892496 991352376 988796554 987223197 983782468 980909035 980608186 978249371 974365324 971615539
993892496 991352376 988796554 987223197 983782468 980909035 980608186 978249371 974365324 971615539
993892496 991352376 988796554 987223197 983782468 980909035 980608186 978249371 974365324 971615539
993892496 991352376 988796554 987223197 983782468 980909035 980608186 978249371 974365324 971615539
993892496 991352376 988796554 987223197 983782468 980909035 980608186 978249371 974365324 971615539
993892496 991352376 988796554 987223197 983782468 980909035 980608186 978249371 974365324 971615539
993892496 991352376 988796554 987223197 983782468 980909035 980608186 978249371 974365324 971615539
993892496 991352376 988796554 987223197 983782468 980909035 980608186 978249371 974365324 971615539
993892496 991352376 988796554 987223197 983782468 980909035 980608186 978249371 974365324 971615539
993892496 991352376 988796554 987223197 983782468 980909035 980608186 978249371 974365324 971615539
993892496 991352376 988796554 987223197 983782468 980909035 980608186 978249371 974365324 971615539
993892496 991352376 988796554 987223197 983782468 980909035 980608186 978249371 974365324 971615539
993892496 991352376 988796554 987223197 983782468 980909035 980608186 978249371 974365324 971615539
993892496 991352376 988796554 987223197 983782468 980909035 980608186 978249371 974365324 971615539
993892496 991352376 988796554 987223197 983782468 980909035 980608186 978249371 974365324 971615539
993892496 991352376 988796554 987223197 983782468 980909035 980608186 978249371 974365324 971615539
993892496 991352376 988796554 987223197 983782468 980909035 980608186 978249371 974365324 971615539
993892496 991352376 988796554 987223197 983782468 980909035 980608186 978249371 974365324 971615539
993892496 991352376 988796554 987223197 983782468 980909035 980608186 978249371 974365324 971615539
993892496 991352376 988796554 987223197 983782468 980909035 980608186 978249371 974365324 971615539
993892496 991352376 988796554 987223197 983782468 980909035 980608186 978249371 974365324 971615539
993892496 991352376 988796554 987223197 983782468 980909035 980608186 978249371 974365324 971615539
993892496 991352376 988796554 987223197 983782468 980909035 980608186 978249371 974365324 971615539
993892496 991352376 988796554 987223197 983782468 980909035 980608186 978249371 974365324 971615539
993892496 991352376 988796554 987223197 983782468 980909035 980608186 978249371 974365324 971615539
993892496 991352376 988796554 987223197 983782468 980909035 980608186 978249371 974365324 971615539
993892496 991352376 988796554 987223197 983782468 980909035 980608186 978249371 974365324 971615539
993892496 991352376 988796554 987223197 983782468 980909035 980608186 978249371 974365324 971615539
993892496 991352376 988796554 987223197 983782468 980909035 980608186 978249371 974365324 971615539
993892496 991352376 988796554 987223197 983782468 980909035 980608186 978249371 974365324 971615539
993892496 991352376 988796554 987223197 983782468 980909035 980608186 978249371 974365324 971615539
993892496 991352376 988796554 987223197 983782468 980909035 980608186 978249371 974365324 971615539
993892496 991352376 988796554 987223197 983782468 980909035 980608186 978249371 974365324 971615539
993892496 991352376 988796554 987223197 983782468 980909035 980608186 978249371 974365324 971615539
993892496 991352376 988796554 987223197 983782468 980909035 980608186 978249371 974365324 971615539
993892496 991352376 988796554 987223197 983782468 980909035 980608186 978249371 974365324 971615539
993892496 991352376 988796554 987223197 983782468 980909035 980608186 978249371 974365324 971615539
993892496 991352376 988796554 987223197 983782468 980909035 980608186 978249371 974365324 971615539
993892496 991352376 988796554 987223197 983782468 980909035 980608186 978249371 974365324 971615539
993892496 991352376 988796554 987223197 983782468 980909035 980608186 978249371 974365324 971615539
993892496 991352376 988796554 987223197 983782468 980909035 980608186 978249371 974365324 971615539
993892496 991352376 988796554 987223197 983782468 980909035 980608186 978249371 974365324 971615539
993892496 991352376 988796554 987223197 983782468 980909035 980608186 978249371 974365324 971615539
993892496 991352376 988796554 987223197 983782468 980909035 980608186 978249371 977156835 974365324
993892496 991352376 988796554 987223197 983782468 980909035 980608186 978249371 977156835 974365324
993892496 991352376 988796554 987223197 983782468 980909035 980608186 978249371 977156835 974365324
993892496 991352376 988796554 987223197 983782468 980909035 980608186 978249371 977156835 974365324
993892496 991352376 988796554 987223197 983782468 980909035 980608186 978249371 977156835 974365324
993892496 991352376 988796554 987223197 983782468 980909035 980608186 978249371 977156835 974365324
993892496 991352376 988796554 987223197 983782468 980909035 980608186 978249371 977156835 974365324
993892496 991352376 988796554 987223197 983782468 980909035 980608186 978249371 977156835 974365324
993892496 991352376 988796554 987223197 983782468 980909035 980608186 978249371 977156835 974365324
993892496 991352376 988796554 987223197 983782468 980909035 980608186 978249371 977156835 974365324
993892496 991352376 988796554 987223197 983782468 980909035 980608186 978249371 977156835 974365324
993892496 991352376 988796554 987223197 983782468 980909035 980608186 978249371 977156835 974365324
993892496 991352376 988796554 987223197 983782468 980909035 980608186 978249371 977156835 974365324
993892496 991352376 988796554 987223197 983782468 980909035 980608186 978249371 977156835 974365324
993892496 991352376 988796554 987223197 983782468 980909035 980608186 978249371 977156835 974365324
993892496 991352376 988796554 987223197 983782468 980909035 980608186 978249371 977156835 974365324
993892496 991352376 988796554 987223197 983782468 980909035 980608186 978249371 977156835 974365324
993892496 991352376 988796554 987223197 983782468 980909035 980608186 978249371 977156835 974365324
993892496 991352376 988796554 987223197 983782468 980909035 980608186 978249371 977156835 974365324
993892496 991352376 988796554 987223197 983782468 980909035 980608186 978249371 977156835 974365324
993892496 991352376 988796554 987223197 983782468 980909035 980608186 978249371 977156835 974365324
993892496 991352376 988796554 987223197 983782468 980909035 980608186 978249371 977156835 974365324
993892496 991352376 988796554 987223197 983782468 980909035 980608186 978249371 977156835 974365324
993892496 991352376 988796554 987223197 983782468 980909035 980608186 978249371 977156835 974365324
993892496 991352376 988796554 987223197 983782468 980909035 980608186 978249371 977156835 974365324
993892496 991866017 991352376 988796554 987223197 983782468 980909035 980608186 978249371 977156835
993892496 991866017 991352376 988796554 987223197 983782468 980909035 980608186 978249371 977156835
993892496 991866017 991352376 988796554 987223197 983782468 980909035 980608186 978249371 977156835
993892496 991866017 991352376 988796554 987223197 983782468 980909035 980608186 978249371 977156835
993892496 991866017 991352376 988796554 987223197 983782468 980909035 980608186 978249371 977156835
993892496 991866017 991352376 988796554 987223197 983782468 980909035 980608186 978249371 977156835
993892496 991866017 991352376 988796554 987223197 983782468 980909035 980608186 978249371 977156835
993892496 991866017 991352376 988796554 987223197 983782468 980909035 980608186 978249371 977156835
993892496 991866017 991352376 988796554 987223197 983782468 980909035 980608186 978249371 977156835
993892496 991866017 991352376 988796554 987223197 983782468 980909035 980608186 978249371 977156835
993892496 991866017 991352376 988796554 987223197 983782468 980909035 980608186 978249371 977156835
993892496 991866017 991352376 988796554 987223197 983782468 980909035 980608186 978249371 977156835
993892496 991866017 991352376 988796554 987223197 983782468 980909035 980608186 978249371 977156835
993892496 991866017 991352376 988796554 987223197 983782468 980909035 980608186 978249371 977156835
993892496 991866017 991352376 988796554 987223197 983782468 980909035 980608186 978249371 977156835
993892496 991866017 991352376 988796554 987223197 983782468 980909035 980608186 978249371 977156835
993892496 991866017 991352376 988796554 987223197 983782468 980909035 980608186 978249371 977156835
993892496 991866017 991352376 988796554 987223197 983782468 980909035 980608186 978249371 977156835
993892496 991866017 991352376 988796554 987223197 983782468 980909035 980608186 978249371 977156835
993892496 991866017 991352376 988796554 987223197 983782468 980909035 980608186 978249371 977156835
993892496 991866017 991352376 988796554 987223197 983782468 980909035 980608186 978249371 977156835
993892496 991866017 991352376 988796554 987223197 983782468 980909035 980608186 978249371 977156835
993892496 991866017 991352376 988796554 987223197 983782468 980909035 980608186 978249371 977156835
993892496 991866017 991352376 988796554 987223197 983782468 980909035 980608186 978249371 977156835
993892496 991866017 991352376 988796554 987223197 983782468 980909035 980608186 978249371 977156835
993892496 991866017 991352376 988796554 987223197 983782468 980909035 980608186 978249371 977156835
993892496 991866017 991352376 988796554 987223197 983782468 980909035 980608186 978249371 977156835
993892496 991866017 991352376 988796554 987223197 983782468 980909035 980608186 978249371 977156835
993892496 991866017 991352376 988796554 987223197 983782468 980909035 980608186 978249371 977156835
993892496 991866017 991352376 988796554 987223197 983782468 980909035 980608186 978249371 977156835
993892496 991866017 991352376 988796554 987223197 983782468 980909035 980608186 978249371 977156835
993892496 991866017 991352376 988796554 987223197 983782468 980909035 980608186 978249371 977156835
993892496 991866017 991352376 988796554 987223197 983782468 980909035 980608186 978249371 977156835
993892496 991866017 991352376 988796554 987223197 983782468 980909035 980608186 978249371 977156835
993892496 991866017 991352376 988796554 987223197 983782468 980909035 980608186 978249371 977156835
993892496 991866017 991352376 988796554 987223197 983782468 980909035 980608186 978249371 977156835
993892496 991866017 991352376 988796554 987223197 983782468 980909035 980608186 978249371 977156835
993892496 991866017 991352376 988796554 987223197 983782468 980909035 980608186 978249371 977156835
993892496 991866017 991352376 988796554 987223197 983782468 980909035 980608186 978249371 977156835
993892496 991866017 991352376 988796554 987223197 983782468 980909035 980608186 978249371 977156835
993892496 991866017 991352376 988796554 987223197 983782468 980909035 980608186 978249371 977156835
993892496 991866017 991352376 988796554 987223197 983782468 980909035 980608186 978249371 977156835
993892496 991866017 991352376 988796554 987223197 983782468 980909035 980608186 978249371 977156835
993892496 991866017 991352376 988796554 987223197 983782468 980909035 980608186 978249371 977156835
993892496 991866017 991352376 988796554 987223197 983782468 980909035 980608186 978249371 977156835
993892496 991866017 991352376 988796554 987223197 983782468 980909035 980608186 978249371 977156835
993892496 991866017 991352376 988796554 987223197 983782468 980909035 980608186 978249371 977156835
993892496 991866017 991352376 988796554 987223197 983782468 980909035 980608186 978249371 977156835
993892496 991866017 991352376 988796554 987223197 983782468 980909035 980608186 978249371 977156835
993892496 991866017 991352376 988796554 987223197 983782468 980909035 980608186 978249371 977156835
993892496 991866017 991352376 988796554 987223197 983782468 980909035 980608186 978249371 977156835
993892496 991866017 991352376 988796554 987223197 983782468 980909035 980608186 978249371 977156835
993892496 991866017 991352376 988796554 987223197 983782468 980909035 980608186 978249371 977156835
993892496 991866017 991352376 988796554 987223197 983782468 980909035 980608186 978249371 977156835
993892496 991866017 991352376 988796554 987223197 983782468 980909035 980608186 978249371 977156835
993892496 991866017 991352376 988796554 987223197 983782468 980909035 980608186 978249371 977156835
993892496 991866017 991352376 988796554 987223197 983782468 980909035 980608186 978249371 977156835
993892496 991866017 991352376 988796554 987223197 983782468 980909035 980608186 978249371 977156835
993892496 991866017 991352376 988796554 987223197 983782468 980909035 980608186 978249371 977156835
993892496 991866017 991352376 988796554 987223197 983782468 980909035 980608186 978249371 977156835
993892496 991866017 991352376 988796554 987223197 983782468 980909035 980608186 978249371 977156835
996296408 993892496 991866017 991352376 988796554 987223197 983782468 980909035 980608186 978249371
996296408 993892496 991866017 991352376 988796554 987223197 983782468 980909035 980608186 978249371
996296408 993892496 991866017 991352376 988796554 987223197 983782468 980909035 980608186 978249371
996296408 993892496 991866017 991352376 988796554 987223197 983782468 980909035 980608186 978249371
996296408 993892496 991866017 991352376 988796554 987223197 983782468 980909035 980608186 978249371
996296408 993892496 991866017 991352376 988796554 987223197 983782468 980909035 980608186 978249371
996296408 993892496 991866017 991352376 988796554 987223197 983782468 980909035 980608186 978249371
996296408 993892496 991866017 991352376 988796554 987223197 983782468 980909035 980608186 978249371
996296408 993892496 991866017 991352376 988796554 987223197 983782468 980909035 980608186 978249371
996296408 993892496 991866017 991352376 988796554 987223197 983782468 980909035 980608186 978249371
996296408 993892496 991866017 991352376 988796554 987223197 983782468 980909035 980608186 978249371
996296408 993892496 991866017 991352376 988796554 987223197 983782468 980909035 980608186 978249371
996296408 993892496 991866017 991352376 988796554 987223197 983782468 980909035 980608186 978249371
996296408 993892496 991866017 991352376 988796554 987223197 983782468 980909035 980608186 978249371
996296408 993892496 991866017 991352376 988796554 987223197 983782468 980909035 980608186 978249371
996296408 993892496 991866017 991352376 988796554 987223197 983782468 980909035 980608186 978249371
996296408 993892496 991866017 991352376 988796554 987223197 983782468 980909035 980608186 978249371
996296408 993892496 991866017 991352376 988796554 987223197 983782468 980909035 980608186 978249371
996296408 993892496 991866017 991352376 988796554 987223197 983782468 980909035 980608186 978259405
996296408 993892496 991866017 991352376 988796554 987223197 983782468 980909035 980608186 978259405
996296408 993892496 991866017 991352376 988796554 987223197 983782468 980909035 980608186 978259405
996296408 993892496 991866017 991352376 988796554 987223197 983782468 980909035 980608186 978259405
996296408 993892496 991866017 991352376 988796554 987223197 983782468 980909035 980608186 978259405
996296408 993892496 991866017 991352376 988796554 987223197 983782468 980909035 980608186 978259405
996296408 993892496 991866017 991352376 988796554 987223197 983782468 980909035 980608186 978259405
996296408 993892496 991866017 991352376 988796554 987223197 983782468 980909035 980608186 978259405
996296408 993892496 991866017 991352376 988796554 987223197 983782468 980909035 980608186 978259405
996296408 993892496 991866017 991352376 988796554 987223197 983782468 980909035 980608186 978259405
996296408 993892496 991866017 991352376 988796554 987223197 983782468 980909035 980608186 978259405
996296408 993892496 991866017 991352376 988796554 987223197 983782468 980909035 980608186 978259405
996296408 993892496 991866017 991352376 988796554 987223197 983782468 980909035 980608186 978259405
996296408 993892496 991866017 991352376 988796554 987223197 983782468 980909035 980608186 978259405
996296408 993892496 991866017 991352376 988796554 987223197 983782468 980909035 980608186 978259405
996296408 993892496 991866017 991352376 988796554 987223197 983782468 980909035 980608186 978259405
996296408 993892496 991866017 991352376 988796554 987223197 983782468 980909035 980608186 978259405
996296408 993892496 991866017 991352376 988796554 987223197 983782468 980909035 980608186 978259405
996296408 993892496 991866017 991352376 988796554 987223197 983782468 980909035 980608186 978259405
996296408 993892496 991866017 991352376 988796554 987223197 983782468 980909035 980608186 978259405
996296408 993892496 991866017 991352376 988796554 987223197 983782468 980909035 980608186 978259405
996296408 993892496 991866017 991352376 988796554 987223197 983782468 980909035 980608186 978259405
996296408 993892496 991866017 991352376 988796554 987223197 983782468 980909035 980608186 978259405
996296408 993892496 991866017 991352376 988796554 987223197 983782468 980909035 980608186 978259405
996296408 993892496 991866017 991352376 988796554 987223197 983782468 980909035 980608186 978259405
996296408 993892496 991866017 991352376 988796554 987223197 983782468 980909035 980608186 978259405
996296408 993892496 991866017 991352376 988796554 987223197 983782468 980909035 980608186 978259405
996296408 993892496 991866017 991352376 988796554 987223197 983782468 980909035 980608186 978259405
996296408 993892496 991866017 991352376 988796554 987223197 983782468 980909035 980608186 978259405
996296408 993892496 991866017 991352376 988796554 987223197 983782468 980909035 980608186 978259405
996296408 993892496 991866017 991352376 988796554 987223197 983782468 980909035 980608186 978259405
996296408 993892496 991866017 991352376 988796554 987223197 983782468 980909035 980608186 978259405
996296408 993892496 991866017 991352376 988796554 987223197 983782468 980909035 980608186 978259405
996296408 993892496 991866017 991352376 988796554 987223197 983782468 980909035 980608186 978259405
996296408 993892496 991866017 991352376 988796554 987223197 983782468 980909035 980608186 978259405
996296408 993892496 991866017 991352376 988796554 987223197 983782468 980909035 980608186 978259405
996296408 993892496 991866017 991352376 988796554 987223197 983782468 980909035 980608186 978259405
998937497 996296408 993892496 991866017 991352376 988796554 987223197 983782468 980909035 980608186
998937497 996296408 993892496 991866017 991352376 988796554 987223197 983782468 980909035 980608186
998937497 996296408 993892496 991866017 991352376 988796554 987223197 983782468 980909035 980608186
998937497 996296408 993892496 991866017 991352376 988796554 987223197 983782468 980909035 980608186
998937497 996296408 993892496 991866017 991352376 988796554 987223197 983782468 980909035 980608186
998937497 996296408 993892496 991866017 991352376 988796554 987223197 983782468 980909035 980608186
998937497 996296408 993892496 991866017 991352376 988796554 987223197 983782468 980909035 980608186
998937497 996296408 993892496 991866017 991352376 988796554 987223197 983782468 980909035 980608186
998937497 996296408 993892496 991866017 991352376 988796554 987223197 983782468 980909035 980608186
998937497 996296408 993892496 991866017 991352376 988796554 987223197 983782468 980909035 980608186
998937497 996296408 993892496 991866017 991352376 988796554 987223197 983782468 980909035 980608186
998937497 996296408 993892496 991866017 991352376 988796554 987223197 983782468 980909035 980608186
998937497 996296408 993892496 991866017 991352376 988796554 987223197 983782468 980909035 980608186
998937497 996296408 993892496 991866017 991352376 988796554 987223197 983782468 980909035 980608186
998937497 996296408 993892496 991866017 991352376 988796554 987223197 983782468 980909035 980608186
998937497 996296408 993892496 991866017 991352376 988796554 987223197 983782468 980909035 980608186
998937497 996296408 993892496 991866017 991352376 988796554 987223197 983782468 980909035 980608186
998937497 996296408 993892496 991866017 991352376 988796554 987223197 983782468 980909035 980608186
998937497 996296408 993892496 991866017 991352376 988796554 987223197 983782468 980909035 980608186
998937497 996296408 993892496 991866017 991352376 988796554 987223197 983782468 980909035 980608186
998937497 996296408 993892496 991866017 991352376 988796554 987223197 983782468 980909035 980608186
998937497 996296408 993892496 991866017 991352376 988796554 987223197 983782468 980909035 980608186
998937497 996296408 993892496 991866017 991352376 988796554 987223197 983782468 980909035 980608186
998937497 996296408 993892496 991866017 991352376 988796554 987223197 983782468 980909035 980608186
998937497 996296408 993892496 991866017 991352376 988796554 987223197 983782468 980909035 980608186
998937497 996296408 993892496 991866017 991352376 988796554 987223197 983782468 980909035 980608186
998937497 996296408 993892496 991866017 991352376 988796554 987223197 983782468 980909035 980608186
998937497 996296408 993892496 991866017 991352376 988796554 987223197 983782468 980909035 980608186
998937497 996296408 993892496 991866017 991352376 988796554 987223197 983782468 980909035 980608186
998937497 996296408 993892496 991866017 991352376 988796554 987223197 983782468 980909035 980608186
998937497 996296408 993892496 991866017 991352376 988796554 987223197 983782468 980909035 980608186
998937497 996296408 993892496 991866017 991352376 989710624 988796554 987223197 983782468 980909035
998937497 996296408 993892496 991866017 991352376 989710624 988796554 987223197 983782468 980909035
998937497 996296408 993892496 991866017 991352376 989710624 988796554 987223197 983782468 980909035
998937497 996296408 993892496 991866017 991352376 989710624 988796554 987223197 983782468 980909035
998937497 996296408 993892496 991866017 991352376 989710624 988796554 987223197 983782468 980909035
998937497 996296408 993892496 991866017 991352376 989710624 988796554 987223197 983782468 980909035
998937497 996296408 993892496 991866017 991352376 989710624 988796554 987223197 983782468 980909035
998937497 996296408 993892496 991866017 991352376 989710624 988796554 987223197 983782468 980909035
998937497 996296408 993892496 991866017 991352376 989710624 988796554 987223197 983782468 980909035
998937497 996296408 993892496 991866017 991352376 989710624 988796554 987223197 983782468 980909035
998937497 996296408 993892496 991866017 991352376 989710624 988796554 987223197 983782468 980909035
998937497 996296408 993892496 991866017 991352376 989710624 988796554 987223197 983782468 980909035
998937497 996296408 993892496 991866017 991352376 989710624 988796554 987223197 983782468 980909035
998937497 996296408 993892496 991866017 991352376 989710624 988796554 987223197 983782468 980909035
998937497 996296408 993892496 991866017 991352376 989710624 988796554 987223197 983782468 980909035
998937497 996296408 993892496 991866017 991352376 989710624 988796554 987223197 983782468 980909035
998937497 996296408 993892496 991866017 991352376 989710624 988796554 987223197 983782468 980909035
998937497 996296408 993892496 991866017 991352376 989710624 988796554 987223197 983782468 980909035
998937497 996296408 993892496 991866017 991352376 989710624 988796554 987223197 983782468 980909035
998937497 996296408 993892496 991866017 991352376 989710624 988796554 987223197 983782468 980909035
998937497 996296408 993892496 991866017 991352376 989710624 988796554 987223197 983782468 980909035
998937497 996296408 993892496 991866017 991352376 989710624 988796554 987223197 983782468 980909035
998937497 996296408 993892496 991866017 991352376 989710624 988796554 987223197 983782468 980909035
998937497 996296408 993892496 991866017 991352376 989710624 988796554 987223197 983782468 980909035
998937497 996296408 993892496 991866017 991352376 989710624 988796554 987223197 983782468 980909035
998937497 996296408 993892496 991866017 991352376 989710624 988796554 987223197 983782468 980909035
998937497 996296408 993892496 991866017 991352376 989710624 988796554 987223197 983782468 980909035
998937497 996296408 993892496 991866017 991352376 989710624 988796554 987223197 983782468 980909035
998937497 996296408 993892496 991866017 991352376 989710624 988796554 987223197 983782468 980909035
998937497 996296408 993892496 991866017 991352376 989710624 988796554 987223197 983782468 980909035
998937497 996296408 993892496 991866017 991352376 989710624 988796554 987223197 983782468 980909035
998937497 996296408 993892496 991866017 991352376 989710624 988796554 987223197 983782468 980909035
998937497 996296408 993892496 991866017 991352376 989710624 988796554 987223197 983782468 980909035
998937497 996296408 993892496 991866017 991352376 989710624 988796554 987223197 983782468 980909035
998937497 996296408 993892496 991866017 991352376 989710624 988796554 987223197 983782468 980909035
998937497 996296408 993892496 991866017 991352376 989710624 988796554 987223197 983782468 980909035
998937497 996296408 993892496 991866017 991352376 989710624 988796554 987223197 983782468 980909035
998937497 996296408 993892496 991866017 991352376 989710624 988796554 987223197 983782468 980909035
998937497 996296408 993892496 991866017 991352376 989710624 988796554 987223197 983782468 980909035
998937497 996296408 993892496 991866017 991352376 989710624 988796554 987223197 983782468 980909035
998937497 996296408 993892496 991866017 991352376 989710624 988796554 987223197 983782468 980909035
998937497 996296408 993892496 991866017 991352376 989710624 988796554 987223197 983782468 980909035
998937497 996296408 993892496 991866017 991352376 989710624 988796554 987223197 983782468 980909035
998937497 996296408 993892496 991866017 991352376 989710624 988796554 987223197 983782468 980909035
998937497 996296408 993892496 991866017 991352376 989710624 988796554 987223197 983782468 980909035
998937497 996296408 993892496 991866017 991352376 989710624 988796554 987223197 983782468 980909035
998937497 996296408 993892496 991866017 991352376 989710624 988796554 987223197 983782468 980909035
998937497 996296408 993892496 991866017 991352376 989710624 988796554 987223197 983782468 980909035
998937497 996296408 993892496 991866017 991352376 989710624 988796554 987223197 983782468 980909035
998937497 996296408 993892496 991866017 991352376 989710624 988796554 987223197 983782468 980909035
998937497 996296408 993892496 991866017 991352376 989710624 988796554 987223197 983782468 980909035
998937497 996296408 993892496 991866017 991352376 989710624 988796554 987223197 983782468 980909035
998937497 996296408 993892496 991866017 991352376 989710624 988796554 987223197 983782468 980909035
998937497 996296408 993892496 991866017 991352376 989710624 988796554 987223197 983782468 980909035
998937497 996296408 993892496 991866017 991352376 989710624 988796554 987223197 983782468 980909035
998937497 996296408 993892496 991866017 991352376 989710624 988796554 987223197 983782468 980909035
998937497 996296408 993892496 991866017 991352376 989710624 988796554 987223197 983782468 980909035
998937497 996296408 993892496 991866017 991352376 989710624 988796554 987223197 983782468 980909035
998937497 996296408 993892496 991866017 991352376 989710624 988796554 987223197 983782468 980909035
998937497 996296408 993892496 991866017 991352376 989710624 988796554 987223197 983782468 980909035
998937497 996296408 993892496 991866017 991352376 989710624 988796554 987223197 983782468 980909035
998937497 996296408 993892496 991866017 991352376 989710624 988796554 987223197 983782468 980909035
998937497 996296408 993892496 991866017 991352376 989710624 988796554 987223197 983782468 980909035
998937497 996296408 993892496 991866017 991352376 989710624 988796554 987223197 983782468 980909035
998937497 996296408 993892496 991866017 991352376 989710624 988796554 987223197 983782468 980909035
998937497 996296408 993892496 991866017 991352376 989710624 988796554 987223197 983782468 980909035
998937497 996296408 993892496 991866017 991352376 989710624 988796554 987223197 983782468 980909035
998937497 996296408 993892496 991866017 991352376 989710624 988796554 987223197 983782468 980909035
998937497 996296408 993892496 991866017 991352376 989710624 988796554 987223197 983782468 980909035
998937497 996296408 993892496 991866017 991352376 989710624 988796554 987223197 983782468 980909035
998937497 996296408 993892496 991866017 991352376 989710624 988796554 987223197 983782468 980909035
998937497 996296408 993892496 991866017 991352376 989710624 988796554 987223197 983782468 980909035
998937497 996296408 993892496 991866017 991352376 989710624 988796554 987223197 983782468 980909035
998937497 996296408 993892496 991866017 991352376 989710624 988796554 987223197 983782468 980909035
998937497 996296408 993892496 991866017 991352376 989710624 988796554 987223197 983782468 980909035
998937497 996296408 993892496 991866017 991352376 989710624 988796554 987223197 983782468 980909035
998937497 996296408 993892496 991866017 991352376 989710624 988796554 987223197 983782468 980909035
998937497 996296408 993892496 991866017 991352376 989710624 988796554 987223197 983782468 980909035
998937497 996296408 993892496 991866017 991352376 989710624 988796554 987223197 983782468 980909035
998937497 996296408 993892496 991866017 991352376 989710624 988796554 987223197 983782468 980909035
998937497 996296408 993892496 991866017 991352376 989710624 988796554 987223197 983782468 980909035
998937497 996296408 993892496 991866017 991352376 989710624 988796554 987223197 983782468 980909035
998937497 996296408 993892496 991866017 991352376 989710624 988796554 987223197 983782468 980909035
998937497 996296408 993892496 991866017 991352376 989710624 988796554 987223197 983782468 980909035
998937497 996296408 993892496 991866017 991352376 989710624 988796554 987223197 983782468 980909035
998937497 996296408 993892496 991866017 991352376 989710624 988796554 987223197 983782468 980909035
998937497 996296408 993892496 991866017 991352376 989710624 988796554 987223197 983782468 980909035
998937497 996296408 993892496 991866017 991352376 989710624 988796554 987223197 983782468 980909035
998937497 996296408 993892496 991866017 991352376 989710624 988796554 987223197 983782468 980909035
998937497 996296408 993892496 991866017 991352376 989710624 988796554 987223197 983782468 980909035
998937497 996296408 993892496 991866017 991352376 989710624 988796554 987223197 983782468 980909035
998937497 996296408 993892496 991866017 991352376 989710624 988796554 987223197 983782468 980909035
998937497 996296408 993892496 991866017 991352376 989710624 988796554 987223197 983782468 980909035
998937497 996296408 993892496 991866017 991352376 989710624 988796554 987223197 983782468 980909035
998937497 996296408 993892496 991866017 991352376 989710624 988796554 987223197 983782468 980909035
998937497 996296408 993892496 991866017 991352376 989710624 988796554 987223197 983782468 980909035
998937497 996296408 993892496 991866017 991352376 989710624 988796554 987223197 983782468 980909035
998937497 996296408 993892496 991866017 991352376 989710624 988796554 987223197 983782468 980909035
998937497 996296408 993892496 991866017 991352376 989710624 988796554 987223197 983782468 980909035
998937497 996296408 993892496 991866017 991352376 989710624 988796554 987223197 983782468 980909035
998937497 996296408 993892496 991866017 991352376 989710624 988796554 987223197 983782468 980909035
998937497 996296408 993892496 991866017 991352376 989710624 988796554 987223197 983782468 980909035
998937497 996296408 993892496 991866017 991352376 989710624 988796554 987223197 983782468 980909035
998937497 996296408 993892496 991866017 991352376 989710624 988796554 987223197 983782468 980909035
998937497 996296408 993892496 991866017 991352376 989710624 988796554 987223197 983782468 980909035
998937497 996296408 993892496 991866017 991352376 989710624 988796554 987223197 983782468 980909035
998937497 996296408 993892496 991866017 991352376 989710624 988796554 987223197 983782468 980909035
998937497 996296408 993892496 991866017 991352376 989710624 988796554 987223197 983782468 980909035
998937497 996296408 993892496 991866017 991352376 989710624 988796554 987223197 983782468 980909035
998937497 996296408 993892496 991866017 991352376 989710624 988796554 987223197 983782468 980909035
998937497 996296408 993892496 991866017 991352376 989710624 988796554 987223197 983782468 980909035
998937497 996296408 993892496 991866017 991352376 989710624 988796554 987223197 983782468 980909035
998937497 996296408 993892496 991866017 991352376 989710624 988796554 987223197 983782468 980909035
998937497 996296408 993892496 991866017 991352376 989710624 988796554 987223197 983782468 980909035
998937497 996296408 993892496 991866017 991352376 989710624 988796554 987223197 983782468 980909035
998937497 996296408 993892496 991866017 991352376 989710624 988796554 987223197 983782468 980909035
998937497 996296408 993892496 991866017 991352376 989710624 988796554 987223197 983782468 980909035
998937497 996296408 993892496 991866017 991352376 989710624 988796554 987223197 983782468 980909035
998937497 996296408 993892496 991866017 991352376 989710624 988796554 987223197 983782468 980909035
998937497 996296408 993892496 991866017 991352376 989710624 988796554 987223197 983782468 980909035
998937497 996296408 993892496 991866017 991352376 989710624 988796554 987223197 983782468 980909035
998937497 996296408 993892496 991866017 991352376 989710624 988796554 987223197 983782468 980909035
998937497 996296408 993892496 991866017 991352376 989710624 988796554 987223197 983782468 980909035
998937497 996296408 993892496 991866017 991352376 989710624 988796554 987223197 983782468 980909035
998937497 996296408 993892496 991866017 991352376 989710624 988796554 987223197 983782468 980909035
998937497 996296408 993892496 991866017 991352376 989710624 988796554 987223197 983782468 980909035
998937497 996296408 993892496 991866017 991352376 989710624 988796554 987223197 983782468 980909035
998937497 996296408 993892496 991866017 991352376 989710624 988796554 987223197 983782468 980909035
998937497 996296408 993892496 991866017 991352376 989710624 988796554 987223197 983782468 980909035
998937497 996296408 993892496 991866017 991352376 989710624 988796554 987223197 983782468 980909035
998937497 996296408 993892496 991866017 991352376 989710624 988796554 987223197 983782468 980909035
998937497 996296408 993892496 991866017 991352376 989710624 988796554 987223197 983782468 982764944
998937497 996296408 993892496 991866017 991352376 989710624 988796554 987223197 983782468 982764944
998937497 996296408 993892496 991866017 991352376 989710624 988796554 987223197 983782468 982764944
998937497 996296408 993892496 991866017 991352376 989710624 988796554 987223197 983782468 982764944
998937497 996296408 993892496 991866017 991352376 989710624 988796554 987223197 983782468 982764944
998937497 996296408 993892496 991866017 991352376 989710624 988796554 987223197 983782468 982764944
998937497 996296408 993892496 991866017 991352376 989710624 988796554 987223197 983782468 982764944
998937497 996296408 993892496 991866017 991352376 989710624 988796554 987223197 983782468 982764944
998937497 996296408 993892496 991866017 991352376 989710624 988796554 987223197 983782468 982764944
998937497 996296408 993892496 991866017 991352376 989710624 988796554 988621364 987223197 983782468
998937497 996296408 993892496 991866017 991352376 989710624 988796554 988621364 987223197 983782468
998937497 996296408 993892496 991866017 991352376 989710624 988796554 988621364 987223197 983782468
998937497 996296408 993892496 991866017 991352376 989710624 988796554 988621364 987223197 983782468
998937497 996296408 993892496 991866017 991352376 989710624 988796554 988621364 987223197 983782468
998937497 996296408 993892496 991866017 991352376 989710624 988796554 988621364 987223197 983782468
998937497 996296408 993892496 991866017 991352376 989710624 988796554 988621364 987223197 983782468
998937497 996296408 993892496 991866017 991352376 989710624 988796554 988621364 987223197 983782468
998937497 996296408 993892496 991866017 991352376 989710624 988796554 988621364 987223197 983782468
998937497 996296408 993892496 991866017 991352376 989710624 988796554 988621364 987223197 983782468
998937497 996296408 993892496 991866017 991352376 989710624 988796554 988621364 987223197 983782468
998937497 996296408 993892496 991866017 991352376 989710624 988796554 988621364 987223197 983782468
998937497 996296408 993892496 991866017 991352376 989710624 988796554 988621364 987223197 983782468
998937497 996296408 993892496 991866017 991352376 989710624 988796554 988621364 987223197 983782468
998937497 996296408 993892496 991866017 991352376 989710624 988796554 988621364 987223197 983782468
998937497 996296408 993892496 991866017 991352376 989710624 988796554 988621364 987223197 983782468
998937497 996296408 993892496 991866017 991352376 989710624 988796554 988621364 987223197 983782468
998937497 996296408 993892496 991866017 991352376 989710624 988796554 988621364 987223197 983782468
998937497 996296408 993892496 991866017 991352376 989710624 988796554 988621364 987223197 983782468
998937497 996296408 993892496 991866017 991352376 989710624 988796554 988621364 987223197 983782468
998937497 996296408 993892496 991866017 991352376 989710624 988796554 988621364 987223197 983782468
998937497 996296408 993892496 991866017 991352376 989710624 988796554 988621364 987223197 983782468
998937497 996296408 993892496 991866017 991352376 989710624 988796554 988621364 987223197 983782468
998937497 996296408 993892496 991866017 991352376 989710624 988796554 988621364 987223197 983782468
998937497 996296408 993892496 991866017 991352376 989710624 988796554 988621364 987223197 983782468
998937497 996296408 993892496 991866017 991352376 989710624 988796554 988621364 987223197 983782468
998937497 996296408 993892496 991866017 991352376 989710624 988796554 988621364 987223197 983782468
998937497 996296408 993892496 991866017 991352376 989710624 988796554 988621364 987223197 983782468
998937497 996296408 993892496 991866017 991352376 989710624 988796554 988621364 987223197 983782468
998937497 996296408 993892496 991866017 991352376 989710624 988796554 988621364 987223197 983782468
998937497 996296408 993892496 991866017 991352376 989710624 988796554 988621364 987223197 983782468
998937497 996296408 993892496 991866017 991352376 989710624 988796554 988621364 987223197 983782468
998937497 996296408 993892496 991866017 991352376 989710624 988796554 988621364 987223197 983782468
998937497 996296408 993892496 991866017 991352376 989710624 988796554 988621364 987223197 983782468
998937497 996296408 993892496 991866017 991352376 989710624 988796554 988621364 987223197 983782468
998937497 996296408 993892496 991866017 991352376 989710624 988796554 988621364 987223197 983782468
998937497 996296408 993892496 991866017 991352376 989710624 988796554 988621364 987223197 983782468
998937497 996296408 993892496 991866017 991352376 989710624 988796554 988621364 987223197 983782468
998937497 996296408 993892496 991866017 991352376 989710624 988796554 988621364 987223197 983782468
998937497 996296408 993892496 991866017 991352376 989710624 988796554 988621364 987223197 983782468
998937497 996296408 993892496 991866017 991352376 989710624 988796554 988621364 987223197 983782468
998937497 996296408 993892496 991866017 991352376 989710624 988796554 988621364 987223197 983782468
998937497 996296408 993892496 991866017 991352376 989710624 988796554 988621364 987223197 983782468
998937497 996296408 993892496 991866017 991352376 989710624 988796554 988621364 987223197 983782468
998937497 996296408 993892496 991866017 991352376 989710624 988796554 988621364 987223197 983782468
998937497 996296408 993892496 991866017 991352376 989710624 988796554 988621364 987223197 983782468
998937497 996296408 993892496 991866017 991352376 989710624 988796554 988621364 987223197 983782468
998937497 996296408 993892496 991866017 991352376 989710624 988796554 988621364 987223197 983782468
998937497 996296408 993892496 991866017 991352376 989710624 988796554 988621364 987223197 983782468
998937497 996296408 993892496 991866017 991352376 989710624 988796554 988621364 987223197 983782468
998937497 996296408 993892496 991866017 991352376 989710624 988796554 988621364 987223197 983782468
998937497 996296408 993892496 991866017 991352376 989710624 988796554 988621364 987223197 983782468
998937497 996296408 993892496 991866017 991352376 989710624 988796554 988621364 987223197 983782468
998937497 996296408 993892496 991866017 991352376 989710624 988796554 988621364 987223197 983782468
998937497 996296408 993892496 991866017 991352376 989710624 988796554 988621364 987223197 983782468
998937497 996296408 993892496 991866017 991352376 989710624 988796554 988621364 987223197 983782468
998937497 996296408 993892496 991866017 991352376 989710624 988796554 988621364 987223197 983782468
998937497 996296408 993892496 991866017 991352376 989710624 988796554 988621364 987223197 983782468
998937497 996296408 993892496 991866017 991352376 989710624 988796554 988621364 987223197 983782468
998937497 996296408 993892496 991866017 991352376 989710624 988796554 988621364 987223197 983782468
998937497 996296408 993892496 991866017 991352376 989710624 988796554 988621364 987223197 985117062
998937497 996296408 993892496 991866017 991352376 989710624 988796554 988621364 987223197 985117062
998937497 996296408 993892496 991866017 991352376 989710624 988796554 988621364 987223197 985117062
998937497 996296408 993892496 991866017 991352376 989710624 988796554 988621364 987223197 985117062
998937497 996296408 993892496 991866017 991352376 989710624 988796554 988621364 987223197 986092928
998937497 996296408 993892496 991866017 991352376 989710624 988796554 988621364 987223197 986092928
998937497 996296408 993892496 991866017 991352376 989710624 988796554 988621364 987223197 986092928
998937497 996296408 993892496 991866017 991352376 989710624 988796554 988621364 987223197 986092928
998937497 996296408 993892496 991866017 991352376 989710624 988796554 988621364 987223197 986092928
998937497 996296408 993892496 991866017 991352376 989710624 988796554 988621364 987223197 986092928
998937497 996296408 993892496 991866017 991352376 989710624 988796554 988621364 987223197 986092928
998937497 996296408 993892496 991866017 991352376 989710624 988796554 988621364 987223197 986092928
998937497 996296408 993892496 991866017 991352376 989710624 988796554 988621364 987223197 986092928
998937497 998910827 996296408 993892496 991866017 991352376 989710624 988796554 988621364 987223197
998937497 998910827 996296408 993892496 991866017 991352376 989710624 988796554 988621364 987223197
998937497 998910827 996296408 993892496 991866017 991352376 989710624 988796554 988621364 987223197
998937497 998910827 996296408 993892496 991866017 991352376 989710624 988796554 988621364 987223197
998937497 998910827 996296408 993892496 991866017 991352376 989710624 988796554 988621364 987223197
998937497 998910827 996296408 993892496 991866017 991352376 989710624 988796554 988621364 987223197
998937497 998910827 996296408 993892496 991866017 991352376 989710624 988796554 988621364 987223197
998937497 998910827 996296408 993892496 991866017 991352376 989710624 988796554 988621364 987223197
998937497 998910827 996296408 993892496 991866017 991352376 989710624 988796554 988621364 987223197
998937497 998910827 996296408 993892496 991866017 991352376 989710624 988796554 988621364 987223197
998937497 998910827 996296408 993892496 991866017 991352376 989710624 988796554 988621364 987223197
998937497 998910827 996296408 993892496 991866017 991352376 989710624 988796554 988621364 987223197
998937497 998910827 996296408 993892496 991866017 991352376 989710624 988796554 988621364 987223197
998937497 998910827 996296408 993892496 991866017 991352376 989710624 988796554 988621364 987223197
998937497 998910827 996296408 993892496 991866017 991352376 989710624 988796554 988621364 987223197
998937497 998910827 996296408 993892496 991866017 991352376 989710624 988796554 988621364 987223197
998937497 998910827 996296408 993892496 991866017 991352376 989710624 988796554 988621364 987223197
998937497 998910827 996296408 993892496 991866017 991352376 989710624 988796554 988621364 987223197
998937497 998910827 996296408 993892496 991866017 991352376 989710624 988796554 988621364 987223197
998937497 998910827 996296408 993892496 991866017 991352376 989710624 988796554 988621364 987223197
998937497 998910827 996296408 993892496 991866017 991352376 989710624 988796554 988621364 987223197
998937497 998910827 996296408 993892496 991866017 991352376 989710624 988796554 988621364 987223197
998937497 998910827 996296408 993892496 991866017 991352376 989710624 988796554 988621364 987223197
998937497 998910827 996296408 993892496 991866017 991352376 989710624 988796554 988621364 987223197
998937497 998910827 996296408 993892496 991866017 991352376 989710624 988796554 988621364 987223197
998937497 998910827 996296408 993892496 991866017 991352376 989710624 988796554 988621364 987223197
998937497 998910827 996296408 993892496 991866017 991352376 989710624 988796554 988621364 987223197
998937497 998910827 996296408 993892496 991866017 991352376 989710624 988796554 988621364 987223197
998937497 998910827 996296408 993892496 991866017 991352376 989710624 988796554 988621364 987223197
998937497 998910827 996296408 993892496 991866017 991352376 989710624 988796554 988621364 987223197
998937497 998910827 996296408 993892496 991866017 991352376 989710624 988796554 988621364 987223197
998937497 998910827 996296408 993892496 991866017 991352376 989710624 988796554 988621364 987223197
998937497 998910827 996296408 993892496 991866017 991352376 989710624 988796554 988621364 987223197
998937497 998910827 996296408 993892496 991866017 991352376 989710624 988796554 988621364 987223197
998937497 998910827 996296408 993892496 991866017 991352376 989710624 988796554 988621364 987223197
998937497 998910827 996296408 993892496 991866017 991352376 989710624 988796554 988621364 987223197
998937497 998910827 996296408 993892496 991866017 991352376 989710624 988796554 988621364 987223197
998937497 998910827 996296408 993892496 991866017 991352376 989710624 988796554 988621364 987223197
998937497 998910827 996296408 993892496 991866017 991352376 989710624 988796554 988621364 987223197
998937497 998910827 996296408 993892496 991866017 991352376 989710624 988796554 988621364 987223197
998937497 998910827 996296408 993892496 991866017 991352376 989710624 988796554 988621364 987223197
998937497 998910827 996296408 993892496 991866017 991352376 989710624 988796554 988621364 987223197
998937497 998910827 996296408 993892496 991866017 991352376 989710624 988796554 988621364 987223197
998937497 998910827 996296408 993892496 991866017 991352376 989710624 988796554 988621364 987223197
998937497 998910827 996296408 993892496 991866017 991352376 989710624 988796554 988621364 987223197
998937497 998910827 996296408 993892496 991866017 991352376 989710624 988796554 988621364 987223197
998937497 998910827 996296408 993892496 991866017 991352376 989710624 988796554 988621364 987223197
998937497 998910827 996296408 993892496 991866017 991352376 989710624 988796554 988621364 987223197
998937497 998910827 996296408 993892496 991866017 991352376 989710624 988796554 988621364 987223197
998937497 998910827 996296408 993892496 991866017 991352376 989710624 988796554 988621364 987223197
998937497 998910827 996296408 993892496 991866017 991352376 989710624 988796554 988621364 987223197
998937497 998910827 996296408 993892496 991866017 991352376 989710624 988796554 988621364 987223197
998937497 998910827 996296408 993892496 991866017 991352376 989710624 988796554 988621364 987223197
998937497 998910827 996296408 993892496 991866017 991352376 989710624 988796554 988621364 987223197
998937497 998910827 996296408 993892496 991866017 991352376 989710624 988796554 988621364 987223197
998937497 998910827 996296408 993892496 991866017 991352376 989710624 988796554 988621364 987223197
998937497 998910827 996296408 993892496 991866017 991352376 989710624 988796554 988621364 987223197
998937497 998910827 996296408 993892496 991866017 991352376 989710624 988796554 988621364 987223197
998937497 998910827 996296408 993892496 991866017 991352376 989710624 988796554 988621364 987223197
998937497 998910827 996296408 993892496 991866017 991352376 989710624 988796554 988621364 987223197
998937497 998910827 996296408 993892496 991866017 991352376 989710624 988796554 988621364 987223197
998937497 998910827 996296408 993892496 991866017 991352376 989710624 988796554 988621364 987223197
998937497 998910827 996296408 993892496 991866017 991352376 989710624 988796554 988621364 987223197
998937497 998910827 996296408 993892496 991866017 991352376 989710624 988796554 988621364 987223197
998937497 998910827 996296408 993892496 991866017 991352376 989710624 988796554 988621364 987223197
998937497 998910827 996296408 993892496 991866017 991352376 989710624 988796554 988621364 987223197
998937497 998910827 996296408 993892496 991866017 991352376 989710624 988796554 988621364 987223197
998937497 998910827 996296408 993892496 991866017 991352376 989710624 988796554 988621364 987223197
998937497 998910827 996296408 993892496 991866017 991352376 989710624 988796554 988621364 987223197
998937497 998910827 996296408 993892496 991866017 991352376 989710624 988796554 988621364 987223197
998937497 998910827 996296408 993892496 991866017 991352376 989710624 988796554 988621364 987223197
998937497 998910827 996296408 993892496 991866017 991352376 989710624 988796554 988621364 987223197
998937497 998910827 996296408 993892496 991866017 991352376 989710624 988796554 988621364 987223197
998937497 998910827 996296408 993892496 991866017 991352376 989710624 988796554 988621364 987223197
998937497 998910827 996296408 993892496 991866017 991352376 989710624 988796554 988621364 987223197
998937497 998910827 996296408 993892496 991866017 991352376 989710624 988796554 988621364 987223197
998937497 998910827 996296408 993892496 991866017 991352376 989710624 988796554 988621364 987223197
998937497 998910827 996296408 993892496 991866017 991352376 989710624 988796554 988621364 987223197
998937497 998910827 996296408 993892496 991866017 991352376 989710624 988796554 988621364 987223197
998937497 998910827 996296408 993892496 991866017 991352376 989710624 988796554 988621364 987223197
998937497 998910827 996296408 993892496 991866017 991352376 989710624 988796554 988621364 987223197
998937497 998910827 996296408 993892496 991866017 991352376 989710624 988796554 988621364 987223197
998937497 998910827 996296408 993892496 991866017 991352376 989710624 988796554 988621364 987223197
998937497 998910827 996296408 993892496 991866017 991352376 989710624 988796554 988621364 987223197
998937497 998910827 996296408 993892496 991866017 991352376 989710624 988796554 988621364 987223197
998937497 998910827 996296408 993892496 991866017 991352376 989710624 988796554 988621364 987223197
998937497 998910827 996296408 993892496 991866017 991352376 989710624 988796554 988621364 987223197
998937497 998910827 996296408 993892496 991866017 991352376 989710624 988796554 988621364 987223197
998937497 998910827 996296408 993892496 991866017 991352376 989710624 988796554 988621364 987223197
998937497 998910827 996296408 993892496 991866017 991352376 989710624 988796554 988621364 987223197
998937497 998910827 996296408 993892496 991866017 991352376 989710624 988796554 988621364 987223197
998937497 998910827 996296408 993892496 991866017 991352376 989710624 988796554 988621364 987223197
998937497 998910827 996296408 993892496 991866017 991352376 989710624 988796554 988621364 987223197
998937497 998910827 996296408 993892496 991866017 991352376 989710624 988796554 988621364 987223197
998937497 998910827 996296408 993892496 991866017 991352376 989710624 988796554 988621364 987223197
998937497 998910827 996296408 993892496 991866017 991352376 989710624 988796554 988621364 987223197
998937497 998910827 996296408 993892496 991866017 991352376 989710624 988796554 988621364 987223197
998937497 998910827 996296408 993892496 991866017 991352376 989710624 988796554 988621364 987223197
998937497 998910827 996296408 993892496 991866017 991352376 989710624 988796554 988621364 987223197
998937497 998910827 996296408 993892496 991866017 991352376 989710624 988796554 988621364 987223197
998937497 998910827 996296408 993892496 991866017 991352376 989710624 988796554 988621364 987223197
998937497 998910827 996296408 993892496 991866017 991352376 989710624 988796554 988621364 987223197
998937497 998910827 996296408 993892496 991866017 991352376 989710624 988796554 988621364 987223197
998937497 998910827 996296408 993892496 991866017 991352376 989710624 988796554 988621364 987223197
998937497 998910827 996296408 993892496 991866017 991352376 989710624 988796554 988621364 987223197
998937497 998910827 996296408 993892496 991866017 991352376 989710624 988796554 988621364 987223197
998937497 998910827 996296408 993892496 991866017 991352376 989710624 988796554 988621364 987223197
998937497 998910827 996296408 993892496 991866017 991352376 989710624 988796554 988621364 987223197
998937497 998910827 996296408 993892496 991866017 991352376 989710624 988796554 988621364 987223197
998937497 998910827 996296408 993892496 991866017 991352376 989710624 988796554 988621364 987223197
998937497 998910827 996296408 993892496 991866017 991352376 989710624 988796554 988621364 987223197
998937497 998910827 996296408 993892496 991866017 991352376 989710624 988796554 988621364 987223197
998937497 998910827 996296408 993892496 991866017 991352376 989710624 988796554 988621364 987223197
998937497 998910827 996296408 993892496 991866017 991352376 989710624 988796554 988621364 987223197
998937497 998910827 996296408 993892496 991866017 991352376 989710624 988796554 988621364 987223197
998937497 998910827 996296408 993892496 991866017 991352376 989710624 988796554 988621364 987223197
998937497 998910827 996296408 993892496 991866017 991352376 989710624 988796554 988621364 987223197
998937497 998910827 996296408 993892496 991866017 991352376 989710624 988796554 988621364 987223197
998937497 998910827 996296408 993892496 991866017 991352376 989710624 988796554 988621364 987223197
998937497 998910827 996296408 993892496 991866017 991352376 989710624 988796554 988621364 987223197
998937497 998910827 996296408 993892496 991866017 991352376 989710624 988796554 988621364 987223197
998937497 998910827 996296408 993892496 991866017 991352376 989710624 988796554 988621364 987223197
998937497 998910827 996296408 993892496 991866017 991352376 989710624 988796554 988621364 987223197
998937497 998910827 996296408 993892496 991866017 991352376 989710624 988796554 988621364 987223197
998937497 998910827 996296408 993892496 991866017 991352376 989710624 988796554 988621364 987223197
998937497 998910827 996296408 993892496 991866017 991352376 989710624 988796554 988621364 987223197
998937497 998910827 996296408 993892496 991866017 991352376 989710624 988796554 988621364 987223197
998937497 998910827 996296408 993892496 991866017 991352376 989710624 988796554 988621364 987223197
998937497 998910827 996296408 993892496 991866017 991352376 989710624 988796554 988621364 987223197
998937497 998910827 996296408 993892496 991866017 991352376 989710624 988796554 988621364 987223197
998937497 998910827 996296408 993892496 991866017 991352376 989710624 988796554 988621364 987223197
998937497 998910827 996296408 994775212 993892496 991866017 991352376 989710624 988796554 988621364
998937497 998910827 996296408 994775212 993892496 991866017 991352376 989710624 988796554 988621364
998937497 998910827 996296408 994775212 993892496 991866017 991352376 989710624 988796554 988621364
998937497 998910827 996296408 994775212 993892496 991866017 991352376 989710624 988796554 988621364
998937497 998910827 996296408 994775212 993892496 991866017 991352376 989710624 988796554 988621364
998937497 998910827 996296408 994775212 993892496 991866017 991352376 989710624 988796554 988621364
998937497 998910827 996296408 994775212 993892496 991866017 991352376 989710624 988796554 988621364
998937497 998910827 996296408 994775212 993892496 991866017 991352376 989710624 988796554 988621364
998937497 998910827 996296408 994775212 993892496 991866017 991352376 989710624 988796554 988621364
998937497 998910827 996296408 994775212 993892496 991866017 991352376 989710624 988796554 988621364
998937497 998910827 996296408 994775212 993892496 991866017 991352376 989710624 988796554 988621364
998937497 998910827 996296408 994775212 993892496 991866017 991352376 989710624 988796554 988621364
998937497 998910827 996296408 994775212 993892496 991866017 991352376 989710624 988796554 988621364
998937497 998910827 996296408 994775212 993892496 991866017 991352376 989710624 988796554 988621364
998937497 998910827 996296408 994775212 993892496 991866017 991352376 989710624 988796554 988621364
998937497 998910827 996296408 994775212 993892496 991866017 991352376 989710624 988796554 988621364
998937497 998910827 996296408 994775212 993892496 991866017 991352376 989710624 988796554 988621364
998937497 998910827 996296408 994775212 993892496 991866017 991352376 989710624 988796554 988621364
998937497 998910827 996296408 994775212 993892496 991866017 991352376 989710624 988796554 988621364
998937497 998910827 996296408 994775212 993892496 991866017 991352376 989710624 988796554 988621364
998937497 998910827 996296408 994775212 993892496 991866017 991352376 989710624 988796554 988621364
998937497 998910827 996296408 994775212 993892496 991866017 991352376 989710624 988796554 988621364
998937497 998910827 996296408 994775212 993892496 991866017 991352376 989710624 988796554 988621364
998937497 998910827 996296408 994775212 993892496 991866017 991352376 989710624 988796554 988621364
998937497 998910827 996296408 994775212 993892496 991866017 991352376 989710624 988796554 988621364
998937497 998910827 996296408 994775212 993892496 991866017 991352376 989710624 988796554 988621364
998937497 998910827 996296408 994775212 993892496 991866017 991352376 989710624 988796554 988621364
998937497 998910827 996296408 994775212 993892496 991866017 991352376 989710624 988796554 988621364
998937497 998910827 996296408 994775212 993892496 991866017 991352376 989710624 988796554 988621364
998937497 998910827 996296408 994775212 993892496 991866017 991352376 989710624 988796554 988621364
998937497 998910827 996296408 994775212 993892496 991866017 991352376 989710624 988796554 988621364
998937497 998910827 996296408 994775212 993892496 991866017 991352376 989710624 988796554 988621364
998937497 998910827 996296408 994775212 993892496 991866017 991352376 989710624 988796554 988621364
998937497 998910827 996296408 994775212 993892496 991866017 991352376 989710624 988796554 988621364
998937497 998910827 996296408 994775212 993892496 991866017 991352376 989710624 988796554 988621364
998937497 998910827 996296408 994775212 993892496 991866017 991352376 989710624 988796554 988621364
998937497 998910827 996296408 994775212 993892496 991866017 991352376 989710624 988796554 988621364
998937497 998910827 996296408 994775212 993892496 991866017 991352376 989710624 988796554 988621364
998937497 998910827 996296408 994775212 993892496 991866017 991352376 989710624 988796554 988621364
998937497 998910827 996296408 994775212 993892496 991866017 991352376 989710624 988796554 988621364
998937497 998910827 996296408 994775212 993892496 991866017 991352376 989710624 988796554 988621364
998937497 998910827 996296408 994775212 993892496 991866017 991352376 989710624 988796554 988621364
998937497 998910827 996296408 994775212 993892496 991866017 991352376 989710624 988796554 988621364
998937497 998910827 996296408 994775212 993892496 991866017 991352376 989710624 988796554 988621364
998937497 998910827 996296408 994775212 993892496 991866017 991352376 989710624 988796554 988621364
998937497 998910827 996296408 994775212 993892496 991866017 991352376 989710624 988796554 988621364
998937497 998910827 996296408 994775212 993892496 991866017 991352376 989710624 988796554 988621364
998937497 998910827 996296408 994775212 993892496 991866017 991352376 989710624 988796554 988621364
998937497 998910827 996296408 994775212 993892496 991866017 991352376 989710624 988796554 988621364
998937497 998910827 996296408 994775212 993892496 991866017 991352376 989710624 988796554 988621364
998937497 998910827 996296408 994775212 993892496 991866017 991352376 989710624 988796554 988621364
998937497 998910827 996296408 994775212 993892496 991866017 991352376 989710624 988796554 988621364
998937497 998910827 996296408 994775212 993892496 991866017 991352376 989710624 988796554 988621364
998937497 998910827 996296408 994775212 993892496 991866017 991352376 989710624 988796554 988621364
998937497 998910827 996296408 994775212 993892496 991866017 991352376 989710624 988796554 988621364
998937497 998910827 996296408 994775212 993892496 991866017 991352376 989710624 988796554 988621364
998937497 998910827 996296408 994775212 993892496 991866017 991352376 989710624 988796554 988621364
998937497 998910827 996296408 994775212 993892496 991866017 991352376 989710624 988796554 988621364
998937497 998910827 996296408 994775212 993892496 991866017 991352376 989710624 988796554 988621364
998937497 998910827 996296408 994775212 993892496 991866017 991352376 989710624 988796554 988621364
998937497 998910827 996296408 994775212 993892496 991866017 991352376 989710624 988796554 988621364
998937497 998910827 996296408 994775212 993892496 991866017 991352376 989710624 988796554 988621364
998937497 998910827 996296408 994775212 993892496 991866017 991352376 989710624 988796554 988621364
998937497 998910827 996296408 994775212 993892496 991866017 991352376 989710624 988796554 988621364
998937497 998910827 996296408 994775212 993892496 991866017 991352376 989710624 988796554 988621364
998937497 998910827 996296408 994775212 993892496 991866017 991352376 989710624 988796554 988621364
998937497 998910827 996296408 994775212 993892496 991866017 991352376 989710624 988796554 988621364
998937497 998910827 996296408 994775212 993892496 991866017 991352376 989710624 988796554 988621364
998937497 998910827 996296408 994775212 993892496 991866017 991352376 989710624 988796554 988621364
998937497 998910827 996296408 994775212 993892496 991866017 991352376 989710624 988796554 988621364
998937497 998910827 996296408 994775212 993892496 991866017 991352376 989710624 988796554 988621364
998937497 998910827 996296408 994775212 993892496 991866017 991352376 989710624 988796554 988621364
998937497 998910827 996296408 994775212 993892496 991866017 991352376 989710624 988796554 988621364
998937497 998910827 996296408 994775212 993892496 991866017 991352376 989710624 988796554 988621364
998937497 998910827 996296408 994775212 993892496 991866017 991352376 989710624 988796554 988621364
998937497 998910827 996296408 994775212 993892496 991866017 991352376 989710624 988796554 988621364
998937497 998910827 996296408 994775212 993892496 991866017 991352376 989710624 988796554 988621364
998937497 998910827 996296408 994775212 993892496 991866017 991352376 989710624 988796554 988621364
998937497 998910827 996296408 994775212 993892496 991866017 991352376 989710624 988796554 988621364
998937497 998910827 996296408 994775212 993892496 991866017 991352376 989710624 988796554 988621364
998937497 998910827 996296408 994775212 993892496 991866017 991352376 989710624 988796554 988621364
998937497 998910827 996296408 994775212 993892496 991866017 991352376 989710624 988796554 988621364
998937497 998910827 996296408 994775212 993892496 991866017 991352376 989710624 988796554 988621364
