94867
36731
36731
36731
31127
31127
28598
27333
27333
24216
24216
24216
24216
24216
24216
24216
24216
22152
22026
22026
16677
16677
16677
16677
16677
16677
16677
16677
16677
16677
16677
10594
10594
10594
10594
7616
7616
7364
7364
7364
6059
5816
5525
5525
5525
4376
4376
4376
4376
4376
4376
4376
4376
4376
4376
4376
4376
4179
4179
4179
4030
4030
4030
4030
4030
4030
4030
4030
4030
4030
4030
4030
4030
4030
4030
4030
4030
4030
4030
4030
4030
4030
4030
4030
4030
4030
4030
4030
4030
4030
4030
4030
4030
4030
4179
4179
4179
4179
4179
4179
4179
4179
4179
4179
4179
4179
4179
4179
4179
4179
4179
4179
4179
4179
4179
4179
4179
4179
4179
4179
4179
4179
4179
4179
4179
4179
4179
4179
4179
4179
4179
4179
4179
4179
4179
4179
4179
4179
4179
4179
4179
4179
4179
4179
4179
4179
4179
4179
4179
4179
4179
4179
4179
4179
4179
4179
4179
4018
4018
4018
4018
4018
4018
4018
4018
4018
4018
4018
4018
4018
4018
4018
4018
4018
4018
4018
4018
4018
4018
4018
4018
4018
4018
4018
4018
4018
4018
4018
4018
4018
4018
4018
4018
4018
4018
4018
4018
2614
2614
2614
2614
2614
2614
2614
2614
2614
2614
2614
2614
2614
2614
2614
2614
2614
2614
2614
2614
2614
2614
2614
2614
2614
2614
2614
2614
2614
2614
2614
2614
2614
2614
2614
2614
2614
2614
2614
2614
2614
2614
2614
2614
2614
2614
2614
2614
2614
2614
2614
2375
2375
2375
2375
2375
2375
2375
2375
2375
2375
2375
2375
2375
2375
2375
1796
1796
1796
1796
1796
1796
1796
1796
1796
1796
1796
1796
1796
1796
1796
1796
1796
1796
1796
1796
1796
1796
1796
1796
1226
1226
1226
1226
1226
1226
1226
1226
1226
1226
1226
1226
1226
1226
1226
1226
1226
1226
1226
1226
1226
1226
1226
1226
1226
1226
1226
1226
1226
1226
1226
1226
1226
1226
1226
1226
1226
1226
1226
1226
1226
1226
1226
1226
1226
1226
1226
1226
1226
1226
1226
1226
1226
1226
1226
1226
1226
1226
1226
1226
1226
1226
1226
841
841
841
841
841
841
841
841
841
841
841
841
841
841
841
841
737
737
737
737
737
737
737
737
737
737
737
737
737
737
737
737
737
737
737
737
737
737
737
737
737
737
737
737
737
737
737
737
737
1155
1155
1155
1155
956
956
956
956
956
956
956
956
956
956
956
956
956
956
956
956
956
956
956
956
956
956
956
956
956
956
956
956
956
956
956
956
956
956
956
956
956
956
956
956
956
956
956
956
956
956
956
956
956
956
956
956
956
956
956
956
956
956
956
956
956
956
956
956
956
956
821
821
821
821
821
821
821
821
821
821
821
681
681
681
681
681
681
681
681
681
681
681
681
681
681
681
681
681
681
681
681
681
681
681
681
681
681
681
681
681
681
681
681
681
681
681
681
681
681
681
681
681
681
681
681
681
681
681
681
681
681
681
681
681
681
681
681
572
572
572
572
572
572
572
572
572
572
572
572
572
572
572
572
572
572
572
572
572
572
572
572
572
572
572
572
572
572
572
572
572
572
572
572
572
572
572
572
572
572
572
572
572
572
572
572
572
572
572
572
572
572
572
572
572
572
572
572
572
572
572
572
572
572
572
572
572
572
572
572
572
572
572
572
572
572
572
572
572
572
572
572
572
572
572
572
572
572
572
572
572
572
572
572
572
572
572
572
572
572
572
572
572
572
572
572
572
572
572
572
572
572
572
572
572
572
572
572
572
572
572
572
572
572
572
572
572
572
572
572
572
572
572
572
572
572
572
572
572
572
572
572
572
572
572
572
572
572
572
572
572
572
572
572
572
572
572
572
572
517
517
517
517
517
517
517
517
517
517
517
517
517
517
517
517
517
517
517
517
517
517
517
517
517
517
517
517
517
517
517
517
517
517
517
517
517
517
517
517
517
517
515
515
515
515
515
515
515
470
470
470
470
470
470
470
470
470
470
478
478
478
478
478
478
478
478
478
478
478
478
478
478
478
478
478
478
478
478
478
478
478
478
478
478
478
478
478
478
478
478
478
478
478
478
478
478
478
478
478
478
478
478
478
478
478
478
478
478
478
478
478
478
478
478
478
478
478
478
478
478
478
478
478
478
478
478
478
478
478
478
478
468
468
468
468
468
468
468
468
468
468
468
468
468
468
468
468
468
468
468
468
468
468
468
468
468
468
468
468
468
468
468
468
468
468
468
468
468
468
468
468
468
468
468
468
468
468
468
468
468
468
468
468
468
468
468
468
468
468
468
468
468
468
468
468
468
468
468
468
468
468
468
468
468
468
468
468
468
468
468
468
458
458
458
458
458
458
458
458
458
458
458
458
458
458
458
458
458
458
458
458
458
458
458
458
458
458
458
458
458
458
458
458
458
458
458
458
458
458
458
458
458
458
458
458
458
458
458
458
458
458
458
458
458
458
458
458
458
458
458
458
458
458
461
461
461
461
461
461
461
461
461
461
461
461
461
461
461
461
461
461
461
461
461
461
461
461
461
461
461
461
461
461
461
461
461
461
461
461
461
461
461
461
461
461
461
461
461
461
461
461
461
458
458
458
458
458
458
458
458
458
458
458
458
458
458
458
458
458
458
458
402
402
402
402
402
402
402
402
402
402
402
402
402
402
402
402
402
402
402
402
402
402
402
402
402
402
402
402
402
402
402
402
402
402
402
402
402
402
402
402
402
402
402
402
402
402
402
402
402
402
402
402
402
402
402
402
402
402
402
402
402
402
402
402
402
402
402
402
402
402
402
402
402
402
402
402
402
402
402
388
388
388
388
388
388
388
388
388
388
388
388
388
388
